TN:
SF:src/background/analysis-queue.js
FN:15,(anonymous_0)
FN:37,(anonymous_1)
FN:75,(anonymous_2)
FN:122,(anonymous_3)
FN:133,(anonymous_4)
FN:134,(anonymous_5)
FN:135,(anonymous_6)
FN:153,(anonymous_7)
FN:163,(anonymous_8)
FN:164,(anonymous_9)
FN:189,(anonymous_10)
FN:191,(anonymous_11)
FN:210,(anonymous_12)
FN:212,(anonymous_13)
FN:255,(anonymous_14)
FN:307,(anonymous_15)
FN:320,(anonymous_16)
FN:341,(anonymous_17)
FN:424,(anonymous_18)
FN:490,(anonymous_19)
FN:496,(anonymous_20)
FN:533,(anonymous_21)
FN:557,(anonymous_22)
FN:559,(anonymous_23)
FN:580,(anonymous_24)
FN:581,(anonymous_25)
FN:614,(anonymous_26)
FN:615,(anonymous_27)
FN:626,(anonymous_28)
FN:627,(anonymous_29)
FN:628,(anonymous_30)
FN:638,(anonymous_31)
FN:640,(anonymous_32)
FN:649,(anonymous_33)
FNF:34
FNH:0
FNDA:0,(anonymous_0)
FNDA:0,(anonymous_1)
FNDA:0,(anonymous_2)
FNDA:0,(anonymous_3)
FNDA:0,(anonymous_4)
FNDA:0,(anonymous_5)
FNDA:0,(anonymous_6)
FNDA:0,(anonymous_7)
FNDA:0,(anonymous_8)
FNDA:0,(anonymous_9)
FNDA:0,(anonymous_10)
FNDA:0,(anonymous_11)
FNDA:0,(anonymous_12)
FNDA:0,(anonymous_13)
FNDA:0,(anonymous_14)
FNDA:0,(anonymous_15)
FNDA:0,(anonymous_16)
FNDA:0,(anonymous_17)
FNDA:0,(anonymous_18)
FNDA:0,(anonymous_19)
FNDA:0,(anonymous_20)
FNDA:0,(anonymous_21)
FNDA:0,(anonymous_22)
FNDA:0,(anonymous_23)
FNDA:0,(anonymous_24)
FNDA:0,(anonymous_25)
FNDA:0,(anonymous_26)
FNDA:0,(anonymous_27)
FNDA:0,(anonymous_28)
FNDA:0,(anonymous_29)
FNDA:0,(anonymous_30)
FNDA:0,(anonymous_31)
FNDA:0,(anonymous_32)
FNDA:0,(anonymous_33)
DA:16,0
DA:17,0
DA:18,0
DA:19,0
DA:20,0
DA:21,0
DA:22,0
DA:25,0
DA:28,0
DA:39,0
DA:42,0
DA:43,0
DA:46,0
DA:49,0
DA:58,0
DA:59,0
DA:62,0
DA:63,0
DA:66,0
DA:77,0
DA:80,0
DA:82,0
DA:83,0
DA:88,0
DA:92,0
DA:96,0
DA:99,0
DA:109,0
DA:111,0
DA:124,0
DA:125,0
DA:134,0
DA:135,0
DA:136,0
DA:138,0
DA:139,0
DA:140,0
DA:144,0
DA:146,0
DA:147,0
DA:148,0
DA:152,0
DA:153,0
DA:157,0
DA:162,0
DA:163,0
DA:164,0
DA:166,0
DA:167,0
DA:168,0
DA:169,0
DA:172,0
DA:190,0
DA:191,0
DA:193,0
DA:195,0
DA:197,0
DA:198,0
DA:199,0
DA:202,0
DA:212,0
DA:214,0
DA:215,0
DA:216,0
DA:217,0
DA:218,0
DA:219,0
DA:223,0
DA:224,0
DA:226,0
DA:229,0
DA:232,0
DA:233,0
DA:235,0
DA:239,0
DA:240,0
DA:242,0
DA:243,0
DA:247,0
DA:256,0
DA:258,0
DA:259,0
DA:262,0
DA:263,0
DA:267,0
DA:269,0
DA:270,0
DA:271,0
DA:275,0
DA:276,0
DA:279,0
DA:288,0
DA:289,0
DA:292,0
DA:293,0
DA:296,0
DA:298,0
DA:299,0
DA:308,0
DA:309,0
DA:312,0
DA:314,0
DA:316,0
DA:318,0
DA:320,0
DA:321,0
DA:325,0
DA:326,0
DA:329,0
DA:332,0
DA:342,0
DA:344,0
DA:346,0
DA:349,0
DA:352,0
DA:355,0
DA:361,0
DA:362,0
DA:363,0
DA:366,0
DA:368,0
DA:374,0
DA:375,0
DA:379,0
DA:382,0
DA:388,0
DA:391,0
DA:394,0
DA:397,0
DA:400,0
DA:403,0
DA:404,0
DA:407,0
DA:413,0
DA:425,0
DA:427,0
DA:430,0
DA:431,0
DA:432,0
DA:434,0
DA:435,0
DA:437,0
DA:442,0
DA:443,0
DA:446,0
DA:449,0
DA:450,0
DA:453,0
DA:455,0
DA:456,0
DA:457,0
DA:458,0
DA:462,0
DA:469,0
DA:470,0
DA:473,0
DA:474,0
DA:478,0
DA:484,0
DA:487,0
DA:490,0
DA:491,0
DA:494,0
DA:496,0
DA:497,0
DA:502,0
DA:503,0
DA:507,0
DA:510,0
DA:513,0
DA:516,0
DA:519,0
DA:520,0
DA:521,0
DA:523,0
DA:535,0
DA:537,0
DA:538,0
DA:541,0
DA:544,0
DA:547,0
DA:548,0
DA:549,0
DA:559,0
DA:567,0
DA:581,0
DA:582,0
DA:583,0
DA:586,0
DA:588,0
DA:589,0
DA:591,0
DA:598,0
DA:601,0
DA:602,0
DA:615,0
DA:616,0
DA:627,0
DA:628,0
DA:629,0
DA:640,0
DA:641,0
DA:651,0
DA:652,0
DA:654,0
DA:656,0
DA:657,0
DA:661,0
DA:662,0
DA:665,0
DA:666,0
DA:667,0
DA:669,0
DA:671,0
DA:674,0
DA:676,0
DA:678,0
DA:679,0
DA:684,0
DA:686,0
DA:689,0
DA:690,0
DA:693,0
DA:700,0
DA:701,0
DA:704,0
DA:706,0
DA:707,0
DA:714,0
LF:229
LH:0
BRDA:15,0,0,0
BRDA:17,1,0,0
BRDA:17,1,1,0
BRDA:18,2,0,0
BRDA:18,2,1,0
BRDA:19,3,0,0
BRDA:19,3,1,0
BRDA:37,4,0,0
BRDA:62,5,0,0
BRDA:62,5,1,0
BRDA:75,6,0,0
BRDA:138,7,0,0
BRDA:138,7,1,0
BRDA:157,8,0,0
BRDA:157,8,1,0
BRDA:166,9,0,0
BRDA:166,9,1,0
BRDA:168,10,0,0
BRDA:168,10,1,0
BRDA:214,11,0,0
BRDA:214,11,1,0
BRDA:223,12,0,0
BRDA:223,12,1,0
BRDA:262,13,0,0
BRDA:262,13,1,0
BRDA:269,14,0,0
BRDA:269,14,1,0
BRDA:283,15,0,0
BRDA:283,15,1,0
BRDA:292,16,0,0
BRDA:292,16,1,0
BRDA:308,17,0,0
BRDA:308,17,1,0
BRDA:308,18,0,0
BRDA:308,18,1,0
BRDA:318,19,0,0
BRDA:318,19,1,0
BRDA:357,20,0,0
BRDA:357,20,1,0
BRDA:361,21,0,0
BRDA:361,21,1,0
BRDA:362,22,0,0
BRDA:362,22,1,0
BRDA:363,23,0,0
BRDA:363,23,1,0
BRDA:374,24,0,0
BRDA:374,24,1,0
BRDA:375,25,0,0
BRDA:375,25,1,0
BRDA:397,26,0,0
BRDA:397,26,1,0
BRDA:403,27,0,0
BRDA:403,27,1,0
BRDA:434,28,0,0
BRDA:434,28,1,0
BRDA:442,29,0,0
BRDA:442,29,1,0
BRDA:443,30,0,0
BRDA:443,30,1,0
BRDA:450,31,0,0
BRDA:450,31,1,0
BRDA:455,32,0,0
BRDA:455,32,1,0
BRDA:457,33,0,0
BRDA:457,33,1,0
BRDA:469,34,0,0
BRDA:469,34,1,0
BRDA:469,35,0,0
BRDA:469,35,1,0
BRDA:473,36,0,0
BRDA:473,36,1,0
BRDA:474,37,0,0
BRDA:474,37,1,0
BRDA:478,38,0,0
BRDA:478,38,1,0
BRDA:494,39,0,0
BRDA:494,39,1,0
BRDA:502,40,0,0
BRDA:502,40,1,0
BRDA:502,41,0,0
BRDA:502,41,1,0
BRDA:521,42,0,0
BRDA:521,42,1,0
BRDA:537,43,0,0
BRDA:537,43,1,0
BRDA:537,44,0,0
BRDA:537,44,1,0
BRDA:537,44,2,0
BRDA:547,45,0,0
BRDA:547,45,1,0
BRDA:582,46,0,0
BRDA:582,46,1,0
BRDA:582,47,0,0
BRDA:582,47,1,0
BRDA:598,48,0,0
BRDA:598,48,1,0
BRDA:601,49,0,0
BRDA:601,49,1,0
BRDA:601,50,0,0
BRDA:601,50,1,0
BRDA:629,51,0,0
BRDA:629,51,1,0
BRDA:656,52,0,0
BRDA:656,52,1,0
BRDA:665,53,0,0
BRDA:665,53,1,0
BRDA:665,54,0,0
BRDA:665,54,1,0
BRDA:669,55,0,0
BRDA:669,55,1,0
BRDA:676,56,0,0
BRDA:676,56,1,0
BRDA:676,57,0,0
BRDA:676,57,1,0
BRDA:684,58,0,0
BRDA:684,58,1,0
BRDA:690,59,0,0
BRDA:690,59,1,0
BRF:118
BRH:0
end_of_record
TN:
SF:src/background/api-client.js
FN:10,(anonymous_0)
FN:22,(anonymous_1)
FN:34,(anonymous_2)
FN:73,(anonymous_3)
FN:178,(anonymous_4)
FN:189,(anonymous_5)
FN:200,(anonymous_6)
FN:210,(anonymous_7)
FN:220,(anonymous_8)
FN:241,(anonymous_9)
FN:254,(anonymous_10)
FN:278,(anonymous_11)
FN:287,(anonymous_12)
FN:291,(anonymous_13)
FNF:14
FNH:0
FNDA:0,(anonymous_0)
FNDA:0,(anonymous_1)
FNDA:0,(anonymous_2)
FNDA:0,(anonymous_3)
FNDA:0,(anonymous_4)
FNDA:0,(anonymous_5)
FNDA:0,(anonymous_6)
FNDA:0,(anonymous_7)
FNDA:0,(anonymous_8)
FNDA:0,(anonymous_9)
FNDA:0,(anonymous_10)
FNDA:0,(anonymous_11)
FNDA:0,(anonymous_12)
FNDA:0,(anonymous_13)
DA:11,0
DA:12,0
DA:13,0
DA:14,0
DA:15,0
DA:23,0
DA:35,0
DA:36,0
DA:43,0
DA:44,0
DA:45,0
DA:48,0
DA:58,0
DA:59,0
DA:63,0
DA:64,0
DA:67,0
DA:69,0
DA:70,0
DA:73,0
DA:75,0
DA:78,0
DA:81,0
DA:82,0
DA:83,0
DA:85,0
DA:87,0
DA:92,0
DA:93,0
DA:94,0
DA:106,0
DA:107,0
DA:110,0
DA:111,0
DA:117,0
DA:121,0
DA:123,0
DA:124,0
DA:128,0
DA:135,0
DA:144,0
DA:147,0
DA:148,0
DA:157,0
DA:158,0
DA:162,0
DA:179,0
DA:190,0
DA:201,0
DA:211,0
DA:222,0
DA:223,0
DA:227,0
DA:228,0
DA:232,0
DA:233,0
DA:234,0
DA:237,0
DA:242,0
DA:243,0
DA:244,0
DA:246,0
DA:255,0
DA:257,0
DA:259,0
DA:260,0
DA:261,0
DA:263,0
DA:264,0
DA:265,0
DA:271,0
DA:275,0
DA:279,0
DA:280,0
DA:281,0
DA:282,0
DA:288,0
DA:292,0
DA:293,0
DA:294,0
LF:80
LH:0
BRDA:34,0,0,0
BRDA:34,1,0,0
BRDA:44,2,0,0
BRDA:44,2,1,0
BRDA:58,3,0,0
BRDA:58,3,1,0
BRDA:58,4,0,0
BRDA:58,4,1,0
BRDA:63,5,0,0
BRDA:63,5,1,0
BRDA:63,6,0,0
BRDA:63,6,1,0
BRDA:81,7,0,0
BRDA:81,7,1,0
BRDA:83,8,0,0
BRDA:83,8,1,0
BRDA:92,9,0,0
BRDA:92,9,1,0
BRDA:110,10,0,0
BRDA:110,10,1,0
BRDA:121,11,0,0
BRDA:121,11,1,0
BRDA:123,12,0,0
BRDA:123,12,1,0
BRDA:139,13,0,0
BRDA:139,13,1,0
BRDA:139,13,2,0
BRDA:140,14,0,0
BRDA:140,14,1,0
BRDA:140,14,2,0
BRDA:147,15,0,0
BRDA:147,15,1,0
BRDA:157,16,0,0
BRDA:157,16,1,0
BRDA:178,17,0,0
BRDA:189,18,0,0
BRDA:189,19,0,0
BRDA:200,20,0,0
BRDA:200,21,0,0
BRDA:210,22,0,0
BRDA:222,23,0,0
BRDA:222,23,1,0
BRDA:222,24,0,0
BRDA:222,24,1,0
BRDA:227,25,0,0
BRDA:227,25,1,0
BRDA:233,26,0,0
BRDA:233,26,1,0
BRDA:255,27,0,0
BRDA:255,27,1,0
BRDA:255,28,0,0
BRDA:255,28,1,0
BRDA:279,29,0,0
BRDA:279,29,1,0
BRDA:281,30,0,0
BRDA:281,30,1,0
BRDA:293,31,0,0
BRDA:293,31,1,0
BRF:58
BRH:0
end_of_record
TN:
SF:src/background/auth-manager.js
FN:4,(anonymous_0)
FN:10,(anonymous_1)
FN:18,(anonymous_2)
FN:30,(anonymous_3)
FN:42,(anonymous_4)
FN:66,(anonymous_5)
FN:90,(anonymous_6)
FN:97,(anonymous_7)
FNF:8
FNH:0
FNDA:0,(anonymous_0)
FNDA:0,(anonymous_1)
FNDA:0,(anonymous_2)
FNDA:0,(anonymous_3)
FNDA:0,(anonymous_4)
FNDA:0,(anonymous_5)
FNDA:0,(anonymous_6)
FNDA:0,(anonymous_7)
DA:5,0
DA:6,0
DA:7,0
DA:11,0
DA:12,0
DA:13,0
DA:15,0
DA:20,0
DA:21,0
DA:22,0
DA:23,0
DA:27,0
DA:31,0
DA:32,0
DA:34,0
DA:39,0
DA:43,0
DA:45,0
DA:46,0
DA:54,0
DA:55,0
DA:56,0
DA:59,0
DA:61,0
DA:62,0
DA:67,0
DA:68,0
DA:70,0
DA:75,0
DA:77,0
DA:78,0
DA:81,0
DA:82,0
DA:84,0
DA:85,0
DA:86,0
DA:91,0
DA:92,0
DA:93,0
DA:99,0
DA:100,0
DA:101,0
DA:104,0
DA:106,0
DA:108,0
DA:109,0
LF:46
LH:0
BRDA:12,0,0,0
BRDA:12,0,1,0
BRDA:13,1,0,0
BRDA:13,1,1,0
BRDA:20,2,0,0
BRDA:20,2,1,0
BRDA:20,3,0,0
BRDA:20,3,1,0
BRDA:22,4,0,0
BRDA:22,4,1,0
BRDA:30,5,0,0
BRDA:43,6,0,0
BRDA:43,6,1,0
BRDA:54,7,0,0
BRDA:54,7,1,0
BRDA:67,8,0,0
BRDA:67,8,1,0
BRDA:77,9,0,0
BRDA:77,9,1,0
BRDA:99,10,0,0
BRDA:99,10,1,0
BRDA:99,11,0,0
BRDA:99,11,1,0
BRF:23
BRH:0
end_of_record
TN:
SF:src/background/background-service.js
FN:8,(anonymous_0)
FN:24,(anonymous_1)
FN:56,(anonymous_2)
FN:73,(anonymous_3)
FN:97,(anonymous_4)
FN:100,(anonymous_5)
FN:113,(anonymous_6)
FN:134,(anonymous_7)
FN:141,(anonymous_8)
FN:143,(anonymous_9)
FN:172,(anonymous_10)
FN:184,(anonymous_11)
FN:218,(anonymous_12)
FN:260,(anonymous_13)
FN:291,(anonymous_14)
FN:323,(anonymous_15)
FN:355,(anonymous_16)
FN:376,(anonymous_17)
FN:407,(anonymous_18)
FN:429,(anonymous_19)
FN:457,(anonymous_20)
FN:509,(anonymous_21)
FN:525,(anonymous_22)
FN:595,(anonymous_23)
FN:624,(anonymous_24)
FN:651,(anonymous_25)
FN:655,(anonymous_26)
FN:663,(anonymous_27)
FN:669,(anonymous_28)
FN:681,(anonymous_29)
FN:697,(anonymous_30)
FN:709,(anonymous_31)
FN:720,(anonymous_32)
FN:739,(anonymous_33)
FN:749,(anonymous_34)
FN:753,(anonymous_35)
FN:765,(anonymous_36)
FN:773,(anonymous_37)
FN:778,(anonymous_38)
FN:788,(anonymous_39)
FN:799,(anonymous_40)
FN:814,(anonymous_41)
FN:818,(anonymous_42)
FNF:43
FNH:0
FNDA:0,(anonymous_0)
FNDA:0,(anonymous_1)
FNDA:0,(anonymous_2)
FNDA:0,(anonymous_3)
FNDA:0,(anonymous_4)
FNDA:0,(anonymous_5)
FNDA:0,(anonymous_6)
FNDA:0,(anonymous_7)
FNDA:0,(anonymous_8)
FNDA:0,(anonymous_9)
FNDA:0,(anonymous_10)
FNDA:0,(anonymous_11)
FNDA:0,(anonymous_12)
FNDA:0,(anonymous_13)
FNDA:0,(anonymous_14)
FNDA:0,(anonymous_15)
FNDA:0,(anonymous_16)
FNDA:0,(anonymous_17)
FNDA:0,(anonymous_18)
FNDA:0,(anonymous_19)
FNDA:0,(anonymous_20)
FNDA:0,(anonymous_21)
FNDA:0,(anonymous_22)
FNDA:0,(anonymous_23)
FNDA:0,(anonymous_24)
FNDA:0,(anonymous_25)
FNDA:0,(anonymous_26)
FNDA:0,(anonymous_27)
FNDA:0,(anonymous_28)
FNDA:0,(anonymous_29)
FNDA:0,(anonymous_30)
FNDA:0,(anonymous_31)
FNDA:0,(anonymous_32)
FNDA:0,(anonymous_33)
FNDA:0,(anonymous_34)
FNDA:0,(anonymous_35)
FNDA:0,(anonymous_36)
FNDA:0,(anonymous_37)
FNDA:0,(anonymous_38)
FNDA:0,(anonymous_39)
FNDA:0,(anonymous_40)
FNDA:0,(anonymous_41)
FNDA:0,(anonymous_42)
DA:9,0
DA:10,0
DA:11,0
DA:14,0
DA:25,0
DA:26,0
DA:27,0
DA:30,0
DA:31,0
DA:34,0
DA:37,0
DA:40,0
DA:43,0
DA:45,0
DA:46,0
DA:48,0
DA:49,0
DA:57,0
DA:59,0
DA:60,0
DA:61,0
DA:62,0
DA:63,0
DA:65,0
DA:74,0
DA:77,0
DA:78,0
DA:79,0
DA:80,0
DA:81,0
DA:82,0
DA:83,0
DA:84,0
DA:85,0
DA:86,0
DA:87,0
DA:88,0
DA:89,0
DA:90,0
DA:91,0
DA:98,0
DA:100,0
DA:102,0
DA:114,0
DA:116,0
DA:117,0
DA:118,0
DA:119,0
DA:123,0
DA:135,0
DA:137,0
DA:139,0
DA:141,0
DA:144,0
DA:145,0
DA:151,0
DA:155,0
DA:157,0
DA:158,0
DA:163,0
DA:173,0
DA:174,0
DA:185,0
DA:186,0
DA:188,0
DA:190,0
DA:191,0
DA:195,0
DA:200,0
DA:206,0
DA:207,0
DA:219,0
DA:220,0
DA:222,0
DA:224,0
DA:225,0
DA:229,0
DA:237,0
DA:238,0
DA:245,0
DA:248,0
DA:249,0
DA:261,0
DA:262,0
DA:264,0
DA:266,0
DA:267,0
DA:271,0
DA:273,0
DA:279,0
DA:280,0
DA:292,0
DA:293,0
DA:295,0
DA:297,0
DA:298,0
DA:302,0
DA:304,0
DA:311,0
DA:312,0
DA:324,0
DA:325,0
DA:327,0
DA:329,0
DA:330,0
DA:334,0
DA:336,0
DA:343,0
DA:344,0
DA:356,0
DA:358,0
DA:359,0
DA:360,0
DA:361,0
DA:364,0
DA:367,0
DA:377,0
DA:378,0
DA:380,0
DA:382,0
DA:383,0
DA:387,0
DA:389,0
DA:395,0
DA:396,0
DA:408,0
DA:409,0
DA:411,0
DA:412,0
DA:413,0
DA:414,0
DA:417,0
DA:420,0
DA:430,0
DA:431,0
DA:435,0
DA:445,0
DA:446,0
DA:458,0
DA:459,0
DA:462,0
DA:488,0
DA:490,0
DA:496,0
DA:497,0
DA:510,0
DA:513,0
DA:526,0
DA:527,0
DA:529,0
DA:531,0
DA:534,0
DA:535,0
DA:536,0
DA:537,0
DA:538,0
DA:542,0
DA:543,0
DA:544,0
DA:548,0
DA:549,0
DA:550,0
DA:551,0
DA:553,0
DA:554,0
DA:556,0
DA:560,0
DA:561,0
DA:562,0
DA:563,0
DA:564,0
DA:568,0
DA:569,0
DA:570,0
DA:573,0
DA:576,0
DA:583,0
DA:584,0
DA:596,0
DA:597,0
DA:602,0
DA:612,0
DA:613,0
DA:625,0
DA:626,0
DA:631,0
DA:637,0
DA:638,0
DA:652,0
DA:655,0
DA:656,0
DA:657,0
DA:658,0
DA:663,0
DA:664,0
DA:665,0
DA:669,0
DA:670,0
DA:671,0
DA:672,0
DA:673,0
DA:674,0
DA:675,0
DA:682,0
DA:686,0
DA:687,0
DA:688,0
DA:690,0
DA:697,0
DA:698,0
DA:699,0
DA:700,0
DA:710,0
DA:715,0
DA:721,0
DA:722,0
DA:723,0
DA:730,0
DA:731,0
DA:732,0
DA:735,0
DA:740,0
DA:741,0
DA:742,0
DA:744,0
DA:750,0
DA:753,0
DA:754,0
DA:755,0
DA:759,0
DA:765,0
DA:766,0
DA:769,0
DA:774,0
DA:776,0
DA:778,0
DA:779,0
DA:780,0
DA:789,0
DA:793,0
DA:794,0
DA:800,0
DA:801,0
DA:802,0
DA:803,0
DA:805,0
DA:806,0
DA:808,0
DA:815,0
DA:818,0
DA:819,0
DA:822,0
DA:828,0
LF:253
LH:0
BRDA:25,0,0,0
BRDA:25,0,1,0
BRDA:116,1,0,0
BRDA:116,1,1,0
BRDA:139,2,0,0
BRDA:139,2,1,0
BRDA:139,3,0,0
BRDA:139,3,1,0
BRDA:190,4,0,0
BRDA:190,4,1,0
BRDA:224,5,0,0
BRDA:224,5,1,0
BRDA:237,6,0,0
BRDA:237,6,1,0
BRDA:245,7,0,0
BRDA:245,7,1,0
BRDA:266,8,0,0
BRDA:266,8,1,0
BRDA:297,9,0,0
BRDA:297,9,1,0
BRDA:329,10,0,0
BRDA:329,10,1,0
BRDA:356,11,0,0
BRDA:356,11,1,0
BRDA:360,12,0,0
BRDA:360,12,1,0
BRDA:360,13,0,0
BRDA:360,13,1,0
BRDA:382,14,0,0
BRDA:382,14,1,0
BRDA:413,15,0,0
BRDA:413,15,1,0
BRDA:413,16,0,0
BRDA:413,16,1,0
BRDA:531,17,0,0
BRDA:531,17,1,0
BRDA:531,17,2,0
BRDA:531,17,3,0
BRDA:531,17,4,0
BRDA:531,17,5,0
BRDA:656,18,0,0
BRDA:656,18,1,0
BRDA:656,19,0,0
BRDA:656,19,1,0
BRDA:664,20,0,0
BRDA:664,20,1,0
BRDA:670,21,0,0
BRDA:670,21,1,0
BRDA:673,22,0,0
BRDA:673,22,1,0
BRDA:682,23,0,0
BRDA:682,23,1,0
BRDA:682,24,0,0
BRDA:682,24,1,0
BRDA:682,24,2,0
BRDA:682,24,3,0
BRDA:698,25,0,0
BRDA:698,25,1,0
BRDA:706,26,0,0
BRDA:706,26,1,0
BRDA:725,27,0,0
BRDA:725,27,1,0
BRDA:726,28,0,0
BRDA:726,28,1,0
BRDA:730,29,0,0
BRDA:730,29,1,0
BRDA:754,30,0,0
BRDA:754,30,1,0
BRDA:774,31,0,0
BRDA:774,31,1,0
BRDA:779,32,0,0
BRDA:779,32,1,0
BRDA:793,33,0,0
BRDA:793,33,1,0
BRF:74
BRH:0
end_of_record
TN:
SF:src/background/background-services.js
FN:8,registerBackgroundServices
FNF:1
FNH:0
FNDA:0,registerBackgroundServices
DA:10,0
DA:11,0
DA:12,0
DA:13,0
DA:14,0
LF:5
LH:0
BRF:0
BRH:0
end_of_record
TN:
SF:src/background/background.js
FN:26,(anonymous_0)
FN:76,(anonymous_1)
FN:110,(anonymous_2)
FN:113,(anonymous_3)
FN:118,(anonymous_4)
FN:123,(anonymous_5)
FN:130,(anonymous_6)
FN:137,(anonymous_7)
FN:142,(anonymous_8)
FN:176,(anonymous_9)
FN:183,(anonymous_10)
FN:192,(anonymous_11)
FN:201,(anonymous_12)
FN:210,(anonymous_13)
FN:219,(anonymous_14)
FN:228,(anonymous_15)
FN:238,(anonymous_16)
FN:247,(anonymous_17)
FN:266,(anonymous_18)
FN:270,(anonymous_19)
FN:274,(anonymous_20)
FN:278,(anonymous_21)
FN:305,(anonymous_22)
FNF:23
FNH:0
FNDA:0,(anonymous_0)
FNDA:0,(anonymous_1)
FNDA:0,(anonymous_2)
FNDA:0,(anonymous_3)
FNDA:0,(anonymous_4)
FNDA:0,(anonymous_5)
FNDA:0,(anonymous_6)
FNDA:0,(anonymous_7)
FNDA:0,(anonymous_8)
FNDA:0,(anonymous_9)
FNDA:0,(anonymous_10)
FNDA:0,(anonymous_11)
FNDA:0,(anonymous_12)
FNDA:0,(anonymous_13)
FNDA:0,(anonymous_14)
FNDA:0,(anonymous_15)
FNDA:0,(anonymous_16)
FNDA:0,(anonymous_17)
FNDA:0,(anonymous_18)
FNDA:0,(anonymous_19)
FNDA:0,(anonymous_20)
FNDA:0,(anonymous_21)
FNDA:0,(anonymous_22)
DA:11,0
DA:27,0
DA:29,0
DA:35,0
DA:38,0
DA:39,0
DA:40,0
DA:45,0
DA:46,0
DA:52,0
DA:53,0
DA:59,0
DA:61,0
DA:63,0
DA:64,0
DA:68,0
DA:69,0
DA:70,0
DA:73,0
DA:76,0
DA:82,0
DA:84,0
DA:85,0
DA:86,0
DA:89,0
DA:92,0
DA:93,0
DA:98,0
DA:102,0
DA:103,0
DA:111,0
DA:113,0
DA:114,0
DA:118,0
DA:119,0
DA:123,0
DA:124,0
DA:126,0
DA:130,0
DA:131,0
DA:133,0
DA:137,0
DA:138,0
DA:142,0
DA:143,0
DA:144,0
DA:145,0
DA:150,0
DA:151,0
DA:152,0
DA:153,0
DA:154,0
DA:155,0
DA:158,0
DA:167,0
DA:169,0
DA:177,0
DA:178,0
DA:181,0
DA:184,0
DA:185,0
DA:187,0
DA:188,0
DA:193,0
DA:194,0
DA:196,0
DA:197,0
DA:202,0
DA:203,0
DA:205,0
DA:206,0
DA:211,0
DA:212,0
DA:214,0
DA:215,0
DA:220,0
DA:221,0
DA:223,0
DA:224,0
DA:229,0
DA:230,0
DA:232,0
DA:233,0
DA:239,0
DA:240,0
DA:242,0
DA:243,0
DA:248,0
DA:249,0
DA:251,0
DA:252,0
DA:257,0
DA:259,0
DA:267,0
DA:270,0
DA:271,0
DA:274,0
DA:275,0
DA:278,0
DA:279,0
DA:280,0
DA:281,0
DA:284,0
DA:287,0
DA:290,0
DA:291,0
DA:292,0
DA:294,0
DA:296,0
DA:299,0
DA:300,0
DA:305,0
DA:306,0
LF:113
LH:0
BRDA:38,0,0,0
BRDA:38,0,1,0
BRDA:52,1,0,0
BRDA:52,1,1,0
BRDA:92,2,0,0
BRDA:92,2,1,0
BRDA:144,3,0,0
BRDA:144,3,1,0
BRDA:280,4,0,0
BRDA:280,4,1,0
BRDA:280,5,0,0
BRDA:280,5,1,0
BRDA:290,6,0,0
BRDA:290,6,1,0
BRF:14
BRH:0
end_of_record
TN:
SF:src/background/browser-events.js
FNF:0
FNH:0
LF:0
LH:0
BRF:0
BRH:0
end_of_record
TN:
SF:src/background/message-handlers.js
FNF:0
FNH:0
LF:0
LH:0
BRF:0
BRH:0
end_of_record
TN:
SF:src/background/progress-tracker.js
FN:15,(anonymous_0)
FN:38,(anonymous_1)
FN:67,(anonymous_2)
FN:77,(anonymous_3)
FN:78,(anonymous_4)
FN:86,(anonymous_5)
FN:104,(anonymous_6)
FN:113,(anonymous_7)
FN:129,(anonymous_8)
FN:142,(anonymous_9)
FN:174,(anonymous_10)
FN:184,(anonymous_11)
FN:185,(anonymous_12)
FN:198,(anonymous_13)
FN:211,(anonymous_14)
FN:214,(anonymous_15)
FN:241,(anonymous_16)
FN:242,(anonymous_17)
FN:245,(anonymous_18)
FN:264,(anonymous_19)
FN:265,(anonymous_20)
FN:266,(anonymous_21)
FN:268,(anonymous_22)
FN:269,(anonymous_23)
FNF:24
FNH:0
FNDA:0,(anonymous_0)
FNDA:0,(anonymous_1)
FNDA:0,(anonymous_2)
FNDA:0,(anonymous_3)
FNDA:0,(anonymous_4)
FNDA:0,(anonymous_5)
FNDA:0,(anonymous_6)
FNDA:0,(anonymous_7)
FNDA:0,(anonymous_8)
FNDA:0,(anonymous_9)
FNDA:0,(anonymous_10)
FNDA:0,(anonymous_11)
FNDA:0,(anonymous_12)
FNDA:0,(anonymous_13)
FNDA:0,(anonymous_14)
FNDA:0,(anonymous_15)
FNDA:0,(anonymous_16)
FNDA:0,(anonymous_17)
FNDA:0,(anonymous_18)
FNDA:0,(anonymous_19)
FNDA:0,(anonymous_20)
FNDA:0,(anonymous_21)
FNDA:0,(anonymous_22)
FNDA:0,(anonymous_23)
DA:16,0
DA:17,0
DA:18,0
DA:19,0
DA:20,0
DA:21,0
DA:22,0
DA:23,0
DA:24,0
DA:26,0
DA:27,0
DA:39,0
DA:40,0
DA:41,0
DA:43,0
DA:52,0
DA:53,0
DA:55,0
DA:56,0
DA:59,0
DA:68,0
DA:69,0
DA:78,0
DA:79,0
DA:87,0
DA:105,0
DA:114,0
DA:115,0
DA:116,0
DA:122,0
DA:130,0
DA:131,0
DA:134,0
DA:135,0
DA:143,0
DA:144,0
DA:145,0
DA:146,0
DA:147,0
DA:148,0
DA:149,0
DA:151,0
DA:160,0
DA:162,0
DA:163,0
DA:166,0
DA:175,0
DA:176,0
DA:185,0
DA:186,0
DA:187,0
DA:189,0
DA:199,0
DA:200,0
DA:201,0
DA:203,0
DA:212,0
DA:213,0
DA:214,0
DA:215,0
DA:216,0
DA:217,0
DA:218,0
DA:219,0
DA:220,0
DA:221,0
DA:222,0
DA:223,0
DA:226,0
DA:230,0
DA:242,0
DA:243,0
DA:245,0
DA:246,0
DA:248,0
DA:249,0
DA:252,0
DA:253,0
DA:265,0
DA:266,0
DA:267,0
DA:268,0
DA:269,0
DA:271,0
LF:84
LH:0
BRDA:15,0,0,0
BRDA:17,1,0,0
BRDA:17,1,1,0
BRDA:26,2,0,0
BRDA:26,2,1,0
BRDA:38,3,0,0
BRDA:38,4,0,0
BRDA:40,5,0,0
BRDA:40,5,1,0
BRDA:41,6,0,0
BRDA:41,6,1,0
BRDA:47,7,0,0
BRDA:47,7,1,0
BRDA:55,8,0,0
BRDA:55,8,1,0
BRDA:91,9,0,0
BRDA:91,9,1,0
BRDA:104,10,0,0
BRDA:114,11,0,0
BRDA:114,11,1,0
BRDA:114,12,0,0
BRDA:114,12,1,0
BRDA:115,13,0,0
BRDA:115,13,1,0
BRDA:130,14,0,0
BRDA:130,14,1,0
BRDA:134,15,0,0
BRDA:134,15,1,0
BRDA:155,16,0,0
BRDA:155,16,1,0
BRDA:162,17,0,0
BRDA:162,17,1,0
BRDA:174,18,0,0
BRDA:215,19,0,0
BRDA:215,19,1,0
BRDA:215,20,0,0
BRDA:215,20,1,0
BRDA:221,21,0,0
BRDA:221,21,1,0
BRDA:222,22,0,0
BRDA:222,22,1,0
BRDA:223,23,0,0
BRDA:223,23,1,0
BRDA:241,24,0,0
BRDA:246,25,0,0
BRDA:246,25,1,0
BRDA:246,26,0,0
BRDA:246,26,1,0
BRF:48
BRH:0
end_of_record
TN:
SF:src/background/state-manager.js
FN:4,(anonymous_0)
FN:15,(anonymous_1)
FN:49,(anonymous_2)
FN:53,(anonymous_3)
FN:59,(anonymous_4)
FN:64,(anonymous_5)
FN:68,(anonymous_6)
FN:73,(anonymous_7)
FN:77,(anonymous_8)
FN:81,(anonymous_9)
FN:86,(anonymous_10)
FN:91,(anonymous_11)
FN:97,(anonymous_12)
FN:102,(anonymous_13)
FN:111,(anonymous_14)
FN:119,(anonymous_15)
FN:145,(anonymous_16)
FN:158,(anonymous_17)
FN:161,processBookmarkNode
FN:186,(anonymous_19)
FN:212,(anonymous_20)
FN:220,(anonymous_21)
FN:235,(anonymous_22)
FNF:23
FNH:0
FNDA:0,(anonymous_0)
FNDA:0,(anonymous_1)
FNDA:0,(anonymous_2)
FNDA:0,(anonymous_3)
FNDA:0,(anonymous_4)
FNDA:0,(anonymous_5)
FNDA:0,(anonymous_6)
FNDA:0,(anonymous_7)
FNDA:0,(anonymous_8)
FNDA:0,(anonymous_9)
FNDA:0,(anonymous_10)
FNDA:0,(anonymous_11)
FNDA:0,(anonymous_12)
FNDA:0,(anonymous_13)
FNDA:0,(anonymous_14)
FNDA:0,(anonymous_15)
FNDA:0,(anonymous_16)
FNDA:0,(anonymous_17)
FNDA:0,processBookmarkNode
FNDA:0,(anonymous_19)
FNDA:0,(anonymous_20)
FNDA:0,(anonymous_21)
FNDA:0,(anonymous_22)
DA:5,0
DA:6,0
DA:7,0
DA:8,0
DA:17,0
DA:18,0
DA:25,0
DA:28,0
DA:29,0
DA:30,0
DA:31,0
DA:32,0
DA:34,0
DA:35,0
DA:36,0
DA:37,0
DA:41,0
DA:42,0
DA:45,0
DA:50,0
DA:54,0
DA:55,0
DA:60,0
DA:65,0
DA:69,0
DA:74,0
DA:78,0
DA:82,0
DA:87,0
DA:90,0
DA:91,0
DA:92,0
DA:98,0
DA:99,0
DA:102,0
DA:103,0
DA:107,0
DA:112,0
DA:113,0
DA:114,0
DA:121,0
DA:124,0
DA:127,0
DA:128,0
DA:129,0
DA:130,0
DA:138,0
DA:139,0
DA:140,0
DA:141,0
DA:144,0
DA:145,0
DA:159,0
DA:162,0
DA:163,0
DA:171,0
DA:172,0
DA:173,0
DA:178,0
DA:179,0
DA:182,0
DA:187,0
DA:188,0
DA:191,0
DA:193,0
DA:195,0
DA:197,0
DA:198,0
DA:199,0
DA:200,0
DA:204,0
DA:206,0
DA:207,0
DA:214,0
DA:215,0
DA:219,0
DA:220,0
DA:221,0
DA:222,0
DA:227,0
DA:228,0
DA:231,0
DA:236,0
DA:239,0
DA:241,0
DA:242,0
DA:244,0
DA:247,0
LF:88
LH:0
BRDA:18,0,0,0
BRDA:18,0,1,0
BRDA:25,1,0,0
BRDA:25,1,1,0
BRDA:34,2,0,0
BRDA:34,2,1,0
BRDA:41,3,0,0
BRDA:41,3,1,0
BRDA:54,4,0,0
BRDA:54,4,1,0
BRDA:87,5,0,0
BRDA:87,5,1,0
BRDA:98,6,0,0
BRDA:98,6,1,0
BRDA:112,7,0,0
BRDA:112,7,1,0
BRDA:139,8,0,0
BRDA:139,8,1,0
BRDA:162,9,0,0
BRDA:162,9,1,0
BRDA:171,10,0,0
BRDA:171,10,1,0
BRDA:193,11,0,0
BRDA:193,11,1,0
BRDA:193,12,0,0
BRDA:193,12,1,0
BRDA:197,13,0,0
BRDA:197,13,1,0
BRDA:214,14,0,0
BRDA:214,14,1,0
BRDA:221,15,0,0
BRDA:221,15,1,0
BRDA:221,16,0,0
BRDA:221,16,1,0
BRDA:227,17,0,0
BRDA:227,17,1,0
BRDA:239,18,0,0
BRDA:239,18,1,0
BRF:38
BRH:0
end_of_record
TN:
SF:src/components/core/navigation.js
FN:6,(anonymous_0)
FN:18,(anonymous_1)
FN:43,(anonymous_2)
FN:44,(anonymous_3)
FN:48,(anonymous_4)
FN:57,(anonymous_5)
FN:65,(anonymous_6)
FN:84,(anonymous_7)
FN:95,(anonymous_8)
FN:138,(anonymous_9)
FNF:10
FNH:0
FNDA:0,(anonymous_0)
FNDA:0,(anonymous_1)
FNDA:0,(anonymous_2)
FNDA:0,(anonymous_3)
FNDA:0,(anonymous_4)
FNDA:0,(anonymous_5)
FNDA:0,(anonymous_6)
FNDA:0,(anonymous_7)
FNDA:0,(anonymous_8)
FNDA:0,(anonymous_9)
DA:7,0
DA:8,0
DA:9,0
DA:10,0
DA:11,0
DA:14,0
DA:19,0
DA:21,0
DA:22,0
DA:23,0
DA:25,0
DA:29,0
DA:30,0
DA:34,0
DA:35,0
DA:38,0
DA:40,0
DA:44,0
DA:45,0
DA:46,0
DA:48,0
DA:49,0
DA:50,0
DA:53,0
DA:58,0
DA:59,0
DA:61,0
DA:67,0
DA:68,0
DA:69,0
DA:70,0
DA:71,0
DA:75,0
DA:76,0
DA:77,0
DA:78,0
DA:79,0
DA:80,0
DA:85,0
DA:86,0
DA:87,0
DA:88,0
DA:90,0
DA:96,0
DA:97,0
DA:98,0
DA:100,0
DA:101,0
DA:102,0
DA:103,0
DA:104,0
DA:105,0
DA:107,0
DA:111,0
DA:112,0
DA:113,0
DA:114,0
DA:115,0
DA:116,0
DA:117,0
DA:121,0
DA:123,0
DA:125,0
DA:126,0
DA:127,0
DA:128,0
DA:129,0
DA:130,0
DA:133,0
DA:140,0
DA:141,0
DA:142,0
DA:143,0
LF:73
LH:0
BRDA:26,0,0,0
BRDA:26,0,1,0
BRDA:29,1,0,0
BRDA:29,1,1,0
BRDA:29,2,0,0
BRDA:29,2,1,0
BRDA:46,3,0,0
BRDA:46,3,1,0
BRDA:67,4,0,0
BRDA:67,4,1,0
BRDA:70,5,0,0
BRDA:70,5,1,0
BRDA:71,6,0,0
BRDA:71,6,1,0
BRDA:76,7,0,0
BRDA:76,7,1,0
BRDA:100,8,0,0
BRDA:100,8,1,0
BRDA:103,9,0,0
BRDA:103,9,1,0
BRDA:113,10,0,0
BRDA:113,10,1,0
BRDA:115,11,0,0
BRDA:115,11,1,0
BRDA:126,12,0,0
BRDA:126,12,1,0
BRDA:128,13,0,0
BRDA:128,13,1,0
BRF:28
BRH:0
end_of_record
TN:
SF:src/components/panels/assistant/assistant-panel.js
FN:21,(anonymous_0)
FN:96,(anonymous_1)
FN:152,(anonymous_2)
FN:158,(anonymous_3)
FN:173,(anonymous_4)
FN:197,(anonymous_5)
FN:215,(anonymous_6)
FN:246,(anonymous_7)
FN:263,(anonymous_8)
FN:283,(anonymous_9)
FN:324,(anonymous_10)
FN:360,(anonymous_11)
FN:374,(anonymous_12)
FN:380,(anonymous_13)
FN:408,(anonymous_14)
FN:440,(anonymous_15)
FN:446,(anonymous_16)
FN:450,(anonymous_17)
FN:487,(anonymous_18)
FN:495,(anonymous_19)
FN:541,(anonymous_20)
FN:570,(anonymous_21)
FN:576,(anonymous_22)
FN:580,(anonymous_23)
FN:599,(anonymous_24)
FN:614,(anonymous_25)
FN:643,(anonymous_26)
FN:659,(anonymous_27)
FN:669,(anonymous_28)
FN:679,(anonymous_29)
FNF:30
FNH:0
FNDA:0,(anonymous_0)
FNDA:0,(anonymous_1)
FNDA:0,(anonymous_2)
FNDA:0,(anonymous_3)
FNDA:0,(anonymous_4)
FNDA:0,(anonymous_5)
FNDA:0,(anonymous_6)
FNDA:0,(anonymous_7)
FNDA:0,(anonymous_8)
FNDA:0,(anonymous_9)
FNDA:0,(anonymous_10)
FNDA:0,(anonymous_11)
FNDA:0,(anonymous_12)
FNDA:0,(anonymous_13)
FNDA:0,(anonymous_14)
FNDA:0,(anonymous_15)
FNDA:0,(anonymous_16)
FNDA:0,(anonymous_17)
FNDA:0,(anonymous_18)
FNDA:0,(anonymous_19)
FNDA:0,(anonymous_20)
FNDA:0,(anonymous_21)
FNDA:0,(anonymous_22)
FNDA:0,(anonymous_23)
FNDA:0,(anonymous_24)
FNDA:0,(anonymous_25)
FNDA:0,(anonymous_26)
FNDA:0,(anonymous_27)
FNDA:0,(anonymous_28)
FNDA:0,(anonymous_29)
DA:9,1
DA:23,0
DA:29,0
DA:31,0
DA:33,0
DA:34,0
DA:35,0
DA:39,0
DA:40,0
DA:41,0
DA:42,0
DA:43,0
DA:46,0
DA:47,0
DA:48,0
DA:51,0
DA:52,0
DA:53,0
DA:54,0
DA:58,0
DA:59,0
DA:60,0
DA:64,0
DA:67,0
DA:70,0
DA:72,0
DA:73,0
DA:74,0
DA:76,0
DA:80,0
DA:81,0
DA:82,0
DA:84,0
DA:85,0
DA:88,0
DA:97,0
DA:99,0
DA:100,0
DA:101,0
DA:102,0
DA:103,0
DA:107,0
DA:108,0
DA:109,0
DA:113,0
DA:114,0
DA:115,0
DA:132,0
DA:135,0
DA:137,0
DA:139,0
DA:140,0
DA:153,0
DA:155,0
DA:157,0
DA:158,0
DA:159,0
DA:160,0
DA:163,0
DA:166,0
DA:173,0
DA:174,0
DA:177,0
DA:181,0
DA:184,0
DA:190,0
DA:192,0
DA:196,0
DA:197,0
DA:198,0
DA:201,0
DA:204,0
DA:210,0
DA:214,0
DA:215,0
DA:216,0
DA:217,0
DA:218,0
DA:222,0
DA:225,0
DA:231,0
DA:234,0
DA:236,0
DA:237,0
DA:247,0
DA:249,0
DA:250,0
DA:251,0
DA:253,0
DA:254,0
DA:255,0
DA:256,0
DA:260,0
DA:263,0
DA:264,0
DA:268,0
DA:270,0
DA:272,0
DA:284,0
DA:286,0
DA:287,0
DA:288,0
DA:289,0
DA:290,0
DA:293,0
DA:294,0
DA:296,0
DA:302,0
DA:305,0
DA:308,0
DA:311,0
DA:313,0
DA:325,0
DA:327,0
DA:329,0
DA:330,0
DA:333,0
DA:340,0
DA:341,0
DA:345,0
DA:346,0
DA:348,0
DA:361,0
DA:362,0
DA:364,0
DA:365,0
DA:375,0
DA:377,0
DA:379,0
DA:380,0
DA:384,0
DA:386,0
DA:387,0
DA:388,0
DA:389,0
DA:390,0
DA:393,0
DA:396,0
DA:397,0
DA:398,0
DA:402,0
DA:405,0
DA:408,0
DA:409,0
DA:410,0
DA:412,0
DA:414,0
DA:419,0
DA:422,0
DA:425,0
DA:427,0
DA:430,0
DA:441,0
DA:443,0
DA:445,0
DA:446,0
DA:449,0
DA:450,0
DA:453,0
DA:454,0
DA:455,0
DA:456,0
DA:459,0
DA:460,0
DA:463,0
DA:466,0
DA:469,0
DA:470,0
DA:471,0
DA:472,0
DA:475,0
DA:476,0
DA:477,0
DA:478,0
DA:481,0
DA:483,0
DA:486,0
DA:487,0
DA:490,0
DA:491,0
DA:492,0
DA:493,0
DA:494,0
DA:495,0
DA:496,0
DA:499,0
DA:504,0
DA:514,0
DA:515,0
DA:518,0
DA:519,0
DA:520,0
DA:524,0
DA:526,0
DA:527,0
DA:528,0
DA:531,0
DA:532,0
DA:533,0
DA:534,0
DA:537,0
DA:540,0
DA:541,0
DA:545,0
DA:546,0
DA:547,0
DA:548,0
DA:551,0
DA:552,0
DA:553,0
DA:558,0
DA:559,0
DA:571,0
DA:573,0
DA:575,0
DA:576,0
DA:579,0
DA:580,0
DA:583,0
DA:585,0
DA:586,0
DA:587,0
DA:589,0
DA:591,0
DA:594,0
DA:597,0
DA:598,0
DA:599,0
DA:600,0
DA:602,0
DA:605,0
DA:606,0
DA:608,0
DA:609,0
DA:610,0
DA:611,0
DA:612,0
DA:614,0
DA:615,0
DA:618,0
DA:619,0
DA:623,0
DA:626,0
DA:627,0
DA:631,0
DA:634,0
DA:635,0
DA:645,0
DA:651,0
DA:652,0
DA:653,0
DA:656,0
DA:659,0
DA:660,0
DA:661,0
DA:663,0
DA:666,0
DA:669,0
DA:670,0
DA:671,0
DA:673,0
DA:676,0
DA:679,0
DA:680,0
DA:681,0
DA:682,0
DA:685,0
DA:688,0
DA:694,0
DA:695,0
LF:270
LH:1
BRDA:33,0,0,0
BRDA:33,0,1,0
BRDA:46,1,0,0
BRDA:46,1,1,0
BRDA:58,2,0,0
BRDA:58,2,1,0
BRDA:58,3,0,0
BRDA:58,3,1,0
BRDA:101,4,0,0
BRDA:101,4,1,0
BRDA:108,5,0,0
BRDA:108,5,1,0
BRDA:157,6,0,0
BRDA:157,6,1,0
BRDA:157,7,0,0
BRDA:157,7,1,0
BRDA:174,8,0,0
BRDA:174,8,1,0
BRDA:174,9,0,0
BRDA:174,9,1,0
BRDA:174,9,2,0
BRDA:174,9,3,0
BRDA:196,10,0,0
BRDA:196,10,1,0
BRDA:214,11,0,0
BRDA:214,11,1,0
BRDA:216,12,0,0
BRDA:216,12,1,0
BRDA:216,13,0,0
BRDA:216,13,1,0
BRDA:251,14,0,0
BRDA:251,14,1,0
BRDA:254,15,0,0
BRDA:254,15,1,0
BRDA:288,16,0,0
BRDA:288,16,1,0
BRDA:330,17,0,0
BRDA:330,17,1,0
BRDA:340,18,0,0
BRDA:340,18,1,0
BRDA:386,19,0,0
BRDA:386,19,1,0
BRDA:386,20,0,0
BRDA:386,20,1,0
BRDA:386,20,2,0
BRDA:388,21,0,0
BRDA:388,21,1,0
BRDA:416,22,0,0
BRDA:416,22,1,0
BRDA:454,23,0,0
BRDA:454,23,1,0
BRDA:460,24,0,0
BRDA:460,24,1,0
BRDA:470,25,0,0
BRDA:470,25,1,0
BRDA:491,26,0,0
BRDA:491,26,1,0
BRDA:494,27,0,0
BRDA:494,27,1,0
BRDA:494,28,0,0
BRDA:494,28,1,0
BRDA:494,28,2,0
BRDA:514,29,0,0
BRDA:514,29,1,0
BRDA:519,30,0,0
BRDA:519,30,1,0
BRDA:524,31,0,0
BRDA:524,31,1,0
BRDA:524,32,0,0
BRDA:524,32,1,0
BRDA:524,32,2,0
BRDA:531,33,0,0
BRDA:531,33,1,0
BRDA:547,34,0,0
BRDA:547,34,1,0
BRDA:547,35,0,0
BRDA:547,35,1,0
BRDA:552,36,0,0
BRDA:552,36,1,0
BRDA:558,37,0,0
BRDA:558,37,1,0
BRDA:585,38,0,0
BRDA:585,38,1,0
BRDA:585,39,0,0
BRDA:585,39,1,0
BRDA:589,40,0,0
BRDA:589,40,1,0
BRDA:594,41,0,0
BRDA:594,41,1,0
BRDA:597,42,0,0
BRDA:597,42,1,0
BRDA:597,43,0,0
BRDA:597,43,1,0
BRDA:600,44,0,0
BRDA:600,44,1,0
BRDA:606,45,0,0
BRDA:606,45,1,0
BRDA:608,46,0,0
BRDA:608,46,1,0
BRDA:612,47,0,0
BRDA:612,47,1,0
BRDA:612,48,0,0
BRDA:612,48,1,0
BRDA:619,49,0,0
BRDA:619,49,1,0
BRDA:631,50,0,0
BRDA:631,50,1,0
BRDA:635,51,0,0
BRDA:635,51,1,0
BRDA:651,52,0,0
BRDA:651,52,1,0
BRDA:681,53,0,0
BRDA:681,53,1,0
BRDA:681,54,0,0
BRDA:681,54,1,0
BRF:115
BRH:0
end_of_record
TN:
SF:src/components/panels/capture/bookmarks-capture.js
FN:13,initBookmarksCapture
FN:36,(anonymous_1)
FN:44,getService
FN:53,loadBookmarks
FN:91,(anonymous_4)
FN:98,flattenBookmarks
FN:117,(anonymous_6)
FN:156,populateBookmarkFolders
FN:168,(anonymous_8)
FN:168,(anonymous_9)
FN:171,(anonymous_10)
FN:181,(anonymous_11)
FN:194,(anonymous_12)
FN:210,displayBookmarks
FN:221,(anonymous_14)
FN:240,(anonymous_15)
FN:272,formatDate
FN:283,filterBookmarks
FN:294,(anonymous_18)
FN:313,(anonymous_19)
FN:320,setupSelectionControls
FN:331,(anonymous_21)
FN:333,(anonymous_22)
FN:339,(anonymous_23)
FN:341,(anonymous_24)
FN:364,getSelectedBookmarks
FN:375,(anonymous_26)
FN:398,cleanup
FN:412,(anonymous_28)
FN:417,(anonymous_29)
FN:422,(anonymous_30)
FN:433,(anonymous_31)
FNF:32
FNH:0
FNDA:0,initBookmarksCapture
FNDA:0,(anonymous_1)
FNDA:0,getService
FNDA:0,loadBookmarks
FNDA:0,(anonymous_4)
FNDA:0,flattenBookmarks
FNDA:0,(anonymous_6)
FNDA:0,populateBookmarkFolders
FNDA:0,(anonymous_8)
FNDA:0,(anonymous_9)
FNDA:0,(anonymous_10)
FNDA:0,(anonymous_11)
FNDA:0,(anonymous_12)
FNDA:0,displayBookmarks
FNDA:0,(anonymous_14)
FNDA:0,(anonymous_15)
FNDA:0,formatDate
FNDA:0,filterBookmarks
FNDA:0,(anonymous_18)
FNDA:0,(anonymous_19)
FNDA:0,setupSelectionControls
FNDA:0,(anonymous_21)
FNDA:0,(anonymous_22)
FNDA:0,(anonymous_23)
FNDA:0,(anonymous_24)
FNDA:0,getSelectedBookmarks
FNDA:0,(anonymous_26)
FNDA:0,cleanup
FNDA:0,(anonymous_28)
FNDA:0,(anonymous_29)
FNDA:0,(anonymous_30)
FNDA:0,(anonymous_31)
DA:6,1
DA:7,1
DA:8,1
DA:9,1
DA:10,1
DA:11,1
DA:14,0
DA:20,0
DA:22,0
DA:23,0
DA:24,0
DA:27,0
DA:28,0
DA:29,0
DA:30,0
DA:31,0
DA:33,0
DA:35,0
DA:36,0
DA:39,0
DA:40,0
DA:45,0
DA:46,0
DA:48,0
DA:49,0
DA:54,0
DA:56,0
DA:57,0
DA:58,0
DA:59,0
DA:62,0
DA:64,0
DA:66,0
DA:69,0
DA:71,0
DA:72,0
DA:73,0
DA:77,0
DA:80,0
DA:83,0
DA:85,0
DA:87,0
DA:88,0
DA:90,0
DA:91,0
DA:94,0
DA:99,0
DA:101,0
DA:103,0
DA:104,0
DA:105,0
DA:107,0
DA:110,0
DA:112,0
DA:114,0
DA:115,0
DA:116,0
DA:118,0
DA:119,0
DA:125,0
DA:127,0
DA:129,0
DA:130,0
DA:135,0
DA:136,0
DA:140,0
DA:147,0
DA:149,0
DA:153,0
DA:157,0
DA:159,0
DA:160,0
DA:161,0
DA:162,0
DA:165,0
DA:168,0
DA:171,0
DA:172,0
DA:173,0
DA:174,0
DA:175,0
DA:179,0
DA:180,0
DA:181,0
DA:182,0
DA:183,0
DA:184,0
DA:186,0
DA:187,0
DA:194,0
DA:195,0
DA:196,0
DA:197,0
DA:200,0
DA:201,0
DA:207,0
DA:211,0
DA:213,0
DA:214,0
DA:215,0
DA:216,0
DA:219,0
DA:221,0
DA:222,0
DA:223,0
DA:224,0
DA:225,0
DA:228,0
DA:229,0
DA:230,0
DA:231,0
DA:233,0
DA:237,0
DA:238,0
DA:239,0
DA:241,0
DA:245,0
DA:247,0
DA:248,0
DA:251,0
DA:268,0
DA:273,0
DA:274,0
DA:275,0
DA:276,0
DA:278,0
DA:279,0
DA:284,0
DA:286,0
DA:287,0
DA:288,0
DA:289,0
DA:292,0
DA:294,0
DA:296,0
DA:297,0
DA:300,0
DA:302,0
DA:304,0
DA:307,0
DA:308,0
DA:309,0
DA:313,0
DA:317,0
DA:321,0
DA:323,0
DA:324,0
DA:326,0
DA:327,0
DA:328,0
DA:331,0
DA:332,0
DA:333,0
DA:334,0
DA:336,0
DA:339,0
DA:340,0
DA:341,0
DA:342,0
DA:344,0
DA:347,0
DA:348,0
DA:350,0
DA:365,0
DA:370,0
DA:372,0
DA:373,0
DA:375,0
DA:376,0
DA:377,0
DA:379,0
DA:380,0
DA:381,0
DA:382,0
DA:384,0
DA:385,0
DA:394,0
DA:395,0
DA:399,0
DA:405,0
DA:406,0
DA:407,0
DA:410,0
DA:412,0
DA:413,0
DA:415,0
DA:417,0
DA:418,0
DA:420,0
DA:422,0
DA:423,0
DA:424,0
DA:425,0
DA:428,0
DA:431,0
DA:433,0
DA:434,0
DA:435,0
DA:436,0
DA:439,0
DA:442,0
DA:444,0
DA:445,0
DA:447,0
LF:204
LH:6
BRDA:22,0,0,0
BRDA:22,0,1,0
BRDA:48,1,0,0
BRDA:48,1,1,0
BRDA:48,1,2,0
BRDA:57,2,0,0
BRDA:57,2,1,0
BRDA:71,3,0,0
BRDA:71,3,1,0
BRDA:98,4,0,0
BRDA:103,5,0,0
BRDA:103,5,1,0
BRDA:103,6,0,0
BRDA:103,6,1,0
BRDA:103,6,2,0
BRDA:104,7,0,0
BRDA:104,7,1,0
BRDA:110,8,0,0
BRDA:110,8,1,0
BRDA:112,9,0,0
BRDA:112,9,1,0
BRDA:119,10,0,0
BRDA:119,10,1,0
BRDA:119,10,2,0
BRDA:127,11,0,0
BRDA:127,11,1,0
BRDA:127,11,2,0
BRDA:130,12,0,0
BRDA:130,12,1,0
BRDA:130,12,2,0
BRDA:135,13,0,0
BRDA:135,13,1,0
BRDA:147,14,0,0
BRDA:147,14,1,0
BRDA:160,15,0,0
BRDA:160,15,1,0
BRDA:180,16,0,0
BRDA:180,16,1,0
BRDA:196,17,0,0
BRDA:196,17,1,0
BRDA:214,18,0,0
BRDA:214,18,1,0
BRDA:233,19,0,0
BRDA:233,19,1,0
BRDA:233,19,2,0
BRDA:241,20,0,0
BRDA:241,20,1,0
BRDA:247,21,0,0
BRDA:247,21,1,0
BRDA:247,21,2,0
BRDA:248,22,0,0
BRDA:248,22,1,0
BRDA:259,23,0,0
BRDA:259,23,1,0
BRDA:263,24,0,0
BRDA:263,24,1,0
BRDA:273,25,0,0
BRDA:273,25,1,0
BRDA:278,26,0,0
BRDA:278,26,1,0
BRDA:278,26,2,0
BRDA:287,27,0,0
BRDA:287,27,1,0
BRDA:296,28,0,0
BRDA:296,28,1,0
BRDA:296,29,0,0
BRDA:296,29,1,0
BRDA:300,30,0,0
BRDA:300,30,1,0
BRDA:300,31,0,0
BRDA:300,31,1,0
BRDA:300,31,2,0
BRDA:307,32,0,0
BRDA:307,32,1,0
BRDA:326,33,0,0
BRDA:326,33,1,0
BRDA:326,34,0,0
BRDA:326,34,1,0
BRDA:377,35,0,0
BRDA:377,35,1,0
BRDA:382,36,0,0
BRDA:382,36,1,0
BRDA:384,37,0,0
BRDA:384,37,1,0
BRDA:405,38,0,0
BRDA:405,38,1,0
BRDA:424,39,0,0
BRDA:424,39,1,0
BRDA:424,40,0,0
BRDA:424,40,1,0
BRDA:435,41,0,0
BRDA:435,41,1,0
BRDA:435,42,0,0
BRDA:435,42,1,0
BRF:94
BRH:0
end_of_record
TN:
SF:src/components/panels/capture/capture-panel.js
FN:29,(anonymous_0)
FN:44,(anonymous_1)
FN:45,(anonymous_2)
FN:86,(anonymous_3)
FN:95,(anonymous_4)
FN:113,(anonymous_5)
FN:131,(anonymous_6)
FN:159,(anonymous_7)
FN:174,(anonymous_8)
FN:203,(anonymous_9)
FN:245,(anonymous_10)
FN:259,(anonymous_11)
FN:261,(anonymous_12)
FN:262,(anonymous_13)
FN:320,(anonymous_14)
FN:322,(anonymous_15)
FN:323,(anonymous_16)
FN:412,(anonymous_17)
FN:417,(anonymous_18)
FN:434,(anonymous_19)
FN:439,(anonymous_20)
FN:464,(anonymous_21)
FN:487,(anonymous_22)
FN:515,(anonymous_23)
FN:516,(anonymous_24)
FN:522,(anonymous_25)
FN:534,(anonymous_26)
FN:558,(anonymous_27)
FN:577,(anonymous_28)
FN:586,(anonymous_29)
FN:619,(anonymous_30)
FN:663,(anonymous_31)
FN:673,(anonymous_32)
FN:683,(anonymous_33)
FN:695,(anonymous_34)
FNF:35
FNH:1
FNDA:3,(anonymous_0)
FNDA:0,(anonymous_1)
FNDA:0,(anonymous_2)
FNDA:0,(anonymous_3)
FNDA:0,(anonymous_4)
FNDA:0,(anonymous_5)
FNDA:0,(anonymous_6)
FNDA:0,(anonymous_7)
FNDA:0,(anonymous_8)
FNDA:0,(anonymous_9)
FNDA:0,(anonymous_10)
FNDA:0,(anonymous_11)
FNDA:0,(anonymous_12)
FNDA:0,(anonymous_13)
FNDA:0,(anonymous_14)
FNDA:0,(anonymous_15)
FNDA:0,(anonymous_16)
FNDA:0,(anonymous_17)
FNDA:0,(anonymous_18)
FNDA:0,(anonymous_19)
FNDA:0,(anonymous_20)
FNDA:0,(anonymous_21)
FNDA:0,(anonymous_22)
FNDA:0,(anonymous_23)
FNDA:0,(anonymous_24)
FNDA:0,(anonymous_25)
FNDA:0,(anonymous_26)
FNDA:0,(anonymous_27)
FNDA:0,(anonymous_28)
FNDA:0,(anonymous_29)
FNDA:0,(anonymous_30)
FNDA:0,(anonymous_31)
FNDA:0,(anonymous_32)
FNDA:0,(anonymous_33)
FNDA:0,(anonymous_34)
DA:12,1
DA:31,3
DA:39,3
DA:40,3
DA:42,0
DA:43,0
DA:44,0
DA:49,3
DA:51,3
DA:53,3
DA:54,0
DA:55,0
DA:59,3
DA:60,0
DA:61,0
DA:64,0
DA:67,0
DA:70,0
DA:72,0
DA:73,0
DA:74,0
DA:76,3
DA:77,3
DA:78,0
DA:87,0
DA:89,0
DA:90,0
DA:91,0
DA:92,0
DA:94,0
DA:95,0
DA:96,0
DA:97,0
DA:100,0
DA:103,0
DA:109,0
DA:112,0
DA:113,0
DA:114,0
DA:115,0
DA:118,0
DA:121,0
DA:127,0
DA:130,0
DA:131,0
DA:132,0
DA:133,0
DA:136,0
DA:139,0
DA:145,0
DA:148,0
DA:150,0
DA:151,0
DA:160,0
DA:162,0
DA:163,0
DA:165,0
DA:167,0
DA:168,0
DA:171,0
DA:174,0
DA:175,0
DA:176,0
DA:179,0
DA:182,0
DA:188,0
DA:190,0
DA:191,0
DA:194,0
DA:195,0
DA:204,0
DA:206,0
DA:207,0
DA:209,0
DA:210,0
DA:211,0
DA:213,0
DA:214,0
DA:215,0
DA:216,0
DA:217,0
DA:218,0
DA:222,0
DA:223,0
DA:224,0
DA:225,0
DA:227,0
DA:231,0
DA:233,0
DA:234,0
DA:246,0
DA:247,0
DA:249,0
DA:250,0
DA:260,0
DA:261,0
DA:265,0
DA:267,0
DA:269,0
DA:270,0
DA:271,0
DA:272,0
DA:273,0
DA:276,0
DA:277,0
DA:280,0
DA:282,0
DA:284,0
DA:285,0
DA:287,0
DA:288,0
DA:290,0
DA:291,0
DA:293,0
DA:294,0
DA:295,0
DA:298,0
DA:299,0
DA:300,0
DA:301,0
DA:305,0
DA:308,0
DA:309,0
DA:321,0
DA:322,0
DA:326,0
DA:329,0
DA:330,0
DA:332,0
DA:333,0
DA:334,0
DA:338,0
DA:340,0
DA:342,0
DA:343,0
DA:346,0
DA:347,0
DA:349,0
DA:350,0
DA:351,0
DA:354,0
DA:361,0
DA:363,0
DA:364,0
DA:366,0
DA:368,0
DA:369,0
DA:370,0
DA:371,0
DA:372,0
DA:374,0
DA:376,0
DA:377,0
DA:378,0
DA:379,0
DA:383,0
DA:388,0
DA:389,0
DA:390,0
DA:396,0
DA:403,0
DA:404,0
DA:412,0
DA:416,0
DA:417,0
DA:421,0
DA:422,0
DA:423,0
DA:424,0
DA:425,0
DA:426,0
DA:427,0
DA:429,0
DA:430,0
DA:434,0
DA:435,0
DA:436,0
DA:439,0
DA:440,0
DA:444,0
DA:445,0
DA:449,0
DA:450,0
DA:454,0
DA:457,0
DA:459,0
DA:460,0
DA:461,0
DA:464,0
DA:465,0
DA:468,0
DA:469,0
DA:473,0
DA:476,0
DA:488,0
DA:490,0
DA:492,0
DA:493,0
DA:494,0
DA:496,0
DA:498,0
DA:501,0
DA:504,0
DA:516,0
DA:518,0
DA:519,0
DA:522,0
DA:523,0
DA:526,0
DA:527,0
DA:531,0
DA:534,0
DA:536,0
DA:537,0
DA:538,0
DA:541,0
DA:542,0
DA:543,0
DA:544,0
DA:548,0
DA:559,0
DA:561,0
DA:563,0
DA:565,0
DA:567,0
DA:578,0
DA:580,0
DA:582,0
DA:583,0
DA:586,0
DA:594,0
DA:597,0
DA:598,0
DA:602,0
DA:605,0
DA:606,0
DA:607,0
DA:609,0
DA:611,0
DA:621,0
DA:627,0
DA:628,0
DA:629,0
DA:632,0
DA:635,0
DA:636,0
DA:637,0
DA:638,0
DA:640,0
DA:644,0
DA:645,0
DA:646,0
DA:647,0
DA:649,0
DA:653,0
DA:654,0
DA:655,0
DA:656,0
DA:658,0
DA:663,0
DA:664,0
DA:665,0
DA:667,0
DA:670,0
DA:673,0
DA:674,0
DA:675,0
DA:677,0
DA:680,0
DA:683,0
DA:684,0
DA:685,0
DA:686,0
DA:689,0
DA:692,0
DA:695,0
DA:696,0
DA:697,0
DA:698,0
DA:701,0
DA:704,0
DA:707,0
DA:708,0
DA:709,0
DA:711,0
DA:712,0
LF:286
LH:10
BRDA:53,0,0,0
BRDA:53,0,1,3
BRDA:94,1,0,0
BRDA:94,1,1,0
BRDA:112,2,0,0
BRDA:112,2,1,0
BRDA:130,3,0,0
BRDA:130,3,1,0
BRDA:165,4,0,0
BRDA:165,4,1,0
BRDA:209,5,0,0
BRDA:209,5,1,0
BRDA:213,6,0,0
BRDA:213,6,1,0
BRDA:215,7,0,0
BRDA:215,7,1,0
BRDA:217,8,0,0
BRDA:217,8,1,0
BRDA:223,9,0,0
BRDA:223,9,1,0
BRDA:270,10,0,0
BRDA:270,10,1,0
BRDA:282,11,0,0
BRDA:282,11,1,0
BRDA:282,11,2,0
BRDA:282,11,3,0
BRDA:298,12,0,0
BRDA:298,12,1,0
BRDA:330,13,0,0
BRDA:330,13,1,0
BRDA:332,14,0,0
BRDA:332,14,1,0
BRDA:361,15,0,0
BRDA:361,15,1,0
BRDA:368,16,0,0
BRDA:368,16,1,0
BRDA:369,17,0,0
BRDA:369,17,1,0
BRDA:370,18,0,0
BRDA:370,18,1,0
BRDA:372,19,0,0
BRDA:372,19,1,0
BRDA:376,20,0,0
BRDA:376,20,1,0
BRDA:378,21,0,0
BRDA:378,21,1,0
BRDA:388,22,0,0
BRDA:388,22,1,0
BRDA:388,23,0,0
BRDA:388,23,1,0
BRDA:399,24,0,0
BRDA:399,24,1,0
BRDA:416,25,0,0
BRDA:416,25,1,0
BRDA:421,26,0,0
BRDA:421,26,1,0
BRDA:422,27,0,0
BRDA:422,27,1,0
BRDA:425,28,0,0
BRDA:425,28,1,0
BRDA:444,29,0,0
BRDA:444,29,1,0
BRDA:450,30,0,0
BRDA:450,30,1,0
BRDA:459,31,0,0
BRDA:459,31,1,0
BRDA:469,32,0,0
BRDA:469,32,1,0
BRDA:492,33,0,0
BRDA:492,33,1,0
BRDA:492,34,0,0
BRDA:492,34,1,0
BRDA:492,34,2,0
BRDA:515,35,0,0
BRDA:527,36,0,0
BRDA:527,36,1,0
BRDA:538,37,0,0
BRDA:538,37,1,0
BRDA:541,38,0,0
BRDA:541,38,1,0
BRDA:543,39,0,0
BRDA:543,39,1,0
BRDA:559,40,0,0
BRDA:559,40,1,0
BRDA:559,40,2,0
BRDA:559,40,3,0
BRDA:583,41,0,0
BRDA:583,41,1,0
BRDA:588,42,0,0
BRDA:588,42,1,0
BRDA:597,43,0,0
BRDA:597,43,1,0
BRDA:605,44,0,0
BRDA:605,44,1,0
BRDA:627,45,0,0
BRDA:627,45,1,0
BRDA:635,46,0,0
BRDA:635,46,1,0
BRDA:644,47,0,0
BRDA:644,47,1,0
BRDA:653,48,0,0
BRDA:653,48,1,0
BRDA:685,49,0,0
BRDA:685,49,1,0
BRDA:685,50,0,0
BRDA:685,50,1,0
BRDA:697,51,0,0
BRDA:697,51,1,0
BRDA:697,52,0,0
BRDA:697,52,1,0
BRF:110
BRH:1
end_of_record
TN:
SF:src/components/panels/capture/history-capture.js
FN:24,(anonymous_0)
FN:48,(anonymous_1)
FN:63,(anonymous_2)
FN:77,(anonymous_3)
FN:107,(anonymous_4)
FN:115,(anonymous_5)
FN:119,(anonymous_6)
FN:141,(anonymous_7)
FN:158,(anonymous_8)
FN:181,(anonymous_9)
FN:193,(anonymous_10)
FN:222,(anonymous_11)
FN:235,(anonymous_12)
FN:237,(anonymous_13)
FN:260,(anonymous_14)
FN:298,(anonymous_15)
FN:330,(anonymous_16)
FN:347,(anonymous_17)
FN:365,(anonymous_18)
FN:376,(anonymous_19)
FN:378,(anonymous_20)
FN:384,(anonymous_21)
FN:386,(anonymous_22)
FN:414,(anonymous_23)
FN:425,(anonymous_24)
FN:452,(anonymous_25)
FN:468,(anonymous_26)
FN:478,(anonymous_27)
FN:488,(anonymous_28)
FN:500,(anonymous_29)
FNF:30
FNH:0
FNDA:0,(anonymous_0)
FNDA:0,(anonymous_1)
FNDA:0,(anonymous_2)
FNDA:0,(anonymous_3)
FNDA:0,(anonymous_4)
FNDA:0,(anonymous_5)
FNDA:0,(anonymous_6)
FNDA:0,(anonymous_7)
FNDA:0,(anonymous_8)
FNDA:0,(anonymous_9)
FNDA:0,(anonymous_10)
FNDA:0,(anonymous_11)
FNDA:0,(anonymous_12)
FNDA:0,(anonymous_13)
FNDA:0,(anonymous_14)
FNDA:0,(anonymous_15)
FNDA:0,(anonymous_16)
FNDA:0,(anonymous_17)
FNDA:0,(anonymous_18)
FNDA:0,(anonymous_19)
FNDA:0,(anonymous_20)
FNDA:0,(anonymous_21)
FNDA:0,(anonymous_22)
FNDA:0,(anonymous_23)
FNDA:0,(anonymous_24)
FNDA:0,(anonymous_25)
FNDA:0,(anonymous_26)
FNDA:0,(anonymous_27)
FNDA:0,(anonymous_28)
FNDA:0,(anonymous_29)
DA:9,1
DA:26,0
DA:32,0
DA:34,0
DA:35,0
DA:36,0
DA:39,0
DA:40,0
DA:41,0
DA:42,0
DA:43,0
DA:45,0
DA:47,0
DA:48,0
DA:51,0
DA:52,0
DA:64,0
DA:65,0
DA:67,0
DA:68,0
DA:78,0
DA:80,0
DA:82,0
DA:83,0
DA:84,0
DA:87,0
DA:89,0
DA:91,0
DA:92,0
DA:94,0
DA:97,0
DA:104,0
DA:105,0
DA:106,0
DA:108,0
DA:109,0
DA:115,0
DA:117,0
DA:119,0
DA:120,0
DA:121,0
DA:127,0
DA:128,0
DA:129,0
DA:133,0
DA:136,0
DA:139,0
DA:140,0
DA:141,0
DA:142,0
DA:145,0
DA:148,0
DA:156,0
DA:157,0
DA:158,0
DA:159,0
DA:162,0
DA:165,0
DA:173,0
DA:175,0
DA:177,0
DA:178,0
DA:180,0
DA:181,0
DA:184,0
DA:194,0
DA:196,0
DA:199,0
DA:202,0
DA:205,0
DA:208,0
DA:211,0
DA:214,0
DA:223,0
DA:225,0
DA:227,0
DA:228,0
DA:229,0
DA:232,0
DA:235,0
DA:237,0
DA:238,0
DA:239,0
DA:240,0
DA:241,0
DA:244,0
DA:245,0
DA:246,0
DA:247,0
DA:249,0
DA:253,0
DA:254,0
DA:257,0
DA:258,0
DA:259,0
DA:261,0
DA:265,0
DA:267,0
DA:268,0
DA:271,0
DA:288,0
DA:299,0
DA:301,0
DA:302,0
DA:303,0
DA:304,0
DA:305,0
DA:308,0
DA:309,0
DA:313,0
DA:314,0
DA:318,0
DA:320,0
DA:321,0
DA:331,0
DA:333,0
DA:335,0
DA:336,0
DA:337,0
DA:340,0
DA:342,0
DA:343,0
DA:347,0
DA:348,0
DA:352,0
DA:353,0
DA:354,0
DA:357,0
DA:358,0
DA:366,0
DA:368,0
DA:369,0
DA:371,0
DA:372,0
DA:373,0
DA:376,0
DA:377,0
DA:378,0
DA:379,0
DA:381,0
DA:384,0
DA:385,0
DA:386,0
DA:387,0
DA:389,0
DA:392,0
DA:393,0
DA:396,0
DA:415,0
DA:420,0
DA:422,0
DA:423,0
DA:425,0
DA:426,0
DA:427,0
DA:429,0
DA:430,0
DA:431,0
DA:432,0
DA:434,0
DA:435,0
DA:444,0
DA:445,0
DA:454,0
DA:460,0
DA:461,0
DA:462,0
DA:465,0
DA:468,0
DA:469,0
DA:470,0
DA:472,0
DA:475,0
DA:478,0
DA:479,0
DA:480,0
DA:482,0
DA:485,0
DA:488,0
DA:489,0
DA:490,0
DA:491,0
DA:494,0
DA:497,0
DA:500,0
DA:501,0
DA:502,0
DA:503,0
DA:506,0
DA:509,0
DA:512,0
DA:513,0
DA:515,0
LF:193
LH:1
BRDA:34,0,0,0
BRDA:34,0,1,0
BRDA:82,1,0,0
BRDA:82,1,1,0
BRDA:91,2,0,0
BRDA:91,2,1,0
BRDA:109,3,0,0
BRDA:109,3,1,0
BRDA:109,3,2,0
BRDA:121,4,0,0
BRDA:121,4,1,0
BRDA:121,4,2,0
BRDA:127,5,0,0
BRDA:127,5,1,0
BRDA:140,6,0,0
BRDA:140,6,1,0
BRDA:157,7,0,0
BRDA:157,7,1,0
BRDA:196,8,0,0
BRDA:196,8,1,0
BRDA:196,8,2,0
BRDA:196,8,3,0
BRDA:196,8,4,0
BRDA:196,8,5,0
BRDA:227,9,0,0
BRDA:227,9,1,0
BRDA:261,10,0,0
BRDA:261,10,1,0
BRDA:268,11,0,0
BRDA:268,11,1,0
BRDA:279,12,0,0
BRDA:279,12,1,0
BRDA:299,13,0,0
BRDA:299,13,1,0
BRDA:308,14,0,0
BRDA:308,14,1,0
BRDA:313,15,0,0
BRDA:313,15,1,0
BRDA:335,16,0,0
BRDA:335,16,1,0
BRDA:340,17,0,0
BRDA:340,17,1,0
BRDA:348,18,0,0
BRDA:348,18,1,0
BRDA:352,19,0,0
BRDA:352,19,1,0
BRDA:371,20,0,0
BRDA:371,20,1,0
BRDA:371,21,0,0
BRDA:371,21,1,0
BRDA:427,22,0,0
BRDA:427,22,1,0
BRDA:432,23,0,0
BRDA:432,23,1,0
BRDA:434,24,0,0
BRDA:434,24,1,0
BRDA:460,25,0,0
BRDA:460,25,1,0
BRDA:490,26,0,0
BRDA:490,26,1,0
BRDA:490,27,0,0
BRDA:490,27,1,0
BRDA:502,28,0,0
BRDA:502,28,1,0
BRDA:502,29,0,0
BRDA:502,29,1,0
BRF:66
BRH:0
end_of_record
TN:
SF:src/components/panels/capture/tabs-capture.js
FN:14,initTabsCapture
FN:38,(anonymous_1)
FN:46,getService
FN:55,loadOpenTabs
FN:69,(anonymous_4)
FN:127,(anonymous_5)
FN:136,(anonymous_6)
FN:138,(anonymous_7)
FN:153,(anonymous_8)
FN:175,(anonymous_9)
FN:181,shouldShowTab
FN:194,createTabListItem
FN:234,updateWindowFilter
FN:247,(anonymous_13)
FN:255,setupTabsFilter
FN:267,(anonymous_15)
FN:280,(anonymous_16)
FN:297,setupAdvancedFilters
FN:312,(anonymous_18)
FN:361,(anonymous_19)
FN:365,(anonymous_20)
FN:388,toggleAdvancedFilters
FN:399,applyFilters
FN:412,(anonymous_23)
FN:455,(anonymous_24)
FN:457,(anonymous_25)
FN:480,resetFilters
FN:499,setupSearchAndFilter
FN:511,(anonymous_28)
FN:515,(anonymous_29)
FN:537,getSelectedTabs
FN:548,(anonymous_31)
FN:573,extractTabContent
FN:585,(anonymous_33)
FN:618,cleanup
FN:634,(anonymous_35)
FN:644,(anonymous_36)
FN:654,(anonymous_37)
FN:666,(anonymous_38)
FNF:39
FNH:0
FNDA:0,initTabsCapture
FNDA:0,(anonymous_1)
FNDA:0,getService
FNDA:0,loadOpenTabs
FNDA:0,(anonymous_4)
FNDA:0,(anonymous_5)
FNDA:0,(anonymous_6)
FNDA:0,(anonymous_7)
FNDA:0,(anonymous_8)
FNDA:0,(anonymous_9)
FNDA:0,shouldShowTab
FNDA:0,createTabListItem
FNDA:0,updateWindowFilter
FNDA:0,(anonymous_13)
FNDA:0,setupTabsFilter
FNDA:0,(anonymous_15)
FNDA:0,(anonymous_16)
FNDA:0,setupAdvancedFilters
FNDA:0,(anonymous_18)
FNDA:0,(anonymous_19)
FNDA:0,(anonymous_20)
FNDA:0,toggleAdvancedFilters
FNDA:0,applyFilters
FNDA:0,(anonymous_23)
FNDA:0,(anonymous_24)
FNDA:0,(anonymous_25)
FNDA:0,resetFilters
FNDA:0,setupSearchAndFilter
FNDA:0,(anonymous_28)
FNDA:0,(anonymous_29)
FNDA:0,getSelectedTabs
FNDA:0,(anonymous_31)
FNDA:0,extractTabContent
FNDA:0,(anonymous_33)
FNDA:0,cleanup
FNDA:0,(anonymous_35)
FNDA:0,(anonymous_36)
FNDA:0,(anonymous_37)
FNDA:0,(anonymous_38)
DA:6,1
DA:7,1
DA:8,1
DA:9,1
DA:10,1
DA:11,1
DA:12,1
DA:15,0
DA:21,0
DA:23,0
DA:24,0
DA:25,0
DA:28,0
DA:29,0
DA:31,0
DA:32,0
DA:33,0
DA:35,0
DA:37,0
DA:38,0
DA:41,0
DA:42,0
DA:47,0
DA:48,0
DA:50,0
DA:51,0
DA:56,0
DA:57,0
DA:59,0
DA:60,0
DA:61,0
DA:64,0
DA:66,0
DA:68,0
DA:69,0
DA:70,0
DA:73,0
DA:75,0
DA:76,0
DA:77,0
DA:81,0
DA:82,0
DA:85,0
DA:86,0
DA:87,0
DA:88,0
DA:89,0
DA:92,0
DA:94,0
DA:95,0
DA:96,0
DA:99,0
DA:100,0
DA:102,0
DA:103,0
DA:104,0
DA:105,0
DA:107,0
DA:108,0
DA:109,0
DA:111,0
DA:112,0
DA:115,0
DA:116,0
DA:117,0
DA:118,0
DA:120,0
DA:123,0
DA:124,0
DA:127,0
DA:128,0
DA:129,0
DA:132,0
DA:133,0
DA:136,0
DA:137,0
DA:138,0
DA:139,0
DA:143,0
DA:146,0
DA:153,0
DA:154,0
DA:155,0
DA:158,0
DA:161,0
DA:169,0
DA:171,0
DA:173,0
DA:174,0
DA:175,0
DA:177,0
DA:182,0
DA:183,0
DA:184,0
DA:186,0
DA:187,0
DA:188,0
DA:195,0
DA:196,0
DA:197,0
DA:198,0
DA:199,0
DA:201,0
DA:203,0
DA:204,0
DA:205,0
DA:206,0
DA:208,0
DA:209,0
DA:210,0
DA:211,0
DA:213,0
DA:214,0
DA:216,0
DA:217,0
DA:218,0
DA:220,0
DA:221,0
DA:222,0
DA:224,0
DA:225,0
DA:227,0
DA:228,0
DA:229,0
DA:231,0
DA:235,0
DA:236,0
DA:238,0
DA:239,0
DA:240,0
DA:244,0
DA:247,0
DA:248,0
DA:249,0
DA:250,0
DA:251,0
DA:256,0
DA:258,0
DA:259,0
DA:261,0
DA:262,0
DA:263,0
DA:267,0
DA:268,0
DA:271,0
DA:274,0
DA:280,0
DA:281,0
DA:284,0
DA:287,0
DA:294,0
DA:298,0
DA:301,0
DA:303,0
DA:304,0
DA:305,0
DA:308,0
DA:309,0
DA:310,0
DA:312,0
DA:313,0
DA:316,0
DA:319,0
DA:325,0
DA:328,0
DA:329,0
DA:330,0
DA:332,0
DA:354,0
DA:357,0
DA:358,0
DA:360,0
DA:361,0
DA:362,0
DA:365,0
DA:366,0
DA:369,0
DA:370,0
DA:373,0
DA:389,0
DA:391,0
DA:392,0
DA:393,0
DA:396,0
DA:400,0
DA:402,0
DA:403,0
DA:404,0
DA:405,0
DA:406,0
DA:409,0
DA:410,0
DA:412,0
DA:413,0
DA:414,0
DA:415,0
DA:417,0
DA:420,0
DA:421,0
DA:425,0
DA:426,0
DA:430,0
DA:431,0
DA:435,0
DA:436,0
DA:440,0
DA:441,0
DA:442,0
DA:443,0
DA:444,0
DA:445,0
DA:449,0
DA:450,0
DA:454,0
DA:455,0
DA:456,0
DA:457,0
DA:459,0
DA:463,0
DA:464,0
DA:466,0
DA:467,0
DA:468,0
DA:469,0
DA:470,0
DA:471,0
DA:473,0
DA:474,0
DA:477,0
DA:481,0
DA:483,0
DA:484,0
DA:485,0
DA:486,0
DA:487,0
DA:489,0
DA:490,0
DA:491,0
DA:492,0
DA:493,0
DA:495,0
DA:496,0
DA:500,0
DA:502,0
DA:503,0
DA:505,0
DA:506,0
DA:507,0
DA:511,0
DA:512,0
DA:515,0
DA:516,0
DA:519,0
DA:520,0
DA:523,0
DA:538,0
DA:543,0
DA:545,0
DA:546,0
DA:548,0
DA:549,0
DA:550,0
DA:552,0
DA:553,0
DA:554,0
DA:555,0
DA:556,0
DA:558,0
DA:559,0
DA:569,0
DA:570,0
DA:574,0
DA:579,0
DA:581,0
DA:583,0
DA:586,0
DA:601,0
DA:602,0
DA:605,0
DA:606,0
DA:608,0
DA:610,0
DA:620,0
DA:626,0
DA:627,0
DA:628,0
DA:631,0
DA:634,0
DA:635,0
DA:636,0
DA:638,0
DA:641,0
DA:644,0
DA:645,0
DA:646,0
DA:648,0
DA:651,0
DA:654,0
DA:655,0
DA:656,0
DA:657,0
DA:660,0
DA:663,0
DA:666,0
DA:667,0
DA:668,0
DA:669,0
DA:672,0
DA:675,0
DA:678,0
DA:679,0
DA:680,0
DA:682,0
LF:313
LH:7
BRDA:23,0,0,0
BRDA:23,0,1,0
BRDA:50,1,0,0
BRDA:50,1,1,0
BRDA:50,1,2,0
BRDA:59,2,0,0
BRDA:59,2,1,0
BRDA:75,3,0,0
BRDA:75,3,1,0
BRDA:88,4,0,0
BRDA:88,4,1,0
BRDA:92,5,0,0
BRDA:92,5,1,0
BRDA:154,6,0,0
BRDA:154,6,1,0
BRDA:155,7,0,0
BRDA:155,7,1,0
BRDA:186,8,0,0
BRDA:186,8,1,0
BRDA:186,8,2,0
BRDA:188,9,0,0
BRDA:188,9,1,0
BRDA:188,9,2,0
BRDA:201,10,0,0
BRDA:201,10,1,0
BRDA:218,11,0,0
BRDA:218,11,1,0
BRDA:238,12,0,0
BRDA:238,12,1,0
BRDA:261,13,0,0
BRDA:261,13,1,0
BRDA:261,14,0,0
BRDA:261,14,1,0
BRDA:303,15,0,0
BRDA:303,15,1,0
BRDA:360,16,0,0
BRDA:360,16,1,0
BRDA:360,17,0,0
BRDA:360,17,1,0
BRDA:391,18,0,0
BRDA:391,18,1,0
BRDA:396,19,0,0
BRDA:396,19,1,0
BRDA:402,20,0,0
BRDA:402,20,1,0
BRDA:403,21,0,0
BRDA:403,21,1,0
BRDA:404,22,0,0
BRDA:404,22,1,0
BRDA:405,23,0,0
BRDA:405,23,1,0
BRDA:406,24,0,0
BRDA:406,24,1,0
BRDA:414,25,0,0
BRDA:414,25,1,0
BRDA:420,26,0,0
BRDA:420,26,1,0
BRDA:420,27,0,0
BRDA:420,27,1,0
BRDA:425,28,0,0
BRDA:425,28,1,0
BRDA:425,29,0,0
BRDA:425,29,1,0
BRDA:425,29,2,0
BRDA:430,30,0,0
BRDA:430,30,1,0
BRDA:430,31,0,0
BRDA:430,31,1,0
BRDA:435,32,0,0
BRDA:435,32,1,0
BRDA:435,33,0,0
BRDA:435,33,1,0
BRDA:435,33,2,0
BRDA:440,34,0,0
BRDA:440,34,1,0
BRDA:440,35,0,0
BRDA:440,35,1,0
BRDA:442,36,0,0
BRDA:442,36,1,0
BRDA:442,37,0,0
BRDA:442,37,1,0
BRDA:444,38,0,0
BRDA:444,38,1,0
BRDA:444,39,0,0
BRDA:444,39,1,0
BRDA:449,40,0,0
BRDA:449,40,1,0
BRDA:450,41,0,0
BRDA:450,41,1,0
BRDA:459,42,0,0
BRDA:459,42,1,0
BRDA:466,43,0,0
BRDA:466,43,1,0
BRDA:466,44,0,0
BRDA:466,44,1,0
BRDA:467,45,0,0
BRDA:467,45,1,0
BRDA:473,46,0,0
BRDA:473,46,1,0
BRDA:489,47,0,0
BRDA:489,47,1,0
BRDA:490,48,0,0
BRDA:490,48,1,0
BRDA:491,49,0,0
BRDA:491,49,1,0
BRDA:492,50,0,0
BRDA:492,50,1,0
BRDA:493,51,0,0
BRDA:493,51,1,0
BRDA:505,52,0,0
BRDA:505,52,1,0
BRDA:505,53,0,0
BRDA:505,53,1,0
BRDA:550,54,0,0
BRDA:550,54,1,0
BRDA:556,55,0,0
BRDA:556,55,1,0
BRDA:558,56,0,0
BRDA:558,56,1,0
BRDA:590,57,0,0
BRDA:590,57,1,0
BRDA:591,58,0,0
BRDA:591,58,1,0
BRDA:592,59,0,0
BRDA:592,59,1,0
BRDA:593,60,0,0
BRDA:593,60,1,0
BRDA:594,61,0,0
BRDA:594,61,1,0
BRDA:595,62,0,0
BRDA:595,62,1,0
BRDA:601,63,0,0
BRDA:601,63,1,0
BRDA:601,64,0,0
BRDA:601,64,1,0
BRDA:601,64,2,0
BRDA:602,65,0,0
BRDA:602,65,1,0
BRDA:626,66,0,0
BRDA:626,66,1,0
BRDA:656,67,0,0
BRDA:656,67,1,0
BRDA:656,68,0,0
BRDA:656,68,1,0
BRDA:668,69,0,0
BRDA:668,69,1,0
BRDA:668,70,0,0
BRDA:668,70,1,0
BRF:148
BRH:0
end_of_record
TN:
SF:src/components/panels/debug/debug-panel.js
FN:4,(anonymous_0)
FN:6,(anonymous_1)
FN:11,(anonymous_2)
FN:16,(anonymous_3)
FN:20,(anonymous_4)
FN:44,(anonymous_5)
FN:49,(anonymous_6)
FN:59,formatMessage
FN:61,(anonymous_8)
FN:69,(anonymous_9)
FN:77,(anonymous_10)
FN:85,(anonymous_11)
FN:93,(anonymous_12)
FNF:13
FNH:0
FNDA:0,(anonymous_0)
FNDA:0,(anonymous_1)
FNDA:0,(anonymous_2)
FNDA:0,(anonymous_3)
FNDA:0,(anonymous_4)
FNDA:0,(anonymous_5)
FNDA:0,(anonymous_6)
FNDA:0,formatMessage
FNDA:0,(anonymous_8)
FNDA:0,(anonymous_9)
FNDA:0,(anonymous_10)
FNDA:0,(anonymous_11)
FNDA:0,(anonymous_12)
DA:4,0
DA:6,0
DA:7,0
DA:8,0
DA:11,0
DA:12,0
DA:13,0
DA:16,0
DA:17,0
DA:20,0
DA:21,0
DA:22,0
DA:25,0
DA:26,0
DA:27,0
DA:31,0
DA:37,0
DA:38,0
DA:39,0
DA:44,0
DA:45,0
DA:49,0
DA:50,0
DA:51,0
DA:60,0
DA:61,0
DA:62,0
DA:65,0
DA:69,0
DA:70,0
DA:71,0
DA:72,0
DA:73,0
DA:77,0
DA:78,0
DA:79,0
DA:80,0
DA:81,0
DA:85,0
DA:86,0
DA:87,0
DA:88,0
DA:89,0
DA:93,0
DA:94,0
DA:95,0
DA:96,0
DA:97,0
LF:48
LH:0
BRDA:25,0,0,0
BRDA:25,0,1,0
BRDA:38,1,0,0
BRDA:38,1,1,0
BRDA:62,2,0,0
BRDA:62,2,1,0
BRDA:71,3,0,0
BRDA:71,3,1,0
BRDA:79,4,0,0
BRDA:79,4,1,0
BRDA:87,5,0,0
BRDA:87,5,1,0
BRDA:95,6,0,0
BRDA:95,6,1,0
BRF:14
BRH:0
end_of_record
TN:
SF:src/components/panels/debug/navigation-debug.js
FN:4,initNavigationDebug
FN:6,(anonymous_1)
FN:20,(anonymous_2)
FN:28,(anonymous_3)
FN:47,updateDebugInfo
FN:55,(anonymous_5)
FN:74,(anonymous_6)
FNF:7
FNH:0
FNDA:0,initNavigationDebug
FNDA:0,(anonymous_1)
FNDA:0,(anonymous_2)
FNDA:0,(anonymous_3)
FNDA:0,updateDebugInfo
FNDA:0,(anonymous_5)
FNDA:0,(anonymous_6)
DA:6,0
DA:7,0
DA:8,0
DA:9,0
DA:10,0
DA:12,0
DA:13,0
DA:20,0
DA:21,0
DA:25,0
DA:28,0
DA:30,0
DA:32,0
DA:33,0
DA:37,0
DA:39,0
DA:48,0
DA:50,0
DA:51,0
DA:53,0
DA:54,0
DA:55,0
DA:56,0
DA:57,0
DA:58,0
DA:59,0
DA:64,0
DA:69,0
DA:70,0
DA:72,0
DA:73,0
DA:74,0
DA:75,0
DA:76,0
DA:77,0
DA:78,0
DA:83,0
DA:88,0
DA:89,0
DA:90,0
DA:91,0
DA:94,0
LF:42
LH:0
BRDA:7,0,0,0
BRDA:7,0,1,0
BRDA:7,1,0,0
BRDA:7,1,1,0
BRDA:7,1,2,0
BRDA:9,2,0,0
BRDA:9,2,1,0
BRDA:10,3,0,0
BRDA:10,3,1,0
BRDA:12,4,0,0
BRDA:12,4,1,0
BRDA:32,5,0,0
BRDA:32,5,1,0
BRDA:32,6,0,0
BRDA:32,6,1,0
BRDA:53,7,0,0
BRDA:53,7,1,0
BRDA:61,8,0,0
BRDA:61,8,1,0
BRDA:72,9,0,0
BRDA:72,9,1,0
BRDA:80,10,0,0
BRDA:80,10,1,0
BRDA:81,11,0,0
BRDA:81,11,1,0
BRDA:89,12,0,0
BRDA:89,12,1,0
BRDA:89,13,0,0
BRDA:89,13,1,0
BRDA:89,13,2,0
BRF:30
BRH:0
end_of_record
TN:
SF:src/components/panels/debug/recovery.js
FN:2,(anonymous_0)
FN:23,(anonymous_1)
FNF:2
FNH:0
FNDA:0,(anonymous_0)
FNDA:0,(anonymous_1)
DA:2,0
DA:3,0
DA:5,0
DA:6,0
DA:8,0
DA:11,0
DA:12,0
DA:13,0
DA:20,0
DA:23,0
DA:24,0
LF:11
LH:0
BRF:0
BRH:0
end_of_record
TN:
SF:src/components/panels/knowledge/knowledge-panel.js
FN:28,(anonymous_0)
FN:57,(anonymous_1)
FN:61,(anonymous_2)
FN:62,(anonymous_3)
FN:88,(anonymous_4)
FN:110,(anonymous_5)
FN:123,(anonymous_6)
FN:232,(anonymous_7)
FN:237,(anonymous_8)
FN:244,(anonymous_9)
FN:266,(anonymous_10)
FN:291,(anonymous_11)
FN:325,(anonymous_12)
FN:328,(anonymous_13)
FN:342,(anonymous_14)
FN:365,(anonymous_15)
FN:382,(anonymous_16)
FN:398,(anonymous_17)
FN:399,(anonymous_18)
FN:429,(anonymous_19)
FN:432,(anonymous_20)
FN:437,(anonymous_21)
FN:445,(anonymous_22)
FN:459,(anonymous_23)
FN:461,(anonymous_24)
FN:467,(anonymous_25)
FN:504,(anonymous_26)
FN:507,(anonymous_27)
FN:512,(anonymous_28)
FN:525,(anonymous_29)
FN:528,(anonymous_30)
FN:565,(anonymous_31)
FN:568,(anonymous_32)
FN:572,(anonymous_33)
FN:608,(anonymous_34)
FN:628,(anonymous_35)
FN:649,(anonymous_36)
FN:652,(anonymous_37)
FN:656,(anonymous_38)
FN:694,(anonymous_39)
FN:714,(anonymous_40)
FN:734,(anonymous_41)
FN:736,(anonymous_42)
FN:737,(anonymous_43)
FN:757,(anonymous_44)
FN:773,(anonymous_45)
FN:783,(anonymous_46)
FN:793,(anonymous_47)
FN:807,(anonymous_48)
FNF:49
FNH:0
FNDA:0,(anonymous_0)
FNDA:0,(anonymous_1)
FNDA:0,(anonymous_2)
FNDA:0,(anonymous_3)
FNDA:0,(anonymous_4)
FNDA:0,(anonymous_5)
FNDA:0,(anonymous_6)
FNDA:0,(anonymous_7)
FNDA:0,(anonymous_8)
FNDA:0,(anonymous_9)
FNDA:0,(anonymous_10)
FNDA:0,(anonymous_11)
FNDA:0,(anonymous_12)
FNDA:0,(anonymous_13)
FNDA:0,(anonymous_14)
FNDA:0,(anonymous_15)
FNDA:0,(anonymous_16)
FNDA:0,(anonymous_17)
FNDA:0,(anonymous_18)
FNDA:0,(anonymous_19)
FNDA:0,(anonymous_20)
FNDA:0,(anonymous_21)
FNDA:0,(anonymous_22)
FNDA:0,(anonymous_23)
FNDA:0,(anonymous_24)
FNDA:0,(anonymous_25)
FNDA:0,(anonymous_26)
FNDA:0,(anonymous_27)
FNDA:0,(anonymous_28)
FNDA:0,(anonymous_29)
FNDA:0,(anonymous_30)
FNDA:0,(anonymous_31)
FNDA:0,(anonymous_32)
FNDA:0,(anonymous_33)
FNDA:0,(anonymous_34)
FNDA:0,(anonymous_35)
FNDA:0,(anonymous_36)
FNDA:0,(anonymous_37)
FNDA:0,(anonymous_38)
FNDA:0,(anonymous_39)
FNDA:0,(anonymous_40)
FNDA:0,(anonymous_41)
FNDA:0,(anonymous_42)
FNDA:0,(anonymous_43)
FNDA:0,(anonymous_44)
FNDA:0,(anonymous_45)
FNDA:0,(anonymous_46)
FNDA:0,(anonymous_47)
FNDA:0,(anonymous_48)
DA:9,1
DA:30,0
DA:36,0
DA:38,0
DA:40,0
DA:41,0
DA:42,0
DA:46,0
DA:49,0
DA:50,0
DA:56,0
DA:57,0
DA:60,0
DA:61,0
DA:62,0
DA:66,0
DA:69,0
DA:72,0
DA:75,0
DA:78,0
DA:80,0
DA:81,0
DA:82,0
DA:84,0
DA:87,0
DA:88,0
DA:91,0
DA:93,0
DA:94,0
DA:95,0
DA:99,0
DA:111,0
DA:112,0
DA:114,0
DA:115,0
DA:124,0
DA:126,0
DA:127,0
DA:128,0
DA:129,0
DA:130,0
DA:134,0
DA:135,0
DA:136,0
DA:139,0
DA:140,0
DA:141,0
DA:215,0
DA:216,0
DA:218,0
DA:220,0
DA:223,0
DA:224,0
DA:233,0
DA:235,0
DA:237,0
DA:238,0
DA:242,0
DA:243,0
DA:244,0
DA:245,0
DA:246,0
DA:250,0
DA:253,0
DA:259,0
DA:261,0
DA:264,0
DA:265,0
DA:266,0
DA:267,0
DA:268,0
DA:271,0
DA:274,0
DA:280,0
DA:282,0
DA:286,0
DA:289,0
DA:290,0
DA:291,0
DA:292,0
DA:293,0
DA:294,0
DA:298,0
DA:301,0
DA:307,0
DA:309,0
DA:312,0
DA:314,0
DA:315,0
DA:327,0
DA:328,0
DA:331,0
DA:332,0
DA:333,0
DA:336,0
DA:338,0
DA:340,0
DA:341,0
DA:342,0
DA:343,0
DA:344,0
DA:345,0
DA:348,0
DA:349,0
DA:352,0
DA:355,0
DA:363,0
DA:364,0
DA:365,0
DA:366,0
DA:369,0
DA:372,0
DA:380,0
DA:381,0
DA:382,0
DA:383,0
DA:386,0
DA:389,0
DA:397,0
DA:398,0
DA:399,0
DA:400,0
DA:401,0
DA:402,0
DA:403,0
DA:405,0
DA:409,0
DA:412,0
DA:419,0
DA:421,0
DA:431,0
DA:432,0
DA:436,0
DA:437,0
DA:440,0
DA:442,0
DA:444,0
DA:445,0
DA:446,0
DA:449,0
DA:450,0
DA:452,0
DA:455,0
DA:458,0
DA:459,0
DA:460,0
DA:461,0
DA:466,0
DA:467,0
DA:468,0
DA:469,0
DA:470,0
DA:472,0
DA:473,0
DA:474,0
DA:479,0
DA:480,0
DA:481,0
DA:482,0
DA:483,0
DA:487,0
DA:488,0
DA:491,0
DA:493,0
DA:494,0
DA:506,0
DA:507,0
DA:511,0
DA:512,0
DA:515,0
DA:516,0
DA:517,0
DA:518,0
DA:521,0
DA:523,0
DA:525,0
DA:526,0
DA:529,0
DA:533,0
DA:536,0
DA:537,0
DA:538,0
DA:539,0
DA:540,0
DA:544,0
DA:545,0
DA:549,0
DA:550,0
DA:553,0
DA:554,0
DA:567,0
DA:568,0
DA:571,0
DA:572,0
DA:575,0
DA:576,0
DA:577,0
DA:578,0
DA:581,0
DA:583,0
DA:584,0
DA:586,0
DA:588,0
DA:595,0
DA:597,0
DA:602,0
DA:603,0
DA:604,0
DA:605,0
DA:608,0
DA:609,0
DA:610,0
DA:611,0
DA:614,0
DA:615,0
DA:619,0
DA:621,0
DA:624,0
DA:625,0
DA:626,0
DA:628,0
DA:629,0
DA:630,0
DA:633,0
DA:634,0
DA:638,0
DA:651,0
DA:652,0
DA:655,0
DA:656,0
DA:659,0
DA:660,0
DA:661,0
DA:662,0
DA:665,0
DA:667,0
DA:668,0
DA:670,0
DA:672,0
DA:674,0
DA:682,0
DA:683,0
DA:684,0
DA:685,0
DA:688,0
DA:689,0
DA:690,0
DA:691,0
DA:693,0
DA:694,0
DA:695,0
DA:696,0
DA:699,0
DA:700,0
DA:704,0
DA:707,0
DA:710,0
DA:711,0
DA:712,0
DA:714,0
DA:715,0
DA:716,0
DA:719,0
DA:720,0
DA:724,0
DA:736,0
DA:737,0
DA:738,0
DA:739,0
DA:740,0
DA:743,0
DA:744,0
DA:747,0
DA:748,0
DA:759,0
DA:765,0
DA:766,0
DA:767,0
DA:770,0
DA:773,0
DA:774,0
DA:775,0
DA:777,0
DA:780,0
DA:783,0
DA:784,0
DA:785,0
DA:787,0
DA:790,0
DA:793,0
DA:794,0
DA:795,0
DA:796,0
DA:799,0
DA:802,0
DA:807,0
DA:808,0
DA:809,0
DA:810,0
DA:813,0
DA:816,0
DA:818,0
DA:819,0
LF:303
LH:1
BRDA:40,0,0,0
BRDA:40,0,1,0
BRDA:62,1,0,0
BRDA:62,1,1,0
BRDA:94,2,0,0
BRDA:94,2,1,0
BRDA:128,3,0,0
BRDA:128,3,1,0
BRDA:134,4,0,0
BRDA:134,4,1,0
BRDA:243,5,0,0
BRDA:243,5,1,0
BRDA:245,6,0,0
BRDA:245,6,1,0
BRDA:265,7,0,0
BRDA:265,7,1,0
BRDA:267,8,0,0
BRDA:267,8,1,0
BRDA:290,9,0,0
BRDA:290,9,1,0
BRDA:293,10,0,0
BRDA:293,10,1,0
BRDA:331,11,0,0
BRDA:331,11,1,0
BRDA:331,12,0,0
BRDA:331,12,1,0
BRDA:341,13,0,0
BRDA:341,13,1,0
BRDA:343,14,0,0
BRDA:343,14,1,0
BRDA:364,15,0,0
BRDA:364,15,1,0
BRDA:381,16,0,0
BRDA:381,16,1,0
BRDA:402,17,0,0
BRDA:402,17,1,0
BRDA:437,18,0,0
BRDA:437,18,1,0
BRDA:452,19,0,0
BRDA:452,19,1,0
BRDA:452,20,0,0
BRDA:452,20,1,0
BRDA:458,21,0,0
BRDA:458,21,1,0
BRDA:460,22,0,0
BRDA:460,22,1,0
BRDA:466,23,0,0
BRDA:466,23,1,0
BRDA:466,24,0,0
BRDA:466,24,1,0
BRDA:469,25,0,0
BRDA:469,25,1,0
BRDA:470,26,0,0
BRDA:470,26,1,0
BRDA:472,27,0,0
BRDA:472,27,1,0
BRDA:472,28,0,0
BRDA:472,28,1,0
BRDA:473,29,0,0
BRDA:473,29,1,0
BRDA:473,30,0,0
BRDA:473,30,1,0
BRDA:479,31,0,0
BRDA:479,31,1,0
BRDA:481,32,0,0
BRDA:481,32,1,0
BRDA:512,33,0,0
BRDA:512,33,1,0
BRDA:515,34,0,0
BRDA:515,34,1,0
BRDA:515,35,0,0
BRDA:515,35,1,0
BRDA:526,36,0,0
BRDA:526,36,1,0
BRDA:526,36,2,0
BRDA:528,37,0,0
BRDA:528,37,1,0
BRDA:536,38,0,0
BRDA:536,38,1,0
BRDA:538,39,0,0
BRDA:538,39,1,0
BRDA:549,40,0,0
BRDA:549,40,1,0
BRDA:575,41,0,0
BRDA:575,41,1,0
BRDA:575,42,0,0
BRDA:575,42,1,0
BRDA:591,43,0,0
BRDA:591,43,1,0
BRDA:592,44,0,0
BRDA:592,44,1,0
BRDA:602,45,0,0
BRDA:602,45,1,0
BRDA:615,46,0,0
BRDA:615,46,1,0
BRDA:621,47,0,0
BRDA:621,47,1,0
BRDA:634,48,0,0
BRDA:634,48,1,0
BRDA:659,49,0,0
BRDA:659,49,1,0
BRDA:659,50,0,0
BRDA:659,50,1,0
BRDA:682,51,0,0
BRDA:682,51,1,0
BRDA:689,52,0,0
BRDA:689,52,1,0
BRDA:700,53,0,0
BRDA:700,53,1,0
BRDA:707,54,0,0
BRDA:707,54,1,0
BRDA:720,55,0,0
BRDA:720,55,1,0
BRDA:747,56,0,0
BRDA:747,56,1,0
BRDA:747,57,0,0
BRDA:747,57,1,0
BRDA:765,58,0,0
BRDA:765,58,1,0
BRDA:795,59,0,0
BRDA:795,59,1,0
BRDA:795,60,0,0
BRDA:795,60,1,0
BRDA:809,61,0,0
BRDA:809,61,1,0
BRDA:809,62,0,0
BRDA:809,62,1,0
BRDA:809,62,2,0
BRF:128
BRH:0
end_of_record
TN:
SF:src/components/panels/overview/overview-panel.js
FN:29,(anonymous_0)
FN:48,(anonymous_1)
FN:52,(anonymous_2)
FN:53,(anonymous_3)
FN:94,(anonymous_4)
FN:109,(anonymous_5)
FN:123,(anonymous_6)
FN:177,(anonymous_7)
FN:201,(anonymous_8)
FN:222,(anonymous_9)
FN:235,(anonymous_10)
FN:266,(anonymous_11)
FN:307,(anonymous_12)
FN:314,(anonymous_13)
FN:335,(anonymous_14)
FN:338,(anonymous_15)
FN:373,(anonymous_16)
FN:376,(anonymous_17)
FN:420,(anonymous_18)
FN:453,(anonymous_19)
FN:492,(anonymous_20)
FN:507,(anonymous_21)
FN:523,(anonymous_22)
FN:533,(anonymous_23)
FN:543,(anonymous_24)
FN:555,(anonymous_25)
FNF:26
FNH:0
FNDA:0,(anonymous_0)
FNDA:0,(anonymous_1)
FNDA:0,(anonymous_2)
FNDA:0,(anonymous_3)
FNDA:0,(anonymous_4)
FNDA:0,(anonymous_5)
FNDA:0,(anonymous_6)
FNDA:0,(anonymous_7)
FNDA:0,(anonymous_8)
FNDA:0,(anonymous_9)
FNDA:0,(anonymous_10)
FNDA:0,(anonymous_11)
FNDA:0,(anonymous_12)
FNDA:0,(anonymous_13)
FNDA:0,(anonymous_14)
FNDA:0,(anonymous_15)
FNDA:0,(anonymous_16)
FNDA:0,(anonymous_17)
FNDA:0,(anonymous_18)
FNDA:0,(anonymous_19)
FNDA:0,(anonymous_20)
FNDA:0,(anonymous_21)
FNDA:0,(anonymous_22)
FNDA:0,(anonymous_23)
FNDA:0,(anonymous_24)
FNDA:0,(anonymous_25)
DA:9,1
DA:31,0
DA:37,0
DA:39,0
DA:41,0
DA:42,0
DA:43,0
DA:47,0
DA:48,0
DA:51,0
DA:52,0
DA:53,0
DA:57,0
DA:62,0
DA:65,0
DA:66,0
DA:67,0
DA:71,0
DA:74,0
DA:77,0
DA:78,0
DA:81,0
DA:84,0
DA:86,0
DA:87,0
DA:88,0
DA:90,0
DA:93,0
DA:94,0
DA:97,0
DA:98,0
DA:110,0
DA:111,0
DA:113,0
DA:114,0
DA:124,0
DA:126,0
DA:128,0
DA:131,0
DA:138,0
DA:140,0
DA:145,0
DA:148,0
DA:154,0
DA:169,0
DA:178,0
DA:180,0
DA:182,0
DA:183,0
DA:184,0
DA:187,0
DA:188,0
DA:189,0
DA:191,0
DA:193,0
DA:202,0
DA:204,0
DA:206,0
DA:207,0
DA:208,0
DA:209,0
DA:213,0
DA:216,0
DA:217,0
DA:218,0
DA:222,0
DA:223,0
DA:224,0
DA:226,0
DA:235,0
DA:236,0
DA:237,0
DA:239,0
DA:243,0
DA:246,0
DA:252,0
DA:255,0
DA:257,0
DA:267,0
DA:269,0
DA:271,0
DA:272,0
DA:273,0
DA:274,0
DA:278,0
DA:286,0
DA:295,0
DA:296,0
DA:298,0
DA:308,0
DA:310,0
DA:312,0
DA:313,0
DA:314,0
DA:315,0
DA:318,0
DA:321,0
DA:327,0
DA:329,0
DA:333,0
DA:334,0
DA:335,0
DA:337,0
DA:340,0
DA:341,0
DA:342,0
DA:343,0
DA:345,0
DA:350,0
DA:351,0
DA:352,0
DA:356,0
DA:359,0
DA:365,0
DA:367,0
DA:371,0
DA:372,0
DA:373,0
DA:375,0
DA:378,0
DA:379,0
DA:380,0
DA:381,0
DA:383,0
DA:388,0
DA:389,0
DA:390,0
DA:394,0
DA:397,0
DA:403,0
DA:405,0
DA:408,0
DA:410,0
DA:421,0
DA:423,0
DA:425,0
DA:426,0
DA:427,0
DA:429,0
DA:430,0
DA:431,0
DA:434,0
DA:437,0
DA:438,0
DA:440,0
DA:441,0
DA:443,0
DA:444,0
DA:454,0
DA:456,0
DA:457,0
DA:460,0
DA:461,0
DA:465,0
DA:466,0
DA:467,0
DA:471,0
DA:472,0
DA:473,0
DA:477,0
DA:478,0
DA:479,0
DA:483,0
DA:484,0
DA:493,0
DA:495,0
DA:496,0
DA:497,0
DA:499,0
DA:509,0
DA:515,0
DA:516,0
DA:517,0
DA:520,0
DA:523,0
DA:524,0
DA:525,0
DA:527,0
DA:530,0
DA:533,0
DA:534,0
DA:535,0
DA:537,0
DA:540,0
DA:543,0
DA:544,0
DA:545,0
DA:546,0
DA:549,0
DA:552,0
DA:555,0
DA:556,0
DA:557,0
DA:558,0
DA:561,0
DA:564,0
DA:566,0
DA:567,0
LF:198
LH:1
BRDA:41,0,0,0
BRDA:41,0,1,0
BRDA:53,1,0,0
BRDA:53,1,1,0
BRDA:66,2,0,0
BRDA:66,2,1,0
BRDA:132,3,0,0
BRDA:132,3,1,0
BRDA:133,4,0,0
BRDA:133,4,1,0
BRDA:134,5,0,0
BRDA:134,5,1,0
BRDA:138,6,0,0
BRDA:138,6,1,0
BRDA:187,7,0,0
BRDA:187,7,1,0
BRDA:188,8,0,0
BRDA:188,8,1,0
BRDA:189,9,0,0
BRDA:189,9,1,0
BRDA:207,10,0,0
BRDA:207,10,1,0
BRDA:216,11,0,0
BRDA:216,11,1,0
BRDA:227,12,0,0
BRDA:227,12,1,0
BRDA:230,13,0,0
BRDA:230,13,1,0
BRDA:272,14,0,0
BRDA:272,14,1,0
BRDA:313,15,0,0
BRDA:313,15,1,0
BRDA:334,16,0,0
BRDA:334,16,1,0
BRDA:341,17,0,0
BRDA:341,17,1,0
BRDA:350,18,0,0
BRDA:350,18,1,0
BRDA:350,19,0,0
BRDA:350,19,1,0
BRDA:372,20,0,0
BRDA:372,20,1,0
BRDA:379,21,0,0
BRDA:379,21,1,0
BRDA:388,22,0,0
BRDA:388,22,1,0
BRDA:388,23,0,0
BRDA:388,23,1,0
BRDA:429,24,0,0
BRDA:429,24,1,0
BRDA:430,25,0,0
BRDA:430,25,1,0
BRDA:431,26,0,0
BRDA:431,26,1,0
BRDA:454,27,0,0
BRDA:454,27,1,0
BRDA:460,28,0,0
BRDA:460,28,1,0
BRDA:465,29,0,0
BRDA:465,29,1,0
BRDA:467,30,0,0
BRDA:467,30,1,0
BRDA:471,31,0,0
BRDA:471,31,1,0
BRDA:473,32,0,0
BRDA:473,32,1,0
BRDA:477,33,0,0
BRDA:477,33,1,0
BRDA:479,34,0,0
BRDA:479,34,1,0
BRDA:493,35,0,0
BRDA:493,35,1,0
BRDA:515,36,0,0
BRDA:515,36,1,0
BRDA:545,37,0,0
BRDA:545,37,1,0
BRDA:545,38,0,0
BRDA:545,38,1,0
BRDA:557,39,0,0
BRDA:557,39,1,0
BRDA:557,40,0,0
BRDA:557,40,1,0
BRDA:557,40,2,0
BRF:83
BRH:0
end_of_record
TN:
SF:src/components/panels/settings/settings-panel.js
FN:21,(anonymous_0)
FN:40,(anonymous_1)
FN:44,(anonymous_2)
FN:49,(anonymous_3)
FN:76,(anonymous_4)
FN:98,(anonymous_5)
FN:124,(anonymous_6)
FN:138,(anonymous_7)
FN:180,(anonymous_8)
FN:208,(anonymous_9)
FN:257,(anonymous_10)
FN:272,(anonymous_11)
FN:296,(anonymous_12)
FN:321,(anonymous_13)
FN:330,(anonymous_14)
FN:396,(anonymous_15)
FN:405,(anonymous_16)
FN:476,(anonymous_17)
FN:481,(anonymous_18)
FN:482,(anonymous_19)
FN:491,(anonymous_20)
FN:500,(anonymous_21)
FN:550,(anonymous_22)
FN:557,(anonymous_23)
FN:575,(anonymous_24)
FN:593,(anonymous_25)
FN:609,(anonymous_26)
FN:634,(anonymous_27)
FN:695,(anonymous_28)
FN:713,(anonymous_29)
FN:762,(anonymous_30)
FN:808,(anonymous_31)
FN:834,(anonymous_32)
FN:847,(anonymous_33)
FN:861,(anonymous_34)
FN:899,(anonymous_35)
FN:920,(anonymous_36)
FN:953,(anonymous_37)
FN:966,(anonymous_38)
FN:1015,(anonymous_39)
FN:1022,(anonymous_40)
FN:1065,(anonymous_41)
FN:1081,(anonymous_42)
FN:1097,(anonymous_43)
FN:1107,(anonymous_44)
FN:1117,(anonymous_45)
FN:1129,(anonymous_46)
FNF:47
FNH:0
FNDA:0,(anonymous_0)
FNDA:0,(anonymous_1)
FNDA:0,(anonymous_2)
FNDA:0,(anonymous_3)
FNDA:0,(anonymous_4)
FNDA:0,(anonymous_5)
FNDA:0,(anonymous_6)
FNDA:0,(anonymous_7)
FNDA:0,(anonymous_8)
FNDA:0,(anonymous_9)
FNDA:0,(anonymous_10)
FNDA:0,(anonymous_11)
FNDA:0,(anonymous_12)
FNDA:0,(anonymous_13)
FNDA:0,(anonymous_14)
FNDA:0,(anonymous_15)
FNDA:0,(anonymous_16)
FNDA:0,(anonymous_17)
FNDA:0,(anonymous_18)
FNDA:0,(anonymous_19)
FNDA:0,(anonymous_20)
FNDA:0,(anonymous_21)
FNDA:0,(anonymous_22)
FNDA:0,(anonymous_23)
FNDA:0,(anonymous_24)
FNDA:0,(anonymous_25)
FNDA:0,(anonymous_26)
FNDA:0,(anonymous_27)
FNDA:0,(anonymous_28)
FNDA:0,(anonymous_29)
FNDA:0,(anonymous_30)
FNDA:0,(anonymous_31)
FNDA:0,(anonymous_32)
FNDA:0,(anonymous_33)
FNDA:0,(anonymous_34)
FNDA:0,(anonymous_35)
FNDA:0,(anonymous_36)
FNDA:0,(anonymous_37)
FNDA:0,(anonymous_38)
FNDA:0,(anonymous_39)
FNDA:0,(anonymous_40)
FNDA:0,(anonymous_41)
FNDA:0,(anonymous_42)
FNDA:0,(anonymous_43)
FNDA:0,(anonymous_44)
FNDA:0,(anonymous_45)
FNDA:0,(anonymous_46)
DA:9,1
DA:23,0
DA:29,0
DA:31,0
DA:33,0
DA:34,0
DA:35,0
DA:39,0
DA:40,0
DA:43,0
DA:45,0
DA:46,0
DA:47,0
DA:48,0
DA:49,0
DA:50,0
DA:57,0
DA:60,0
DA:63,0
DA:66,0
DA:68,0
DA:69,0
DA:70,0
DA:72,0
DA:75,0
DA:76,0
DA:79,0
DA:82,0
DA:83,0
DA:84,0
DA:85,0
DA:86,0
DA:92,0
DA:93,0
DA:96,0
DA:97,0
DA:98,0
DA:99,0
DA:102,0
DA:105,0
DA:113,0
DA:125,0
DA:126,0
DA:128,0
DA:129,0
DA:139,0
DA:141,0
DA:143,0
DA:149,0
DA:150,0
DA:151,0
DA:153,0
DA:160,0
DA:163,0
DA:166,0
DA:168,0
DA:170,0
DA:171,0
DA:181,0
DA:183,0
DA:184,0
DA:185,0
DA:186,0
DA:187,0
DA:188,0
DA:189,0
DA:193,0
DA:194,0
DA:195,0
DA:196,0
DA:199,0
DA:209,0
DA:211,0
DA:213,0
DA:214,0
DA:215,0
DA:216,0
DA:218,0
DA:222,0
DA:223,0
DA:224,0
DA:225,0
DA:226,0
DA:227,0
DA:231,0
DA:232,0
DA:233,0
DA:234,0
DA:235,0
DA:236,0
DA:240,0
DA:241,0
DA:242,0
DA:243,0
DA:244,0
DA:245,0
DA:248,0
DA:258,0
DA:260,0
DA:261,0
DA:264,0
DA:273,0
DA:275,0
DA:277,0
DA:278,0
DA:280,0
DA:281,0
DA:283,0
DA:286,0
DA:297,0
DA:299,0
DA:301,0
DA:304,0
DA:307,0
DA:309,0
DA:311,0
DA:322,0
DA:324,0
DA:325,0
DA:326,0
DA:327,0
DA:330,0
DA:331,0
DA:333,0
DA:335,0
DA:336,0
DA:337,0
DA:340,0
DA:341,0
DA:345,0
DA:346,0
DA:348,0
DA:352,0
DA:355,0
DA:356,0
DA:359,0
DA:362,0
DA:365,0
DA:370,0
DA:371,0
DA:373,0
DA:375,0
DA:376,0
DA:380,0
DA:383,0
DA:397,0
DA:399,0
DA:400,0
DA:401,0
DA:402,0
DA:405,0
DA:406,0
DA:408,0
DA:410,0
DA:412,0
DA:415,0
DA:416,0
DA:417,0
DA:418,0
DA:419,0
DA:420,0
DA:425,0
DA:426,0
DA:429,0
DA:430,0
DA:433,0
DA:440,0
DA:443,0
DA:446,0
DA:451,0
DA:452,0
DA:454,0
DA:456,0
DA:457,0
DA:461,0
DA:464,0
DA:477,0
DA:479,0
DA:481,0
DA:482,0
DA:492,0
DA:494,0
DA:495,0
DA:496,0
DA:497,0
DA:500,0
DA:501,0
DA:503,0
DA:505,0
DA:507,0
DA:510,0
DA:514,0
DA:517,0
DA:520,0
DA:525,0
DA:526,0
DA:528,0
DA:530,0
DA:531,0
DA:535,0
DA:538,0
DA:551,0
DA:553,0
DA:555,0
DA:556,0
DA:557,0
DA:558,0
DA:561,0
DA:567,0
DA:569,0
DA:573,0
DA:574,0
DA:575,0
DA:576,0
DA:579,0
DA:585,0
DA:587,0
DA:591,0
DA:592,0
DA:593,0
DA:594,0
DA:597,0
DA:603,0
DA:607,0
DA:608,0
DA:609,0
DA:610,0
DA:613,0
DA:619,0
DA:622,0
DA:624,0
DA:635,0
DA:637,0
DA:638,0
DA:640,0
DA:641,0
DA:642,0
DA:646,0
DA:647,0
DA:648,0
DA:649,0
DA:651,0
DA:653,0
DA:654,0
DA:655,0
DA:658,0
DA:661,0
DA:670,0
DA:671,0
DA:672,0
DA:674,0
DA:675,0
DA:676,0
DA:678,0
DA:679,0
DA:681,0
DA:684,0
DA:686,0
DA:687,0
DA:688,0
DA:691,0
DA:692,0
DA:695,0
DA:696,0
DA:697,0
DA:698,0
DA:703,0
DA:714,0
DA:717,0
DA:718,0
DA:719,0
DA:722,0
DA:723,0
DA:724,0
DA:727,0
DA:737,0
DA:739,0
DA:740,0
DA:743,0
DA:746,0
DA:748,0
DA:749,0
DA:752,0
DA:763,0
DA:765,0
DA:766,0
DA:769,0
DA:778,0
DA:779,0
DA:783,0
DA:790,0
DA:793,0
DA:794,0
DA:795,0
DA:798,0
DA:799,0
DA:800,0
DA:801,0
DA:802,0
DA:805,0
DA:808,0
DA:809,0
DA:810,0
DA:811,0
DA:813,0
DA:818,0
DA:820,0
DA:821,0
DA:823,0
DA:824,0
DA:835,0
DA:837,0
DA:839,0
DA:840,0
DA:841,0
DA:844,0
DA:847,0
DA:848,0
DA:849,0
DA:850,0
DA:851,0
DA:852,0
DA:855,0
DA:856,0
DA:859,0
DA:861,0
DA:862,0
DA:863,0
DA:866,0
DA:867,0
DA:871,0
DA:872,0
DA:873,0
DA:876,0
DA:877,0
DA:880,0
DA:883,0
DA:890,0
DA:895,0
DA:896,0
DA:899,0
DA:900,0
DA:904,0
DA:906,0
DA:907,0
DA:911,0
DA:914,0
DA:920,0
DA:921,0
DA:922,0
DA:925,0
DA:927,0
DA:928,0
DA:932,0
DA:935,0
DA:942,0
DA:944,0
DA:945,0
DA:954,0
DA:956,0
DA:958,0
DA:959,0
DA:961,0
DA:962,0
DA:963,0
DA:966,0
DA:967,0
DA:968,0
DA:969,0
DA:971,0
DA:972,0
DA:976,0
DA:981,0
DA:985,0
DA:988,0
DA:989,0
DA:992,0
DA:1005,0
DA:1007,0
DA:1016,0
DA:1021,0
DA:1022,0
DA:1025,0
DA:1028,0
DA:1029,0
DA:1030,0
DA:1033,0
DA:1034,0
DA:1037,0
DA:1053,0
DA:1056,0
DA:1061,0
DA:1062,0
DA:1065,0
DA:1066,0
DA:1070,0
DA:1072,0
DA:1073,0
DA:1083,0
DA:1089,0
DA:1090,0
DA:1091,0
DA:1094,0
DA:1097,0
DA:1098,0
DA:1099,0
DA:1101,0
DA:1104,0
DA:1107,0
DA:1108,0
DA:1109,0
DA:1111,0
DA:1114,0
DA:1117,0
DA:1118,0
DA:1119,0
DA:1120,0
DA:1123,0
DA:1126,0
DA:1129,0
DA:1130,0
DA:1131,0
DA:1132,0
DA:1135,0
DA:1138,0
DA:1140,0
DA:1141,0
LF:427
LH:1
BRDA:33,0,0,0
BRDA:33,0,1,0
BRDA:47,1,0,0
BRDA:47,1,1,0
BRDA:83,2,0,0
BRDA:83,2,1,0
BRDA:97,3,0,0
BRDA:97,3,1,0
BRDA:149,4,0,0
BRDA:149,4,1,0
BRDA:150,5,0,0
BRDA:150,5,1,0
BRDA:151,6,0,0
BRDA:151,6,1,0
BRDA:185,7,0,0
BRDA:185,7,1,0
BRDA:185,8,0,0
BRDA:185,8,1,0
BRDA:188,9,0,0
BRDA:188,9,1,0
BRDA:194,10,0,0
BRDA:194,10,1,0
BRDA:194,11,0,0
BRDA:194,11,1,0
BRDA:214,12,0,0
BRDA:214,12,1,0
BRDA:223,13,0,0
BRDA:223,13,1,0
BRDA:223,14,0,0
BRDA:223,14,1,0
BRDA:226,15,0,0
BRDA:226,15,1,0
BRDA:232,16,0,0
BRDA:232,16,1,0
BRDA:232,17,0,0
BRDA:232,17,1,0
BRDA:235,18,0,0
BRDA:235,18,1,0
BRDA:241,19,0,0
BRDA:241,19,1,0
BRDA:241,20,0,0
BRDA:241,20,1,0
BRDA:244,21,0,0
BRDA:244,21,1,0
BRDA:258,22,0,0
BRDA:258,22,1,0
BRDA:260,23,0,0
BRDA:260,23,1,0
BRDA:278,24,0,0
BRDA:278,24,1,0
BRDA:325,25,0,0
BRDA:325,25,1,0
BRDA:336,26,0,0
BRDA:336,26,1,0
BRDA:340,27,0,0
BRDA:340,27,1,0
BRDA:355,28,0,0
BRDA:355,28,1,0
BRDA:400,29,0,0
BRDA:400,29,1,0
BRDA:412,30,0,0
BRDA:412,30,1,0
BRDA:417,31,0,0
BRDA:417,31,1,0
BRDA:419,32,0,0
BRDA:419,32,1,0
BRDA:419,33,0,0
BRDA:419,33,1,0
BRDA:425,34,0,0
BRDA:425,34,1,0
BRDA:426,35,0,0
BRDA:426,35,1,0
BRDA:477,36,0,0
BRDA:477,36,1,0
BRDA:495,37,0,0
BRDA:495,37,1,0
BRDA:507,38,0,0
BRDA:507,38,1,0
BRDA:556,39,0,0
BRDA:556,39,1,0
BRDA:574,40,0,0
BRDA:574,40,1,0
BRDA:592,41,0,0
BRDA:592,41,1,0
BRDA:608,42,0,0
BRDA:608,42,1,0
BRDA:640,43,0,0
BRDA:640,43,1,0
BRDA:640,44,0,0
BRDA:640,44,1,0
BRDA:654,45,0,0
BRDA:654,45,1,0
BRDA:670,46,0,0
BRDA:670,46,1,0
BRDA:696,47,0,0
BRDA:696,47,1,0
BRDA:717,48,0,0
BRDA:717,48,1,0
BRDA:778,49,0,0
BRDA:778,49,1,0
BRDA:778,50,0,0
BRDA:778,50,1,0
BRDA:850,51,0,0
BRDA:850,51,1,0
BRDA:866,52,0,0
BRDA:866,52,1,0
BRDA:866,53,0,0
BRDA:866,53,1,0
BRDA:871,54,0,0
BRDA:871,54,1,0
BRDA:961,55,0,0
BRDA:961,55,1,0
BRDA:961,56,0,0
BRDA:961,56,1,0
BRDA:967,57,0,0
BRDA:967,57,1,0
BRDA:981,58,0,0
BRDA:981,58,1,0
BRDA:1028,59,0,0
BRDA:1028,59,1,0
BRDA:1089,60,0,0
BRDA:1089,60,1,0
BRDA:1119,61,0,0
BRDA:1119,61,1,0
BRDA:1119,62,0,0
BRDA:1119,62,1,0
BRDA:1131,63,0,0
BRDA:1131,63,1,0
BRDA:1131,64,0,0
BRDA:1131,64,1,0
BRDA:1131,64,2,0
BRF:131
BRH:0
end_of_record
TN:
SF:src/components/panels/tasks/tasks-panel.js
FN:25,(anonymous_0)
FN:44,(anonymous_1)
FN:65,(anonymous_2)
FN:80,(anonymous_3)
FN:93,(anonymous_4)
FN:100,(anonymous_5)
FN:118,(anonymous_6)
FN:136,(anonymous_7)
FN:163,(anonymous_8)
FN:165,(anonymous_9)
FN:195,(anonymous_10)
FN:201,(anonymous_11)
FN:237,(anonymous_12)
FN:263,(anonymous_13)
FN:265,(anonymous_14)
FN:285,(anonymous_15)
FN:302,(anonymous_16)
FN:321,(anonymous_17)
FN:359,(anonymous_18)
FN:384,(anonymous_19)
FN:402,(anonymous_20)
FN:408,(anonymous_21)
FN:427,(anonymous_22)
FN:471,(anonymous_23)
FN:488,(anonymous_24)
FN:514,(anonymous_25)
FN:533,(anonymous_26)
FN:566,(anonymous_27)
FN:577,(anonymous_28)
FN:579,(anonymous_29)
FN:601,(anonymous_30)
FN:627,(anonymous_31)
FN:629,(anonymous_32)
FN:651,(anonymous_33)
FN:680,(anonymous_34)
FN:691,(anonymous_35)
FN:708,(anonymous_36)
FN:720,(anonymous_37)
FN:722,(anonymous_38)
FN:799,(anonymous_39)
FN:801,(anonymous_40)
FN:842,(anonymous_41)
FN:849,(anonymous_42)
FN:861,(anonymous_43)
FN:901,(anonymous_44)
FN:934,(anonymous_45)
FN:937,(anonymous_46)
FN:945,(anonymous_47)
FN:948,(anonymous_48)
FN:955,(anonymous_49)
FN:963,(anonymous_50)
FN:971,(anonymous_51)
FN:987,(anonymous_52)
FN:997,(anonymous_53)
FN:1007,(anonymous_54)
FN:1019,(anonymous_55)
FNF:56
FNH:0
FNDA:0,(anonymous_0)
FNDA:0,(anonymous_1)
FNDA:0,(anonymous_2)
FNDA:0,(anonymous_3)
FNDA:0,(anonymous_4)
FNDA:0,(anonymous_5)
FNDA:0,(anonymous_6)
FNDA:0,(anonymous_7)
FNDA:0,(anonymous_8)
FNDA:0,(anonymous_9)
FNDA:0,(anonymous_10)
FNDA:0,(anonymous_11)
FNDA:0,(anonymous_12)
FNDA:0,(anonymous_13)
FNDA:0,(anonymous_14)
FNDA:0,(anonymous_15)
FNDA:0,(anonymous_16)
FNDA:0,(anonymous_17)
FNDA:0,(anonymous_18)
FNDA:0,(anonymous_19)
FNDA:0,(anonymous_20)
FNDA:0,(anonymous_21)
FNDA:0,(anonymous_22)
FNDA:0,(anonymous_23)
FNDA:0,(anonymous_24)
FNDA:0,(anonymous_25)
FNDA:0,(anonymous_26)
FNDA:0,(anonymous_27)
FNDA:0,(anonymous_28)
FNDA:0,(anonymous_29)
FNDA:0,(anonymous_30)
FNDA:0,(anonymous_31)
FNDA:0,(anonymous_32)
FNDA:0,(anonymous_33)
FNDA:0,(anonymous_34)
FNDA:0,(anonymous_35)
FNDA:0,(anonymous_36)
FNDA:0,(anonymous_37)
FNDA:0,(anonymous_38)
FNDA:0,(anonymous_39)
FNDA:0,(anonymous_40)
FNDA:0,(anonymous_41)
FNDA:0,(anonymous_42)
FNDA:0,(anonymous_43)
FNDA:0,(anonymous_44)
FNDA:0,(anonymous_45)
FNDA:0,(anonymous_46)
FNDA:0,(anonymous_47)
FNDA:0,(anonymous_48)
FNDA:0,(anonymous_49)
FNDA:0,(anonymous_50)
FNDA:0,(anonymous_51)
FNDA:0,(anonymous_52)
FNDA:0,(anonymous_53)
FNDA:0,(anonymous_54)
FNDA:0,(anonymous_55)
DA:9,1
DA:27,0
DA:33,0
DA:35,0
DA:37,0
DA:38,0
DA:39,0
DA:43,0
DA:44,0
DA:48,0
DA:49,0
DA:52,0
DA:55,0
DA:57,0
DA:58,0
DA:59,0
DA:61,0
DA:64,0
DA:65,0
DA:68,0
DA:69,0
DA:81,0
DA:82,0
DA:84,0
DA:85,0
DA:94,0
DA:96,0
DA:98,0
DA:99,0
DA:100,0
DA:101,0
DA:104,0
DA:110,0
DA:112,0
DA:116,0
DA:117,0
DA:118,0
DA:119,0
DA:122,0
DA:128,0
DA:130,0
DA:134,0
DA:135,0
DA:136,0
DA:137,0
DA:140,0
DA:146,0
DA:148,0
DA:151,0
DA:153,0
DA:154,0
DA:164,0
DA:165,0
DA:168,0
DA:171,0
DA:172,0
DA:175,0
DA:176,0
DA:179,0
DA:180,0
DA:183,0
DA:185,0
DA:187,0
DA:188,0
DA:191,0
DA:192,0
DA:195,0
DA:196,0
DA:201,0
DA:202,0
DA:206,0
DA:209,0
DA:210,0
DA:213,0
DA:215,0
DA:217,0
DA:220,0
DA:221,0
DA:224,0
DA:225,0
DA:228,0
DA:229,0
DA:238,0
DA:240,0
DA:241,0
DA:242,0
DA:244,0
DA:245,0
DA:248,0
DA:249,0
DA:252,0
DA:254,0
DA:264,0
DA:265,0
DA:268,0
DA:270,0
DA:272,0
DA:273,0
DA:274,0
DA:276,0
DA:277,0
DA:286,0
DA:288,0
DA:289,0
DA:290,0
DA:291,0
DA:292,0
DA:295,0
DA:296,0
DA:297,0
DA:300,0
DA:302,0
DA:303,0
DA:304,0
DA:305,0
DA:307,0
DA:311,0
DA:322,0
DA:324,0
DA:325,0
DA:326,0
DA:327,0
DA:330,0
DA:331,0
DA:334,0
DA:335,0
DA:338,0
DA:357,0
DA:358,0
DA:359,0
DA:360,0
DA:363,0
DA:366,0
DA:373,0
DA:375,0
DA:376,0
DA:385,0
DA:387,0
DA:388,0
DA:389,0
DA:390,0
DA:391,0
DA:394,0
DA:395,0
DA:396,0
DA:399,0
DA:402,0
DA:403,0
DA:404,0
DA:405,0
DA:408,0
DA:409,0
DA:410,0
DA:411,0
DA:413,0
DA:417,0
DA:428,0
DA:430,0
DA:431,0
DA:432,0
DA:433,0
DA:436,0
DA:437,0
DA:439,0
DA:443,0
DA:444,0
DA:446,0
DA:468,0
DA:469,0
DA:470,0
DA:471,0
DA:472,0
DA:475,0
DA:478,0
DA:486,0
DA:487,0
DA:488,0
DA:489,0
DA:492,0
DA:495,0
DA:502,0
DA:504,0
DA:505,0
DA:515,0
DA:517,0
DA:525,0
DA:534,0
DA:535,0
DA:538,0
DA:539,0
DA:540,0
DA:542,0
DA:543,0
DA:546,0
DA:547,0
DA:548,0
DA:551,0
DA:552,0
DA:553,0
DA:556,0
DA:557,0
DA:567,0
DA:568,0
DA:578,0
DA:579,0
DA:582,0
DA:583,0
DA:584,0
DA:587,0
DA:588,0
DA:590,0
DA:591,0
DA:593,0
DA:594,0
DA:597,0
DA:599,0
DA:601,0
DA:602,0
DA:605,0
DA:608,0
DA:609,0
DA:610,0
DA:612,0
DA:615,0
DA:616,0
DA:617,0
DA:628,0
DA:629,0
DA:632,0
DA:633,0
DA:634,0
DA:637,0
DA:638,0
DA:640,0
DA:641,0
DA:643,0
DA:644,0
DA:647,0
DA:649,0
DA:651,0
DA:652,0
DA:655,0
DA:658,0
DA:661,0
DA:662,0
DA:663,0
DA:665,0
DA:668,0
DA:669,0
DA:670,0
DA:681,0
DA:682,0
DA:683,0
DA:686,0
DA:688,0
DA:690,0
DA:691,0
DA:693,0
DA:694,0
DA:698,0
DA:701,0
DA:703,0
DA:704,0
DA:706,0
DA:707,0
DA:708,0
DA:710,0
DA:711,0
DA:721,0
DA:722,0
DA:725,0
DA:726,0
DA:727,0
DA:728,0
DA:731,0
DA:734,0
DA:735,0
DA:736,0
DA:739,0
DA:740,0
DA:742,0
DA:743,0
DA:745,0
DA:746,0
DA:750,0
DA:751,0
DA:752,0
DA:754,0
DA:759,0
DA:760,0
DA:761,0
DA:762,0
DA:763,0
DA:765,0
DA:768,0
DA:773,0
DA:776,0
DA:777,0
DA:779,0
DA:785,0
DA:786,0
DA:788,0
DA:789,0
DA:790,0
DA:800,0
DA:801,0
DA:804,0
DA:805,0
DA:806,0
DA:807,0
DA:810,0
DA:813,0
DA:814,0
DA:815,0
DA:818,0
DA:820,0
DA:821,0
DA:824,0
DA:827,0
DA:828,0
DA:829,0
DA:831,0
DA:832,0
DA:833,0
DA:843,0
DA:848,0
DA:849,0
DA:852,0
DA:853,0
DA:854,0
DA:857,0
DA:859,0
DA:861,0
DA:863,0
DA:864,0
DA:865,0
DA:866,0
DA:870,0
DA:871,0
DA:872,0
DA:873,0
DA:877,0
DA:878,0
DA:881,0
DA:893,0
DA:896,0
DA:897,0
DA:898,0
DA:899,0
DA:901,0
DA:902,0
DA:905,0
DA:908,0
DA:914,0
DA:917,0
DA:920,0
DA:921,0
DA:923,0
DA:924,0
DA:925,0
DA:935,0
DA:937,0
DA:946,0
DA:948,0
DA:956,0
DA:964,0
DA:973,0
DA:979,0
DA:980,0
DA:981,0
DA:984,0
DA:987,0
DA:988,0
DA:989,0
DA:991,0
DA:994,0
DA:997,0
DA:998,0
DA:999,0
DA:1001,0
DA:1004,0
DA:1007,0
DA:1008,0
DA:1009,0
DA:1010,0
DA:1013,0
DA:1016,0
DA:1019,0
DA:1020,0
DA:1021,0
DA:1022,0
DA:1025,0
DA:1028,0
DA:1030,0
DA:1031,0
LF:395
LH:1
BRDA:37,0,0,0
BRDA:37,0,1,0
BRDA:99,1,0,0
BRDA:99,1,1,0
BRDA:117,2,0,0
BRDA:117,2,1,0
BRDA:135,3,0,0
BRDA:135,3,1,0
BRDA:175,4,0,0
BRDA:175,4,1,0
BRDA:179,5,0,0
BRDA:179,5,1,0
BRDA:187,6,0,0
BRDA:187,6,1,0
BRDA:187,7,0,0
BRDA:187,7,1,0
BRDA:196,8,0,0
BRDA:196,8,1,0
BRDA:196,8,2,0
BRDA:202,9,0,0
BRDA:202,9,1,0
BRDA:220,10,0,0
BRDA:220,10,1,0
BRDA:224,11,0,0
BRDA:224,11,1,0
BRDA:244,12,0,0
BRDA:244,12,1,0
BRDA:248,13,0,0
BRDA:248,13,1,0
BRDA:290,14,0,0
BRDA:290,14,1,0
BRDA:295,15,0,0
BRDA:295,15,1,0
BRDA:330,16,0,0
BRDA:330,16,1,0
BRDA:334,17,0,0
BRDA:334,17,1,0
BRDA:340,18,0,0
BRDA:340,18,1,0
BRDA:358,19,0,0
BRDA:358,19,1,0
BRDA:389,20,0,0
BRDA:389,20,1,0
BRDA:394,21,0,0
BRDA:394,21,1,0
BRDA:403,22,0,0
BRDA:403,22,1,0
BRDA:404,23,0,0
BRDA:404,23,1,0
BRDA:436,24,0,0
BRDA:436,24,1,0
BRDA:443,25,0,0
BRDA:443,25,1,0
BRDA:448,26,0,0
BRDA:448,26,1,0
BRDA:450,27,0,0
BRDA:450,27,1,0
BRDA:463,28,0,0
BRDA:463,28,1,0
BRDA:464,29,0,0
BRDA:464,29,1,0
BRDA:468,30,0,0
BRDA:468,30,1,0
BRDA:470,31,0,0
BRDA:470,31,1,0
BRDA:487,32,0,0
BRDA:487,32,1,0
BRDA:515,33,0,0
BRDA:515,33,1,0
BRDA:525,34,0,0
BRDA:525,34,1,0
BRDA:534,35,0,0
BRDA:534,35,1,0
BRDA:534,36,0,0
BRDA:534,36,1,0
BRDA:542,37,0,0
BRDA:542,37,1,0
BRDA:547,38,0,0
BRDA:547,38,1,0
BRDA:548,39,0,0
[...]
DA:1456,0
DA:1460,0
DA:1463,0
DA:1464,0
DA:1468,0
DA:1469,0
DA:1470,0
DA:1474,0
DA:1475,0
DA:1476,0
DA:1477,0
DA:1479,0
DA:1489,2
DA:1492,2
DA:1493,2
DA:1496,2
DA:1497,2
DA:1498,2
DA:1499,2
DA:1500,2
DA:1503,2
DA:1510,2
DA:1521,2
DA:1522,2
DA:1523,2
LF:530
LH:70
BRDA:61,0,0,0
BRDA:73,1,0,0
BRDA:174,2,0,0
BRDA:174,2,1,3
BRDA:182,3,0,0
BRDA:182,3,1,3
BRDA:199,4,0,2
BRDA:199,4,1,0
BRDA:213,5,0,0
BRDA:213,5,1,3
BRDA:240,6,0,0
BRDA:240,6,1,3
BRDA:248,7,0,0
BRDA:248,7,1,3
BRDA:269,8,0,0
BRDA:269,8,1,0
BRDA:283,9,0,0
BRDA:283,9,1,2
BRDA:289,10,0,2
BRDA:289,10,1,0
BRDA:308,11,0,0
BRDA:308,11,1,0
BRDA:308,12,0,0
BRDA:308,12,1,0
BRDA:308,12,2,0
BRDA:337,13,0,0
BRDA:337,13,1,0
BRDA:342,14,0,0
BRDA:342,14,1,0
BRDA:349,15,0,0
BRDA:349,15,1,0
BRDA:361,16,0,0
BRDA:361,16,1,0
BRDA:361,17,0,0
BRDA:361,17,1,0
BRDA:362,18,0,0
BRDA:362,18,1,0
BRDA:363,19,0,0
BRDA:363,19,1,0
BRDA:365,20,0,0
BRDA:365,20,1,0
BRDA:381,21,0,0
BRDA:381,21,1,0
BRDA:388,22,0,0
BRDA:388,22,1,0
BRDA:388,22,2,0
BRDA:394,23,0,0
BRDA:394,23,1,0
BRDA:410,24,0,0
BRDA:410,24,1,0
BRDA:412,25,0,0
BRDA:412,25,1,0
BRDA:414,26,0,0
BRDA:414,26,1,0
BRDA:417,27,0,0
BRDA:417,27,1,0
BRDA:419,28,0,0
BRDA:419,28,1,0
BRDA:427,29,0,0
BRDA:427,29,1,0
BRDA:427,30,0,0
BRDA:427,30,1,0
BRDA:455,31,0,0
BRDA:455,31,1,0
BRDA:458,32,0,0
BRDA:458,32,1,0
BRDA:467,33,0,0
BRDA:467,33,1,0
BRDA:467,34,0,0
BRDA:467,34,1,0
BRDA:467,34,2,0
BRDA:467,34,3,0
BRDA:485,35,0,0
BRDA:485,35,1,0
BRDA:498,36,0,0
BRDA:498,36,1,0
BRDA:498,37,0,0
BRDA:498,37,1,0
BRDA:511,38,0,0
BRDA:511,38,1,0
BRDA:511,39,0,0
BRDA:511,39,1,0
BRDA:511,39,2,0
BRDA:514,40,0,0
BRDA:514,40,1,0
BRDA:514,41,0,0
BRDA:514,41,1,0
BRDA:542,42,0,0
BRDA:542,42,1,0
BRDA:554,43,0,0
BRDA:554,43,1,0
BRDA:554,44,0,0
BRDA:554,44,1,0
BRDA:554,44,2,0
BRDA:576,45,0,0
BRDA:576,45,1,0
BRDA:584,46,0,0
BRDA:584,46,1,0
BRDA:588,47,0,0
BRDA:588,47,1,0
BRDA:588,48,0,0
BRDA:588,48,1,0
BRDA:605,49,0,0
BRDA:605,49,1,0
BRDA:608,50,0,0
BRDA:608,50,1,0
BRDA:617,51,0,0
BRDA:617,51,1,0
BRDA:628,52,0,0
BRDA:628,52,1,0
BRDA:628,53,0,0
BRDA:628,53,1,0
BRDA:628,53,2,0
BRDA:631,54,0,0
BRDA:631,54,1,0
BRDA:642,55,0,0
BRDA:642,55,1,0
BRDA:650,56,0,0
BRDA:650,56,1,0
BRDA:650,57,0,0
BRDA:650,57,1,0
BRDA:657,58,0,0
BRDA:657,58,1,0
BRDA:672,59,0,0
BRDA:672,59,1,0
BRDA:675,60,0,0
BRDA:675,60,1,0
BRDA:684,61,0,0
BRDA:684,61,1,0
BRDA:695,62,0,0
BRDA:695,62,1,0
BRDA:695,63,0,0
BRDA:695,63,1,0
BRDA:695,63,2,0
BRDA:698,64,0,0
BRDA:698,64,1,0
BRDA:709,65,0,0
BRDA:709,65,1,0
BRDA:717,66,0,0
BRDA:717,66,1,0
BRDA:717,67,0,0
BRDA:717,67,1,0
BRDA:724,68,0,0
BRDA:724,68,1,0
BRDA:739,69,0,0
BRDA:739,69,1,0
BRDA:742,70,0,0
BRDA:742,70,1,0
BRDA:749,71,0,0
BRDA:749,71,1,0
BRDA:760,72,0,0
BRDA:760,72,1,0
BRDA:770,73,0,0
BRDA:770,73,1,0
BRDA:785,74,0,0
BRDA:785,74,1,0
BRDA:788,75,0,0
BRDA:788,75,1,0
BRDA:806,76,0,0
BRDA:806,76,1,0
BRDA:809,77,0,0
BRDA:809,77,1,0
BRDA:828,78,0,0
BRDA:828,78,1,0
BRDA:831,79,0,0
BRDA:831,79,1,0
BRDA:841,80,0,0
BRDA:841,80,1,0
BRDA:863,81,0,0
BRDA:863,81,1,0
BRDA:863,82,0,0
BRDA:863,82,1,0
BRDA:887,83,0,0
BRDA:887,83,1,0
BRDA:890,84,0,0
BRDA:890,84,1,0
BRDA:908,85,0,0
BRDA:908,85,1,0
BRDA:908,86,0,0
BRDA:908,86,1,0
BRDA:915,87,0,0
BRDA:915,87,1,0
BRDA:922,88,0,0
BRDA:922,88,1,0
BRDA:922,89,0,0
BRDA:922,89,1,0
BRDA:927,90,0,0
BRDA:927,90,1,0
BRDA:944,91,0,0
BRDA:944,91,1,0
BRDA:947,92,0,0
BRDA:947,92,1,0
BRDA:954,93,0,0
BRDA:954,93,1,0
BRDA:965,94,0,0
BRDA:965,94,1,0
BRDA:977,95,0,0
BRDA:977,95,1,0
BRDA:985,96,0,0
BRDA:985,96,1,0
BRDA:986,97,0,0
BRDA:986,97,1,0
BRDA:999,98,0,0
BRDA:999,98,1,0
BRDA:1003,99,0,0
BRDA:1003,99,1,0
BRDA:1020,100,0,0
BRDA:1020,100,1,0
BRDA:1030,101,0,0
BRDA:1030,101,1,0
BRDA:1031,102,0,0
BRDA:1031,102,1,0
BRDA:1035,103,0,0
BRDA:1035,103,1,0
BRDA:1035,104,0,0
BRDA:1035,104,1,0
BRDA:1038,105,0,0
BRDA:1038,105,1,0
BRDA:1039,106,0,0
BRDA:1039,106,1,0
BRDA:1042,107,0,0
BRDA:1042,107,1,0
BRDA:1050,108,0,0
BRDA:1050,108,1,0
BRDA:1091,109,0,0
BRDA:1091,109,1,0
BRDA:1111,110,0,0
BRDA:1111,110,1,0
BRDA:1124,111,0,0
BRDA:1124,111,1,0
BRDA:1137,112,0,0
BRDA:1137,112,1,0
BRDA:1150,113,0,0
BRDA:1150,113,1,0
BRDA:1158,114,0,0
BRDA:1158,114,1,0
BRDA:1170,115,0,0
BRDA:1170,115,1,3
BRDA:1177,116,0,0
BRDA:1177,116,1,0
BRDA:1183,117,0,0
BRDA:1183,117,1,0
BRDA:1217,118,0,0
BRDA:1217,118,1,0
BRDA:1231,119,0,0
BRDA:1231,119,1,0
BRDA:1252,120,0,0
BRDA:1252,120,1,0
BRDA:1252,121,0,0
BRDA:1252,121,1,0
BRDA:1260,122,0,0
BRDA:1260,122,1,0
BRDA:1267,123,0,0
BRDA:1267,123,1,0
BRDA:1267,124,0,0
BRDA:1267,124,1,0
BRDA:1273,125,0,0
BRDA:1273,125,1,0
BRDA:1279,126,0,0
BRDA:1279,126,1,0
BRDA:1293,127,0,0
BRDA:1293,127,1,0
BRDA:1300,128,0,0
BRDA:1300,128,1,0
BRDA:1307,129,0,0
BRDA:1307,129,1,0
BRDA:1315,130,0,0
BRDA:1315,130,1,0
BRDA:1322,131,0,0
BRDA:1322,131,1,0
BRDA:1323,132,0,0
BRDA:1323,132,1,0
BRDA:1323,133,0,0
BRDA:1323,133,1,0
BRDA:1323,133,2,0
BRDA:1344,134,0,0
BRDA:1344,134,1,0
BRDA:1352,135,0,0
BRDA:1352,135,1,0
BRDA:1360,136,0,0
BRDA:1360,136,1,0
BRDA:1377,137,0,0
BRDA:1377,137,1,0
BRDA:1377,138,0,0
BRDA:1377,138,1,0
BRDA:1386,139,0,0
BRDA:1386,139,1,0
BRDA:1386,140,0,0
BRDA:1386,140,1,0
BRDA:1409,141,0,0
BRDA:1409,141,1,0
BRDA:1421,142,0,0
BRDA:1421,142,1,0
BRDA:1447,143,0,0
BRDA:1447,143,1,0
BRDA:1448,144,0,0
BRDA:1448,144,1,0
BRDA:1454,145,0,0
BRDA:1454,145,1,0
BRDA:1460,146,0,0
BRDA:1460,146,1,0
BRDA:1460,147,0,0
BRDA:1460,147,1,0
BRDA:1460,147,2,0
BRDA:1468,148,0,0
BRDA:1468,148,1,0
BRDA:1468,149,0,0
BRDA:1468,149,1,0
BRF:308
BRH:9
end_of_record
TN:
SF:src/services/visualization-service.js
FN:22,(anonymous_0)
FN:51,(anonymous_1)
FN:80,(anonymous_2)
FN:111,(anonymous_3)
FN:122,(anonymous_4)
FN:135,(anonymous_5)
FN:139,(anonymous_6)
FN:148,(anonymous_7)
FN:159,(anonymous_8)
FN:176,(anonymous_9)
FN:178,(anonymous_10)
FN:187,(anonymous_11)
FN:195,(anonymous_12)
FN:230,(anonymous_13)
FN:255,(anonymous_14)
FN:316,(anonymous_15)
FN:372,(anonymous_16)
FN:424,(anonymous_17)
FN:427,(anonymous_18)
FN:511,(anonymous_19)
FN:518,(anonymous_20)
FN:522,(anonymous_21)
FN:528,(anonymous_22)
FN:533,(anonymous_23)
FN:551,(anonymous_24)
FN:553,(anonymous_25)
FN:571,(anonymous_26)
FN:634,(anonymous_27)
FN:648,(anonymous_28)
FN:670,(anonymous_29)
FN:685,(anonymous_30)
FN:700,(anonymous_31)
FN:706,(anonymous_32)
FN:729,(anonymous_33)
FNF:34
FNH:0
FNDA:0,(anonymous_0)
FNDA:0,(anonymous_1)
FNDA:0,(anonymous_2)
FNDA:0,(anonymous_3)
FNDA:0,(anonymous_4)
FNDA:0,(anonymous_5)
FNDA:0,(anonymous_6)
FNDA:0,(anonymous_7)
FNDA:0,(anonymous_8)
FNDA:0,(anonymous_9)
FNDA:0,(anonymous_10)
FNDA:0,(anonymous_11)
FNDA:0,(anonymous_12)
FNDA:0,(anonymous_13)
FNDA:0,(anonymous_14)
FNDA:0,(anonymous_15)
FNDA:0,(anonymous_16)
FNDA:0,(anonymous_17)
FNDA:0,(anonymous_18)
FNDA:0,(anonymous_19)
FNDA:0,(anonymous_20)
FNDA:0,(anonymous_21)
FNDA:0,(anonymous_22)
FNDA:0,(anonymous_23)
FNDA:0,(anonymous_24)
FNDA:0,(anonymous_25)
FNDA:0,(anonymous_26)
FNDA:0,(anonymous_27)
FNDA:0,(anonymous_28)
FNDA:0,(anonymous_29)
FNDA:0,(anonymous_30)
FNDA:0,(anonymous_31)
FNDA:0,(anonymous_32)
FNDA:0,(anonymous_33)
DA:10,1
DA:23,0
DA:24,0
DA:25,0
DA:28,0
DA:34,0
DA:37,0
DA:38,0
DA:39,0
DA:40,0
DA:41,0
DA:42,0
DA:52,0
DA:53,0
DA:54,0
DA:56,0
DA:57,0
DA:58,0
DA:61,0
DA:62,0
DA:63,0
DA:64,0
DA:65,0
DA:66,0
DA:67,0
DA:69,0
DA:70,0
DA:71,0
DA:72,0
DA:81,0
DA:82,0
DA:83,0
DA:84,0
DA:86,0
DA:87,0
DA:90,0
DA:91,0
DA:94,0
DA:95,0
DA:97,0
DA:98,0
DA:99,0
DA:101,0
DA:102,0
DA:103,0
DA:112,0
DA:116,0
DA:117,0
DA:124,0
DA:127,0
DA:128,0
DA:136,0
DA:138,0
DA:139,0
DA:149,0
DA:150,0
DA:151,0
DA:160,0
DA:161,0
DA:162,0
DA:163,0
DA:165,0
DA:167,0
DA:168,0
DA:177,0
DA:178,0
DA:196,0
DA:197,0
DA:198,0
DA:201,0
DA:202,0
DA:203,0
DA:204,0
DA:205,0
DA:206,0
DA:207,0
DA:208,0
DA:213,0
DA:214,0
DA:215,0
DA:216,0
DA:220,0
DA:222,0
DA:231,0
DA:233,0
DA:234,0
DA:236,0
DA:239,0
DA:240,0
DA:242,0
DA:244,0
DA:256,0
DA:257,0
DA:258,0
DA:260,0
DA:261,0
DA:265,0
DA:266,0
DA:267,0
DA:270,0
DA:271,0
DA:272,0
DA:275,0
DA:277,0
DA:278,0
DA:279,0
DA:280,0
DA:281,0
DA:285,0
DA:288,0
DA:289,0
DA:293,0
DA:296,0
DA:297,0
DA:299,0
DA:300,0
DA:303,0
DA:304,0
DA:317,0
DA:318,0
DA:319,0
DA:320,0
DA:321,0
DA:324,0
DA:325,0
DA:329,0
DA:330,0
DA:331,0
DA:334,0
DA:336,0
DA:337,0
DA:338,0
DA:339,0
DA:340,0
DA:344,0
DA:345,0
DA:349,0
DA:352,0
DA:353,0
DA:355,0
DA:356,0
DA:359,0
DA:360,0
DA:373,0
DA:374,0
DA:375,0
DA:378,0
DA:380,0
DA:382,0
DA:385,0
DA:388,0
DA:389,0
DA:390,0
DA:391,0
DA:392,0
DA:393,0
DA:394,0
DA:397,0
DA:398,0
DA:401,0
DA:402,0
DA:403,0
DA:404,0
DA:405,0
DA:406,0
DA:407,0
DA:408,0
DA:409,0
DA:412,0
DA:413,0
DA:415,0
DA:416,0
DA:419,0
DA:420,0
DA:424,0
DA:427,0
DA:428,0
DA:429,0
DA:430,0
DA:431,0
DA:432,0
DA:433,0
DA:436,0
DA:437,0
DA:439,0
DA:440,0
DA:441,0
DA:442,0
DA:443,0
DA:444,0
DA:445,0
DA:446,0
DA:449,0
DA:450,0
DA:452,0
DA:453,0
DA:454,0
DA:455,0
DA:456,0
DA:457,0
DA:460,0
DA:461,0
DA:463,0
DA:464,0
DA:465,0
DA:466,0
DA:467,0
DA:468,0
DA:469,0
DA:472,0
DA:473,0
DA:475,0
DA:476,0
DA:477,0
DA:478,0
DA:479,0
DA:482,0
DA:483,0
DA:485,0
DA:486,0
DA:487,0
DA:488,0
DA:489,0
DA:492,0
DA:495,0
DA:497,0
DA:499,0
DA:500,0
DA:512,0
DA:513,0
DA:515,0
DA:518,0
DA:519,0
DA:521,0
DA:522,0
DA:523,0
DA:524,0
DA:528,0
DA:529,0
DA:533,0
DA:534,0
DA:535,0
DA:539,0
DA:540,0
DA:542,0
DA:543,0
DA:552,0
DA:553,0
DA:554,0
DA:555,0
DA:558,0
DA:572,0
DA:573,0
DA:574,0
DA:577,0
DA:580,0
DA:581,0
DA:583,0
DA:585,0
DA:588,0
DA:589,0
DA:590,0
DA:591,0
DA:592,0
DA:593,0
DA:594,0
DA:595,0
DA:596,0
DA:597,0
DA:598,0
DA:599,0
DA:600,0
DA:602,0
DA:603,0
DA:604,0
DA:605,0
DA:606,0
DA:608,0
DA:609,0
DA:610,0
DA:611,0
DA:613,0
DA:614,0
DA:615,0
DA:618,0
DA:619,0
DA:621,0
DA:625,0
DA:626,0
DA:627,0
DA:628,0
DA:629,0
DA:630,0
DA:631,0
DA:634,0
DA:635,0
DA:636,0
DA:637,0
DA:638,0
DA:639,0
DA:640,0
DA:641,0
DA:642,0
DA:643,0
DA:644,0
DA:645,0
DA:648,0
DA:649,0
DA:650,0
DA:652,0
DA:655,0
DA:658,0
DA:659,0
DA:660,0
DA:661,0
DA:662,0
DA:663,0
DA:664,0
DA:665,0
DA:666,0
DA:667,0
DA:670,0
DA:671,0
DA:672,0
DA:674,0
DA:677,0
DA:678,0
DA:680,0
DA:682,0
DA:685,0
DA:686,0
DA:687,0
DA:691,0
DA:701,0
DA:703,0
DA:705,0
DA:706,0
DA:707,0
DA:708,0
DA:711,0
DA:715,0
DA:716,0
DA:719,0
DA:721,0
DA:730,0
DA:732,0
DA:734,0
DA:735,0
DA:738,0
DA:741,0
DA:742,0
DA:744,0
DA:746,0
DA:751,0
DA:754,0
DA:755,0
DA:757,0
DA:758,0
LF:358
LH:1
BRDA:56,0,0,0
BRDA:56,0,1,0
BRDA:116,1,0,0
BRDA:116,1,1,0
BRDA:136,2,0,0
BRDA:136,2,1,0
BRDA:149,3,0,0
BRDA:149,3,1,0
BRDA:162,4,0,0
BRDA:162,4,1,0
BRDA:162,5,0,0
BRDA:162,5,1,0
BRDA:162,5,2,0
BRDA:205,6,0,0
BRDA:205,6,1,0
BRDA:214,7,0,0
BRDA:214,7,1,0
BRDA:255,8,0,0
BRDA:256,9,0,0
BRDA:256,9,1,0
BRDA:265,10,0,0
BRDA:265,10,1,0
BRDA:270,11,0,0
BRDA:270,11,1,0
BRDA:270,12,0,0
BRDA:270,12,1,0
BRDA:279,13,0,0
BRDA:279,13,1,0
BRDA:288,14,0,0
BRDA:288,14,1,0
BRDA:316,15,0,0
BRDA:316,16,0,0
BRDA:316,17,0,0
BRDA:317,18,0,0
BRDA:317,18,1,0
BRDA:320,19,0,0
BRDA:320,19,1,0
BRDA:329,20,0,0
BRDA:329,20,1,0
BRDA:338,21,0,0
BRDA:338,21,1,0
BRDA:344,22,0,0
BRDA:344,22,1,0
BRDA:372,23,0,0
BRDA:373,24,0,0
BRDA:373,24,1,0
BRDA:392,25,0,0
BRDA:392,25,1,0
BRDA:393,26,0,0
BRDA:393,26,1,0
BRDA:401,27,0,0
BRDA:401,27,1,0
BRDA:401,28,0,0
BRDA:401,28,1,0
BRDA:424,29,0,0
BRDA:424,29,1,0
BRDA:441,30,0,0
BRDA:441,30,1,0
BRDA:467,31,0,0
BRDA:467,31,1,0
BRDA:477,32,0,0
BRDA:477,32,1,0
BRDA:513,33,0,0
BRDA:513,33,1,0
BRDA:513,34,0,0
BRDA:513,34,1,0
BRDA:519,35,0,0
BRDA:519,35,1,0
BRDA:535,36,0,0
BRDA:535,36,1,0
BRDA:571,37,0,0
BRDA:571,38,0,0
BRDA:571,39,0,0
BRDA:572,40,0,0
BRDA:572,40,1,0
BRDA:588,41,0,0
BRDA:588,41,1,0
BRDA:588,42,0,0
BRDA:588,42,1,0
BRDA:638,43,0,0
BRDA:638,43,1,0
BRDA:640,44,0,0
BRDA:640,44,1,0
BRDA:686,45,0,0
BRDA:686,45,1,0
BRDA:686,46,0,0
BRDA:686,46,1,0
BRDA:701,47,0,0
BRDA:701,47,1,0
BRDA:705,48,0,0
BRDA:705,48,1,0
BRDA:707,49,0,0
BRDA:707,49,1,0
BRDA:707,50,0,0
BRDA:707,50,1,0
BRDA:741,51,0,0
BRDA:741,51,1,0
BRF:97
BRH:0
end_of_record
TN:
SF:src/utils/formatting.js
FN:8,formatDate
FN:20,formatTime
FN:31,truncateText
FN:46,formatContext
FN:56,(anonymous_4)
FN:62,formatTaskStatus
FN:85,isSameDay
FNF:7
FNH:0
FNDA:0,formatDate
FNDA:0,formatTime
FNDA:0,truncateText
FNDA:0,formatContext
FNDA:0,(anonymous_4)
FNDA:0,formatTaskStatus
FNDA:0,isSameDay
DA:9,0
DA:11,0
DA:12,0
DA:21,0
DA:22,0
DA:32,0
DA:34,0
DA:35,0
DA:38,0
DA:47,0
DA:49,0
DA:56,0
DA:63,0
DA:65,0
DA:67,0
DA:69,0
DA:71,0
DA:73,0
DA:75,0
DA:86,0
LF:20
LH:0
BRDA:9,0,0,0
BRDA:9,0,1,0
BRDA:32,1,0,0
BRDA:32,1,1,0
BRDA:34,2,0,0
BRDA:34,2,1,0
BRDA:47,3,0,0
BRDA:47,3,1,0
BRDA:47,4,0,0
BRDA:47,4,1,0
BRDA:56,5,0,0
BRDA:56,5,1,0
BRDA:63,6,0,0
BRDA:63,6,1,0
BRDA:63,6,2,0
BRDA:63,6,3,0
BRDA:63,6,4,0
BRDA:63,6,5,0
BRDA:86,7,0,0
BRDA:86,7,1,0
BRDA:86,7,2,0
BRF:21
BRH:0
end_of_record
TN:
SF:src/utils/log-manager.js
FN:2,(anonymous_0)
FN:34,(anonymous_1)
FN:46,(anonymous_2)
FN:49,(anonymous_3)
FN:66,(anonymous_4)
FN:70,(anonymous_5)
FN:122,(anonymous_6)
FN:125,(anonymous_7)
FN:130,(anonymous_8)
FN:146,(anonymous_9)
FN:150,(anonymous_10)
FN:154,(anonymous_11)
FN:158,(anonymous_12)
FN:162,(anonymous_13)
FN:175,(anonymous_14)
FN:190,(anonymous_15)
FN:201,(anonymous_16)
FN:217,(anonymous_17)
FN:223,(anonymous_18)
FN:235,(anonymous_19)
FNF:20
FNH:14
FNDA:26,(anonymous_0)
FNDA:0,(anonymous_1)
FNDA:26,(anonymous_2)
FNDA:6,(anonymous_3)
FNDA:279,(anonymous_4)
FNDA:297,(anonymous_5)
FNDA:2,(anonymous_6)
FNDA:34,(anonymous_7)
FNDA:0,(anonymous_8)
FNDA:203,(anonymous_9)
FNDA:61,(anonymous_10)
FNDA:6,(anonymous_11)
FNDA:9,(anonymous_12)
FNDA:530,(anonymous_13)
FNDA:251,(anonymous_14)
FNDA:250,(anonymous_15)
FNDA:0,(anonymous_16)
FNDA:0,(anonymous_17)
FNDA:0,(anonymous_18)
FNDA:0,(anonymous_19)
DA:4,26
DA:6,26
DA:7,26
DA:8,26
DA:9,26
DA:10,26
DA:13,26
DA:18,26
DA:19,0
DA:23,26
DA:31,26
DA:36,0
DA:37,0
DA:40,0
DA:41,0
DA:43,0
DA:47,26
DA:48,6
DA:49,6
DA:50,6
DA:52,0
DA:53,0
DA:56,0
DA:67,279
DA:68,279
DA:69,279
DA:70,279
DA:71,297
DA:72,297
DA:73,297
DA:74,18
DA:76,18
DA:77,0
DA:80,18
DA:81,18
DA:83,0
DA:86,279
DA:90,279
DA:91,279
DA:93,0
DA:96,279
DA:104,279
DA:107,279
DA:109,0
DA:112,279
DA:113,251
DA:116,279
DA:118,0
DA:123,2
DA:125,34
DA:127,2
DA:129,0
DA:130,0
DA:131,0
DA:134,0
DA:139,2
DA:141,0
DA:147,203
DA:151,61
DA:155,6
DA:159,9
DA:163,530
DA:164,0
DA:167,530
DA:168,530
DA:171,0
DA:176,251
DA:178,251
DA:185,251
DA:192,250
DA:202,0
DA:205,0
DA:206,0
DA:208,0
DA:209,0
DA:210,0
DA:212,0
DA:217,0
DA:218,0
DA:222,0
DA:223,0
DA:224,0
DA:227,0
DA:230,0
DA:236,0
DA:237,0
DA:239,0
DA:240,0
DA:243,0
DA:245,0
LF:90
LH:49
BRDA:2,0,0,0
BRDA:6,1,0,26
BRDA:6,1,1,0
BRDA:7,2,0,26
BRDA:7,2,1,20
BRDA:8,3,0,26
BRDA:8,3,1,22
BRDA:9,4,0,26
BRDA:9,4,1,1
BRDA:13,5,0,26
BRDA:13,5,1,26
BRDA:13,5,2,26
BRDA:18,6,0,0
BRDA:18,6,1,26
BRDA:36,7,0,0
BRDA:36,7,1,0
BRDA:40,8,0,0
BRDA:40,8,1,0
BRDA:40,9,0,0
BRDA:40,9,1,0
BRDA:47,10,0,6
BRDA:47,10,1,20
BRDA:50,11,0,0
BRDA:50,11,1,6
BRDA:50,12,0,6
BRDA:50,12,1,6
BRDA:50,12,2,0
BRDA:52,13,0,0
BRDA:52,13,1,0
BRDA:71,14,0,0
BRDA:71,14,1,297
BRDA:72,15,0,0
BRDA:72,15,1,297
BRDA:73,16,0,18
BRDA:73,16,1,279
BRDA:76,17,0,0
BRDA:76,17,1,18
BRDA:80,18,0,18
BRDA:80,18,1,0
BRDA:90,19,0,0
BRDA:90,19,1,279
BRDA:107,20,0,0
BRDA:107,20,1,279
BRDA:107,21,0,279
BRDA:107,21,1,279
BRDA:112,22,0,251
BRDA:112,22,1,28
BRDA:112,23,0,279
BRDA:112,23,1,251
BRDA:127,24,0,0
BRDA:127,24,1,2
BRDA:127,25,0,2
BRDA:127,25,1,2
BRDA:130,26,0,0
BRDA:130,26,1,0
BRDA:162,27,0,0
BRDA:163,28,0,0
BRDA:163,28,1,530
BRDA:167,29,0,530
BRDA:167,29,1,0
BRDA:201,30,0,0
BRDA:205,31,0,0
BRDA:205,31,1,0
BRDA:205,32,0,0
BRDA:205,32,1,0
BRDA:210,33,0,0
BRDA:210,33,1,0
BRDA:222,34,0,0
BRDA:222,34,1,0
BRDA:239,35,0,0
BRDA:239,35,1,0
BRDA:239,36,0,0
BRDA:239,36,1,0
BRF:73
BRH:35
end_of_record
TN:
SF:src/utils/memory-monitor.js
FN:6,(anonymous_0)
FN:17,(anonymous_1)
FN:20,(anonymous_2)
FN:29,(anonymous_3)
FN:41,(anonymous_4)
FN:43,(anonymous_5)
FN:51,(anonymous_6)
FN:67,(anonymous_7)
FN:72,(anonymous_8)
FN:82,(anonymous_9)
FN:90,(anonymous_10)
FNF:11
FNH:5
FNDA:21,(anonymous_0)
FNDA:21,(anonymous_1)
FNDA:0,(anonymous_2)
FNDA:13,(anonymous_3)
FNDA:21,(anonymous_4)
FNDA:0,(anonymous_5)
FNDA:0,(anonymous_6)
FNDA:0,(anonymous_7)
FNDA:0,(anonymous_8)
FNDA:21,(anonymous_9)
FNDA:0,(anonymous_10)
DA:7,21
DA:8,21
DA:9,21
DA:10,21
DA:11,21
DA:18,21
DA:20,21
DA:21,0
DA:22,0
DA:30,13
DA:31,13
DA:32,13
DA:42,21
DA:43,21
DA:52,0
DA:54,0
DA:68,0
DA:70,0
DA:71,0
DA:72,0
DA:75,0
DA:83,21
DA:91,0
LF:23
LH:13
BRDA:6,0,0,0
BRDA:7,1,0,21
BRDA:7,1,1,18
BRDA:8,2,0,21
BRDA:8,2,1,18
BRDA:18,3,0,0
BRDA:18,3,1,21
BRDA:30,4,0,13
BRDA:30,4,1,0
BRDA:52,5,0,0
BRDA:52,5,1,0
BRDA:68,6,0,0
BRDA:68,6,1,0
BRDA:71,7,0,0
BRDA:71,7,1,0
BRF:15
BRH:6
end_of_record
TN:
SF:src/utils/navigation-debug.js
FNF:0
FNH:0
LF:0
LH:0
BRF:0
BRH:0
end_of_record
TN:
SF:src/utils/resource-tracker.js
FN:6,(anonymous_0)
FN:22,(anonymous_1)
FN:40,(anonymous_2)
FN:52,(anonymous_3)
FN:61,(anonymous_4)
FN:79,(anonymous_5)
FN:90,(anonymous_6)
FN:112,(anonymous_7)
FN:132,(anonymous_8)
FN:146,(anonymous_9)
FN:159,(anonymous_10)
FN:190,(anonymous_11)
FN:193,(anonymous_12)
FNF:13
FNH:10
FNDA:21,(anonymous_0)
FNDA:42,(anonymous_1)
FNDA:3,(anonymous_2)
FNDA:9,(anonymous_3)
FNDA:16,(anonymous_4)
FNDA:4,(anonymous_5)
FNDA:3,(anonymous_6)
FNDA:15,(anonymous_7)
FNDA:0,(anonymous_8)
FNDA:0,(anonymous_9)
FNDA:16,(anonymous_10)
FNDA:21,(anonymous_11)
FNDA:0,(anonymous_12)
DA:7,21
DA:8,21
DA:9,21
DA:10,21
DA:11,21
DA:12,21
DA:13,21
DA:23,42
DA:24,18
DA:26,42
DA:27,42
DA:28,42
DA:30,42
DA:31,42
DA:41,3
DA:42,3
DA:43,3
DA:53,9
DA:54,9
DA:55,9
DA:63,16
DA:64,2
DA:66,16
DA:69,16
DA:70,6
DA:72,16
DA:80,4
DA:81,4
DA:91,3
DA:92,3
DA:94,3
DA:95,3
DA:96,3
DA:98,3
DA:101,3
DA:102,3
DA:113,15
DA:114,15
DA:116,15
DA:117,15
DA:118,15
DA:120,15
DA:121,15
DA:123,15
DA:134,0
DA:135,0
DA:136,0
DA:137,0
DA:138,0
DA:140,0
DA:147,0
DA:152,0
DA:161,16
DA:162,10
DA:163,24
DA:165,24
DA:166,0
DA:167,24
DA:169,24
DA:174,16
DA:177,16
DA:179,16
DA:180,16
DA:181,16
DA:191,21
DA:193,0
LF:66
LH:56
BRDA:23,0,0,18
BRDA:23,0,1,24
BRDA:27,1,0,42
BRDA:27,1,1,0
BRDA:90,2,0,3
BRDA:91,3,0,3
BRDA:91,3,1,0
BRDA:95,4,0,3
BRDA:95,4,1,0
BRDA:101,5,0,3
BRDA:101,5,1,0
BRDA:101,6,0,3
BRDA:101,6,1,3
BRDA:136,7,0,0
BRDA:136,7,1,0
BRDA:152,8,0,0
BRDA:152,8,1,0
BRDA:152,8,2,0
BRDA:152,8,3,0
BRDA:165,9,0,0
BRDA:165,9,1,24
BRDA:165,10,0,24
BRDA:165,10,1,0
BRDA:167,11,0,24
BRDA:167,11,1,0
BRDA:167,12,0,24
BRDA:167,12,1,24
BRF:27
BRH:14
end_of_record
TN:
SF:src/utils/timeout.js
FN:10,setupTimeout
FN:16,(anonymous_1)
FN:35,(anonymous_2)
FN:40,(anonymous_3)
FN:53,setupMemoryMonitoring
FN:61,(anonymous_5)
FN:70,(anonymous_6)
FN:80,clearTimeouts
FNF:8
FNH:0
FNDA:0,setupTimeout
FNDA:0,(anonymous_1)
FNDA:0,(anonymous_2)
FNDA:0,(anonymous_3)
FNDA:0,setupMemoryMonitoring
FNDA:0,(anonymous_5)
FNDA:0,(anonymous_6)
FNDA:0,clearTimeouts
DA:2,1
DA:11,0
DA:14,0
DA:16,0
DA:18,0
DA:19,0
DA:35,0
DA:36,0
DA:40,0
DA:41,0
DA:42,0
DA:54,0
DA:57,0
DA:61,0
DA:62,0
DA:63,0
DA:64,0
DA:70,0
DA:71,0
DA:72,0
DA:84,0
LF:21
LH:1
BRDA:2,0,0,1
BRDA:2,0,1,0
BRDA:3,1,0,0
BRDA:3,1,1,0
BRDA:10,2,0,0
BRDA:14,3,0,0
BRDA:14,3,1,0
BRDA:14,4,0,0
BRDA:14,4,1,0
BRDA:18,5,0,0
BRDA:18,5,1,0
BRDA:41,6,0,0
BRDA:41,6,1,0
BRDA:53,7,0,0
BRDA:53,8,0,0
BRDA:57,9,0,0
BRDA:57,9,1,0
BRDA:57,10,0,0
BRDA:57,10,1,0
BRDA:57,10,2,0
BRDA:63,11,0,0
BRDA:63,11,1,0
BRDA:71,12,0,0
BRDA:71,12,1,0
BRF:24
BRH:1
end_of_record
TN:
SF:src/utils/ui-utils.js
FN:13,setupTabSwitching
FN:16,(anonymous_1)
FN:17,(anonymous_2)
FN:19,(anonymous_3)
FN:26,(anonymous_4)
FN:37,showSaveConfirmation
FN:44,(anonymous_6)
FN:46,(anonymous_7)
FN:57,initSplitView
FN:64,(anonymous_9)
FN:75,onMouseMove
FN:83,onMouseUp
FNF:12
FNH:0
FNDA:0,setupTabSwitching
FNDA:0,(anonymous_1)
FNDA:0,(anonymous_2)
FNDA:0,(anonymous_3)
FNDA:0,(anonymous_4)
FNDA:0,showSaveConfirmation
FNDA:0,(anonymous_6)
FNDA:0,(anonymous_7)
FNDA:0,initSplitView
FNDA:0,(anonymous_9)
FNDA:0,onMouseMove
FNDA:0,onMouseUp
DA:3,1
DA:14,0
DA:16,0
DA:17,0
DA:19,0
DA:22,0
DA:25,0
DA:26,0
DA:27,0
DA:29,0
DA:38,0
DA:39,0
DA:40,0
DA:42,0
DA:44,0
DA:45,0
DA:46,0
DA:47,0
DA:58,0
DA:59,0
DA:61,0
DA:64,0
DA:65,0
DA:66,0
DA:67,0
DA:69,0
DA:70,0
DA:72,0
DA:76,0
DA:78,0
DA:79,0
DA:84,0
DA:85,0
DA:86,0
DA:89,0
DA:93,0
LF:36
LH:1
BRDA:61,0,0,0
BRDA:61,0,1,0
BRDA:61,1,0,0
BRDA:61,1,1,0
BRDA:78,2,0,0
BRDA:78,2,1,0
BRDA:78,3,0,0
BRDA:78,3,1,0
BRF:8
BRH:0
end_of_record
