TN:
SF:src/background/analysis-queue.js
FN:15,(anonymous_0)
FN:37,(anonymous_1)
FN:75,(anonymous_2)
FN:122,(anonymous_3)
FN:133,(anonymous_4)
FN:134,(anonymous_5)
FN:135,(anonymous_6)
FN:153,(anonymous_7)
FN:163,(anonymous_8)
FN:164,(anonymous_9)
FN:189,(anonymous_10)
FN:191,(anonymous_11)
FN:210,(anonymous_12)
FN:212,(anonymous_13)
FN:255,(anonymous_14)
FN:307,(anonymous_15)
FN:320,(anonymous_16)
FN:341,(anonymous_17)
FN:424,(anonymous_18)
FN:490,(anonymous_19)
FN:496,(anonymous_20)
FN:533,(anonymous_21)
FN:557,(anonymous_22)
FN:559,(anonymous_23)
FN:580,(anonymous_24)
FN:581,(anonymous_25)
FN:614,(anonymous_26)
FN:615,(anonymous_27)
FN:626,(anonymous_28)
FN:627,(anonymous_29)
FN:628,(anonymous_30)
FN:638,(anonymous_31)
FN:640,(anonymous_32)
FN:649,(anonymous_33)
FNF:34
FNH:0
FNDA:0,(anonymous_0)
FNDA:0,(anonymous_1)
FNDA:0,(anonymous_2)
FNDA:0,(anonymous_3)
FNDA:0,(anonymous_4)
FNDA:0,(anonymous_5)
FNDA:0,(anonymous_6)
FNDA:0,(anonymous_7)
FNDA:0,(anonymous_8)
FNDA:0,(anonymous_9)
FNDA:0,(anonymous_10)
FNDA:0,(anonymous_11)
FNDA:0,(anonymous_12)
FNDA:0,(anonymous_13)
FNDA:0,(anonymous_14)
FNDA:0,(anonymous_15)
FNDA:0,(anonymous_16)
FNDA:0,(anonymous_17)
FNDA:0,(anonymous_18)
FNDA:0,(anonymous_19)
FNDA:0,(anonymous_20)
FNDA:0,(anonymous_21)
FNDA:0,(anonymous_22)
FNDA:0,(anonymous_23)
FNDA:0,(anonymous_24)
FNDA:0,(anonymous_25)
FNDA:0,(anonymous_26)
FNDA:0,(anonymous_27)
FNDA:0,(anonymous_28)
FNDA:0,(anonymous_29)
FNDA:0,(anonymous_30)
FNDA:0,(anonymous_31)
FNDA:0,(anonymous_32)
FNDA:0,(anonymous_33)
DA:16,0
DA:17,0
DA:18,0
DA:19,0
DA:20,0
DA:21,0
DA:22,0
DA:25,0
DA:28,0
DA:39,0
DA:42,0
DA:43,0
DA:46,0
DA:49,0
DA:58,0
DA:59,0
DA:62,0
DA:63,0
DA:66,0
DA:77,0
DA:80,0
DA:82,0
DA:83,0
DA:88,0
DA:92,0
DA:96,0
DA:99,0
DA:109,0
DA:111,0
DA:124,0
DA:125,0
DA:134,0
DA:135,0
DA:136,0
DA:138,0
DA:139,0
DA:140,0
DA:144,0
DA:146,0
DA:147,0
DA:148,0
DA:152,0
DA:153,0
DA:157,0
DA:162,0
DA:163,0
DA:164,0
DA:166,0
DA:167,0
DA:168,0
DA:169,0
DA:172,0
DA:190,0
DA:191,0
DA:193,0
DA:195,0
DA:197,0
DA:198,0
DA:199,0
DA:202,0
DA:212,0
DA:214,0
DA:215,0
DA:216,0
DA:217,0
DA:218,0
DA:219,0
DA:223,0
DA:224,0
DA:226,0
DA:229,0
DA:232,0
DA:233,0
DA:235,0
DA:239,0
DA:240,0
DA:242,0
DA:243,0
DA:247,0
DA:256,0
DA:258,0
DA:259,0
DA:262,0
DA:263,0
DA:267,0
DA:269,0
DA:270,0
DA:271,0
DA:275,0
DA:276,0
DA:279,0
DA:288,0
DA:289,0
DA:292,0
DA:293,0
DA:296,0
DA:298,0
DA:299,0
DA:308,0
DA:309,0
DA:312,0
DA:314,0
DA:316,0
DA:318,0
DA:320,0
DA:321,0
DA:325,0
DA:326,0
DA:329,0
DA:332,0
DA:342,0
DA:344,0
DA:346,0
DA:349,0
DA:352,0
DA:355,0
DA:361,0
DA:362,0
DA:363,0
DA:366,0
DA:368,0
DA:374,0
DA:375,0
DA:379,0
DA:382,0
DA:388,0
DA:391,0
DA:394,0
DA:397,0
DA:400,0
DA:403,0
DA:404,0
DA:407,0
DA:413,0
DA:425,0
DA:427,0
DA:430,0
DA:431,0
DA:432,0
DA:434,0
DA:435,0
DA:437,0
DA:442,0
DA:443,0
DA:446,0
DA:449,0
DA:450,0
DA:453,0
DA:455,0
DA:456,0
DA:457,0
DA:458,0
DA:462,0
DA:469,0
DA:470,0
DA:473,0
DA:474,0
DA:478,0
DA:484,0
DA:487,0
DA:490,0
DA:491,0
DA:494,0
DA:496,0
DA:497,0
DA:502,0
DA:503,0
DA:507,0
DA:510,0
DA:513,0
DA:516,0
DA:519,0
DA:520,0
DA:521,0
DA:523,0
DA:535,0
DA:537,0
DA:538,0
DA:541,0
DA:544,0
DA:547,0
DA:548,0
DA:549,0
DA:559,0
DA:567,0
DA:581,0
DA:582,0
DA:583,0
DA:586,0
DA:588,0
DA:589,0
DA:591,0
DA:598,0
DA:601,0
DA:602,0
DA:615,0
DA:616,0
DA:627,0
DA:628,0
DA:629,0
DA:640,0
DA:641,0
DA:651,0
DA:652,0
DA:654,0
DA:656,0
DA:657,0
DA:661,0
DA:662,0
DA:665,0
DA:666,0
DA:667,0
DA:669,0
DA:671,0
DA:674,0
DA:676,0
DA:678,0
DA:679,0
DA:684,0
DA:686,0
DA:689,0
DA:690,0
DA:693,0
DA:700,0
DA:701,0
DA:704,0
DA:706,0
DA:707,0
DA:714,0
LF:229
LH:0
BRDA:15,0,0,0
BRDA:17,1,0,0
BRDA:17,1,1,0
BRDA:18,2,0,0
BRDA:18,2,1,0
BRDA:19,3,0,0
BRDA:19,3,1,0
BRDA:37,4,0,0
BRDA:62,5,0,0
BRDA:62,5,1,0
BRDA:75,6,0,0
BRDA:138,7,0,0
BRDA:138,7,1,0
BRDA:157,8,0,0
BRDA:157,8,1,0
BRDA:166,9,0,0
BRDA:166,9,1,0
BRDA:168,10,0,0
BRDA:168,10,1,0
BRDA:214,11,0,0
BRDA:214,11,1,0
BRDA:223,12,0,0
BRDA:223,12,1,0
BRDA:262,13,0,0
BRDA:262,13,1,0
BRDA:269,14,0,0
BRDA:269,14,1,0
BRDA:283,15,0,0
BRDA:283,15,1,0
BRDA:292,16,0,0
BRDA:292,16,1,0
BRDA:308,17,0,0
BRDA:308,17,1,0
BRDA:308,18,0,0
BRDA:308,18,1,0
BRDA:318,19,0,0
BRDA:318,19,1,0
BRDA:357,20,0,0
BRDA:357,20,1,0
BRDA:361,21,0,0
BRDA:361,21,1,0
BRDA:362,22,0,0
BRDA:362,22,1,0
BRDA:363,23,0,0
BRDA:363,23,1,0
BRDA:374,24,0,0
BRDA:374,24,1,0
BRDA:375,25,0,0
BRDA:375,25,1,0
BRDA:397,26,0,0
BRDA:397,26,1,0
BRDA:403,27,0,0
BRDA:403,27,1,0
BRDA:434,28,0,0
BRDA:434,28,1,0
BRDA:442,29,0,0
BRDA:442,29,1,0
BRDA:443,30,0,0
BRDA:443,30,1,0
BRDA:450,31,0,0
BRDA:450,31,1,0
BRDA:455,32,0,0
BRDA:455,32,1,0
BRDA:457,33,0,0
BRDA:457,33,1,0
BRDA:469,34,0,0
BRDA:469,34,1,0
BRDA:469,35,0,0
BRDA:469,35,1,0
BRDA:473,36,0,0
BRDA:473,36,1,0
BRDA:474,37,0,0
BRDA:474,37,1,0
BRDA:478,38,0,0
BRDA:478,38,1,0
BRDA:494,39,0,0
BRDA:494,39,1,0
BRDA:502,40,0,0
BRDA:502,40,1,0
BRDA:502,41,0,0
BRDA:502,41,1,0
BRDA:521,42,0,0
BRDA:521,42,1,0
BRDA:537,43,0,0
BRDA:537,43,1,0
BRDA:537,44,0,0
BRDA:537,44,1,0
BRDA:537,44,2,0
BRDA:547,45,0,0
BRDA:547,45,1,0
BRDA:582,46,0,0
BRDA:582,46,1,0
BRDA:582,47,0,0
BRDA:582,47,1,0
BRDA:598,48,0,0
BRDA:598,48,1,0
BRDA:601,49,0,0
BRDA:601,49,1,0
BRDA:601,50,0,0
BRDA:601,50,1,0
BRDA:629,51,0,0
BRDA:629,51,1,0
BRDA:656,52,0,0
BRDA:656,52,1,0
BRDA:665,53,0,0
BRDA:665,53,1,0
BRDA:665,54,0,0
BRDA:665,54,1,0
BRDA:669,55,0,0
BRDA:669,55,1,0
BRDA:676,56,0,0
BRDA:676,56,1,0
BRDA:676,57,0,0
BRDA:676,57,1,0
BRDA:684,58,0,0
BRDA:684,58,1,0
BRDA:690,59,0,0
BRDA:690,59,1,0
BRF:118
BRH:0
end_of_record
TN:
SF:src/background/api-client.js
FN:9,(anonymous_0)
FN:24,(anonymous_1)
FN:34,(anonymous_2)
FN:119,(anonymous_3)
FN:139,(anonymous_4)
FN:149,(anonymous_5)
FN:157,(anonymous_6)
FN:205,(anonymous_7)
FN:215,(anonymous_8)
FN:224,(anonymous_9)
FN:233,(anonymous_10)
FN:244,(anonymous_11)
FN:256,(anonymous_12)
FN:281,(anonymous_13)
FN:297,(anonymous_14)
FN:306,(anonymous_15)
FN:319,(anonymous_16)
FN:329,(anonymous_17)
FN:342,(anonymous_18)
FN:366,(anonymous_19)
FN:374,(anonymous_20)
FN:383,(anonymous_21)
FN:394,(anonymous_22)
FN:404,(anonymous_23)
FN:415,(anonymous_24)
FNF:25
FNH:0
FNDA:0,(anonymous_0)
FNDA:0,(anonymous_1)
FNDA:0,(anonymous_2)
FNDA:0,(anonymous_3)
FNDA:0,(anonymous_4)
FNDA:0,(anonymous_5)
FNDA:0,(anonymous_6)
FNDA:0,(anonymous_7)
FNDA:0,(anonymous_8)
FNDA:0,(anonymous_9)
FNDA:0,(anonymous_10)
FNDA:0,(anonymous_11)
FNDA:0,(anonymous_12)
FNDA:0,(anonymous_13)
FNDA:0,(anonymous_14)
FNDA:0,(anonymous_15)
FNDA:0,(anonymous_16)
FNDA:0,(anonymous_17)
FNDA:0,(anonymous_18)
FNDA:0,(anonymous_19)
FNDA:0,(anonymous_20)
FNDA:0,(anonymous_21)
FNDA:0,(anonymous_22)
FNDA:0,(anonymous_23)
FNDA:0,(anonymous_24)
DA:10,0
DA:11,0
DA:12,0
DA:13,0
DA:14,0
DA:15,0
DA:16,0
DA:25,0
DA:36,0
DA:37,0
DA:40,0
DA:41,0
DA:44,0
DA:45,0
DA:46,0
DA:47,0
DA:50,0
DA:52,0
DA:58,0
DA:59,0
DA:63,0
DA:69,0
DA:70,0
DA:73,0
DA:75,0
DA:76,0
DA:77,0
DA:78,0
DA:79,0
DA:83,0
DA:86,0
DA:89,0
DA:92,0
DA:94,0
DA:97,0
DA:100,0
DA:103,0
DA:104,0
DA:105,0
DA:106,0
DA:109,0
DA:120,0
DA:121,0
DA:123,0
DA:124,0
DA:126,0
DA:127,0
DA:128,0
DA:131,0
DA:140,0
DA:150,0
DA:158,0
DA:159,0
DA:162,0
DA:164,0
DA:166,0
DA:168,0
DA:169,0
DA:170,0
DA:171,0
DA:173,0
DA:180,0
DA:181,0
DA:182,0
DA:183,0
DA:184,0
DA:185,0
DA:186,0
DA:187,0
DA:192,0
DA:196,0
DA:197,0
DA:198,0
DA:206,0
DA:216,0
DA:225,0
DA:234,0
DA:245,0
DA:257,0
DA:263,0
DA:264,0
DA:265,0
DA:267,0
DA:269,0
DA:282,0
DA:298,0
DA:307,0
DA:308,0
DA:309,0
DA:311,0
DA:312,0
DA:320,0
DA:330,0
DA:344,0
DA:346,0
DA:348,0
DA:353,0
DA:358,0
DA:367,0
DA:375,0
DA:384,0
DA:395,0
DA:405,0
DA:416,0
DA:423,0
LF:105
LH:0
BRDA:34,0,0,0
BRDA:36,1,0,0
BRDA:36,1,1,0
BRDA:36,2,0,0
BRDA:36,2,1,0
BRDA:41,3,0,0
BRDA:41,3,1,0
BRDA:45,4,0,0
BRDA:45,4,1,0
BRDA:58,5,0,0
BRDA:58,5,1,0
BRDA:69,6,0,0
BRDA:69,6,1,0
BRDA:73,7,0,0
BRDA:73,7,1,0
BRDA:104,8,0,0
BRDA:104,8,1,0
BRDA:119,9,0,0
BRDA:121,10,0,0
BRDA:121,10,1,0
BRDA:126,11,0,0
BRDA:126,11,1,0
BRDA:126,12,0,0
BRDA:126,12,1,0
BRDA:158,13,0,0
BRDA:158,13,1,0
BRDA:180,14,0,0
BRDA:180,14,1,0
BRDA:182,15,0,0
BRDA:182,15,1,0
BRDA:256,16,0,0
BRDA:259,17,0,0
BRDA:259,17,1,0
BRDA:263,18,0,0
BRDA:263,18,1,0
BRDA:264,19,0,0
BRDA:264,19,1,0
BRDA:265,20,0,0
BRDA:265,20,1,0
BRDA:281,21,0,0
BRDA:286,22,0,0
BRDA:286,22,1,0
BRDA:306,23,0,0
BRDA:308,24,0,0
BRDA:308,24,1,0
BRDA:309,25,0,0
BRDA:309,25,1,0
BRDA:311,26,0,0
BRDA:311,26,1,0
BRDA:329,27,0,0
BRDA:342,28,0,0
BRDA:344,29,0,0
BRDA:344,29,1,0
BRDA:344,29,2,0
BRDA:344,29,3,0
BRF:55
BRH:0
end_of_record
TN:
SF:src/background/auth-manager.js
FN:4,(anonymous_0)
FN:10,(anonymous_1)
FN:18,(anonymous_2)
FN:30,(anonymous_3)
FN:42,(anonymous_4)
FN:66,(anonymous_5)
FN:90,(anonymous_6)
FN:97,(anonymous_7)
FNF:8
FNH:0
FNDA:0,(anonymous_0)
FNDA:0,(anonymous_1)
FNDA:0,(anonymous_2)
FNDA:0,(anonymous_3)
FNDA:0,(anonymous_4)
FNDA:0,(anonymous_5)
FNDA:0,(anonymous_6)
FNDA:0,(anonymous_7)
DA:5,0
DA:6,0
DA:7,0
DA:11,0
DA:12,0
DA:13,0
DA:15,0
DA:20,0
DA:21,0
DA:22,0
DA:23,0
DA:27,0
DA:31,0
DA:32,0
DA:34,0
DA:39,0
DA:43,0
DA:45,0
DA:46,0
DA:54,0
DA:55,0
DA:56,0
DA:59,0
DA:61,0
DA:62,0
DA:67,0
DA:68,0
DA:70,0
DA:75,0
DA:77,0
DA:78,0
DA:81,0
DA:82,0
DA:84,0
DA:85,0
DA:86,0
DA:91,0
DA:92,0
DA:93,0
DA:99,0
DA:100,0
DA:101,0
DA:104,0
DA:106,0
DA:108,0
DA:109,0
LF:46
LH:0
BRDA:12,0,0,0
BRDA:12,0,1,0
BRDA:13,1,0,0
BRDA:13,1,1,0
BRDA:20,2,0,0
BRDA:20,2,1,0
BRDA:20,3,0,0
BRDA:20,3,1,0
BRDA:22,4,0,0
BRDA:22,4,1,0
BRDA:30,5,0,0
BRDA:43,6,0,0
BRDA:43,6,1,0
BRDA:54,7,0,0
BRDA:54,7,1,0
BRDA:67,8,0,0
BRDA:67,8,1,0
BRDA:77,9,0,0
BRDA:77,9,1,0
BRDA:99,10,0,0
BRDA:99,10,1,0
BRDA:99,11,0,0
BRDA:99,11,1,0
BRF:23
BRH:0
end_of_record
TN:
SF:src/background/background-service.js
FN:8,(anonymous_0)
FN:24,(anonymous_1)
FN:56,(anonymous_2)
FN:73,(anonymous_3)
FN:97,(anonymous_4)
FN:100,(anonymous_5)
FN:113,(anonymous_6)
FN:134,(anonymous_7)
FN:141,(anonymous_8)
FN:143,(anonymous_9)
FN:172,(anonymous_10)
FN:184,(anonymous_11)
FN:218,(anonymous_12)
FN:260,(anonymous_13)
FN:291,(anonymous_14)
FN:323,(anonymous_15)
FN:355,(anonymous_16)
FN:376,(anonymous_17)
FN:407,(anonymous_18)
FN:429,(anonymous_19)
FN:457,(anonymous_20)
FN:509,(anonymous_21)
FN:525,(anonymous_22)
FN:595,(anonymous_23)
FN:624,(anonymous_24)
FN:651,(anonymous_25)
FN:655,(anonymous_26)
FN:663,(anonymous_27)
FN:669,(anonymous_28)
FN:681,(anonymous_29)
FN:697,(anonymous_30)
FN:709,(anonymous_31)
FN:720,(anonymous_32)
FN:739,(anonymous_33)
FN:749,(anonymous_34)
FN:753,(anonymous_35)
FN:765,(anonymous_36)
FN:773,(anonymous_37)
FN:778,(anonymous_38)
FN:788,(anonymous_39)
FN:799,(anonymous_40)
FN:814,(anonymous_41)
FN:818,(anonymous_42)
FNF:43
FNH:0
FNDA:0,(anonymous_0)
FNDA:0,(anonymous_1)
FNDA:0,(anonymous_2)
FNDA:0,(anonymous_3)
FNDA:0,(anonymous_4)
FNDA:0,(anonymous_5)
FNDA:0,(anonymous_6)
FNDA:0,(anonymous_7)
FNDA:0,(anonymous_8)
FNDA:0,(anonymous_9)
FNDA:0,(anonymous_10)
FNDA:0,(anonymous_11)
FNDA:0,(anonymous_12)
FNDA:0,(anonymous_13)
FNDA:0,(anonymous_14)
FNDA:0,(anonymous_15)
FNDA:0,(anonymous_16)
FNDA:0,(anonymous_17)
FNDA:0,(anonymous_18)
FNDA:0,(anonymous_19)
FNDA:0,(anonymous_20)
FNDA:0,(anonymous_21)
FNDA:0,(anonymous_22)
FNDA:0,(anonymous_23)
FNDA:0,(anonymous_24)
FNDA:0,(anonymous_25)
FNDA:0,(anonymous_26)
FNDA:0,(anonymous_27)
FNDA:0,(anonymous_28)
FNDA:0,(anonymous_29)
FNDA:0,(anonymous_30)
FNDA:0,(anonymous_31)
FNDA:0,(anonymous_32)
FNDA:0,(anonymous_33)
FNDA:0,(anonymous_34)
FNDA:0,(anonymous_35)
FNDA:0,(anonymous_36)
FNDA:0,(anonymous_37)
FNDA:0,(anonymous_38)
FNDA:0,(anonymous_39)
FNDA:0,(anonymous_40)
FNDA:0,(anonymous_41)
FNDA:0,(anonymous_42)
DA:9,0
DA:10,0
DA:11,0
DA:14,0
DA:25,0
DA:26,0
DA:27,0
DA:30,0
DA:31,0
DA:34,0
DA:37,0
DA:40,0
DA:43,0
DA:45,0
DA:46,0
DA:48,0
DA:49,0
DA:57,0
DA:59,0
DA:60,0
DA:61,0
DA:62,0
DA:63,0
DA:65,0
DA:74,0
DA:77,0
DA:78,0
DA:79,0
DA:80,0
DA:81,0
DA:82,0
DA:83,0
DA:84,0
DA:85,0
DA:86,0
DA:87,0
DA:88,0
DA:89,0
DA:90,0
DA:91,0
DA:98,0
DA:100,0
DA:102,0
DA:114,0
DA:116,0
DA:117,0
DA:118,0
DA:119,0
DA:123,0
DA:135,0
DA:137,0
DA:139,0
DA:141,0
DA:144,0
DA:145,0
DA:151,0
DA:155,0
DA:157,0
DA:158,0
DA:163,0
DA:173,0
DA:174,0
DA:185,0
DA:186,0
DA:188,0
DA:190,0
DA:191,0
DA:195,0
DA:200,0
DA:206,0
DA:207,0
DA:219,0
DA:220,0
DA:222,0
DA:224,0
DA:225,0
DA:229,0
DA:237,0
DA:238,0
DA:245,0
DA:248,0
DA:249,0
DA:261,0
DA:262,0
DA:264,0
DA:266,0
DA:267,0
DA:271,0
DA:273,0
DA:279,0
DA:280,0
DA:292,0
DA:293,0
DA:295,0
DA:297,0
DA:298,0
DA:302,0
DA:304,0
DA:311,0
DA:312,0
DA:324,0
DA:325,0
DA:327,0
DA:329,0
DA:330,0
DA:334,0
DA:336,0
DA:343,0
DA:344,0
DA:356,0
DA:358,0
DA:359,0
DA:360,0
DA:361,0
DA:364,0
DA:367,0
DA:377,0
DA:378,0
DA:380,0
DA:382,0
DA:383,0
DA:387,0
DA:389,0
DA:395,0
DA:396,0
DA:408,0
DA:409,0
DA:411,0
DA:412,0
DA:413,0
DA:414,0
DA:417,0
DA:420,0
DA:430,0
DA:431,0
DA:435,0
DA:445,0
DA:446,0
DA:458,0
DA:459,0
DA:462,0
DA:488,0
DA:490,0
DA:496,0
DA:497,0
DA:510,0
DA:513,0
DA:526,0
DA:527,0
DA:529,0
DA:531,0
DA:534,0
DA:535,0
DA:536,0
DA:537,0
DA:538,0
DA:542,0
DA:543,0
DA:544,0
DA:548,0
DA:549,0
DA:550,0
DA:551,0
DA:553,0
DA:554,0
DA:556,0
DA:560,0
DA:561,0
DA:562,0
DA:563,0
DA:564,0
DA:568,0
DA:569,0
DA:570,0
DA:573,0
DA:576,0
DA:583,0
DA:584,0
DA:596,0
DA:597,0
DA:602,0
DA:612,0
DA:613,0
DA:625,0
DA:626,0
DA:631,0
DA:637,0
DA:638,0
DA:652,0
DA:655,0
DA:656,0
DA:657,0
DA:658,0
DA:663,0
DA:664,0
DA:665,0
DA:669,0
DA:670,0
DA:671,0
DA:672,0
DA:673,0
DA:674,0
DA:675,0
DA:682,0
DA:686,0
DA:687,0
DA:688,0
DA:690,0
DA:697,0
DA:698,0
DA:699,0
DA:700,0
DA:710,0
DA:715,0
DA:721,0
DA:722,0
DA:723,0
DA:730,0
DA:731,0
DA:732,0
DA:735,0
DA:740,0
DA:741,0
DA:742,0
DA:744,0
DA:750,0
DA:753,0
DA:754,0
DA:755,0
DA:759,0
DA:765,0
DA:766,0
DA:769,0
DA:774,0
DA:776,0
DA:778,0
DA:779,0
DA:780,0
DA:789,0
DA:793,0
DA:794,0
DA:800,0
DA:801,0
DA:802,0
DA:803,0
DA:805,0
DA:806,0
DA:808,0
DA:815,0
DA:818,0
DA:819,0
DA:822,0
DA:828,0
LF:253
LH:0
BRDA:25,0,0,0
BRDA:25,0,1,0
BRDA:116,1,0,0
BRDA:116,1,1,0
BRDA:139,2,0,0
BRDA:139,2,1,0
BRDA:139,3,0,0
BRDA:139,3,1,0
BRDA:190,4,0,0
BRDA:190,4,1,0
BRDA:224,5,0,0
BRDA:224,5,1,0
BRDA:237,6,0,0
BRDA:237,6,1,0
BRDA:245,7,0,0
BRDA:245,7,1,0
BRDA:266,8,0,0
BRDA:266,8,1,0
BRDA:297,9,0,0
BRDA:297,9,1,0
BRDA:329,10,0,0
BRDA:329,10,1,0
BRDA:356,11,0,0
BRDA:356,11,1,0
BRDA:360,12,0,0
BRDA:360,12,1,0
BRDA:360,13,0,0
BRDA:360,13,1,0
BRDA:382,14,0,0
BRDA:382,14,1,0
BRDA:413,15,0,0
BRDA:413,15,1,0
BRDA:413,16,0,0
BRDA:413,16,1,0
BRDA:531,17,0,0
BRDA:531,17,1,0
BRDA:531,17,2,0
BRDA:531,17,3,0
BRDA:531,17,4,0
BRDA:531,17,5,0
BRDA:656,18,0,0
BRDA:656,18,1,0
BRDA:656,19,0,0
BRDA:656,19,1,0
BRDA:664,20,0,0
BRDA:664,20,1,0
BRDA:670,21,0,0
BRDA:670,21,1,0
BRDA:673,22,0,0
BRDA:673,22,1,0
BRDA:682,23,0,0
BRDA:682,23,1,0
BRDA:682,24,0,0
BRDA:682,24,1,0
BRDA:682,24,2,0
BRDA:682,24,3,0
BRDA:698,25,0,0
BRDA:698,25,1,0
BRDA:706,26,0,0
BRDA:706,26,1,0
BRDA:725,27,0,0
BRDA:725,27,1,0
BRDA:726,28,0,0
BRDA:726,28,1,0
BRDA:730,29,0,0
BRDA:730,29,1,0
BRDA:754,30,0,0
BRDA:754,30,1,0
BRDA:774,31,0,0
BRDA:774,31,1,0
BRDA:779,32,0,0
BRDA:779,32,1,0
BRDA:793,33,0,0
BRDA:793,33,1,0
BRF:74
BRH:0
end_of_record
TN:
SF:src/background/background-services.js
FN:8,registerBackgroundServices
FNF:1
FNH:0
FNDA:0,registerBackgroundServices
DA:10,0
DA:11,0
DA:12,0
DA:13,0
DA:14,0
LF:5
LH:0
BRF:0
BRH:0
end_of_record
TN:
SF:src/background/background.js
FN:16,initializeBackgroundContainer
FN:40,(anonymous_1)
FN:45,(anonymous_2)
FN:51,(anonymous_3)
FN:212,(anonymous_4)
FN:225,(anonymous_5)
FN:231,(anonymous_6)
FN:238,handleLogEntry
FN:243,handleReinitialize
FN:249,handleContentScriptLoaded
FN:254,handlePageVisible
FN:259,handlePageHidden
FN:264,handleContentScriptPing
FN:270,handleCaptureUrl
FN:286,handleCaptureBatch
FN:302,handleCaptureTabs
FN:308,(anonymous_16)
FN:308,(anonymous_17)
FN:321,handleGetTabs
FN:342,handleGetBatchStatus
FN:359,handleAnalyzeUrl
FN:366,handleGetActiveTasks
FN:384,handleCancelTask
FN:400,handleRetryTask
FN:417,handleUpdateSettings
FN:423,handleUpdateApiConfig
FN:429,handleUpdateSyncSettings
FN:435,handleUpdateAnalysisSettings
FN:442,handleLogin
FN:453,handleLogout
FN:464,handleCheckAuthStatus
FN:477,handleLoadPanelData
FN:496,handleClearLocalData
FN:502,handleDataImported
FN:509,handleNetworkStatusChange
FN:516,handleApiRequest
FN:523,handleTestComponentSystem
FN:529,handleGetMessageStatistics
FN:535,handleResetMessageStatistics
FNF:39
FNH:0
FNDA:0,initializeBackgroundContainer
FNDA:0,(anonymous_1)
FNDA:0,(anonymous_2)
FNDA:0,(anonymous_3)
FNDA:0,(anonymous_4)
FNDA:0,(anonymous_5)
FNDA:0,(anonymous_6)
FNDA:0,handleLogEntry
FNDA:0,handleReinitialize
FNDA:0,handleContentScriptLoaded
FNDA:0,handlePageVisible
FNDA:0,handlePageHidden
FNDA:0,handleContentScriptPing
FNDA:0,handleCaptureUrl
FNDA:0,handleCaptureBatch
FNDA:0,handleCaptureTabs
FNDA:0,(anonymous_16)
FNDA:0,(anonymous_17)
FNDA:0,handleGetTabs
FNDA:0,handleGetBatchStatus
FNDA:0,handleAnalyzeUrl
FNDA:0,handleGetActiveTasks
FNDA:0,handleCancelTask
FNDA:0,handleRetryTask
FNDA:0,handleUpdateSettings
FNDA:0,handleUpdateApiConfig
FNDA:0,handleUpdateSyncSettings
FNDA:0,handleUpdateAnalysisSettings
FNDA:0,handleLogin
FNDA:0,handleLogout
FNDA:0,handleCheckAuthStatus
FNDA:0,handleLoadPanelData
FNDA:0,handleClearLocalData
FNDA:0,handleDataImported
FNDA:0,handleNetworkStatusChange
FNDA:0,handleApiRequest
FNDA:0,handleTestComponentSystem
FNDA:0,handleGetMessageStatistics
FNDA:0,handleResetMessageStatistics
DA:13,0
DA:14,0
DA:17,0
DA:19,0
DA:20,0
DA:21,0
DA:25,0
DA:26,0
DA:29,0
DA:30,0
DA:32,0
DA:37,0
DA:40,0
DA:41,0
DA:42,0
DA:45,0
DA:46,0
DA:47,0
DA:51,0
DA:53,0
DA:54,0
DA:55,0
DA:56,0
DA:59,0
DA:61,0
DA:62,0
DA:65,0
DA:66,0
DA:69,0
DA:70,0
DA:73,0
DA:74,0
DA:78,0
DA:79,0
DA:82,0
DA:83,0
DA:86,0
DA:87,0
DA:90,0
DA:91,0
DA:95,0
DA:96,0
DA:99,0
DA:100,0
DA:103,0
DA:104,0
DA:107,0
DA:108,0
DA:111,0
DA:112,0
DA:116,0
DA:117,0
DA:121,0
DA:122,0
DA:125,0
DA:126,0
DA:129,0
DA:130,0
DA:134,0
DA:135,0
DA:138,0
DA:139,0
DA:142,0
DA:143,0
DA:146,0
DA:147,0
DA:151,0
DA:152,0
DA:155,0
DA:156,0
DA:159,0
DA:160,0
DA:164,0
DA:165,0
DA:169,0
DA:170,0
DA:173,0
DA:174,0
DA:178,0
DA:179,0
DA:183,0
DA:184,0
DA:188,0
DA:189,0
DA:192,0
DA:193,0
DA:196,0
DA:197,0
DA:200,0
DA:201,0
DA:204,0
DA:205,0
DA:208,0
DA:212,0
DA:213,0
DA:215,0
DA:217,0
DA:218,0
DA:220,0
DA:225,0
DA:226,0
DA:227,0
DA:231,0
DA:232,0
DA:239,0
DA:240,0
DA:244,0
DA:245,0
DA:250,0
DA:251,0
DA:255,0
DA:256,0
DA:260,0
DA:261,0
DA:265,0
DA:266,0
DA:271,0
DA:273,0
DA:274,0
DA:275,0
DA:277,0
DA:278,0
DA:287,0
DA:289,0
DA:290,0
DA:291,0
DA:293,0
DA:294,0
DA:303,0
DA:305,0
DA:307,0
DA:308,0
DA:309,0
DA:310,0
DA:312,0
DA:313,0
DA:322,0
DA:324,0
DA:326,0
DA:327,0
DA:329,0
DA:334,0
DA:335,0
DA:343,0
DA:345,0
DA:346,0
DA:347,0
DA:349,0
DA:350,0
DA:360,0
DA:362,0
DA:367,0
DA:369,0
DA:370,0
DA:372,0
DA:373,0
DA:375,0
DA:376,0
DA:385,0
DA:387,0
DA:388,0
DA:389,0
DA:391,0
DA:392,0
DA:401,0
DA:403,0
DA:404,0
DA:405,0
DA:407,0
DA:408,0
DA:418,0
DA:420,0
DA:424,0
DA:426,0
DA:430,0
DA:432,0
DA:436,0
DA:438,0
DA:443,0
DA:444,0
DA:445,0
DA:446,0
DA:448,0
DA:449,0
DA:454,0
DA:455,0
DA:456,0
DA:457,0
DA:459,0
DA:460,0
DA:465,0
DA:466,0
DA:467,0
DA:468,0
DA:469,0
DA:471,0
DA:472,0
DA:478,0
DA:480,0
DA:481,0
DA:483,0
DA:484,0
DA:486,0
DA:487,0
DA:497,0
DA:499,0
DA:503,0
DA:505,0
DA:510,0
DA:512,0
DA:517,0
DA:519,0
DA:524,0
DA:526,0
DA:530,0
DA:532,0
DA:536,0
DA:538,0
DA:541,0
LF:219
LH:0
BRDA:17,0,0,0
BRDA:17,0,1,0
BRDA:53,1,0,0
BRDA:53,1,1,0
BRDA:53,2,0,0
BRDA:53,2,1,0
BRDA:62,3,0,0
BRDA:62,3,1,0
BRDA:62,3,2,0
BRDA:62,3,3,0
BRDA:62,3,4,0
BRDA:62,3,5,0
BRDA:62,3,6,0
BRDA:62,3,7,0
BRDA:62,3,8,0
BRDA:62,3,9,0
BRDA:62,3,10,0
BRDA:62,3,11,0
BRDA:62,3,12,0
BRDA:62,3,13,0
BRDA:62,3,14,0
BRDA:62,3,15,0
BRDA:62,3,16,0
BRDA:62,3,17,0
BRDA:62,3,18,0
BRDA:62,3,19,0
BRDA:62,3,20,0
BRDA:62,3,21,0
BRDA:62,3,22,0
BRDA:62,3,23,0
BRDA:62,3,24,0
BRDA:62,3,25,0
BRDA:62,3,26,0
BRDA:62,3,27,0
BRDA:62,3,28,0
BRDA:62,3,29,0
BRDA:62,3,30,0
BRDA:62,3,31,0
BRDA:215,4,0,0
BRDA:215,4,1,0
BRDA:218,5,0,0
BRDA:218,5,1,0
BRDA:226,6,0,0
BRDA:226,6,1,0
BRDA:226,7,0,0
BRDA:226,7,1,0
BRDA:274,8,0,0
BRDA:274,8,1,0
BRDA:290,9,0,0
BRDA:290,9,1,0
BRDA:308,10,0,0
BRDA:308,10,1,0
BRDA:309,11,0,0
BRDA:309,11,1,0
BRDA:372,12,0,0
BRDA:372,12,1,0
BRDA:481,13,0,0
BRDA:481,13,1,0
BRDA:483,14,0,0
BRDA:483,14,1,0
BRF:60
BRH:0
end_of_record
TN:
SF:src/background/browser-events.js
FNF:0
FNH:0
LF:0
LH:0
BRF:0
BRH:0
end_of_record
TN:
SF:src/background/message-handlers.js
FNF:0
FNH:0
LF:0
LH:0
BRF:0
BRH:0
end_of_record
TN:
SF:src/background/progress-tracker.js
FN:15,(anonymous_0)
FN:38,(anonymous_1)
FN:67,(anonymous_2)
FN:77,(anonymous_3)
FN:78,(anonymous_4)
FN:86,(anonymous_5)
FN:104,(anonymous_6)
FN:113,(anonymous_7)
FN:129,(anonymous_8)
FN:142,(anonymous_9)
FN:174,(anonymous_10)
FN:184,(anonymous_11)
FN:185,(anonymous_12)
FN:198,(anonymous_13)
FN:211,(anonymous_14)
FN:214,(anonymous_15)
FN:241,(anonymous_16)
FN:242,(anonymous_17)
FN:245,(anonymous_18)
FN:264,(anonymous_19)
FN:265,(anonymous_20)
FN:266,(anonymous_21)
FN:268,(anonymous_22)
FN:269,(anonymous_23)
FNF:24
FNH:0
FNDA:0,(anonymous_0)
FNDA:0,(anonymous_1)
FNDA:0,(anonymous_2)
FNDA:0,(anonymous_3)
FNDA:0,(anonymous_4)
FNDA:0,(anonymous_5)
FNDA:0,(anonymous_6)
FNDA:0,(anonymous_7)
FNDA:0,(anonymous_8)
FNDA:0,(anonymous_9)
FNDA:0,(anonymous_10)
FNDA:0,(anonymous_11)
FNDA:0,(anonymous_12)
FNDA:0,(anonymous_13)
FNDA:0,(anonymous_14)
FNDA:0,(anonymous_15)
FNDA:0,(anonymous_16)
FNDA:0,(anonymous_17)
FNDA:0,(anonymous_18)
FNDA:0,(anonymous_19)
FNDA:0,(anonymous_20)
FNDA:0,(anonymous_21)
FNDA:0,(anonymous_22)
FNDA:0,(anonymous_23)
DA:16,0
DA:17,0
DA:18,0
DA:19,0
DA:20,0
DA:21,0
DA:22,0
DA:23,0
DA:24,0
DA:26,0
DA:27,0
DA:39,0
DA:40,0
DA:41,0
DA:43,0
DA:52,0
DA:53,0
DA:55,0
DA:56,0
DA:59,0
DA:68,0
DA:69,0
DA:78,0
DA:79,0
DA:87,0
DA:105,0
DA:114,0
DA:115,0
DA:116,0
DA:122,0
DA:130,0
DA:131,0
DA:134,0
DA:135,0
DA:143,0
DA:144,0
DA:145,0
DA:146,0
DA:147,0
DA:148,0
DA:149,0
DA:151,0
DA:160,0
DA:162,0
DA:163,0
DA:166,0
DA:175,0
DA:176,0
DA:185,0
DA:186,0
DA:187,0
DA:189,0
DA:199,0
DA:200,0
DA:201,0
DA:203,0
DA:212,0
DA:213,0
DA:214,0
DA:215,0
DA:216,0
DA:217,0
DA:218,0
DA:219,0
DA:220,0
DA:221,0
DA:222,0
DA:223,0
DA:226,0
DA:230,0
DA:242,0
DA:243,0
DA:245,0
DA:246,0
DA:248,0
DA:249,0
DA:252,0
DA:253,0
DA:265,0
DA:266,0
DA:267,0
DA:268,0
DA:269,0
DA:271,0
LF:84
LH:0
BRDA:15,0,0,0
BRDA:17,1,0,0
BRDA:17,1,1,0
BRDA:26,2,0,0
BRDA:26,2,1,0
BRDA:38,3,0,0
BRDA:38,4,0,0
BRDA:40,5,0,0
BRDA:40,5,1,0
BRDA:41,6,0,0
BRDA:41,6,1,0
BRDA:47,7,0,0
BRDA:47,7,1,0
BRDA:55,8,0,0
BRDA:55,8,1,0
BRDA:91,9,0,0
BRDA:91,9,1,0
BRDA:104,10,0,0
BRDA:114,11,0,0
BRDA:114,11,1,0
BRDA:114,12,0,0
BRDA:114,12,1,0
BRDA:115,13,0,0
BRDA:115,13,1,0
BRDA:130,14,0,0
BRDA:130,14,1,0
BRDA:134,15,0,0
BRDA:134,15,1,0
BRDA:155,16,0,0
BRDA:155,16,1,0
BRDA:162,17,0,0
BRDA:162,17,1,0
BRDA:174,18,0,0
BRDA:215,19,0,0
BRDA:215,19,1,0
BRDA:215,20,0,0
BRDA:215,20,1,0
BRDA:221,21,0,0
BRDA:221,21,1,0
BRDA:222,22,0,0
BRDA:222,22,1,0
BRDA:223,23,0,0
BRDA:223,23,1,0
BRDA:241,24,0,0
BRDA:246,25,0,0
BRDA:246,25,1,0
BRDA:246,26,0,0
BRDA:246,26,1,0
BRF:48
BRH:0
end_of_record
TN:
SF:src/background/state-manager.js
FN:4,(anonymous_0)
FN:15,(anonymous_1)
FN:49,(anonymous_2)
FN:53,(anonymous_3)
FN:59,(anonymous_4)
FN:64,(anonymous_5)
FN:68,(anonymous_6)
FN:73,(anonymous_7)
FN:77,(anonymous_8)
FN:81,(anonymous_9)
FN:86,(anonymous_10)
FN:91,(anonymous_11)
FN:97,(anonymous_12)
FN:102,(anonymous_13)
FN:111,(anonymous_14)
FN:119,(anonymous_15)
FN:145,(anonymous_16)
FN:158,(anonymous_17)
FN:161,processBookmarkNode
FN:186,(anonymous_19)
FN:212,(anonymous_20)
FN:220,(anonymous_21)
FN:235,(anonymous_22)
FNF:23
FNH:0
FNDA:0,(anonymous_0)
FNDA:0,(anonymous_1)
FNDA:0,(anonymous_2)
FNDA:0,(anonymous_3)
FNDA:0,(anonymous_4)
FNDA:0,(anonymous_5)
FNDA:0,(anonymous_6)
FNDA:0,(anonymous_7)
FNDA:0,(anonymous_8)
FNDA:0,(anonymous_9)
FNDA:0,(anonymous_10)
FNDA:0,(anonymous_11)
FNDA:0,(anonymous_12)
FNDA:0,(anonymous_13)
FNDA:0,(anonymous_14)
FNDA:0,(anonymous_15)
FNDA:0,(anonymous_16)
FNDA:0,(anonymous_17)
FNDA:0,processBookmarkNode
FNDA:0,(anonymous_19)
FNDA:0,(anonymous_20)
FNDA:0,(anonymous_21)
FNDA:0,(anonymous_22)
DA:5,0
DA:6,0
DA:7,0
DA:8,0
DA:17,0
DA:18,0
DA:25,0
DA:28,0
DA:29,0
DA:30,0
DA:31,0
DA:32,0
DA:34,0
DA:35,0
DA:36,0
DA:37,0
DA:41,0
DA:42,0
DA:45,0
DA:50,0
DA:54,0
DA:55,0
DA:60,0
DA:65,0
DA:69,0
DA:74,0
DA:78,0
DA:82,0
DA:87,0
DA:90,0
DA:91,0
DA:92,0
DA:98,0
DA:99,0
DA:102,0
DA:103,0
DA:107,0
DA:112,0
DA:113,0
DA:114,0
DA:121,0
DA:124,0
DA:127,0
DA:128,0
DA:129,0
DA:130,0
DA:138,0
DA:139,0
DA:140,0
DA:141,0
DA:144,0
DA:145,0
DA:159,0
DA:162,0
DA:163,0
DA:171,0
DA:172,0
DA:173,0
DA:178,0
DA:179,0
DA:182,0
DA:187,0
DA:188,0
DA:191,0
DA:193,0
DA:195,0
DA:197,0
DA:198,0
DA:199,0
DA:200,0
DA:204,0
DA:206,0
DA:207,0
DA:214,0
DA:215,0
DA:219,0
DA:220,0
DA:221,0
DA:222,0
DA:227,0
DA:228,0
DA:231,0
DA:236,0
DA:239,0
DA:241,0
DA:242,0
DA:244,0
DA:247,0
LF:88
LH:0
BRDA:18,0,0,0
BRDA:18,0,1,0
BRDA:25,1,0,0
BRDA:25,1,1,0
BRDA:34,2,0,0
BRDA:34,2,1,0
BRDA:41,3,0,0
BRDA:41,3,1,0
BRDA:54,4,0,0
BRDA:54,4,1,0
BRDA:87,5,0,0
BRDA:87,5,1,0
BRDA:98,6,0,0
BRDA:98,6,1,0
BRDA:112,7,0,0
BRDA:112,7,1,0
BRDA:139,8,0,0
BRDA:139,8,1,0
BRDA:162,9,0,0
BRDA:162,9,1,0
BRDA:171,10,0,0
BRDA:171,10,1,0
BRDA:193,11,0,0
BRDA:193,11,1,0
BRDA:193,12,0,0
BRDA:193,12,1,0
BRDA:197,13,0,0
BRDA:197,13,1,0
BRDA:214,14,0,0
BRDA:214,14,1,0
BRDA:221,15,0,0
BRDA:221,15,1,0
BRDA:221,16,0,0
BRDA:221,16,1,0
BRDA:227,17,0,0
BRDA:227,17,1,0
BRDA:239,18,0,0
BRDA:239,18,1,0
BRF:38
BRH:0
end_of_record
TN:
SF:src/components/core/navigation.js
FN:6,(anonymous_0)
FN:18,(anonymous_1)
FN:43,(anonymous_2)
FN:44,(anonymous_3)
FN:48,(anonymous_4)
FN:57,(anonymous_5)
FN:65,(anonymous_6)
FN:84,(anonymous_7)
FN:95,(anonymous_8)
FN:138,(anonymous_9)
FNF:10
FNH:1
FNDA:2,(anonymous_0)
FNDA:0,(anonymous_1)
FNDA:0,(anonymous_2)
FNDA:0,(anonymous_3)
FNDA:0,(anonymous_4)
FNDA:0,(anonymous_5)
FNDA:0,(anonymous_6)
FNDA:0,(anonymous_7)
FNDA:0,(anonymous_8)
FNDA:0,(anonymous_9)
DA:7,2
DA:8,2
DA:9,2
DA:10,2
DA:11,2
DA:14,2
DA:19,0
DA:21,0
DA:22,0
DA:23,0
DA:25,0
DA:29,0
DA:30,0
DA:34,0
DA:35,0
DA:38,0
DA:40,0
DA:44,0
DA:45,0
DA:46,0
DA:48,0
DA:49,0
DA:50,0
DA:53,0
DA:58,0
DA:59,0
DA:61,0
DA:67,0
DA:68,0
DA:69,0
DA:70,0
DA:71,0
DA:75,0
DA:76,0
DA:77,0
DA:78,0
DA:79,0
DA:80,0
DA:85,0
DA:86,0
DA:87,0
DA:88,0
DA:90,0
DA:96,0
DA:97,0
DA:98,0
DA:100,0
DA:101,0
DA:102,0
DA:103,0
DA:104,0
DA:105,0
DA:107,0
DA:111,0
DA:112,0
DA:113,0
DA:114,0
DA:115,0
DA:116,0
DA:117,0
DA:121,0
DA:123,0
DA:125,0
DA:126,0
DA:127,0
DA:128,0
DA:129,0
DA:130,0
DA:133,0
DA:140,0
DA:141,0
DA:142,0
DA:143,0
LF:73
LH:6
BRDA:26,0,0,0
BRDA:26,0,1,0
BRDA:29,1,0,0
BRDA:29,1,1,0
BRDA:29,2,0,0
BRDA:29,2,1,0
BRDA:46,3,0,0
BRDA:46,3,1,0
BRDA:67,4,0,0
BRDA:67,4,1,0
BRDA:70,5,0,0
BRDA:70,5,1,0
BRDA:71,6,0,0
BRDA:71,6,1,0
BRDA:76,7,0,0
BRDA:76,7,1,0
BRDA:100,8,0,0
BRDA:100,8,1,0
BRDA:103,9,0,0
BRDA:103,9,1,0
BRDA:113,10,0,0
BRDA:113,10,1,0
BRDA:115,11,0,0
BRDA:115,11,1,0
BRDA:126,12,0,0
BRDA:126,12,1,0
BRDA:128,13,0,0
BRDA:128,13,1,0
BRF:28
BRH:0
end_of_record
TN:
SF:src/components/panels/assistant/assistant-panel.js
FN:21,(anonymous_0)
FN:96,(anonymous_1)
FN:152,(anonymous_2)
FN:158,(anonymous_3)
FN:173,(anonymous_4)
FN:197,(anonymous_5)
FN:215,(anonymous_6)
FN:246,(anonymous_7)
FN:263,(anonymous_8)
FN:283,(anonymous_9)
FN:324,(anonymous_10)
FN:360,(anonymous_11)
FN:374,(anonymous_12)
FN:380,(anonymous_13)
FN:408,(anonymous_14)
FN:440,(anonymous_15)
FN:446,(anonymous_16)
FN:450,(anonymous_17)
FN:487,(anonymous_18)
FN:495,(anonymous_19)
FN:541,(anonymous_20)
FN:570,(anonymous_21)
FN:576,(anonymous_22)
FN:580,(anonymous_23)
FN:599,(anonymous_24)
FN:614,(anonymous_25)
FN:643,(anonymous_26)
FN:659,(anonymous_27)
FN:669,(anonymous_28)
FN:679,(anonymous_29)
FNF:30
FNH:0
FNDA:0,(anonymous_0)
FNDA:0,(anonymous_1)
FNDA:0,(anonymous_2)
FNDA:0,(anonymous_3)
FNDA:0,(anonymous_4)
FNDA:0,(anonymous_5)
FNDA:0,(anonymous_6)
FNDA:0,(anonymous_7)
FNDA:0,(anonymous_8)
FNDA:0,(anonymous_9)
FNDA:0,(anonymous_10)
FNDA:0,(anonymous_11)
FNDA:0,(anonymous_12)
FNDA:0,(anonymous_13)
FNDA:0,(anonymous_14)
FNDA:0,(anonymous_15)
FNDA:0,(anonymous_16)
FNDA:0,(anonymous_17)
FNDA:0,(anonymous_18)
FNDA:0,(anonymous_19)
FNDA:0,(anonymous_20)
FNDA:0,(anonymous_21)
FNDA:0,(anonymous_22)
FNDA:0,(anonymous_23)
FNDA:0,(anonymous_24)
FNDA:0,(anonymous_25)
FNDA:0,(anonymous_26)
FNDA:0,(anonymous_27)
FNDA:0,(anonymous_28)
FNDA:0,(anonymous_29)
DA:9,1
DA:23,0
DA:29,0
DA:31,0
DA:33,0
DA:34,0
DA:35,0
DA:39,0
DA:40,0
DA:41,0
DA:42,0
DA:43,0
DA:46,0
DA:47,0
DA:48,0
DA:51,0
DA:52,0
DA:53,0
DA:54,0
DA:58,0
DA:59,0
DA:60,0
DA:64,0
DA:67,0
DA:70,0
DA:72,0
DA:73,0
DA:74,0
DA:76,0
DA:80,0
DA:81,0
DA:82,0
DA:84,0
DA:85,0
DA:88,0
DA:97,0
DA:99,0
DA:100,0
DA:101,0
DA:102,0
DA:103,0
DA:107,0
DA:108,0
DA:109,0
DA:113,0
DA:114,0
DA:115,0
DA:132,0
DA:135,0
DA:137,0
DA:139,0
DA:140,0
DA:153,0
DA:155,0
DA:157,0
DA:158,0
DA:159,0
DA:160,0
DA:163,0
DA:166,0
DA:173,0
DA:174,0
DA:177,0
DA:181,0
DA:184,0
DA:190,0
DA:192,0
DA:196,0
DA:197,0
DA:198,0
DA:201,0
DA:204,0
DA:210,0
DA:214,0
DA:215,0
DA:216,0
DA:217,0
DA:218,0
DA:222,0
DA:225,0
DA:231,0
DA:234,0
DA:236,0
DA:237,0
DA:247,0
DA:249,0
DA:250,0
DA:251,0
DA:253,0
DA:254,0
DA:255,0
DA:256,0
DA:260,0
DA:263,0
DA:264,0
DA:268,0
DA:270,0
DA:272,0
DA:284,0
DA:286,0
DA:287,0
DA:288,0
DA:289,0
DA:290,0
DA:293,0
DA:294,0
DA:296,0
DA:302,0
DA:305,0
DA:308,0
DA:311,0
DA:313,0
DA:325,0
DA:327,0
DA:329,0
DA:330,0
DA:333,0
DA:340,0
DA:341,0
DA:345,0
DA:346,0
DA:348,0
DA:361,0
DA:362,0
DA:364,0
DA:365,0
DA:375,0
DA:377,0
DA:379,0
DA:380,0
DA:384,0
DA:386,0
DA:387,0
DA:388,0
DA:389,0
DA:390,0
DA:393,0
DA:396,0
DA:397,0
DA:398,0
DA:402,0
DA:405,0
DA:408,0
DA:409,0
DA:410,0
DA:412,0
DA:414,0
DA:419,0
DA:422,0
DA:425,0
DA:427,0
DA:430,0
DA:441,0
DA:443,0
DA:445,0
DA:446,0
DA:449,0
DA:450,0
DA:453,0
DA:454,0
DA:455,0
DA:456,0
DA:459,0
DA:460,0
DA:463,0
DA:466,0
DA:469,0
DA:470,0
DA:471,0
DA:472,0
DA:475,0
DA:476,0
DA:477,0
DA:478,0
DA:481,0
DA:483,0
DA:486,0
DA:487,0
DA:490,0
DA:491,0
DA:492,0
DA:493,0
DA:494,0
DA:495,0
DA:496,0
DA:499,0
DA:504,0
DA:514,0
DA:515,0
DA:518,0
DA:519,0
DA:520,0
DA:524,0
DA:526,0
DA:527,0
DA:528,0
DA:531,0
DA:532,0
DA:533,0
DA:534,0
DA:537,0
DA:540,0
DA:541,0
DA:545,0
DA:546,0
DA:547,0
DA:548,0
DA:551,0
DA:552,0
DA:553,0
DA:558,0
DA:559,0
DA:571,0
DA:573,0
DA:575,0
DA:576,0
DA:579,0
DA:580,0
DA:583,0
DA:585,0
DA:586,0
DA:587,0
DA:589,0
DA:591,0
DA:594,0
DA:597,0
DA:598,0
DA:599,0
DA:600,0
DA:602,0
DA:605,0
DA:606,0
DA:608,0
DA:609,0
DA:610,0
DA:611,0
DA:612,0
DA:614,0
DA:615,0
DA:618,0
DA:619,0
DA:623,0
DA:626,0
DA:627,0
DA:631,0
DA:634,0
DA:635,0
DA:645,0
DA:651,0
DA:652,0
DA:653,0
DA:656,0
DA:659,0
DA:660,0
DA:661,0
DA:663,0
DA:666,0
DA:669,0
DA:670,0
DA:671,0
DA:673,0
DA:676,0
DA:679,0
DA:680,0
DA:681,0
DA:682,0
DA:685,0
DA:688,0
DA:694,0
DA:695,0
LF:270
LH:1
BRDA:33,0,0,0
BRDA:33,0,1,0
BRDA:46,1,0,0
BRDA:46,1,1,0
BRDA:58,2,0,0
BRDA:58,2,1,0
BRDA:58,3,0,0
BRDA:58,3,1,0
BRDA:101,4,0,0
BRDA:101,4,1,0
BRDA:108,5,0,0
BRDA:108,5,1,0
BRDA:157,6,0,0
BRDA:157,6,1,0
BRDA:157,7,0,0
BRDA:157,7,1,0
BRDA:174,8,0,0
BRDA:174,8,1,0
BRDA:174,9,0,0
BRDA:174,9,1,0
BRDA:174,9,2,0
BRDA:174,9,3,0
BRDA:196,10,0,0
BRDA:196,10,1,0
BRDA:214,11,0,0
BRDA:214,11,1,0
BRDA:216,12,0,0
BRDA:216,12,1,0
BRDA:216,13,0,0
BRDA:216,13,1,0
BRDA:251,14,0,0
BRDA:251,14,1,0
BRDA:254,15,0,0
BRDA:254,15,1,0
BRDA:288,16,0,0
BRDA:288,16,1,0
BRDA:330,17,0,0
BRDA:330,17,1,0
BRDA:340,18,0,0
BRDA:340,18,1,0
BRDA:386,19,0,0
BRDA:386,19,1,0
BRDA:386,20,0,0
BRDA:386,20,1,0
BRDA:386,20,2,0
BRDA:388,21,0,0
BRDA:388,21,1,0
BRDA:416,22,0,0
BRDA:416,22,1,0
BRDA:454,23,0,0
BRDA:454,23,1,0
BRDA:460,24,0,0
BRDA:460,24,1,0
BRDA:470,25,0,0
BRDA:470,25,1,0
BRDA:491,26,0,0
BRDA:491,26,1,0
BRDA:494,27,0,0
BRDA:494,27,1,0
BRDA:494,28,0,0
BRDA:494,28,1,0
BRDA:494,28,2,0
BRDA:514,29,0,0
BRDA:514,29,1,0
BRDA:519,30,0,0
BRDA:519,30,1,0
BRDA:524,31,0,0
BRDA:524,31,1,0
BRDA:524,32,0,0
BRDA:524,32,1,0
BRDA:524,32,2,0
BRDA:531,33,0,0
BRDA:531,33,1,0
BRDA:547,34,0,0
BRDA:547,34,1,0
BRDA:547,35,0,0
BRDA:547,35,1,0
BRDA:552,36,0,0
BRDA:552,36,1,0
BRDA:558,37,0,0
BRDA:558,37,1,0
BRDA:585,38,0,0
BRDA:585,38,1,0
BRDA:585,39,0,0
BRDA:585,39,1,0
BRDA:589,40,0,0
BRDA:589,40,1,0
BRDA:594,41,0,0
BRDA:594,41,1,0
BRDA:597,42,0,0
BRDA:597,42,1,0
BRDA:597,43,0,0
BRDA:597,43,1,0
BRDA:600,44,0,0
BRDA:600,44,1,0
BRDA:606,45,0,0
BRDA:606,45,1,0
BRDA:608,46,0,0
BRDA:608,46,1,0
BRDA:612,47,0,0
BRDA:612,47,1,0
BRDA:612,48,0,0
BRDA:612,48,1,0
BRDA:619,49,0,0
BRDA:619,49,1,0
BRDA:631,50,0,0
BRDA:631,50,1,0
BRDA:635,51,0,0
BRDA:635,51,1,0
BRDA:651,52,0,0
BRDA:651,52,1,0
BRDA:681,53,0,0
BRDA:681,53,1,0
BRDA:681,54,0,0
BRDA:681,54,1,0
BRF:115
BRH:0
end_of_record
TN:
SF:src/components/panels/capture/bookmarks-capture.js
FN:24,(anonymous_0)
FN:48,(anonymous_1)
FN:63,(anonymous_2)
FN:76,(anonymous_3)
FN:82,(anonymous_4)
FN:96,(anonymous_5)
FN:112,(anonymous_6)
FN:131,(anonymous_7)
FN:133,(anonymous_8)
FN:134,(anonymous_9)
FN:135,(anonymous_10)
FN:144,(anonymous_11)
FN:145,(anonymous_12)
FN:146,(anonymous_13)
FN:152,(anonymous_14)
FN:161,(anonymous_15)
FN:162,(anonymous_16)
FN:163,(anonymous_17)
FN:182,(anonymous_18)
FN:196,(anonymous_19)
FN:238,(anonymous_20)
FN:252,(anonymous_21)
FN:275,(anonymous_22)
FN:318,(anonymous_23)
FN:321,(anonymous_24)
FN:331,(anonymous_25)
FN:331,(anonymous_26)
FN:334,(anonymous_27)
FN:344,(anonymous_28)
FN:357,(anonymous_29)
FN:383,(anonymous_30)
FN:386,(anonymous_31)
FN:395,(anonymous_32)
FN:459,(anonymous_33)
FN:481,(anonymous_34)
FN:489,(anonymous_35)
FN:498,(anonymous_36)
FN:517,(anonymous_37)
FN:536,(anonymous_38)
FN:580,(anonymous_39)
FN:583,(anonymous_40)
FN:592,(anonymous_41)
FN:594,(anonymous_42)
FN:600,(anonymous_43)
FN:602,(anonymous_44)
FN:636,(anonymous_45)
FN:647,(anonymous_46)
FN:676,(anonymous_47)
FN:691,(anonymous_48)
FN:710,(anonymous_49)
FN:726,(anonymous_50)
FN:736,(anonymous_51)
FN:746,(anonymous_52)
FN:758,(anonymous_53)
FNF:54
FNH:0
FNDA:0,(anonymous_0)
FNDA:0,(anonymous_1)
FNDA:0,(anonymous_2)
FNDA:0,(anonymous_3)
FNDA:0,(anonymous_4)
FNDA:0,(anonymous_5)
FNDA:0,(anonymous_6)
FNDA:0,(anonymous_7)
FNDA:0,(anonymous_8)
FNDA:0,(anonymous_9)
FNDA:0,(anonymous_10)
FNDA:0,(anonymous_11)
FNDA:0,(anonymous_12)
FNDA:0,(anonymous_13)
FNDA:0,(anonymous_14)
FNDA:0,(anonymous_15)
FNDA:0,(anonymous_16)
FNDA:0,(anonymous_17)
FNDA:0,(anonymous_18)
FNDA:0,(anonymous_19)
FNDA:0,(anonymous_20)
FNDA:0,(anonymous_21)
FNDA:0,(anonymous_22)
FNDA:0,(anonymous_23)
FNDA:0,(anonymous_24)
FNDA:0,(anonymous_25)
FNDA:0,(anonymous_26)
FNDA:0,(anonymous_27)
FNDA:0,(anonymous_28)
FNDA:0,(anonymous_29)
FNDA:0,(anonymous_30)
FNDA:0,(anonymous_31)
FNDA:0,(anonymous_32)
FNDA:0,(anonymous_33)
FNDA:0,(anonymous_34)
FNDA:0,(anonymous_35)
FNDA:0,(anonymous_36)
FNDA:0,(anonymous_37)
FNDA:0,(anonymous_38)
FNDA:0,(anonymous_39)
FNDA:0,(anonymous_40)
FNDA:0,(anonymous_41)
FNDA:0,(anonymous_42)
FNDA:0,(anonymous_43)
FNDA:0,(anonymous_44)
FNDA:0,(anonymous_45)
FNDA:0,(anonymous_46)
FNDA:0,(anonymous_47)
FNDA:0,(anonymous_48)
FNDA:0,(anonymous_49)
FNDA:0,(anonymous_50)
FNDA:0,(anonymous_51)
FNDA:0,(anonymous_52)
FNDA:0,(anonymous_53)
DA:9,1
DA:26,0
DA:32,0
DA:34,0
DA:35,0
DA:36,0
DA:39,0
DA:40,0
DA:41,0
DA:42,0
DA:43,0
DA:45,0
DA:47,0
DA:48,0
DA:51,0
DA:52,0
DA:64,0
DA:65,0
DA:67,0
DA:68,0
DA:77,0
DA:80,0
DA:81,0
DA:82,0
DA:83,0
DA:84,0
DA:85,0
DA:87,0
DA:94,0
DA:95,0
DA:96,0
DA:97,0
DA:98,0
DA:99,0
DA:101,0
DA:108,0
DA:109,0
DA:111,0
DA:112,0
DA:113,0
DA:114,0
DA:115,0
DA:117,0
DA:132,0
DA:133,0
DA:134,0
DA:136,0
DA:137,0
DA:139,0
DA:140,0
DA:142,0
DA:144,0
DA:145,0
DA:147,0
DA:148,0
DA:150,0
DA:153,0
DA:154,0
DA:156,0
DA:157,0
DA:159,0
DA:161,0
DA:162,0
DA:163,0
DA:166,0
DA:167,0
DA:168,0
DA:169,0
DA:172,0
DA:183,0
DA:184,0
DA:186,0
DA:187,0
DA:197,0
DA:199,0
DA:201,0
DA:202,0
DA:203,0
DA:207,0
DA:209,0
DA:211,0
DA:213,0
DA:216,0
DA:218,0
DA:219,0
DA:220,0
DA:224,0
DA:227,0
DA:230,0
DA:232,0
DA:234,0
DA:235,0
DA:237,0
DA:238,0
DA:241,0
DA:253,0
DA:254,0
DA:257,0
DA:259,0
DA:261,0
DA:262,0
DA:263,0
DA:265,0
DA:268,0
DA:270,0
DA:272,0
DA:273,0
DA:274,0
DA:276,0
DA:277,0
DA:283,0
DA:285,0
DA:287,0
DA:288,0
DA:293,0
DA:294,0
DA:298,0
DA:305,0
DA:307,0
DA:311,0
DA:319,0
DA:321,0
DA:322,0
DA:323,0
DA:324,0
DA:325,0
DA:328,0
DA:331,0
DA:334,0
DA:335,0
DA:336,0
DA:337,0
DA:338,0
DA:342,0
DA:343,0
DA:344,0
DA:345,0
DA:346,0
DA:347,0
DA:349,0
DA:350,0
DA:357,0
DA:358,0
DA:359,0
DA:360,0
DA:363,0
DA:364,0
DA:370,0
DA:371,0
DA:374,0
DA:375,0
DA:384,0
DA:386,0
DA:387,0
DA:388,0
DA:389,0
DA:390,0
DA:393,0
DA:395,0
DA:396,0
DA:397,0
DA:398,0
DA:399,0
DA:402,0
DA:403,0
DA:404,0
DA:405,0
DA:407,0
DA:411,0
DA:412,0
DA:413,0
DA:414,0
DA:415,0
DA:418,0
DA:421,0
DA:422,0
DA:425,0
DA:442,0
DA:445,0
DA:448,0
DA:449,0
DA:460,0
DA:461,0
DA:464,0
DA:466,0
DA:467,0
DA:468,0
DA:470,0
DA:471,0
DA:482,0
DA:483,0
DA:484,0
DA:487,0
DA:489,0
DA:490,0
DA:491,0
DA:492,0
DA:493,0
DA:496,0
DA:498,0
DA:500,0
DA:501,0
DA:504,0
DA:506,0
DA:508,0
DA:511,0
DA:512,0
DA:513,0
DA:517,0
DA:518,0
DA:519,0
DA:520,0
DA:521,0
DA:524,0
DA:525,0
DA:526,0
DA:527,0
DA:529,0
DA:533,0
DA:534,0
DA:535,0
DA:537,0
DA:541,0
DA:543,0
DA:544,0
DA:547,0
DA:564,0
DA:567,0
DA:568,0
DA:571,0
DA:572,0
DA:581,0
DA:583,0
DA:584,0
DA:585,0
DA:587,0
DA:588,0
DA:589,0
DA:592,0
DA:593,0
DA:594,0
DA:595,0
DA:597,0
DA:600,0
DA:601,0
DA:602,0
DA:603,0
DA:605,0
DA:608,0
DA:609,0
DA:611,0
DA:624,0
DA:627,0
DA:628,0
DA:637,0
DA:642,0
DA:644,0
DA:645,0
DA:647,0
DA:648,0
DA:649,0
DA:651,0
DA:652,0
DA:653,0
DA:654,0
DA:656,0
DA:657,0
DA:666,0
DA:667,0
DA:677,0
DA:679,0
DA:680,0
DA:682,0
DA:692,0
DA:694,0
DA:695,0
DA:696,0
DA:700,0
DA:703,0
DA:712,0
DA:718,0
DA:719,0
DA:720,0
DA:723,0
DA:726,0
DA:727,0
DA:728,0
DA:730,0
DA:733,0
DA:736,0
DA:737,0
DA:738,0
DA:740,0
DA:743,0
DA:746,0
DA:747,0
DA:748,0
DA:749,0
DA:752,0
DA:755,0
DA:758,0
DA:759,0
DA:760,0
DA:761,0
DA:764,0
DA:767,0
DA:770,0
DA:771,0
DA:773,0
LF:309
LH:1
BRDA:34,0,0,0
BRDA:34,0,1,0
BRDA:81,1,0,0
BRDA:81,1,1,0
BRDA:83,2,0,0
BRDA:83,2,1,0
BRDA:83,3,0,0
BRDA:83,3,1,0
BRDA:95,4,0,0
BRDA:95,4,1,0
BRDA:97,5,0,0
BRDA:97,5,1,0
BRDA:97,6,0,0
BRDA:97,6,1,0
BRDA:111,7,0,0
BRDA:111,7,1,0
BRDA:111,8,0,0
BRDA:111,8,1,0
BRDA:113,9,0,0
BRDA:113,9,1,0
BRDA:113,10,0,0
BRDA:113,10,1,0
BRDA:113,10,2,0
BRDA:136,11,0,0
BRDA:136,11,1,0
BRDA:136,12,0,0
BRDA:136,12,1,0
BRDA:139,13,0,0
BRDA:139,13,1,0
BRDA:139,14,0,0
BRDA:139,14,1,0
BRDA:147,15,0,0
BRDA:147,15,1,0
BRDA:147,16,0,0
BRDA:147,16,1,0
BRDA:153,17,0,0
BRDA:153,17,1,0
BRDA:153,18,0,0
BRDA:153,18,1,0
BRDA:156,19,0,0
BRDA:156,19,1,0
BRDA:156,20,0,0
BRDA:156,20,1,0
BRDA:167,21,0,0
BRDA:167,21,1,0
BRDA:201,22,0,0
BRDA:201,22,1,0
BRDA:218,23,0,0
BRDA:218,23,1,0
BRDA:252,24,0,0
BRDA:253,25,0,0
BRDA:253,25,1,0
BRDA:261,26,0,0
BRDA:261,26,1,0
BRDA:261,27,0,0
BRDA:261,27,1,0
BRDA:261,27,2,0
BRDA:262,28,0,0
BRDA:262,28,1,0
BRDA:268,29,0,0
BRDA:268,29,1,0
BRDA:270,30,0,0
BRDA:270,30,1,0
BRDA:277,31,0,0
BRDA:277,31,1,0
BRDA:277,31,2,0
BRDA:288,32,0,0
BRDA:288,32,1,0
BRDA:288,32,2,0
BRDA:293,33,0,0
BRDA:293,33,1,0
BRDA:305,34,0,0
BRDA:305,34,1,0
BRDA:323,35,0,0
BRDA:323,35,1,0
BRDA:343,36,0,0
BRDA:343,36,1,0
BRDA:359,37,0,0
BRDA:359,37,1,0
BRDA:374,38,0,0
BRDA:374,38,1,0
BRDA:388,39,0,0
BRDA:388,39,1,0
BRDA:414,40,0,0
BRDA:414,40,1,0
BRDA:414,41,0,0
BRDA:414,41,1,0
BRDA:418,42,0,0
BRDA:418,42,1,0
BRDA:422,43,0,0
BRDA:422,43,1,0
BRDA:433,44,0,0
BRDA:433,44,1,0
BRDA:437,45,0,0
BRDA:437,45,1,0
BRDA:448,46,0,0
BRDA:448,46,1,0
BRDA:460,47,0,0
BRDA:460,47,1,0
BRDA:464,48,0,0
BRDA:464,48,1,0
BRDA:482,49,0,0
BRDA:482,49,1,0
BRDA:491,50,0,0
BRDA:491,50,1,0
BRDA:500,51,0,0
BRDA:500,51,1,0
BRDA:500,52,0,0
BRDA:500,52,1,0
BRDA:504,53,0,0
BRDA:504,53,1,0
BRDA:504,54,0,0
BRDA:504,54,1,0
BRDA:504,54,2,0
BRDA:511,55,0,0
BRDA:511,55,1,0
BRDA:537,56,0,0
BRDA:537,56,1,0
BRDA:544,57,0,0
BRDA:544,57,1,0
BRDA:555,58,0,0
BRDA:555,58,1,0
BRDA:559,59,0,0
BRDA:559,59,1,0
BRDA:571,60,0,0
BRDA:571,60,1,0
BRDA:587,61,0,0
BRDA:587,61,1,0
BRDA:587,62,0,0
BRDA:587,62,1,0
BRDA:627,63,0,0
BRDA:627,63,1,0
BRDA:649,64,0,0
BRDA:649,64,1,0
BRDA:654,65,0,0
BRDA:654,65,1,0
BRDA:656,66,0,0
BRDA:656,66,1,0
BRDA:676,67,0,0
BRDA:676,68,0,0
BRDA:679,69,0,0
BRDA:679,69,1,0
BRDA:679,70,0,0
BRDA:679,70,1,0
BRDA:694,71,0,0
BRDA:694,71,1,0
BRDA:718,72,0,0
BRDA:718,72,1,0
BRDA:748,73,0,0
BRDA:748,73,1,0
BRDA:748,74,0,0
BRDA:748,74,1,0
BRDA:760,75,0,0
BRDA:760,75,1,0
BRDA:760,76,0,0
BRDA:760,76,1,0
BRF:156
BRH:0
end_of_record
TN:
SF:src/components/panels/capture/capture-panel.js
FN:29,(anonymous_0)
FN:46,(anonymous_1)
FN:47,(anonymous_2)
FN:53,(anonymous_3)
FN:54,(anonymous_4)
FN:95,(anonymous_5)
FN:104,(anonymous_6)
FN:122,(anonymous_7)
FN:140,(anonymous_8)
FN:168,(anonymous_9)
FN:183,(anonymous_10)
FN:212,(anonymous_11)
FN:254,(anonymous_12)
FN:274,(anonymous_13)
FN:276,(anonymous_14)
FN:277,(anonymous_15)
FN:335,(anonymous_16)
FN:337,(anonymous_17)
FN:338,(anonymous_18)
FN:427,(anonymous_19)
FN:432,(anonymous_20)
FN:449,(anonymous_21)
FN:454,(anonymous_22)
FN:479,(anonymous_23)
FN:500,(anonymous_24)
FN:505,(anonymous_25)
FN:546,(anonymous_26)
FN:574,(anonymous_27)
FN:575,(anonymous_28)
FN:581,(anonymous_29)
FN:593,(anonymous_30)
FN:617,(anonymous_31)
FN:636,(anonymous_32)
FN:645,(anonymous_33)
FN:678,(anonymous_34)
FN:722,(anonymous_35)
FN:732,(anonymous_36)
FN:742,(anonymous_37)
FN:754,(anonymous_38)
FNF:39
FNH:0
FNDA:0,(anonymous_0)
FNDA:0,(anonymous_1)
FNDA:0,(anonymous_2)
FNDA:0,(anonymous_3)
FNDA:0,(anonymous_4)
FNDA:0,(anonymous_5)
FNDA:0,(anonymous_6)
FNDA:0,(anonymous_7)
FNDA:0,(anonymous_8)
FNDA:0,(anonymous_9)
FNDA:0,(anonymous_10)
FNDA:0,(anonymous_11)
FNDA:0,(anonymous_12)
FNDA:0,(anonymous_13)
FNDA:0,(anonymous_14)
FNDA:0,(anonymous_15)
FNDA:0,(anonymous_16)
FNDA:0,(anonymous_17)
FNDA:0,(anonymous_18)
FNDA:0,(anonymous_19)
FNDA:0,(anonymous_20)
FNDA:0,(anonymous_21)
FNDA:0,(anonymous_22)
FNDA:0,(anonymous_23)
FNDA:0,(anonymous_24)
FNDA:0,(anonymous_25)
FNDA:0,(anonymous_26)
FNDA:0,(anonymous_27)
FNDA:0,(anonymous_28)
FNDA:0,(anonymous_29)
FNDA:0,(anonymous_30)
FNDA:0,(anonymous_31)
FNDA:0,(anonymous_32)
FNDA:0,(anonymous_33)
FNDA:0,(anonymous_34)
FNDA:0,(anonymous_35)
FNDA:0,(anonymous_36)
FNDA:0,(anonymous_37)
FNDA:0,(anonymous_38)
DA:12,1
DA:31,0
DA:39,0
DA:40,0
DA:43,0
DA:44,0
DA:45,0
DA:46,0
DA:51,0
DA:52,0
DA:53,0
DA:58,0
DA:60,0
DA:62,0
DA:63,0
DA:64,0
DA:68,0
DA:69,0
DA:70,0
DA:73,0
DA:76,0
DA:79,0
DA:81,0
DA:82,0
DA:83,0
DA:85,0
DA:86,0
DA:87,0
DA:96,0
DA:98,0
DA:99,0
DA:100,0
DA:101,0
DA:103,0
DA:104,0
DA:105,0
DA:106,0
DA:109,0
DA:112,0
DA:118,0
DA:121,0
DA:122,0
DA:123,0
DA:124,0
DA:127,0
DA:130,0
DA:136,0
DA:139,0
DA:140,0
DA:141,0
DA:142,0
DA:145,0
DA:148,0
DA:154,0
DA:157,0
DA:159,0
DA:160,0
DA:169,0
DA:171,0
DA:172,0
DA:174,0
DA:176,0
DA:177,0
DA:180,0
DA:183,0
DA:184,0
DA:185,0
DA:188,0
DA:191,0
DA:197,0
DA:199,0
DA:200,0
DA:203,0
DA:204,0
DA:213,0
DA:215,0
DA:216,0
DA:218,0
DA:219,0
DA:220,0
DA:222,0
DA:223,0
DA:224,0
DA:225,0
DA:226,0
DA:227,0
DA:231,0
DA:232,0
DA:233,0
DA:234,0
DA:236,0
DA:240,0
DA:242,0
DA:243,0
DA:255,0
DA:256,0
DA:257,0
DA:258,0
DA:260,0
DA:261,0
DA:264,0
DA:265,0
DA:275,0
DA:276,0
DA:280,0
DA:282,0
DA:284,0
DA:285,0
DA:286,0
DA:287,0
DA:288,0
DA:291,0
DA:292,0
DA:295,0
DA:297,0
DA:299,0
DA:300,0
DA:302,0
DA:303,0
DA:305,0
DA:306,0
DA:308,0
DA:309,0
DA:310,0
DA:313,0
DA:314,0
DA:315,0
DA:316,0
DA:320,0
DA:323,0
DA:324,0
DA:336,0
DA:337,0
DA:341,0
DA:344,0
DA:345,0
DA:347,0
DA:348,0
DA:349,0
DA:353,0
DA:355,0
DA:357,0
DA:358,0
DA:361,0
DA:362,0
DA:364,0
DA:365,0
DA:366,0
DA:369,0
DA:376,0
DA:378,0
DA:379,0
DA:381,0
DA:383,0
DA:384,0
DA:385,0
DA:386,0
DA:387,0
DA:389,0
DA:391,0
DA:392,0
DA:393,0
DA:394,0
DA:398,0
DA:403,0
DA:404,0
DA:405,0
DA:411,0
DA:418,0
DA:419,0
DA:427,0
DA:431,0
DA:432,0
DA:436,0
DA:437,0
DA:438,0
DA:439,0
DA:440,0
DA:441,0
DA:442,0
DA:444,0
DA:445,0
DA:449,0
DA:450,0
DA:451,0
DA:454,0
DA:455,0
DA:459,0
DA:460,0
DA:464,0
DA:465,0
DA:469,0
DA:472,0
DA:474,0
DA:475,0
DA:476,0
DA:479,0
DA:480,0
DA:483,0
DA:484,0
DA:488,0
DA:491,0
DA:501,0
DA:503,0
DA:505,0
DA:506,0
DA:510,0
DA:511,0
DA:512,0
DA:515,0
DA:517,0
DA:518,0
DA:519,0
DA:521,0
DA:522,0
DA:523,0
DA:525,0
DA:526,0
DA:527,0
DA:529,0
DA:532,0
DA:535,0
DA:547,0
DA:549,0
DA:551,0
DA:552,0
DA:553,0
DA:555,0
DA:557,0
DA:560,0
DA:563,0
DA:575,0
DA:577,0
DA:578,0
DA:581,0
DA:582,0
DA:585,0
DA:586,0
DA:590,0
DA:593,0
DA:595,0
DA:596,0
DA:597,0
DA:600,0
DA:601,0
DA:602,0
DA:603,0
DA:607,0
DA:618,0
DA:620,0
DA:622,0
DA:624,0
DA:626,0
DA:637,0
DA:639,0
DA:641,0
DA:642,0
DA:645,0
DA:653,0
DA:656,0
DA:657,0
DA:661,0
DA:664,0
DA:665,0
DA:666,0
DA:668,0
DA:670,0
DA:680,0
DA:686,0
DA:687,0
DA:688,0
DA:691,0
DA:694,0
DA:695,0
DA:696,0
DA:697,0
DA:699,0
DA:703,0
DA:704,0
DA:705,0
DA:706,0
DA:708,0
DA:712,0
DA:713,0
DA:714,0
DA:715,0
DA:717,0
DA:722,0
DA:723,0
DA:724,0
DA:726,0
DA:729,0
DA:732,0
DA:733,0
DA:734,0
DA:736,0
DA:739,0
DA:742,0
DA:743,0
DA:744,0
DA:745,0
DA:748,0
DA:751,0
DA:754,0
DA:755,0
DA:756,0
DA:757,0
DA:760,0
DA:763,0
DA:766,0
DA:767,0
DA:768,0
DA:770,0
DA:771,0
LF:314
LH:1
BRDA:43,0,0,0
BRDA:43,0,1,0
BRDA:43,1,0,0
BRDA:43,1,1,0
BRDA:62,2,0,0
BRDA:62,2,1,0
BRDA:103,3,0,0
BRDA:103,3,1,0
BRDA:121,4,0,0
BRDA:121,4,1,0
BRDA:139,5,0,0
BRDA:139,5,1,0
BRDA:174,6,0,0
BRDA:174,6,1,0
BRDA:218,7,0,0
BRDA:218,7,1,0
BRDA:222,8,0,0
BRDA:222,8,1,0
BRDA:224,9,0,0
BRDA:224,9,1,0
BRDA:226,10,0,0
BRDA:226,10,1,0
BRDA:232,11,0,0
BRDA:232,11,1,0
BRDA:257,12,0,0
BRDA:257,12,1,0
BRDA:257,13,0,0
BRDA:257,13,1,0
BRDA:285,14,0,0
BRDA:285,14,1,0
BRDA:297,15,0,0
BRDA:297,15,1,0
BRDA:297,15,2,0
BRDA:297,15,3,0
BRDA:313,16,0,0
BRDA:313,16,1,0
BRDA:345,17,0,0
BRDA:345,17,1,0
BRDA:347,18,0,0
BRDA:347,18,1,0
BRDA:376,19,0,0
BRDA:376,19,1,0
BRDA:383,20,0,0
BRDA:383,20,1,0
BRDA:384,21,0,0
BRDA:384,21,1,0
BRDA:385,22,0,0
BRDA:385,22,1,0
BRDA:387,23,0,0
BRDA:387,23,1,0
BRDA:391,24,0,0
BRDA:391,24,1,0
BRDA:393,25,0,0
BRDA:393,25,1,0
BRDA:403,26,0,0
BRDA:403,26,1,0
BRDA:403,27,0,0
BRDA:403,27,1,0
BRDA:414,28,0,0
BRDA:414,28,1,0
BRDA:431,29,0,0
BRDA:431,29,1,0
BRDA:436,30,0,0
BRDA:436,30,1,0
BRDA:437,31,0,0
BRDA:437,31,1,0
BRDA:440,32,0,0
BRDA:440,32,1,0
BRDA:459,33,0,0
BRDA:459,33,1,0
BRDA:465,34,0,0
BRDA:465,34,1,0
BRDA:474,35,0,0
BRDA:474,35,1,0
BRDA:484,36,0,0
BRDA:484,36,1,0
BRDA:511,37,0,0
BRDA:511,37,1,0
BRDA:515,38,0,0
BRDA:515,38,1,0
BRDA:515,38,2,0
BRDA:515,38,3,0
BRDA:551,39,0,0
BRDA:551,39,1,0
BRDA:551,40,0,0
BRDA:551,40,1,0
BRDA:551,40,2,0
BRDA:574,41,0,0
BRDA:586,42,0,0
BRDA:586,42,1,0
BRDA:597,43,0,0
BRDA:597,43,1,0
BRDA:600,44,0,0
BRDA:600,44,1,0
BRDA:602,45,0,0
BRDA:602,45,1,0
BRDA:618,46,0,0
BRDA:618,46,1,0
BRDA:618,46,2,0
BRDA:618,46,3,0
BRDA:642,47,0,0
BRDA:642,47,1,0
BRDA:647,48,0,0
BRDA:647,48,1,0
BRDA:656,49,0,0
BRDA:656,49,1,0
BRDA:664,50,0,0
BRDA:664,50,1,0
BRDA:686,51,0,0
BRDA:686,51,1,0
BRDA:694,52,0,0
BRDA:694,52,1,0
BRDA:703,53,0,0
BRDA:703,53,1,0
BRDA:712,54,0,0
BRDA:712,54,1,0
BRDA:744,55,0,0
BRDA:744,55,1,0
BRDA:744,56,0,0
BRDA:744,56,1,0
BRDA:756,57,0,0
BRDA:756,57,1,0
BRDA:756,58,0,0
BRDA:756,58,1,0
BRF:124
BRH:0
end_of_record
TN:
SF:src/components/panels/capture/history-capture.js
FN:24,(anonymous_0)
FN:48,(anonymous_1)
FN:63,(anonymous_2)
FN:76,(anonymous_3)
FN:82,(anonymous_4)
FN:96,(anonymous_5)
FN:112,(anonymous_6)
FN:131,(anonymous_7)
FN:133,(anonymous_8)
FN:134,(anonymous_9)
FN:135,(anonymous_10)
FN:142,(anonymous_11)
FN:149,(anonymous_12)
FN:156,(anonymous_13)
FN:163,(anonymous_14)
FN:164,(anonymous_15)
FN:170,(anonymous_16)
FN:189,(anonymous_17)
FN:199,(anonymous_18)
FN:203,(anonymous_19)
FN:214,(anonymous_20)
FN:216,(anonymous_21)
FN:235,(anonymous_22)
FN:238,(anonymous_23)
FN:247,(anonymous_24)
FN:249,(anonymous_25)
FN:255,(anonymous_26)
FN:257,(anonymous_27)
FN:293,(anonymous_28)
FN:326,(anonymous_29)
FN:334,(anonymous_30)
FN:338,(anonymous_31)
FN:360,(anonymous_32)
FN:377,(anonymous_33)
FN:400,(anonymous_34)
FN:412,(anonymous_35)
FN:445,(anonymous_36)
FN:465,(anonymous_37)
FN:484,(anonymous_38)
FN:501,(anonymous_39)
FN:503,(anonymous_40)
FN:563,(anonymous_41)
FN:578,(anonymous_42)
FN:599,(anonymous_43)
FN:633,(anonymous_44)
FN:650,(anonymous_45)
FN:668,(anonymous_46)
FN:679,(anonymous_47)
FN:681,(anonymous_48)
FN:687,(anonymous_49)
FN:689,(anonymous_50)
FN:717,(anonymous_51)
FN:728,(anonymous_52)
FN:755,(anonymous_53)
FN:771,(anonymous_54)
FN:781,(anonymous_55)
FN:791,(anonymous_56)
FN:803,(anonymous_57)
FNF:58
FNH:0
FNDA:0,(anonymous_0)
FNDA:0,(anonymous_1)
FNDA:0,(anonymous_2)
FNDA:0,(anonymous_3)
FNDA:0,(anonymous_4)
FNDA:0,(anonymous_5)
FNDA:0,(anonymous_6)
FNDA:0,(anonymous_7)
FNDA:0,(anonymous_8)
FNDA:0,(anonymous_9)
FNDA:0,(anonymous_10)
FNDA:0,(anonymous_11)
FNDA:0,(anonymous_12)
FNDA:0,(anonymous_13)
FNDA:0,(anonymous_14)
FNDA:0,(anonymous_15)
FNDA:0,(anonymous_16)
FNDA:0,(anonymous_17)
FNDA:0,(anonymous_18)
FNDA:0,(anonymous_19)
FNDA:0,(anonymous_20)
FNDA:0,(anonymous_21)
FNDA:0,(anonymous_22)
FNDA:0,(anonymous_23)
FNDA:0,(anonymous_24)
FNDA:0,(anonymous_25)
FNDA:0,(anonymous_26)
FNDA:0,(anonymous_27)
FNDA:0,(anonymous_28)
FNDA:0,(anonymous_29)
FNDA:0,(anonymous_30)
FNDA:0,(anonymous_31)
FNDA:0,(anonymous_32)
FNDA:0,(anonymous_33)
FNDA:0,(anonymous_34)
FNDA:0,(anonymous_35)
FNDA:0,(anonymous_36)
FNDA:0,(anonymous_37)
FNDA:0,(anonymous_38)
FNDA:0,(anonymous_39)
FNDA:0,(anonymous_40)
FNDA:0,(anonymous_41)
FNDA:0,(anonymous_42)
FNDA:0,(anonymous_43)
FNDA:0,(anonymous_44)
FNDA:0,(anonymous_45)
FNDA:0,(anonymous_46)
FNDA:0,(anonymous_47)
FNDA:0,(anonymous_48)
FNDA:0,(anonymous_49)
FNDA:0,(anonymous_50)
FNDA:0,(anonymous_51)
FNDA:0,(anonymous_52)
FNDA:0,(anonymous_53)
FNDA:0,(anonymous_54)
FNDA:0,(anonymous_55)
FNDA:0,(anonymous_56)
FNDA:0,(anonymous_57)
DA:9,1
DA:26,0
DA:32,0
DA:34,0
DA:35,0
DA:36,0
DA:39,0
DA:40,0
DA:41,0
DA:42,0
DA:43,0
DA:45,0
DA:47,0
DA:48,0
DA:51,0
DA:52,0
DA:64,0
DA:65,0
DA:67,0
DA:68,0
DA:77,0
DA:80,0
DA:81,0
DA:82,0
DA:83,0
DA:84,0
DA:85,0
DA:87,0
DA:94,0
DA:95,0
DA:96,0
DA:97,0
DA:98,0
DA:99,0
DA:101,0
DA:108,0
DA:109,0
DA:111,0
DA:112,0
DA:113,0
DA:114,0
DA:115,0
DA:117,0
DA:132,0
DA:133,0
DA:134,0
DA:136,0
DA:137,0
DA:138,0
DA:140,0
DA:143,0
DA:144,0
DA:145,0
DA:147,0
DA:150,0
DA:151,0
DA:152,0
DA:154,0
DA:157,0
DA:158,0
DA:159,0
DA:161,0
DA:163,0
DA:165,0
DA:166,0
DA:168,0
DA:170,0
DA:173,0
DA:174,0
DA:175,0
DA:176,0
DA:179,0
DA:190,0
DA:191,0
DA:193,0
DA:194,0
DA:200,0
DA:201,0
DA:203,0
DA:204,0
DA:206,0
DA:207,0
DA:208,0
DA:211,0
DA:214,0
DA:216,0
DA:217,0
DA:218,0
DA:219,0
DA:220,0
DA:224,0
DA:227,0
DA:230,0
DA:231,0
DA:236,0
DA:238,0
DA:239,0
DA:240,0
DA:242,0
DA:243,0
DA:244,0
DA:247,0
DA:248,0
DA:249,0
DA:250,0
DA:252,0
DA:255,0
DA:256,0
DA:257,0
DA:258,0
DA:260,0
DA:263,0
DA:264,0
DA:267,0
DA:280,0
DA:283,0
DA:284,0
DA:294,0
DA:296,0
DA:298,0
DA:299,0
DA:300,0
DA:304,0
DA:306,0
DA:308,0
DA:310,0
DA:311,0
DA:313,0
DA:316,0
DA:323,0
DA:324,0
DA:325,0
DA:327,0
DA:328,0
DA:334,0
DA:336,0
DA:338,0
DA:339,0
DA:340,0
DA:346,0
DA:347,0
DA:348,0
DA:352,0
DA:355,0
DA:358,0
DA:359,0
DA:360,0
DA:361,0
DA:364,0
DA:367,0
DA:375,0
DA:376,0
DA:377,0
DA:378,0
DA:381,0
DA:384,0
DA:392,0
DA:394,0
DA:396,0
DA:397,0
DA:399,0
DA:400,0
DA:403,0
DA:413,0
DA:418,0
DA:419,0
DA:422,0
DA:424,0
DA:426,0
DA:428,0
DA:430,0
DA:432,0
DA:434,0
DA:436,0
DA:446,0
DA:447,0
DA:449,0
DA:451,0
DA:453,0
DA:454,0
DA:455,0
DA:458,0
DA:460,0
DA:461,0
DA:465,0
DA:466,0
DA:470,0
DA:471,0
DA:472,0
DA:476,0
DA:477,0
DA:485,0
DA:486,0
DA:488,0
DA:489,0
DA:491,0
DA:493,0
DA:494,0
DA:495,0
DA:498,0
DA:501,0
DA:503,0
DA:504,0
DA:505,0
DA:506,0
DA:507,0
DA:510,0
DA:511,0
DA:512,0
DA:513,0
DA:515,0
DA:519,0
DA:520,0
DA:523,0
DA:524,0
DA:525,0
DA:526,0
DA:527,0
DA:530,0
DA:533,0
DA:534,0
DA:537,0
DA:554,0
DA:564,0
DA:566,0
DA:567,0
DA:569,0
DA:579,0
DA:580,0
DA:581,0
DA:584,0
DA:587,0
DA:590,0
DA:600,0
DA:601,0
DA:604,0
DA:605,0
DA:606,0
DA:607,0
DA:608,0
DA:611,0
DA:612,0
DA:616,0
DA:617,0
DA:621,0
DA:623,0
DA:624,0
DA:634,0
DA:636,0
DA:638,0
DA:639,0
DA:640,0
DA:643,0
DA:645,0
DA:646,0
DA:650,0
DA:651,0
DA:655,0
DA:656,0
DA:657,0
DA:660,0
DA:661,0
DA:669,0
DA:671,0
DA:672,0
DA:674,0
DA:675,0
DA:676,0
DA:679,0
DA:680,0
DA:681,0
DA:682,0
DA:684,0
DA:687,0
DA:688,0
DA:689,0
DA:690,0
DA:692,0
DA:695,0
DA:696,0
DA:699,0
DA:718,0
DA:723,0
DA:725,0
DA:726,0
DA:728,0
DA:729,0
DA:730,0
DA:732,0
DA:733,0
DA:734,0
DA:735,0
DA:737,0
DA:738,0
DA:747,0
DA:748,0
DA:757,0
DA:763,0
DA:764,0
DA:765,0
DA:768,0
DA:771,0
DA:772,0
DA:773,0
DA:775,0
DA:778,0
DA:781,0
DA:782,0
DA:783,0
DA:785,0
DA:788,0
DA:791,0
DA:792,0
DA:793,0
DA:794,0
DA:797,0
DA:800,0
DA:803,0
DA:804,0
DA:805,0
DA:806,0
DA:809,0
DA:812,0
DA:815,0
DA:816,0
DA:818,0
LF:326
LH:1
BRDA:34,0,0,0
BRDA:34,0,1,0
BRDA:81,1,0,0
BRDA:81,1,1,0
BRDA:83,2,0,0
BRDA:83,2,1,0
BRDA:83,3,0,0
BRDA:83,3,1,0
BRDA:95,4,0,0
BRDA:95,4,1,0
BRDA:97,5,0,0
BRDA:97,5,1,0
BRDA:97,6,0,0
BRDA:97,6,1,0
BRDA:111,7,0,0
BRDA:111,7,1,0
BRDA:111,8,0,0
BRDA:111,8,1,0
BRDA:113,9,0,0
BRDA:113,9,1,0
BRDA:113,10,0,0
BRDA:113,10,1,0
BRDA:113,10,2,0
BRDA:136,11,0,0
BRDA:136,11,1,0
BRDA:136,12,0,0
BRDA:136,12,1,0
BRDA:143,13,0,0
BRDA:143,13,1,0
BRDA:143,14,0,0
BRDA:143,14,1,0
BRDA:150,15,0,0
BRDA:150,15,1,0
BRDA:150,16,0,0
BRDA:150,16,1,0
BRDA:150,16,2,0
BRDA:157,17,0,0
BRDA:157,17,1,0
BRDA:157,18,0,0
BRDA:157,18,1,0
BRDA:165,19,0,0
BRDA:165,19,1,0
BRDA:165,20,0,0
BRDA:165,20,1,0
BRDA:174,21,0,0
BRDA:174,21,1,0
BRDA:199,22,0,0
BRDA:200,23,0,0
BRDA:200,23,1,0
BRDA:206,24,0,0
BRDA:206,24,1,0
BRDA:230,25,0,0
BRDA:230,25,1,0
BRDA:242,26,0,0
BRDA:242,26,1,0
BRDA:242,27,0,0
BRDA:242,27,1,0
BRDA:283,28,0,0
BRDA:283,28,1,0
BRDA:298,29,0,0
BRDA:298,29,1,0
BRDA:310,30,0,0
BRDA:310,30,1,0
BRDA:328,31,0,0
BRDA:328,31,1,0
BRDA:328,31,2,0
BRDA:340,32,0,0
BRDA:340,32,1,0
BRDA:340,32,2,0
BRDA:346,33,0,0
BRDA:346,33,1,0
BRDA:359,34,0,0
BRDA:359,34,1,0
BRDA:376,35,0,0
BRDA:376,35,1,0
BRDA:418,36,0,0
BRDA:418,36,1,0
BRDA:424,37,0,0
BRDA:424,37,1,0
BRDA:424,37,2,0
BRDA:424,37,3,0
BRDA:424,37,4,0
BRDA:424,37,5,0
BRDA:446,38,0,0
BRDA:446,38,1,0
BRDA:453,39,0,0
BRDA:453,39,1,0
BRDA:458,40,0,0
BRDA:458,40,1,0
BRDA:466,41,0,0
BRDA:466,41,1,0
BRDA:470,42,0,0
BRDA:470,42,1,0
BRDA:484,43,0,0
BRDA:485,44,0,0
BRDA:485,44,1,0
BRDA:488,45,0,0
BRDA:488,45,1,0
BRDA:493,46,0,0
BRDA:493,46,1,0
BRDA:526,47,0,0
BRDA:526,47,1,0
BRDA:526,48,0,0
BRDA:526,48,1,0
BRDA:530,49,0,0
BRDA:530,49,1,0
BRDA:534,50,0,0
BRDA:534,50,1,0
BRDA:545,51,0,0
BRDA:545,51,1,0
BRDA:563,52,0,0
BRDA:566,53,0,0
BRDA:566,53,1,0
BRDA:579,54,0,0
BRDA:579,54,1,0
BRDA:600,55,0,0
BRDA:600,55,1,0
BRDA:611,56,0,0
BRDA:611,56,1,0
BRDA:616,57,0,0
BRDA:616,57,1,0
BRDA:638,58,0,0
BRDA:638,58,1,0
BRDA:643,59,0,0
BRDA:643,59,1,0
BRDA:651,60,0,0
BRDA:651,60,1,0
BRDA:655,61,0,0
BRDA:655,61,1,0
BRDA:674,62,0,0
BRDA:674,62,1,0
BRDA:674,63,0,0
BRDA:674,63,1,0
BRDA:730,64,0,0
BRDA:730,64,1,0
BRDA:735,65,0,0
BRDA:735,65,1,0
BRDA:737,66,0,0
BRDA:737,66,1,0
BRDA:763,67,0,0
BRDA:763,67,1,0
BRDA:793,68,0,0
BRDA:793,68,1,0
BRDA:793,69,0,0
BRDA:793,69,1,0
BRDA:805,70,0,0
BRDA:805,70,1,0
BRDA:805,71,0,0
BRDA:805,71,1,0
BRF:149
BRH:0
end_of_record
TN:
SF:src/components/panels/capture/tabs-capture.js
FN:25,(anonymous_0)
FN:54,(anonymous_1)
FN:67,(anonymous_2)
FN:70,(anonymous_3)
FN:71,(anonymous_4)
FN:75,(anonymous_5)
FN:99,(anonymous_6)
FN:122,(anonymous_7)
FN:128,(anonymous_8)
FN:142,(anonymous_9)
FN:156,(anonymous_10)
FN:175,(anonymous_11)
FN:177,(anonymous_12)
FN:178,(anonymous_13)
FN:179,(anonymous_14)
FN:185,(anonymous_15)
FN:194,(anonymous_16)
FN:200,(anonymous_17)
FN:206,(anonymous_18)
FN:207,(anonymous_19)
FN:208,(anonymous_20)
FN:209,(anonymous_21)
FN:210,(anonymous_22)
FN:211,(anonymous_23)
FN:217,(anonymous_24)
FN:236,(anonymous_25)
FN:250,(anonymous_26)
FN:273,(anonymous_27)
FN:274,(anonymous_28)
FN:278,(anonymous_29)
FN:356,(anonymous_30)
FN:365,(anonymous_31)
FN:367,(anonymous_32)
FN:382,(anonymous_33)
FN:433,(anonymous_34)
FN:462,(anonymous_35)
FN:474,(anonymous_36)
FN:498,(anonymous_37)
FN:547,(anonymous_38)
FN:554,(anonymous_39)
FN:566,(anonymous_40)
FN:586,(anonymous_41)
FN:593,(anonymous_42)
FN:603,(anonymous_43)
FN:616,(anonymous_44)
FN:644,(anonymous_45)
FN:647,(anonymous_46)
FN:660,(anonymous_47)
FN:709,(anonymous_48)
FN:713,(anonymous_49)
FN:747,(anonymous_50)
FN:750,(anonymous_51)
FN:771,(anonymous_52)
FN:774,(anonymous_53)
FN:785,(anonymous_54)
FN:828,(anonymous_55)
FN:830,(anonymous_56)
FN:863,(anonymous_57)
FN:866,(anonymous_58)
FN:893,(anonymous_59)
FN:896,(anonymous_60)
FN:906,(anonymous_61)
FN:910,(anonymous_62)
FN:943,(anonymous_63)
FN:954,(anonymous_64)
FN:984,(anonymous_65)
FN:1007,(anonymous_66)
FN:1044,(anonymous_67)
FN:1053,(anonymous_68)
FN:1069,(anonymous_69)
FN:1079,(anonymous_70)
FN:1089,(anonymous_71)
FN:1101,(anonymous_72)
FNF:73
FNH:0
FNDA:0,(anonymous_0)
FNDA:0,(anonymous_1)
FNDA:0,(anonymous_2)
FNDA:0,(anonymous_3)
FNDA:0,(anonymous_4)
FNDA:0,(anonymous_5)
FNDA:0,(anonymous_6)
FNDA:0,(anonymous_7)
FNDA:0,(anonymous_8)
FNDA:0,(anonymous_9)
FNDA:0,(anonymous_10)
FNDA:0,(anonymous_11)
FNDA:0,(anonymous_12)
FNDA:0,(anonymous_13)
FNDA:0,(anonymous_14)
FNDA:0,(anonymous_15)
FNDA:0,(anonymous_16)
FNDA:0,(anonymous_17)
FNDA:0,(anonymous_18)
FNDA:0,(anonymous_19)
FNDA:0,(anonymous_20)
FNDA:0,(anonymous_21)
FNDA:0,(anonymous_22)
FNDA:0,(anonymous_23)
FNDA:0,(anonymous_24)
FNDA:0,(anonymous_25)
FNDA:0,(anonymous_26)
FNDA:0,(anonymous_27)
FNDA:0,(anonymous_28)
FNDA:0,(anonymous_29)
FNDA:0,(anonymous_30)
FNDA:0,(anonymous_31)
FNDA:0,(anonymous_32)
FNDA:0,(anonymous_33)
FNDA:0,(anonymous_34)
FNDA:0,(anonymous_35)
FNDA:0,(anonymous_36)
FNDA:0,(anonymous_37)
FNDA:0,(anonymous_38)
FNDA:0,(anonymous_39)
FNDA:0,(anonymous_40)
FNDA:0,(anonymous_41)
FNDA:0,(anonymous_42)
FNDA:0,(anonymous_43)
FNDA:0,(anonymous_44)
FNDA:0,(anonymous_45)
FNDA:0,(anonymous_46)
FNDA:0,(anonymous_47)
FNDA:0,(anonymous_48)
FNDA:0,(anonymous_49)
FNDA:0,(anonymous_50)
FNDA:0,(anonymous_51)
FNDA:0,(anonymous_52)
FNDA:0,(anonymous_53)
FNDA:0,(anonymous_54)
FNDA:0,(anonymous_55)
FNDA:0,(anonymous_56)
FNDA:0,(anonymous_57)
FNDA:0,(anonymous_58)
FNDA:0,(anonymous_59)
FNDA:0,(anonymous_60)
FNDA:0,(anonymous_61)
FNDA:0,(anonymous_62)
FNDA:0,(anonymous_63)
FNDA:0,(anonymous_64)
FNDA:0,(anonymous_65)
FNDA:0,(anonymous_66)
FNDA:0,(anonymous_67)
FNDA:0,(anonymous_68)
FNDA:0,(anonymous_69)
FNDA:0,(anonymous_70)
FNDA:0,(anonymous_71)
FNDA:0,(anonymous_72)
DA:9,1
DA:27,0
DA:33,0
DA:34,0
DA:35,0
DA:38,0
DA:40,0
DA:41,0
DA:42,0
DA:45,0
DA:46,0
DA:47,0
DA:48,0
DA:49,0
DA:51,0
DA:53,0
DA:54,0
DA:57,0
DA:58,0
DA:68,0
DA:70,0
DA:71,0
DA:72,0
DA:75,0
DA:76,0
DA:78,0
DA:79,0
DA:80,0
DA:83,0
DA:84,0
DA:86,0
DA:100,0
DA:101,0
DA:104,0
DA:105,0
DA:106,0
DA:107,0
DA:111,0
DA:113,0
DA:114,0
DA:123,0
DA:126,0
DA:127,0
DA:128,0
DA:129,0
DA:130,0
DA:131,0
DA:133,0
DA:140,0
DA:141,0
DA:142,0
DA:143,0
DA:144,0
DA:145,0
DA:147,0
DA:154,0
DA:155,0
DA:156,0
DA:157,0
DA:158,0
DA:159,0
DA:161,0
DA:176,0
DA:177,0
DA:178,0
DA:180,0
DA:181,0
DA:183,0
DA:186,0
DA:187,0
DA:189,0
DA:190,0
DA:192,0
DA:195,0
DA:196,0
DA:198,0
DA:201,0
DA:202,0
DA:204,0
DA:206,0
DA:207,0
DA:208,0
DA:209,0
DA:210,0
DA:212,0
DA:213,0
DA:215,0
DA:217,0
DA:220,0
DA:221,0
DA:222,0
DA:223,0
DA:226,0
DA:237,0
DA:238,0
DA:240,0
DA:241,0
DA:251,0
DA:253,0
DA:255,0
DA:256,0
DA:257,0
DA:261,0
DA:263,0
DA:265,0
DA:267,0
DA:268,0
DA:272,0
DA:273,0
DA:274,0
DA:275,0
DA:278,0
DA:279,0
DA:281,0
DA:282,0
DA:283,0
DA:286,0
DA:287,0
DA:288,0
DA:291,0
DA:295,0
DA:297,0
DA:298,0
DA:299,0
DA:303,0
DA:306,0
DA:307,0
DA:309,0
DA:310,0
DA:314,0
DA:315,0
DA:316,0
DA:317,0
DA:318,0
DA:321,0
DA:323,0
DA:324,0
DA:325,0
DA:328,0
DA:329,0
DA:331,0
DA:332,0
DA:333,0
DA:334,0
DA:336,0
DA:337,0
DA:338,0
DA:340,0
DA:341,0
DA:344,0
DA:345,0
DA:346,0
DA:347,0
DA:349,0
DA:352,0
DA:353,0
DA:356,0
DA:357,0
DA:358,0
DA:361,0
DA:362,0
DA:365,0
DA:366,0
DA:367,0
DA:368,0
DA:372,0
DA:375,0
DA:382,0
DA:383,0
DA:384,0
DA:387,0
DA:390,0
DA:398,0
DA:400,0
DA:402,0
DA:405,0
DA:406,0
DA:407,0
DA:409,0
DA:410,0
DA:413,0
DA:416,0
DA:417,0
DA:419,0
DA:420,0
DA:424,0
DA:425,0
DA:426,0
DA:427,0
DA:428,0
DA:433,0
DA:445,0
DA:449,0
DA:450,0
DA:453,0
DA:457,0
DA:458,0
DA:461,0
DA:462,0
DA:464,0
DA:475,0
DA:476,0
DA:479,0
DA:480,0
DA:481,0
DA:483,0
DA:484,0
DA:485,0
DA:499,0
DA:500,0
DA:503,0
DA:504,0
DA:505,0
DA:506,0
DA:507,0
DA:509,0
DA:511,0
DA:512,0
DA:513,0
DA:514,0
DA:516,0
DA:517,0
DA:518,0
DA:519,0
DA:521,0
DA:522,0
DA:524,0
DA:525,0
DA:526,0
DA:528,0
DA:529,0
DA:530,0
DA:532,0
DA:533,0
DA:535,0
DA:536,0
DA:537,0
DA:539,0
DA:548,0
DA:549,0
DA:552,0
DA:554,0
DA:555,0
DA:557,0
DA:558,0
DA:559,0
DA:563,0
DA:566,0
DA:567,0
DA:568,0
DA:569,0
DA:570,0
DA:573,0
DA:576,0
DA:577,0
DA:587,0
DA:588,0
DA:591,0
DA:593,0
DA:594,0
DA:595,0
DA:597,0
DA:598,0
DA:599,0
DA:603,0
DA:604,0
DA:607,0
DA:610,0
DA:616,0
DA:617,0
DA:620,0
DA:623,0
DA:630,0
DA:632,0
DA:635,0
DA:636,0
DA:645,0
DA:647,0
DA:649,0
DA:651,0
DA:652,0
DA:653,0
DA:656,0
DA:657,0
DA:658,0
DA:660,0
DA:661,0
DA:664,0
DA:667,0
DA:673,0
DA:676,0
DA:677,0
DA:678,0
DA:680,0
DA:702,0
DA:705,0
DA:706,0
DA:708,0
DA:709,0
DA:710,0
DA:713,0
DA:714,0
DA:717,0
DA:718,0
DA:721,0
DA:735,0
DA:738,0
DA:739,0
DA:748,0
DA:750,0
DA:751,0
DA:753,0
DA:754,0
DA:755,0
DA:758,0
DA:759,0
DA:762,0
DA:763,0
DA:772,0
DA:774,0
DA:775,0
DA:776,0
DA:777,0
DA:778,0
DA:779,0
DA:782,0
DA:783,0
DA:785,0
DA:786,0
DA:787,0
DA:788,0
DA:790,0
DA:793,0
DA:794,0
DA:798,0
DA:799,0
DA:803,0
DA:804,0
DA:808,0
DA:809,0
DA:813,0
DA:814,0
DA:815,0
DA:816,0
DA:817,0
DA:818,0
DA:822,0
DA:823,0
DA:827,0
DA:828,0
DA:829,0
DA:830,0
DA:832,0
DA:836,0
DA:837,0
DA:839,0
DA:840,0
DA:841,0
DA:842,0
DA:843,0
DA:844,0
DA:846,0
DA:847,0
DA:850,0
DA:851,0
DA:854,0
DA:855,0
DA:864,0
DA:866,0
DA:867,0
DA:868,0
DA:869,0
DA:870,0
DA:871,0
DA:873,0
DA:874,0
DA:875,0
DA:876,0
DA:877,0
DA:879,0
DA:880,0
DA:881,0
DA:884,0
DA:885,0
DA:894,0
DA:896,0
DA:897,0
DA:898,0
DA:900,0
DA:901,0
DA:902,0
DA:906,0
DA:907,0
DA:910,0
DA:911,0
DA:914,0
DA:915,0
DA:918,0
DA:931,0
DA:934,0
DA:935,0
DA:944,0
DA:949,0
DA:951,0
DA:952,0
DA:954,0
DA:955,0
DA:956,0
DA:958,0
DA:959,0
DA:960,0
DA:961,0
DA:962,0
DA:964,0
DA:965,0
DA:975,0
DA:976,0
DA:985,0
DA:989,0
DA:996,0
DA:1001,0
DA:1003,0
DA:1005,0
DA:1008,0
DA:1023,0
DA:1024,0
DA:1027,0
DA:1028,0
DA:1030,0
DA:1032,0
DA:1045,0
DA:1046,0
DA:1055,0
DA:1061,0
DA:1062,0
DA:1063,0
DA:1066,0
DA:1069,0
DA:1070,0
DA:1071,0
DA:1073,0
DA:1076,0
DA:1079,0
DA:1080,0
DA:1081,0
DA:1083,0
DA:1086,0
DA:1089,0
DA:1090,0
DA:1091,0
DA:1092,0
DA:1095,0
DA:1098,0
DA:1101,0
DA:1102,0
DA:1103,0
DA:1104,0
DA:1107,0
DA:1110,0
DA:1113,0
DA:1114,0
DA:1115,0
DA:1117,0
LF:463
LH:1
BRDA:33,0,0,0
BRDA:33,0,1,0
BRDA:33,1,0,0
BRDA:33,1,1,0
BRDA:40,2,0,0
BRDA:40,2,1,0
BRDA:78,3,0,0
BRDA:78,3,1,0
BRDA:83,4,0,0
BRDA:83,4,1,0
BRDA:83,5,0,0
BRDA:83,5,1,0
BRDA:84,6,0,0
BRDA:84,6,1,0
BRDA:86,7,0,0
BRDA:86,7,1,0
BRDA:104,8,0,0
BRDA:104,8,1,0
BRDA:104,9,0,0
BRDA:104,9,1,0
BRDA:105,10,0,0
BRDA:105,10,1,0
BRDA:127,11,0,0
BRDA:127,11,1,0
BRDA:129,12,0,0
BRDA:129,12,1,0
BRDA:129,13,0,0
BRDA:129,13,1,0
BRDA:141,14,0,0
BRDA:141,14,1,0
BRDA:143,15,0,0
BRDA:143,15,1,0
BRDA:143,16,0,0
BRDA:143,16,1,0
BRDA:155,17,0,0
BRDA:155,17,1,0
BRDA:157,18,0,0
BRDA:157,18,1,0
BRDA:157,19,0,0
BRDA:157,19,1,0
BRDA:180,20,0,0
BRDA:180,20,1,0
BRDA:180,21,0,0
BRDA:180,21,1,0
BRDA:186,22,0,0
BRDA:186,22,1,0
BRDA:186,23,0,0
BRDA:186,23,1,0
BRDA:189,24,0,0
BRDA:189,24,1,0
BRDA:189,25,0,0
BRDA:189,25,1,0
BRDA:189,25,2,0
BRDA:195,26,0,0
BRDA:195,26,1,0
BRDA:195,27,0,0
BRDA:195,27,1,0
BRDA:201,28,0,0
BRDA:201,28,1,0
BRDA:201,29,0,0
BRDA:201,29,1,0
BRDA:212,30,0,0
BRDA:212,30,1,0
BRDA:212,31,0,0
BRDA:212,31,1,0
BRDA:221,32,0,0
BRDA:221,32,1,0
BRDA:255,33,0,0
BRDA:255,33,1,0
BRDA:267,34,0,0
BRDA:267,34,1,0
BRDA:267,35,0,0
BRDA:267,35,1,0
BRDA:281,36,0,0
BRDA:281,36,1,0
BRDA:286,37,0,0
BRDA:286,37,1,0
BRDA:297,38,0,0
BRDA:297,38,1,0
BRDA:309,39,0,0
BRDA:309,39,1,0
BRDA:317,40,0,0
BRDA:317,40,1,0
BRDA:321,41,0,0
BRDA:321,41,1,0
BRDA:383,42,0,0
BRDA:383,42,1,0
BRDA:384,43,0,0
BRDA:384,43,1,0
BRDA:409,44,0,0
BRDA:409,44,1,0
BRDA:409,45,0,0
BRDA:409,45,1,0
BRDA:419,46,0,0
BRDA:419,46,1,0
BRDA:425,47,0,0
BRDA:425,47,1,0
BRDA:425,48,0,0
BRDA:425,48,1,0
BRDA:436,49,0,0
BRDA:436,49,1,0
BRDA:438,50,0,0
BRDA:438,50,1,0
BRDA:457,51,0,0
BRDA:457,51,1,0
BRDA:475,52,0,0
BRDA:475,52,1,0
BRDA:485,53,0,0
BRDA:485,53,1,0
BRDA:485,53,2,0
BRDA:499,54,0,0
BRDA:499,54,1,0
BRDA:509,55,0,0
BRDA:509,55,1,0
BRDA:526,56,0,0
BRDA:526,56,1,0
BRDA:548,57,0,0
BRDA:548,57,1,0
BRDA:557,58,0,0
BRDA:557,58,1,0
BRDA:576,59,0,0
BRDA:576,59,1,0
BRDA:587,60,0,0
BRDA:587,60,1,0
BRDA:597,61,0,0
BRDA:597,61,1,0
BRDA:597,62,0,0
BRDA:597,62,1,0
BRDA:635,63,0,0
BRDA:635,63,1,0
BRDA:651,64,0,0
BRDA:651,64,1,0
BRDA:708,65,0,0
BRDA:708,65,1,0
BRDA:708,66,0,0
BRDA:708,66,1,0
BRDA:738,67,0,0
BRDA:738,67,1,0
BRDA:753,68,0,0
BRDA:753,68,1,0
BRDA:758,69,0,0
BRDA:758,69,1,0
BRDA:762,70,0,0
BRDA:762,70,1,0
BRDA:775,71,0,0
BRDA:775,71,1,0
BRDA:776,72,0,0
BRDA:776,72,1,0
BRDA:777,73,0,0
BRDA:777,73,1,0
BRDA:778,74,0,0
BRDA:778,74,1,0
BRDA:779,75,0,0
BRDA:779,75,1,0
BRDA:787,76,0,0
BRDA:787,76,1,0
BRDA:793,77,0,0
BRDA:793,77,1,0
BRDA:793,78,0,0
BRDA:793,78,1,0
BRDA:798,79,0,0
BRDA:798,79,1,0
BRDA:798,80,0,0
BRDA:798,80,1,0
BRDA:798,80,2,0
BRDA:803,81,0,0
BRDA:803,81,1,0
BRDA:803,82,0,0
BRDA:803,82,1,0
BRDA:808,83,0,0
BRDA:808,83,1,0
BRDA:808,84,0,0
BRDA:808,84,1,0
BRDA:808,84,2,0
BRDA:813,85,0,0
BRDA:813,85,1,0
BRDA:813,86,0,0
BRDA:813,86,1,0
BRDA:815,87,0,0
BRDA:815,87,1,0
BRDA:815,88,0,0
BRDA:815,88,1,0
BRDA:817,89,0,0
BRDA:817,89,1,0
BRDA:817,90,0,0
BRDA:817,90,1,0
BRDA:822,91,0,0
BRDA:822,91,1,0
BRDA:823,92,0,0
BRDA:823,92,1,0
BRDA:832,93,0,0
BRDA:832,93,1,0
BRDA:839,94,0,0
BRDA:839,94,1,0
BRDA:839,95,0,0
BRDA:839,95,1,0
BRDA:840,96,0,0
BRDA:840,96,1,0
BRDA:846,97,0,0
BRDA:846,97,1,0
BRDA:854,98,0,0
BRDA:854,98,1,0
BRDA:873,99,0,0
BRDA:873,99,1,0
BRDA:874,100,0,0
BRDA:874,100,1,0
BRDA:875,101,0,0
BRDA:875,101,1,0
BRDA:876,102,0,0
BRDA:876,102,1,0
BRDA:877,103,0,0
BRDA:877,103,1,0
BRDA:884,104,0,0
BRDA:884,104,1,0
BRDA:900,105,0,0
BRDA:900,105,1,0
BRDA:900,106,0,0
BRDA:900,106,1,0
BRDA:934,107,0,0
BRDA:934,107,1,0
BRDA:956,108,0,0
BRDA:956,108,1,0
BRDA:962,109,0,0
BRDA:962,109,1,0
BRDA:964,110,0,0
BRDA:964,110,1,0
BRDA:985,111,0,0
BRDA:985,111,1,0
BRDA:1012,112,0,0
BRDA:1012,112,1,0
BRDA:1013,113,0,0
BRDA:1013,113,1,0
BRDA:1014,114,0,0
BRDA:1014,114,1,0
BRDA:1015,115,0,0
BRDA:1015,115,1,0
BRDA:1016,116,0,0
BRDA:1016,116,1,0
BRDA:1017,117,0,0
BRDA:1017,117,1,0
BRDA:1023,118,0,0
BRDA:1023,118,1,0
BRDA:1023,119,0,0
BRDA:1023,119,1,0
BRDA:1023,119,2,0
BRDA:1024,120,0,0
BRDA:1024,120,1,0
BRDA:1061,121,0,0
BRDA:1061,121,1,0
BRDA:1091,122,0,0
BRDA:1091,122,1,0
BRDA:1091,123,0,0
BRDA:1091,123,1,0
BRDA:1103,124,0,0
BRDA:1103,124,1,0
BRDA:1103,125,0,0
BRDA:1103,125,1,0
BRF:257
BRH:0
end_of_record
TN:
SF:src/components/panels/debug/debug-panel.js
FN:4,(anonymous_0)
FN:6,(anonymous_1)
FN:11,(anonymous_2)
FN:16,(anonymous_3)
FN:20,(anonymous_4)
FN:44,(anonymous_5)
FN:49,(anonymous_6)
FN:59,formatMessage
FN:61,(anonymous_8)
FN:69,(anonymous_9)
FN:77,(anonymous_10)
FN:85,(anonymous_11)
FN:93,(anonymous_12)
FNF:13
FNH:0
FNDA:0,(anonymous_0)
FNDA:0,(anonymous_1)
FNDA:0,(anonymous_2)
FNDA:0,(anonymous_3)
FNDA:0,(anonymous_4)
FNDA:0,(anonymous_5)
FNDA:0,(anonymous_6)
FNDA:0,formatMessage
FNDA:0,(anonymous_8)
FNDA:0,(anonymous_9)
FNDA:0,(anonymous_10)
FNDA:0,(anonymous_11)
FNDA:0,(anonymous_12)
DA:4,0
DA:6,0
DA:7,0
DA:8,0
DA:11,0
DA:12,0
DA:13,0
DA:16,0
DA:17,0
DA:20,0
DA:21,0
DA:22,0
DA:25,0
DA:26,0
DA:27,0
DA:31,0
DA:37,0
DA:38,0
DA:39,0
DA:44,0
DA:45,0
DA:49,0
DA:50,0
DA:51,0
DA:60,0
DA:61,0
DA:62,0
DA:65,0
DA:69,0
DA:70,0
DA:71,0
DA:72,0
DA:73,0
DA:77,0
DA:78,0
DA:79,0
DA:80,0
DA:81,0
DA:85,0
DA:86,0
DA:87,0
DA:88,0
DA:89,0
DA:93,0
DA:94,0
DA:95,0
DA:96,0
DA:97,0
LF:48
LH:0
BRDA:25,0,0,0
BRDA:25,0,1,0
BRDA:38,1,0,0
BRDA:38,1,1,0
BRDA:62,2,0,0
BRDA:62,2,1,0
BRDA:71,3,0,0
BRDA:71,3,1,0
BRDA:79,4,0,0
BRDA:79,4,1,0
BRDA:87,5,0,0
BRDA:87,5,1,0
BRDA:95,6,0,0
BRDA:95,6,1,0
BRF:14
BRH:0
end_of_record
TN:
SF:src/components/panels/debug/navigation-debug.js
FN:4,initNavigationDebug
FN:6,(anonymous_1)
FN:20,(anonymous_2)
FN:28,(anonymous_3)
FN:47,updateDebugInfo
FN:55,(anonymous_5)
FN:74,(anonymous_6)
FNF:7
FNH:0
FNDA:0,initNavigationDebug
FNDA:0,(anonymous_1)
FNDA:0,(anonymous_2)
FNDA:0,(anonymous_3)
FNDA:0,updateDebugInfo
FNDA:0,(anonymous_5)
FNDA:0,(anonymous_6)
DA:6,0
DA:7,0
DA:8,0
DA:9,0
DA:10,0
DA:12,0
DA:13,0
DA:20,0
DA:21,0
DA:25,0
DA:28,0
DA:30,0
DA:32,0
DA:33,0
DA:37,0
DA:39,0
DA:48,0
DA:50,0
DA:51,0
DA:53,0
DA:54,0
DA:55,0
DA:56,0
DA:57,0
DA:58,0
DA:59,0
DA:64,0
DA:69,0
DA:70,0
DA:72,0
DA:73,0
DA:74,0
DA:75,0
DA:76,0
DA:77,0
DA:78,0
DA:83,0
DA:88,0
DA:89,0
DA:90,0
DA:91,0
DA:94,0
LF:42
LH:0
BRDA:7,0,0,0
BRDA:7,0,1,0
BRDA:7,1,0,0
BRDA:7,1,1,0
BRDA:7,1,2,0
BRDA:9,2,0,0
BRDA:9,2,1,0
BRDA:10,3,0,0
BRDA:10,3,1,0
BRDA:12,4,0,0
BRDA:12,4,1,0
BRDA:32,5,0,0
BRDA:32,5,1,0
BRDA:32,6,0,0
BRDA:32,6,1,0
BRDA:53,7,0,0
BRDA:53,7,1,0
BRDA:61,8,0,0
BRDA:61,8,1,0
BRDA:72,9,0,0
BRDA:72,9,1,0
BRDA:80,10,0,0
BRDA:80,10,1,0
BRDA:81,11,0,0
BRDA:81,11,1,0
BRDA:89,12,0,0
BRDA:89,12,1,0
BRDA:89,13,0,0
BRDA:89,13,1,0
BRDA:89,13,2,0
BRF:30
BRH:0
end_of_record
TN:
SF:src/components/panels/debug/recovery.js
FN:2,(anonymous_0)
FN:23,(anonymous_1)
FNF:2
FNH:0
FNDA:0,(anonymous_0)
FNDA:0,(anonymous_1)
DA:2,0
DA:3,0
DA:5,0
DA:6,0
DA:8,0
DA:11,0
DA:12,0
DA:13,0
DA:20,0
DA:23,0
DA:24,0
LF:11
LH:0
BRF:0
BRH:0
end_of_record
TN:
SF:src/components/panels/knowledge/knowledge-panel.js
FN:28,(anonymous_0)
FN:57,(anonymous_1)
FN:61,(anonymous_2)
FN:62,(anonymous_3)
FN:115,(anonymous_4)
FN:128,(anonymous_5)
FN:237,(anonymous_6)
FN:242,(anonymous_7)
FN:249,(anonymous_8)
FN:271,(anonymous_9)
FN:296,(anonymous_10)
FN:330,(anonymous_11)
FN:333,(anonymous_12)
FN:347,(anonymous_13)
FN:370,(anonymous_14)
FN:387,(anonymous_15)
FN:403,(anonymous_16)
FN:404,(anonymous_17)
FN:434,(anonymous_18)
FN:437,(anonymous_19)
FN:442,(anonymous_20)
FN:450,(anonymous_21)
FN:464,(anonymous_22)
FN:466,(anonymous_23)
FN:472,(anonymous_24)
FN:509,(anonymous_25)
FN:512,(anonymous_26)
FN:517,(anonymous_27)
FN:530,(anonymous_28)
FN:533,(anonymous_29)
FN:570,(anonymous_30)
FN:573,(anonymous_31)
FN:577,(anonymous_32)
FN:613,(anonymous_33)
FN:633,(anonymous_34)
FN:654,(anonymous_35)
FN:657,(anonymous_36)
FN:661,(anonymous_37)
FN:699,(anonymous_38)
FN:719,(anonymous_39)
FN:738,(anonymous_40)
FN:774,(anonymous_41)
FN:800,(anonymous_42)
FN:811,(anonymous_43)
FN:821,(anonymous_44)
FN:822,(anonymous_45)
FN:841,(anonymous_46)
FN:848,(anonymous_47)
FN:857,(anonymous_48)
FN:867,(anonymous_49)
FN:877,(anonymous_50)
FN:893,(anonymous_51)
FN:920,(anonymous_52)
FN:930,(anonymous_53)
FN:947,(anonymous_54)
FN:953,(anonymous_55)
FN:965,(anonymous_56)
FN:969,(anonymous_57)
FN:995,(anonymous_58)
FN:1016,(anonymous_59)
FN:1032,(anonymous_60)
FN:1035,(anonymous_61)
FN:1051,(anonymous_62)
FN:1055,(anonymous_63)
FN:1058,(anonymous_64)
FN:1078,(anonymous_65)
FN:1101,(anonymous_66)
FN:1103,(anonymous_67)
FN:1104,(anonymous_68)
FN:1124,(anonymous_69)
FN:1140,(anonymous_70)
FN:1150,(anonymous_71)
FN:1160,(anonymous_72)
FN:1174,(anonymous_73)
FNF:74
FNH:0
FNDA:0,(anonymous_0)
FNDA:0,(anonymous_1)
FNDA:0,(anonymous_2)
FNDA:0,(anonymous_3)
FNDA:0,(anonymous_4)
FNDA:0,(anonymous_5)
FNDA:0,(anonymous_6)
FNDA:0,(anonymous_7)
FNDA:0,(anonymous_8)
FNDA:0,(anonymous_9)
FNDA:0,(anonymous_10)
FNDA:0,(anonymous_11)
FNDA:0,(anonymous_12)
FNDA:0,(anonymous_13)
FNDA:0,(anonymous_14)
FNDA:0,(anonymous_15)
FNDA:0,(anonymous_16)
FNDA:0,(anonymous_17)
FNDA:0,(anonymous_18)
FNDA:0,(anonymous_19)
FNDA:0,(anonymous_20)
FNDA:0,(anonymous_21)
FNDA:0,(anonymous_22)
FNDA:0,(anonymous_23)
FNDA:0,(anonymous_24)
FNDA:0,(anonymous_25)
FNDA:0,(anonymous_26)
FNDA:0,(anonymous_27)
FNDA:0,(anonymous_28)
FNDA:0,(anonymous_29)
FNDA:0,(anonymous_30)
FNDA:0,(anonymous_31)
FNDA:0,(anonymous_32)
FNDA:0,(anonymous_33)
FNDA:0,(anonymous_34)
FNDA:0,(anonymous_35)
FNDA:0,(anonymous_36)
FNDA:0,(anonymous_37)
FNDA:0,(anonymous_38)
FNDA:0,(anonymous_39)
FNDA:0,(anonymous_40)
FNDA:0,(anonymous_41)
FNDA:0,(anonymous_42)
FNDA:0,(anonymous_43)
FNDA:0,(anonymous_44)
FNDA:0,(anonymous_45)
FNDA:0,(anonymous_46)
FNDA:0,(anonymous_47)
FNDA:0,(anonymous_48)
FNDA:0,(anonymous_49)
FNDA:0,(anonymous_50)
FNDA:0,(anonymous_51)
FNDA:0,(anonymous_52)
FNDA:0,(anonymous_53)
FNDA:0,(anonymous_54)
FNDA:0,(anonymous_55)
FNDA:0,(anonymous_56)
FNDA:0,(anonymous_57)
FNDA:0,(anonymous_58)
FNDA:0,(anonymous_59)
FNDA:0,(anonymous_60)
FNDA:0,(anonymous_61)
FNDA:0,(anonymous_62)
FNDA:0,(anonymous_63)
FNDA:0,(anonymous_64)
FNDA:0,(anonymous_65)
FNDA:0,(anonymous_66)
FNDA:0,(anonymous_67)
FNDA:0,(anonymous_68)
FNDA:0,(anonymous_69)
FNDA:0,(anonymous_70)
FNDA:0,(anonymous_71)
FNDA:0,(anonymous_72)
FNDA:0,(anonymous_73)
DA:9,1
DA:30,0
DA:36,0
DA:38,0
DA:40,0
DA:41,0
DA:42,0
DA:46,0
DA:49,0
DA:50,0
DA:56,0
DA:57,0
DA:60,0
DA:61,0
DA:62,0
DA:66,0
DA:69,0
DA:72,0
DA:75,0
DA:78,0
DA:80,0
DA:81,0
DA:82,0
DA:84,0
DA:87,0
DA:88,0
DA:89,0
DA:90,0
DA:92,0
DA:95,0
DA:98,0
DA:99,0
DA:100,0
DA:104,0
DA:116,0
DA:117,0
DA:119,0
DA:120,0
DA:129,0
DA:131,0
DA:132,0
DA:133,0
DA:134,0
DA:135,0
DA:139,0
DA:140,0
DA:141,0
DA:144,0
DA:145,0
DA:146,0
DA:220,0
DA:221,0
DA:223,0
DA:225,0
DA:228,0
DA:229,0
DA:238,0
DA:240,0
DA:242,0
DA:243,0
DA:247,0
DA:248,0
DA:249,0
DA:250,0
DA:251,0
DA:255,0
DA:258,0
DA:264,0
DA:266,0
DA:269,0
DA:270,0
DA:271,0
DA:272,0
DA:273,0
DA:276,0
DA:279,0
DA:285,0
DA:287,0
DA:291,0
DA:294,0
DA:295,0
DA:296,0
DA:297,0
DA:298,0
DA:299,0
DA:303,0
DA:306,0
DA:312,0
DA:314,0
DA:317,0
DA:319,0
DA:320,0
DA:332,0
DA:333,0
DA:336,0
DA:337,0
DA:338,0
DA:341,0
DA:343,0
DA:345,0
DA:346,0
DA:347,0
DA:348,0
DA:349,0
DA:350,0
DA:353,0
DA:354,0
DA:357,0
DA:360,0
DA:368,0
DA:369,0
DA:370,0
DA:371,0
DA:374,0
DA:377,0
DA:385,0
DA:386,0
DA:387,0
DA:388,0
DA:391,0
DA:394,0
DA:402,0
DA:403,0
DA:404,0
DA:405,0
DA:406,0
DA:407,0
DA:408,0
DA:410,0
DA:414,0
DA:417,0
DA:424,0
DA:426,0
DA:436,0
DA:437,0
DA:441,0
DA:442,0
DA:445,0
DA:447,0
DA:449,0
DA:450,0
DA:451,0
DA:454,0
DA:455,0
DA:457,0
DA:460,0
DA:463,0
DA:464,0
DA:465,0
DA:466,0
DA:471,0
DA:472,0
DA:473,0
DA:474,0
DA:475,0
DA:477,0
DA:478,0
DA:479,0
DA:484,0
DA:485,0
DA:486,0
DA:487,0
DA:488,0
DA:492,0
DA:493,0
DA:496,0
DA:498,0
DA:499,0
DA:511,0
DA:512,0
DA:516,0
DA:517,0
DA:520,0
DA:521,0
DA:522,0
DA:523,0
DA:526,0
DA:528,0
DA:530,0
DA:531,0
DA:534,0
DA:538,0
DA:541,0
DA:542,0
DA:543,0
DA:544,0
DA:545,0
DA:549,0
DA:550,0
DA:554,0
DA:555,0
DA:558,0
DA:559,0
DA:572,0
DA:573,0
DA:576,0
DA:577,0
DA:580,0
DA:581,0
DA:582,0
DA:583,0
DA:586,0
DA:588,0
DA:589,0
DA:591,0
DA:593,0
DA:600,0
DA:602,0
DA:607,0
DA:608,0
DA:609,0
DA:610,0
DA:613,0
DA:614,0
DA:615,0
DA:616,0
DA:619,0
DA:620,0
DA:624,0
DA:626,0
DA:629,0
DA:630,0
DA:631,0
DA:633,0
DA:634,0
DA:635,0
DA:638,0
DA:639,0
DA:643,0
DA:656,0
DA:657,0
DA:660,0
DA:661,0
DA:664,0
DA:665,0
DA:666,0
DA:667,0
DA:670,0
DA:672,0
DA:673,0
DA:675,0
DA:677,0
DA:679,0
DA:687,0
DA:688,0
DA:689,0
DA:690,0
DA:693,0
DA:694,0
DA:695,0
DA:696,0
DA:698,0
DA:699,0
DA:700,0
DA:701,0
DA:704,0
DA:705,0
DA:709,0
DA:712,0
DA:715,0
DA:716,0
DA:717,0
DA:719,0
DA:720,0
DA:721,0
DA:724,0
DA:725,0
DA:729,0
DA:739,0
DA:741,0
DA:743,0
DA:745,0
DA:747,0
DA:749,0
DA:751,0
DA:752,0
DA:757,0
DA:763,0
DA:766,0
DA:770,0
DA:771,0
DA:773,0
DA:774,0
DA:776,0
DA:779,0
DA:781,0
DA:784,0
DA:785,0
DA:796,0
DA:797,0
DA:799,0
DA:800,0
DA:802,0
DA:812,0
DA:814,0
DA:815,0
DA:816,0
DA:817,0
DA:820,0
DA:821,0
DA:822,0
DA:823,0
DA:824,0
DA:827,0
DA:828,0
DA:842,0
DA:844,0
DA:847,0
DA:848,0
DA:849,0
DA:853,0
DA:854,0
DA:856,0
DA:857,0
DA:859,0
DA:868,0
DA:878,0
DA:880,0
DA:881,0
DA:882,0
DA:883,0
DA:886,0
DA:888,0
DA:889,0
DA:890,0
DA:893,0
DA:894,0
DA:895,0
DA:896,0
DA:897,0
DA:912,0
DA:913,0
DA:916,0
DA:917,0
DA:919,0
DA:920,0
DA:921,0
DA:922,0
DA:929,0
DA:930,0
DA:931,0
DA:932,0
DA:948,0
DA:950,0
DA:951,0
DA:953,0
DA:955,0
DA:964,0
DA:965,0
DA:966,0
DA:969,0
DA:970,0
DA:978,0
DA:987,0
DA:996,0
DA:998,0
DA:999,0
DA:1000,0
DA:1001,0
DA:1004,0
DA:1005,0
DA:1006,0
DA:1007,0
DA:1009,0
DA:1011,0
DA:1016,0
DA:1022,0
DA:1023,0
DA:1033,0
DA:1035,0
DA:1036,0
DA:1037,0
DA:1038,0
DA:1042,0
DA:1052,0
DA:1054,0
DA:1055,0
DA:1058,0
DA:1059,0
DA:1060,0
DA:1062,0
DA:1063,0
DA:1065,0
DA:1066,0
DA:1067,0
DA:1068,0
DA:1069,0
DA:1070,0
DA:1071,0
DA:1072,0
DA:1073,0
DA:1074,0
DA:1078,0
DA:1079,0
DA:1081,0
DA:1082,0
DA:1083,0
DA:1086,0
DA:1087,0
DA:1088,0
DA:1092,0
DA:1103,0
DA:1104,0
DA:1105,0
DA:1106,0
DA:1107,0
DA:1110,0
DA:1111,0
DA:1114,0
DA:1115,0
DA:1126,0
DA:1132,0
DA:1133,0
DA:1134,0
DA:1137,0
DA:1140,0
DA:1141,0
DA:1142,0
DA:1144,0
DA:1147,0
DA:1150,0
DA:1151,0
DA:1152,0
DA:1154,0
DA:1157,0
DA:1160,0
DA:1161,0
DA:1162,0
DA:1163,0
DA:1166,0
DA:1169,0
DA:1174,0
DA:1175,0
DA:1176,0
DA:1177,0
DA:1180,0
DA:1183,0
DA:1185,0
DA:1186,0
LF:439
LH:1
BRDA:40,0,0,0
BRDA:40,0,1,0
BRDA:56,1,0,0
BRDA:56,1,1,0
BRDA:62,2,0,0
BRDA:62,2,1,0
BRDA:89,3,0,0
BRDA:89,3,1,0
BRDA:89,4,0,0
BRDA:89,4,1,0
BRDA:99,5,0,0
BRDA:99,5,1,0
BRDA:133,6,0,0
BRDA:133,6,1,0
BRDA:139,7,0,0
BRDA:139,7,1,0
BRDA:248,8,0,0
BRDA:248,8,1,0
BRDA:250,9,0,0
BRDA:250,9,1,0
BRDA:270,10,0,0
BRDA:270,10,1,0
BRDA:272,11,0,0
BRDA:272,11,1,0
BRDA:295,12,0,0
BRDA:295,12,1,0
BRDA:298,13,0,0
BRDA:298,13,1,0
BRDA:336,14,0,0
BRDA:336,14,1,0
BRDA:336,15,0,0
BRDA:336,15,1,0
BRDA:346,16,0,0
BRDA:346,16,1,0
BRDA:348,17,0,0
BRDA:348,17,1,0
BRDA:369,18,0,0
BRDA:369,18,1,0
BRDA:386,19,0,0
BRDA:386,19,1,0
BRDA:407,20,0,0
BRDA:407,20,1,0
BRDA:442,21,0,0
BRDA:442,21,1,0
BRDA:457,22,0,0
BRDA:457,22,1,0
BRDA:457,23,0,0
BRDA:457,23,1,0
BRDA:463,24,0,0
BRDA:463,24,1,0
BRDA:465,25,0,0
BRDA:465,25,1,0
BRDA:471,26,0,0
BRDA:471,26,1,0
BRDA:471,27,0,0
BRDA:471,27,1,0
BRDA:474,28,0,0
BRDA:474,28,1,0
BRDA:475,29,0,0
BRDA:475,29,1,0
BRDA:477,30,0,0
BRDA:477,30,1,0
BRDA:477,31,0,0
BRDA:477,31,1,0
BRDA:478,32,0,0
BRDA:478,32,1,0
BRDA:478,33,0,0
BRDA:478,33,1,0
BRDA:484,34,0,0
BRDA:484,34,1,0
BRDA:486,35,0,0
BRDA:486,35,1,0
BRDA:517,36,0,0
BRDA:517,36,1,0
BRDA:520,37,0,0
BRDA:520,37,1,0
BRDA:520,38,0,0
BRDA:520,38,1,0
BRDA:531,39,0,0
BRDA:531,39,1,0
BRDA:531,39,2,0
BRDA:533,40,0,0
BRDA:533,40,1,0
BRDA:541,41,0,0
BRDA:541,41,1,0
BRDA:543,42,0,0
BRDA:543,42,1,0
BRDA:554,43,0,0
BRDA:554,43,1,0
BRDA:580,44,0,0
BRDA:580,44,1,0
BRDA:580,45,0,0
BRDA:580,45,1,0
BRDA:596,46,0,0
BRDA:596,46,1,0
BRDA:597,47,0,0
BRDA:597,47,1,0
BRDA:607,48,0,0
BRDA:607,48,1,0
BRDA:620,49,0,0
BRDA:620,49,1,0
BRDA:626,50,0,0
BRDA:626,50,1,0
BRDA:639,51,0,0
BRDA:639,51,1,0
BRDA:664,52,0,0
BRDA:664,52,1,0
BRDA:664,53,0,0
BRDA:664,53,1,0
BRDA:687,54,0,0
BRDA:687,54,1,0
BRDA:694,55,0,0
BRDA:694,55,1,0
BRDA:705,56,0,0
BRDA:705,56,1,0
BRDA:712,57,0,0
BRDA:712,57,1,0
BRDA:725,58,0,0
BRDA:725,58,1,0
BRDA:745,59,0,0
BRDA:745,59,1,0
BRDA:749,60,0,0
BRDA:749,60,1,0
BRDA:749,61,0,0
BRDA:749,61,1,0
BRDA:751,62,0,0
BRDA:751,62,1,0
BRDA:753,63,0,0
BRDA:753,63,1,0
BRDA:754,64,0,0
BRDA:754,64,1,0
BRDA:770,65,0,0
BRDA:770,65,1,0
BRDA:796,66,0,0
BRDA:796,66,1,0
BRDA:815,67,0,0
BRDA:815,67,1,0
BRDA:853,68,0,0
BRDA:853,68,1,0
BRDA:881,69,0,0
BRDA:881,69,1,0
BRDA:888,70,0,0
BRDA:888,70,1,0
BRDA:899,71,0,0
BRDA:899,71,1,0
BRDA:905,72,0,0
BRDA:905,72,1,0
BRDA:907,73,0,0
BRDA:907,73,1,0
BRDA:908,74,0,0
BRDA:908,74,1,0
BRDA:919,75,0,0
BRDA:919,75,1,0
BRDA:929,76,0,0
BRDA:929,76,1,0
BRDA:956,77,0,0
BRDA:956,77,1,0
BRDA:957,78,0,0
BRDA:957,78,1,0
BRDA:964,79,0,0
BRDA:964,79,1,0
BRDA:969,80,0,0
BRDA:969,80,1,0
BRDA:979,81,0,0
BRDA:979,81,1,0
BRDA:999,82,0,0
BRDA:999,82,1,0
BRDA:1005,83,0,0
BRDA:1005,83,1,0
BRDA:1005,84,0,0
BRDA:1005,84,1,0
BRDA:1016,85,0,0
BRDA:1016,85,1,0
BRDA:1036,86,0,0
BRDA:1036,86,1,0
BRDA:1062,87,0,0
BRDA:1062,87,1,0
BRDA:1065,88,0,0
BRDA:1065,88,1,0
BRDA:1070,89,0,0
BRDA:1070,89,1,0
BRDA:1114,90,0,0
BRDA:1114,90,1,0
BRDA:1114,91,0,0
BRDA:1114,91,1,0
BRDA:1132,92,0,0
BRDA:1132,92,1,0
BRDA:1162,93,0,0
BRDA:1162,93,1,0
BRDA:1162,94,0,0
BRDA:1162,94,1,0
BRDA:1176,95,0,0
BRDA:1176,95,1,0
BRDA:1176,96,0,0
BRDA:1176,96,1,0
BRDA:1176,96,2,0
BRF:196
BRH:0
end_of_record
TN:
SF:src/components/panels/overview/overview-panel.js
FN:29,(anonymous_0)
FN:48,(anonymous_1)
FN:52,(anonymous_2)
FN:53,(anonymous_3)
FN:94,(anonymous_4)
FN:109,(anonymous_5)
FN:123,(anonymous_6)
FN:189,(anonymous_7)
FN:213,(anonymous_8)
FN:234,(anonymous_9)
FN:247,(anonymous_10)
FN:278,(anonymous_11)
FN:319,(anonymous_12)
FN:326,(anonymous_13)
FN:347,(anonymous_14)
FN:350,(anonymous_15)
FN:385,(anonymous_16)
FN:440,(anonymous_17)
FN:446,(anonymous_18)
FN:470,(anonymous_19)
FN:481,(anonymous_20)
FN:520,(anonymous_21)
FN:535,(anonymous_22)
FN:551,(anonymous_23)
FN:561,(anonymous_24)
FN:571,(anonymous_25)
FN:583,(anonymous_26)
FNF:27
FNH:0
FNDA:0,(anonymous_0)
FNDA:0,(anonymous_1)
FNDA:0,(anonymous_2)
FNDA:0,(anonymous_3)
FNDA:0,(anonymous_4)
FNDA:0,(anonymous_5)
FNDA:0,(anonymous_6)
FNDA:0,(anonymous_7)
[...]
DA:1492,0
DA:1493,0
DA:1496,0
DA:1497,0
DA:1498,0
DA:1499,0
DA:1500,0
DA:1503,0
DA:1510,0
DA:1521,0
DA:1522,0
DA:1523,0
LF:530
LH:52
BRDA:61,0,0,0
BRDA:73,1,0,0
BRDA:174,2,0,0
BRDA:174,2,1,1
BRDA:182,3,0,0
BRDA:182,3,1,1
BRDA:199,4,0,0
BRDA:199,4,1,0
BRDA:213,5,0,0
BRDA:213,5,1,1
BRDA:240,6,0,0
BRDA:240,6,1,1
BRDA:248,7,0,0
BRDA:248,7,1,1
BRDA:269,8,0,0
BRDA:269,8,1,0
BRDA:283,9,0,0
BRDA:283,9,1,0
BRDA:289,10,0,0
BRDA:289,10,1,0
BRDA:308,11,0,0
BRDA:308,11,1,0
BRDA:308,12,0,0
BRDA:308,12,1,0
BRDA:308,12,2,0
BRDA:337,13,0,0
BRDA:337,13,1,0
BRDA:342,14,0,0
BRDA:342,14,1,0
BRDA:349,15,0,0
BRDA:349,15,1,0
BRDA:361,16,0,0
BRDA:361,16,1,0
BRDA:361,17,0,0
BRDA:361,17,1,0
BRDA:362,18,0,0
BRDA:362,18,1,0
BRDA:363,19,0,0
BRDA:363,19,1,0
BRDA:365,20,0,0
BRDA:365,20,1,0
BRDA:381,21,0,0
BRDA:381,21,1,0
BRDA:388,22,0,0
BRDA:388,22,1,0
BRDA:388,22,2,0
BRDA:394,23,0,0
BRDA:394,23,1,0
BRDA:410,24,0,0
BRDA:410,24,1,0
BRDA:412,25,0,0
BRDA:412,25,1,0
BRDA:414,26,0,0
BRDA:414,26,1,0
BRDA:417,27,0,0
BRDA:417,27,1,0
BRDA:419,28,0,0
BRDA:419,28,1,0
BRDA:427,29,0,0
BRDA:427,29,1,0
BRDA:427,30,0,0
BRDA:427,30,1,0
BRDA:455,31,0,0
BRDA:455,31,1,0
BRDA:458,32,0,0
BRDA:458,32,1,0
BRDA:467,33,0,0
BRDA:467,33,1,0
BRDA:467,34,0,0
BRDA:467,34,1,0
BRDA:467,34,2,0
BRDA:467,34,3,0
BRDA:485,35,0,0
BRDA:485,35,1,0
BRDA:498,36,0,0
BRDA:498,36,1,0
BRDA:498,37,0,0
BRDA:498,37,1,0
BRDA:511,38,0,0
BRDA:511,38,1,0
BRDA:511,39,0,0
BRDA:511,39,1,0
BRDA:511,39,2,0
BRDA:514,40,0,0
BRDA:514,40,1,0
BRDA:514,41,0,0
BRDA:514,41,1,0
BRDA:542,42,0,0
BRDA:542,42,1,0
BRDA:554,43,0,0
BRDA:554,43,1,0
BRDA:554,44,0,0
BRDA:554,44,1,0
BRDA:554,44,2,0
BRDA:576,45,0,0
BRDA:576,45,1,0
BRDA:584,46,0,0
BRDA:584,46,1,0
BRDA:588,47,0,0
BRDA:588,47,1,0
BRDA:588,48,0,0
BRDA:588,48,1,0
BRDA:605,49,0,0
BRDA:605,49,1,0
BRDA:608,50,0,0
BRDA:608,50,1,0
BRDA:617,51,0,0
BRDA:617,51,1,0
BRDA:628,52,0,0
BRDA:628,52,1,0
BRDA:628,53,0,0
BRDA:628,53,1,0
BRDA:628,53,2,0
BRDA:631,54,0,0
BRDA:631,54,1,0
BRDA:642,55,0,0
BRDA:642,55,1,0
BRDA:650,56,0,0
BRDA:650,56,1,0
BRDA:650,57,0,0
BRDA:650,57,1,0
BRDA:657,58,0,0
BRDA:657,58,1,0
BRDA:672,59,0,0
BRDA:672,59,1,0
BRDA:675,60,0,0
BRDA:675,60,1,0
BRDA:684,61,0,0
BRDA:684,61,1,0
BRDA:695,62,0,0
BRDA:695,62,1,0
BRDA:695,63,0,0
BRDA:695,63,1,0
BRDA:695,63,2,0
BRDA:698,64,0,0
BRDA:698,64,1,0
BRDA:709,65,0,0
BRDA:709,65,1,0
BRDA:717,66,0,0
BRDA:717,66,1,0
BRDA:717,67,0,0
BRDA:717,67,1,0
BRDA:724,68,0,0
BRDA:724,68,1,0
BRDA:739,69,0,0
BRDA:739,69,1,0
BRDA:742,70,0,0
BRDA:742,70,1,0
BRDA:749,71,0,0
BRDA:749,71,1,0
BRDA:760,72,0,0
BRDA:760,72,1,0
BRDA:770,73,0,0
BRDA:770,73,1,0
BRDA:785,74,0,0
BRDA:785,74,1,1
BRDA:788,75,0,0
BRDA:788,75,1,0
BRDA:806,76,0,0
BRDA:806,76,1,1
BRDA:809,77,0,0
BRDA:809,77,1,0
BRDA:828,78,0,0
BRDA:828,78,1,0
BRDA:831,79,0,0
BRDA:831,79,1,0
BRDA:841,80,0,0
BRDA:841,80,1,0
BRDA:863,81,0,0
BRDA:863,81,1,0
BRDA:863,82,0,0
BRDA:863,82,1,0
BRDA:887,83,0,0
BRDA:887,83,1,0
BRDA:890,84,0,0
BRDA:890,84,1,0
BRDA:908,85,0,0
BRDA:908,85,1,0
BRDA:908,86,0,0
BRDA:908,86,1,0
BRDA:915,87,0,0
BRDA:915,87,1,0
BRDA:922,88,0,0
BRDA:922,88,1,0
BRDA:922,89,0,0
BRDA:922,89,1,0
BRDA:927,90,0,0
BRDA:927,90,1,0
BRDA:944,91,0,0
BRDA:944,91,1,0
BRDA:947,92,0,0
BRDA:947,92,1,0
BRDA:954,93,0,0
BRDA:954,93,1,0
BRDA:965,94,0,0
BRDA:965,94,1,0
BRDA:977,95,0,0
BRDA:977,95,1,0
BRDA:985,96,0,0
BRDA:985,96,1,0
BRDA:986,97,0,0
BRDA:986,97,1,0
BRDA:999,98,0,0
BRDA:999,98,1,0
BRDA:1003,99,0,0
BRDA:1003,99,1,0
BRDA:1020,100,0,0
BRDA:1020,100,1,0
BRDA:1030,101,0,0
BRDA:1030,101,1,0
BRDA:1031,102,0,0
BRDA:1031,102,1,0
BRDA:1035,103,0,0
BRDA:1035,103,1,0
BRDA:1035,104,0,0
BRDA:1035,104,1,0
BRDA:1038,105,0,0
BRDA:1038,105,1,0
BRDA:1039,106,0,0
BRDA:1039,106,1,0
BRDA:1042,107,0,0
BRDA:1042,107,1,0
BRDA:1050,108,0,0
BRDA:1050,108,1,0
BRDA:1091,109,0,0
BRDA:1091,109,1,0
BRDA:1111,110,0,0
BRDA:1111,110,1,0
BRDA:1124,111,0,0
BRDA:1124,111,1,0
BRDA:1137,112,0,0
BRDA:1137,112,1,0
BRDA:1150,113,0,0
BRDA:1150,113,1,0
BRDA:1158,114,0,0
BRDA:1158,114,1,0
BRDA:1170,115,0,0
BRDA:1170,115,1,1
BRDA:1177,116,0,0
BRDA:1177,116,1,0
BRDA:1183,117,0,0
BRDA:1183,117,1,0
BRDA:1217,118,0,0
BRDA:1217,118,1,0
BRDA:1231,119,0,0
BRDA:1231,119,1,0
BRDA:1252,120,0,0
BRDA:1252,120,1,0
BRDA:1252,121,0,0
BRDA:1252,121,1,0
BRDA:1260,122,0,0
BRDA:1260,122,1,0
BRDA:1267,123,0,0
BRDA:1267,123,1,0
BRDA:1267,124,0,0
BRDA:1267,124,1,0
BRDA:1273,125,0,0
BRDA:1273,125,1,0
BRDA:1279,126,0,0
BRDA:1279,126,1,0
BRDA:1293,127,0,0
BRDA:1293,127,1,0
BRDA:1300,128,0,0
BRDA:1300,128,1,0
BRDA:1307,129,0,0
BRDA:1307,129,1,0
BRDA:1315,130,0,0
BRDA:1315,130,1,0
BRDA:1322,131,0,0
BRDA:1322,131,1,0
BRDA:1323,132,0,0
BRDA:1323,132,1,0
BRDA:1323,133,0,0
BRDA:1323,133,1,0
BRDA:1323,133,2,0
BRDA:1344,134,0,0
BRDA:1344,134,1,0
BRDA:1352,135,0,0
BRDA:1352,135,1,0
BRDA:1360,136,0,0
BRDA:1360,136,1,0
BRDA:1377,137,0,0
BRDA:1377,137,1,0
BRDA:1377,138,0,0
BRDA:1377,138,1,0
BRDA:1386,139,0,0
BRDA:1386,139,1,0
BRDA:1386,140,0,0
BRDA:1386,140,1,0
BRDA:1409,141,0,0
BRDA:1409,141,1,0
BRDA:1421,142,0,0
BRDA:1421,142,1,0
BRDA:1447,143,0,0
BRDA:1447,143,1,0
BRDA:1448,144,0,0
BRDA:1448,144,1,0
BRDA:1454,145,0,0
BRDA:1454,145,1,0
BRDA:1460,146,0,0
BRDA:1460,146,1,0
BRDA:1460,147,0,0
BRDA:1460,147,1,0
BRDA:1460,147,2,0
BRDA:1468,148,0,0
BRDA:1468,148,1,0
BRDA:1468,149,0,0
BRDA:1468,149,1,0
BRF:308
BRH:8
end_of_record
TN:
SF:src/services/visualization-service.js
FN:22,(anonymous_0)
FN:51,(anonymous_1)
FN:80,(anonymous_2)
FN:111,(anonymous_3)
FN:122,(anonymous_4)
FN:135,(anonymous_5)
FN:139,(anonymous_6)
FN:148,(anonymous_7)
FN:159,(anonymous_8)
FN:176,(anonymous_9)
FN:178,(anonymous_10)
FN:187,(anonymous_11)
FN:195,(anonymous_12)
FN:230,(anonymous_13)
FN:255,(anonymous_14)
FN:316,(anonymous_15)
FN:372,(anonymous_16)
FN:424,(anonymous_17)
FN:427,(anonymous_18)
FN:511,(anonymous_19)
FN:518,(anonymous_20)
FN:522,(anonymous_21)
FN:528,(anonymous_22)
FN:533,(anonymous_23)
FN:551,(anonymous_24)
FN:553,(anonymous_25)
FN:571,(anonymous_26)
FN:634,(anonymous_27)
FN:648,(anonymous_28)
FN:670,(anonymous_29)
FN:685,(anonymous_30)
FN:700,(anonymous_31)
FN:706,(anonymous_32)
FN:729,(anonymous_33)
FNF:34
FNH:0
FNDA:0,(anonymous_0)
FNDA:0,(anonymous_1)
FNDA:0,(anonymous_2)
FNDA:0,(anonymous_3)
FNDA:0,(anonymous_4)
FNDA:0,(anonymous_5)
FNDA:0,(anonymous_6)
FNDA:0,(anonymous_7)
FNDA:0,(anonymous_8)
FNDA:0,(anonymous_9)
FNDA:0,(anonymous_10)
FNDA:0,(anonymous_11)
FNDA:0,(anonymous_12)
FNDA:0,(anonymous_13)
FNDA:0,(anonymous_14)
FNDA:0,(anonymous_15)
FNDA:0,(anonymous_16)
FNDA:0,(anonymous_17)
FNDA:0,(anonymous_18)
FNDA:0,(anonymous_19)
FNDA:0,(anonymous_20)
FNDA:0,(anonymous_21)
FNDA:0,(anonymous_22)
FNDA:0,(anonymous_23)
FNDA:0,(anonymous_24)
FNDA:0,(anonymous_25)
FNDA:0,(anonymous_26)
FNDA:0,(anonymous_27)
FNDA:0,(anonymous_28)
FNDA:0,(anonymous_29)
FNDA:0,(anonymous_30)
FNDA:0,(anonymous_31)
FNDA:0,(anonymous_32)
FNDA:0,(anonymous_33)
DA:10,1
DA:23,0
DA:24,0
DA:25,0
DA:28,0
DA:34,0
DA:37,0
DA:38,0
DA:39,0
DA:40,0
DA:41,0
DA:42,0
DA:52,0
DA:53,0
DA:54,0
DA:56,0
DA:57,0
DA:58,0
DA:61,0
DA:62,0
DA:63,0
DA:64,0
DA:65,0
DA:66,0
DA:67,0
DA:69,0
DA:70,0
DA:71,0
DA:72,0
DA:81,0
DA:82,0
DA:83,0
DA:84,0
DA:86,0
DA:87,0
DA:90,0
DA:91,0
DA:94,0
DA:95,0
DA:97,0
DA:98,0
DA:99,0
DA:101,0
DA:102,0
DA:103,0
DA:112,0
DA:116,0
DA:117,0
DA:124,0
DA:127,0
DA:128,0
DA:136,0
DA:138,0
DA:139,0
DA:149,0
DA:150,0
DA:151,0
DA:160,0
DA:161,0
DA:162,0
DA:163,0
DA:165,0
DA:167,0
DA:168,0
DA:177,0
DA:178,0
DA:196,0
DA:197,0
DA:198,0
DA:201,0
DA:202,0
DA:203,0
DA:204,0
DA:205,0
DA:206,0
DA:207,0
DA:208,0
DA:213,0
DA:214,0
DA:215,0
DA:216,0
DA:220,0
DA:222,0
DA:231,0
DA:233,0
DA:234,0
DA:236,0
DA:239,0
DA:240,0
DA:242,0
DA:244,0
DA:256,0
DA:257,0
DA:258,0
DA:260,0
DA:261,0
DA:265,0
DA:266,0
DA:267,0
DA:270,0
DA:271,0
DA:272,0
DA:275,0
DA:277,0
DA:278,0
DA:279,0
DA:280,0
DA:281,0
DA:285,0
DA:288,0
DA:289,0
DA:293,0
DA:296,0
DA:297,0
DA:299,0
DA:300,0
DA:303,0
DA:304,0
DA:317,0
DA:318,0
DA:319,0
DA:320,0
DA:321,0
DA:324,0
DA:325,0
DA:329,0
DA:330,0
DA:331,0
DA:334,0
DA:336,0
DA:337,0
DA:338,0
DA:339,0
DA:340,0
DA:344,0
DA:345,0
DA:349,0
DA:352,0
DA:353,0
DA:355,0
DA:356,0
DA:359,0
DA:360,0
DA:373,0
DA:374,0
DA:375,0
DA:378,0
DA:380,0
DA:382,0
DA:385,0
DA:388,0
DA:389,0
DA:390,0
DA:391,0
DA:392,0
DA:393,0
DA:394,0
DA:397,0
DA:398,0
DA:401,0
DA:402,0
DA:403,0
DA:404,0
DA:405,0
DA:406,0
DA:407,0
DA:408,0
DA:409,0
DA:412,0
DA:413,0
DA:415,0
DA:416,0
DA:419,0
DA:420,0
DA:424,0
DA:427,0
DA:428,0
DA:429,0
DA:430,0
DA:431,0
DA:432,0
DA:433,0
DA:436,0
DA:437,0
DA:439,0
DA:440,0
DA:441,0
DA:442,0
DA:443,0
DA:444,0
DA:445,0
DA:446,0
DA:449,0
DA:450,0
DA:452,0
DA:453,0
DA:454,0
DA:455,0
DA:456,0
DA:457,0
DA:460,0
DA:461,0
DA:463,0
DA:464,0
DA:465,0
DA:466,0
DA:467,0
DA:468,0
DA:469,0
DA:472,0
DA:473,0
DA:475,0
DA:476,0
DA:477,0
DA:478,0
DA:479,0
DA:482,0
DA:483,0
DA:485,0
DA:486,0
DA:487,0
DA:488,0
DA:489,0
DA:492,0
DA:495,0
DA:497,0
DA:499,0
DA:500,0
DA:512,0
DA:513,0
DA:515,0
DA:518,0
DA:519,0
DA:521,0
DA:522,0
DA:523,0
DA:524,0
DA:528,0
DA:529,0
DA:533,0
DA:534,0
DA:535,0
DA:539,0
DA:540,0
DA:542,0
DA:543,0
DA:552,0
DA:553,0
DA:554,0
DA:555,0
DA:558,0
DA:572,0
DA:573,0
DA:574,0
DA:577,0
DA:580,0
DA:581,0
DA:583,0
DA:585,0
DA:588,0
DA:589,0
DA:590,0
DA:591,0
DA:592,0
DA:593,0
DA:594,0
DA:595,0
DA:596,0
DA:597,0
DA:598,0
DA:599,0
DA:600,0
DA:602,0
DA:603,0
DA:604,0
DA:605,0
DA:606,0
DA:608,0
DA:609,0
DA:610,0
DA:611,0
DA:613,0
DA:614,0
DA:615,0
DA:618,0
DA:619,0
DA:621,0
DA:625,0
DA:626,0
DA:627,0
DA:628,0
DA:629,0
DA:630,0
DA:631,0
DA:634,0
DA:635,0
DA:636,0
DA:637,0
DA:638,0
DA:639,0
DA:640,0
DA:641,0
DA:642,0
DA:643,0
DA:644,0
DA:645,0
DA:648,0
DA:649,0
DA:650,0
DA:652,0
DA:655,0
DA:658,0
DA:659,0
DA:660,0
DA:661,0
DA:662,0
DA:663,0
DA:664,0
DA:665,0
DA:666,0
DA:667,0
DA:670,0
DA:671,0
DA:672,0
DA:674,0
DA:677,0
DA:678,0
DA:680,0
DA:682,0
DA:685,0
DA:686,0
DA:687,0
DA:691,0
DA:701,0
DA:703,0
DA:705,0
DA:706,0
DA:707,0
DA:708,0
DA:711,0
DA:715,0
DA:716,0
DA:719,0
DA:721,0
DA:730,0
DA:732,0
DA:734,0
DA:735,0
DA:738,0
DA:741,0
DA:742,0
DA:744,0
DA:746,0
DA:751,0
DA:754,0
DA:755,0
DA:757,0
DA:758,0
LF:358
LH:1
BRDA:56,0,0,0
BRDA:56,0,1,0
BRDA:116,1,0,0
BRDA:116,1,1,0
BRDA:136,2,0,0
BRDA:136,2,1,0
BRDA:149,3,0,0
BRDA:149,3,1,0
BRDA:162,4,0,0
BRDA:162,4,1,0
BRDA:162,5,0,0
BRDA:162,5,1,0
BRDA:162,5,2,0
BRDA:205,6,0,0
BRDA:205,6,1,0
BRDA:214,7,0,0
BRDA:214,7,1,0
BRDA:255,8,0,0
BRDA:256,9,0,0
BRDA:256,9,1,0
BRDA:265,10,0,0
BRDA:265,10,1,0
BRDA:270,11,0,0
BRDA:270,11,1,0
BRDA:270,12,0,0
BRDA:270,12,1,0
BRDA:279,13,0,0
BRDA:279,13,1,0
BRDA:288,14,0,0
BRDA:288,14,1,0
BRDA:316,15,0,0
BRDA:316,16,0,0
BRDA:316,17,0,0
BRDA:317,18,0,0
BRDA:317,18,1,0
BRDA:320,19,0,0
BRDA:320,19,1,0
BRDA:329,20,0,0
BRDA:329,20,1,0
BRDA:338,21,0,0
BRDA:338,21,1,0
BRDA:344,22,0,0
BRDA:344,22,1,0
BRDA:372,23,0,0
BRDA:373,24,0,0
BRDA:373,24,1,0
BRDA:392,25,0,0
BRDA:392,25,1,0
BRDA:393,26,0,0
BRDA:393,26,1,0
BRDA:401,27,0,0
BRDA:401,27,1,0
BRDA:401,28,0,0
BRDA:401,28,1,0
BRDA:424,29,0,0
BRDA:424,29,1,0
BRDA:441,30,0,0
BRDA:441,30,1,0
BRDA:467,31,0,0
BRDA:467,31,1,0
BRDA:477,32,0,0
BRDA:477,32,1,0
BRDA:513,33,0,0
BRDA:513,33,1,0
BRDA:513,34,0,0
BRDA:513,34,1,0
BRDA:519,35,0,0
BRDA:519,35,1,0
BRDA:535,36,0,0
BRDA:535,36,1,0
BRDA:571,37,0,0
BRDA:571,38,0,0
BRDA:571,39,0,0
BRDA:572,40,0,0
BRDA:572,40,1,0
BRDA:588,41,0,0
BRDA:588,41,1,0
BRDA:588,42,0,0
BRDA:588,42,1,0
BRDA:638,43,0,0
BRDA:638,43,1,0
BRDA:640,44,0,0
BRDA:640,44,1,0
BRDA:686,45,0,0
BRDA:686,45,1,0
BRDA:686,46,0,0
BRDA:686,46,1,0
BRDA:701,47,0,0
BRDA:701,47,1,0
BRDA:705,48,0,0
BRDA:705,48,1,0
BRDA:707,49,0,0
BRDA:707,49,1,0
BRDA:707,50,0,0
BRDA:707,50,1,0
BRDA:741,51,0,0
BRDA:741,51,1,0
BRF:97
BRH:0
end_of_record
TN:
SF:src/utils/formatting.js
FN:8,formatDate
FN:20,formatTime
FN:31,truncateText
FN:46,formatContext
FN:56,(anonymous_4)
FN:62,formatTaskStatus
FN:85,isSameDay
FNF:7
FNH:0
FNDA:0,formatDate
FNDA:0,formatTime
FNDA:0,truncateText
FNDA:0,formatContext
FNDA:0,(anonymous_4)
FNDA:0,formatTaskStatus
FNDA:0,isSameDay
DA:9,0
DA:11,0
DA:12,0
DA:21,0
DA:22,0
DA:32,0
DA:34,0
DA:35,0
DA:38,0
DA:47,0
DA:49,0
DA:56,0
DA:63,0
DA:65,0
DA:67,0
DA:69,0
DA:71,0
DA:73,0
DA:75,0
DA:86,0
LF:20
LH:0
BRDA:9,0,0,0
BRDA:9,0,1,0
BRDA:32,1,0,0
BRDA:32,1,1,0
BRDA:34,2,0,0
BRDA:34,2,1,0
BRDA:47,3,0,0
BRDA:47,3,1,0
BRDA:47,4,0,0
BRDA:47,4,1,0
BRDA:56,5,0,0
BRDA:56,5,1,0
BRDA:63,6,0,0
BRDA:63,6,1,0
BRDA:63,6,2,0
BRDA:63,6,3,0
BRDA:63,6,4,0
BRDA:63,6,5,0
BRDA:86,7,0,0
BRDA:86,7,1,0
BRDA:86,7,2,0
BRF:21
BRH:0
end_of_record
TN:
SF:src/utils/log-manager.js
FN:2,(anonymous_0)
FN:34,(anonymous_1)
FN:46,(anonymous_2)
FN:49,(anonymous_3)
FN:66,(anonymous_4)
FN:70,(anonymous_5)
FN:122,(anonymous_6)
FN:125,(anonymous_7)
FN:130,(anonymous_8)
FN:146,(anonymous_9)
FN:150,(anonymous_10)
FN:154,(anonymous_11)
FN:158,(anonymous_12)
FN:162,(anonymous_13)
FN:175,(anonymous_14)
FN:195,(anonymous_15)
FN:211,(anonymous_16)
FN:227,(anonymous_17)
FN:233,(anonymous_18)
FN:245,(anonymous_19)
FNF:20
FNH:12
FNDA:12,(anonymous_0)
FNDA:0,(anonymous_1)
FNDA:12,(anonymous_2)
FNDA:1,(anonymous_3)
FNDA:275,(anonymous_4)
FNDA:389,(anonymous_5)
FNDA:0,(anonymous_6)
FNDA:0,(anonymous_7)
FNDA:0,(anonymous_8)
FNDA:255,(anonymous_9)
FNDA:16,(anonymous_10)
FNDA:2,(anonymous_11)
FNDA:2,(anonymous_12)
FNDA:546,(anonymous_13)
FNDA:272,(anonymous_14)
FNDA:271,(anonymous_15)
FNDA:0,(anonymous_16)
FNDA:0,(anonymous_17)
FNDA:0,(anonymous_18)
FNDA:0,(anonymous_19)
DA:4,12
DA:6,12
DA:7,12
DA:8,12
DA:9,12
DA:10,12
DA:13,12
DA:18,12
DA:19,0
DA:23,12
DA:31,12
DA:36,0
DA:37,0
DA:40,0
DA:41,0
DA:43,0
DA:47,12
DA:48,1
DA:49,1
DA:50,1
DA:52,0
DA:53,0
DA:56,0
DA:67,275
DA:68,275
DA:69,275
DA:70,275
DA:71,389
DA:72,389
DA:73,389
DA:74,38
DA:76,38
DA:77,0
DA:80,38
DA:81,38
DA:83,0
DA:86,351
DA:90,275
DA:91,275
DA:93,0
DA:96,275
DA:104,275
DA:107,275
DA:109,0
DA:112,275
DA:113,272
DA:116,275
DA:118,0
DA:123,0
DA:125,0
DA:127,0
DA:129,0
DA:130,0
DA:131,0
DA:134,0
DA:139,0
DA:141,0
DA:147,255
DA:151,16
DA:155,2
DA:159,2
DA:163,546
DA:164,0
DA:167,546
DA:168,530
DA:171,16
DA:176,272
DA:178,272
DA:179,1
DA:183,271
DA:190,271
DA:197,271
DA:199,0
DA:200,0
DA:212,0
DA:215,0
DA:216,0
DA:218,0
DA:219,0
DA:220,0
DA:222,0
DA:227,0
DA:228,0
DA:232,0
DA:233,0
DA:234,0
DA:237,0
DA:240,0
DA:246,0
DA:247,0
DA:249,0
DA:250,0
DA:253,0
DA:255,0
LF:94
LH:48
BRDA:2,0,0,0
BRDA:6,1,0,12
BRDA:6,1,1,0
BRDA:7,2,0,12
BRDA:7,2,1,11
BRDA:8,3,0,12
BRDA:8,3,1,9
BRDA:9,4,0,12
BRDA:9,4,1,1
BRDA:13,5,0,12
BRDA:13,5,1,12
BRDA:13,5,2,12
BRDA:18,6,0,0
BRDA:18,6,1,12
BRDA:36,7,0,0
BRDA:36,7,1,0
BRDA:40,8,0,0
BRDA:40,8,1,0
BRDA:40,9,0,0
BRDA:40,9,1,0
BRDA:47,10,0,1
BRDA:47,10,1,11
BRDA:50,11,0,0
BRDA:50,11,1,1
BRDA:50,12,0,1
BRDA:50,12,1,1
BRDA:50,12,2,0
BRDA:52,13,0,0
BRDA:52,13,1,0
BRDA:71,14,0,0
BRDA:71,14,1,389
BRDA:72,15,0,0
BRDA:72,15,1,389
BRDA:73,16,0,38
BRDA:73,16,1,351
BRDA:76,17,0,0
BRDA:76,17,1,38
BRDA:80,18,0,38
BRDA:80,18,1,0
BRDA:90,19,0,0
BRDA:90,19,1,275
BRDA:107,20,0,0
BRDA:107,20,1,275
BRDA:107,21,0,275
BRDA:107,21,1,275
BRDA:112,22,0,272
BRDA:112,22,1,3
BRDA:112,23,0,275
BRDA:112,23,1,272
BRDA:127,24,0,0
BRDA:127,24,1,0
BRDA:127,25,0,0
BRDA:127,25,1,0
BRDA:130,26,0,0
BRDA:130,26,1,0
BRDA:162,27,0,0
BRDA:163,28,0,0
BRDA:163,28,1,546
BRDA:167,29,0,530
BRDA:167,29,1,16
BRDA:178,30,0,1
BRDA:178,30,1,271
BRDA:178,31,0,272
BRDA:178,31,1,271
BRDA:197,32,0,0
BRDA:197,32,1,271
BRDA:199,33,0,0
BRDA:199,33,1,0
BRDA:211,34,0,0
BRDA:215,35,0,0
BRDA:215,35,1,0
BRDA:215,36,0,0
BRDA:215,36,1,0
BRDA:220,37,0,0
BRDA:220,37,1,0
BRDA:232,38,0,0
BRDA:232,38,1,0
BRDA:249,39,0,0
BRDA:249,39,1,0
BRDA:249,40,0,0
BRDA:249,40,1,0
BRF:81
BRH:38
end_of_record
TN:
SF:src/utils/memory-monitor.js
FN:6,(anonymous_0)
FN:17,(anonymous_1)
FN:20,(anonymous_2)
FN:29,(anonymous_3)
FN:41,(anonymous_4)
FN:43,(anonymous_5)
FN:51,(anonymous_6)
FN:67,(anonymous_7)
FN:72,(anonymous_8)
FN:82,(anonymous_9)
FN:90,(anonymous_10)
FNF:11
FNH:5
FNDA:11,(anonymous_0)
FNDA:7,(anonymous_1)
FNDA:0,(anonymous_2)
FNDA:1,(anonymous_3)
FNDA:7,(anonymous_4)
FNDA:0,(anonymous_5)
FNDA:0,(anonymous_6)
FNDA:0,(anonymous_7)
FNDA:0,(anonymous_8)
FNDA:7,(anonymous_9)
FNDA:0,(anonymous_10)
DA:7,11
DA:8,11
DA:9,11
DA:10,11
DA:11,11
DA:18,7
DA:20,7
DA:21,0
DA:22,0
DA:30,1
DA:31,1
DA:32,1
DA:42,7
DA:43,7
DA:52,0
DA:54,0
DA:68,0
DA:70,0
DA:71,0
DA:72,0
DA:75,0
DA:83,7
DA:91,0
LF:23
LH:13
BRDA:6,0,0,0
BRDA:7,1,0,11
BRDA:7,1,1,6
BRDA:8,2,0,11
BRDA:8,2,1,6
BRDA:18,3,0,0
BRDA:18,3,1,7
BRDA:30,4,0,1
BRDA:30,4,1,0
BRDA:52,5,0,0
BRDA:52,5,1,0
BRDA:68,6,0,0
BRDA:68,6,1,0
BRDA:71,7,0,0
BRDA:71,7,1,0
BRF:15
BRH:6
end_of_record
TN:
SF:src/utils/navigation-debug.js
FNF:0
FNH:0
LF:0
LH:0
BRF:0
BRH:0
end_of_record
TN:
SF:src/utils/resource-tracker.js
FN:6,(anonymous_0)
FN:22,(anonymous_1)
FN:40,(anonymous_2)
FN:52,(anonymous_3)
FN:61,(anonymous_4)
FN:79,(anonymous_5)
FN:90,(anonymous_6)
FN:112,(anonymous_7)
FN:132,(anonymous_8)
FN:146,(anonymous_9)
FN:159,(anonymous_10)
FN:190,(anonymous_11)
FN:193,(anonymous_12)
FNF:13
FNH:10
FNDA:11,(anonymous_0)
FNDA:14,(anonymous_1)
FNDA:1,(anonymous_2)
FNDA:3,(anonymous_3)
FNDA:2,(anonymous_4)
FNDA:2,(anonymous_5)
FNDA:1,(anonymous_6)
FNDA:12,(anonymous_7)
FNDA:0,(anonymous_8)
FNDA:0,(anonymous_9)
FNDA:2,(anonymous_10)
FNDA:7,(anonymous_11)
FNDA:0,(anonymous_12)
DA:7,11
DA:8,11
DA:9,11
DA:10,11
DA:11,11
DA:12,11
DA:13,11
DA:23,14
DA:24,6
DA:26,14
DA:27,14
DA:28,14
DA:30,14
DA:31,14
DA:41,1
DA:42,1
DA:43,1
DA:53,3
DA:54,3
DA:55,3
DA:63,2
DA:64,0
DA:66,2
DA:69,2
DA:70,0
DA:72,2
DA:80,2
DA:81,2
DA:91,1
DA:92,1
DA:94,1
DA:95,1
DA:96,1
DA:98,1
DA:101,1
DA:102,1
DA:113,12
DA:114,12
DA:116,12
DA:117,12
DA:118,12
DA:120,12
DA:121,12
DA:123,12
DA:134,0
DA:135,0
DA:136,0
DA:137,0
DA:138,0
DA:140,0
DA:147,0
DA:152,0
DA:161,2
DA:162,0
DA:163,0
DA:165,0
DA:166,0
DA:167,0
DA:169,0
DA:174,2
DA:177,2
DA:179,2
DA:180,2
DA:181,2
DA:191,7
DA:193,0
LF:66
LH:49
BRDA:23,0,0,6
BRDA:23,0,1,8
BRDA:27,1,0,14
BRDA:27,1,1,0
BRDA:90,2,0,1
BRDA:91,3,0,1
BRDA:91,3,1,0
BRDA:95,4,0,1
BRDA:95,4,1,0
BRDA:101,5,0,1
BRDA:101,5,1,0
BRDA:101,6,0,1
BRDA:101,6,1,1
BRDA:136,7,0,0
BRDA:136,7,1,0
BRDA:152,8,0,0
BRDA:152,8,1,0
BRDA:152,8,2,0
BRDA:152,8,3,0
BRDA:165,9,0,0
BRDA:165,9,1,0
BRDA:165,10,0,0
BRDA:165,10,1,0
BRDA:167,11,0,0
BRDA:167,11,1,0
BRDA:167,12,0,0
BRDA:167,12,1,0
BRF:27
BRH:9
end_of_record
TN:
SF:src/utils/timeout.js
FN:10,setupTimeout
FN:16,(anonymous_1)
FN:35,(anonymous_2)
FN:40,(anonymous_3)
FN:53,setupMemoryMonitoring
FN:61,(anonymous_5)
FN:70,(anonymous_6)
FN:80,clearTimeouts
FNF:8
FNH:0
FNDA:0,setupTimeout
FNDA:0,(anonymous_1)
FNDA:0,(anonymous_2)
FNDA:0,(anonymous_3)
FNDA:0,setupMemoryMonitoring
FNDA:0,(anonymous_5)
FNDA:0,(anonymous_6)
FNDA:0,clearTimeouts
DA:2,1
DA:11,0
DA:14,0
DA:16,0
DA:18,0
DA:19,0
DA:35,0
DA:36,0
DA:40,0
DA:41,0
DA:42,0
DA:54,0
DA:57,0
DA:61,0
DA:62,0
DA:63,0
DA:64,0
DA:70,0
DA:71,0
DA:72,0
DA:84,0
LF:21
LH:1
BRDA:2,0,0,1
BRDA:2,0,1,0
BRDA:3,1,0,0
BRDA:3,1,1,0
BRDA:10,2,0,0
BRDA:14,3,0,0
BRDA:14,3,1,0
BRDA:14,4,0,0
BRDA:14,4,1,0
BRDA:18,5,0,0
BRDA:18,5,1,0
BRDA:41,6,0,0
BRDA:41,6,1,0
BRDA:53,7,0,0
BRDA:53,8,0,0
BRDA:57,9,0,0
BRDA:57,9,1,0
BRDA:57,10,0,0
BRDA:57,10,1,0
BRDA:57,10,2,0
BRDA:63,11,0,0
BRDA:63,11,1,0
BRDA:71,12,0,0
BRDA:71,12,1,0
BRF:24
BRH:1
end_of_record
TN:
SF:src/utils/ui-utils.js
FN:13,setupTabSwitching
FN:16,(anonymous_1)
FN:17,(anonymous_2)
FN:19,(anonymous_3)
FN:26,(anonymous_4)
FN:37,showSaveConfirmation
FN:44,(anonymous_6)
FN:46,(anonymous_7)
FN:57,initSplitView
FN:64,(anonymous_9)
FN:75,onMouseMove
FN:83,onMouseUp
FNF:12
FNH:0
FNDA:0,setupTabSwitching
FNDA:0,(anonymous_1)
FNDA:0,(anonymous_2)
FNDA:0,(anonymous_3)
FNDA:0,(anonymous_4)
FNDA:0,showSaveConfirmation
FNDA:0,(anonymous_6)
FNDA:0,(anonymous_7)
FNDA:0,initSplitView
FNDA:0,(anonymous_9)
FNDA:0,onMouseMove
FNDA:0,onMouseUp
DA:3,1
DA:14,0
DA:16,0
DA:17,0
DA:19,0
DA:22,0
DA:25,0
DA:26,0
DA:27,0
DA:29,0
DA:38,0
DA:39,0
DA:40,0
DA:42,0
DA:44,0
DA:45,0
DA:46,0
DA:47,0
DA:58,0
DA:59,0
DA:61,0
DA:64,0
DA:65,0
DA:66,0
DA:67,0
DA:69,0
DA:70,0
DA:72,0
DA:76,0
DA:78,0
DA:79,0
DA:84,0
DA:85,0
DA:86,0
DA:89,0
DA:93,0
LF:36
LH:1
BRDA:61,0,0,0
BRDA:61,0,1,0
BRDA:61,1,0,0
BRDA:61,1,1,0
BRDA:78,2,0,0
BRDA:78,2,1,0
BRDA:78,3,0,0
BRDA:78,3,1,0
BRF:8
BRH:0
end_of_record
