<?xml version="1.0" encoding="UTF-8"?>
<testsuites name="jest tests" tests="9" failures="0" errors="0" time="9.942">
  <testsuite name="Container Initialization" errors="0" failures="0" skipped="0" timestamp="2025-06-25T05:22:14" time="9.813" tests="9">
    <testcase classname="Container Initialization Essential Utilities" name="initializes LogManager first" time="0.025">
    </testcase>
    <testcase classname="Container Initialization Service Registration" name="registers core services" time="0.019">
    </testcase>
    <testcase classname="Container Initialization Service Registration" name="registers optional services" time="0.02">
    </testcase>
    <testcase classname="Container Initialization Component Registration" name="registers core components" time="0.02">
    </testcase>
    <testcase classname="Container Initialization Component Registration" name="registers optional components" time="0.022">
    </testcase>
    <testcase classname="Container Initialization Error Handling" name="handles initialization errors gracefully" time="1.044">
    </testcase>
    <testcase classname="Container Initialization Memory Management" name="does not leak memory between initializations" time="4.076">
    </testcase>
    <testcase classname="Container Initialization Cleanup Management" name="cleans up services in correct order" time="1.043">
    </testcase>
    <testcase classname="Container Initialization Cleanup Management" name="handles cleanup errors gracefully" time="1.043">
    </testcase>
  </testsuite>
</testsuites>