<?xml version="1.0" encoding="UTF-8"?>
<testsuites name="jest tests" tests="11" failures="0" errors="0" time="2.117">
  <testsuite name="undefined" errors="0" failures="0" skipped="0" timestamp="2025-08-06T07:20:40" time="1.59" tests="11">
    <testcase classname="" name="Capture panel initializes successfully" time="0.045">
    </testcase>
    <testcase classname="" name="Tabs capture component loads tabs correctly" time="0.116">
    </testcase>
    <testcase classname="" name="Bookmarks capture component loads bookmarks correctly" time="0.164">
    </testcase>
    <testcase classname="" name="History capture component loads history correctly" time="0.113">
    </testcase>
    <testcase classname="" name="Select All and Deselect All buttons work for bookmarks" time="0.108">
    </testcase>
    <testcase classname="" name="Select All and Deselect All buttons work for history" time="0.106">
    </testcase>
    <testcase classname="" name="Capture Selected triggers capture for checked items" time="0.106">
    </testcase>
    <testcase classname="" name="Component cleanup works correctly" time="0.005">
    </testcase>
    <testcase classname="" name="Error handling works for missing DOM elements" time="0.005">
    </testcase>
    <testcase classname="" name="Input validation works correctly" time="0.005">
    </testcase>
    <testcase classname="" name="Debug component methods directly" time="0.01">
    </testcase>
  </testsuite>
</testsuites>