<?xml version="1.0" encoding="UTF-8"?>
<testsuites name="jest tests" tests="3" failures="0" errors="0" time="1.081">
  <testsuite name="VisualizationService Constructor Fix" errors="0" failures="0" skipped="0" timestamp="2025-09-20T06:40:43" time="0.726" tests="3">
    <testcase classname="VisualizationService Constructor Fix" name="should accept options parameter and pass container to BaseService" time="0.001">
    </testcase>
    <testcase classname="VisualizationService Constructor Fix" name="should work with empty options" time="0">
    </testcase>
    <testcase classname="VisualizationService Constructor Fix" name="should initialize successfully with container" time="0.001">
    </testcase>
  </testsuite>
</testsuites>