<?xml version="1.0" encoding="UTF-8"?>
<testsuites name="jest tests" tests="489" failures="0" errors="0" time="3.912">
  <testsuite name="Browser Runtime Integration" errors="0" failures="0" skipped="5" timestamp="2025-09-02T07:37:41" time="0.461" tests="5">
    <testcase classname="Browser Runtime Integration Extension Loading Chain" name="should initialize container when extension loads" time="0">
      <skipped/>
    </testcase>
    <testcase classname="Browser Runtime Integration Extension Loading Chain" name="should render dashboard after container initialization" time="0">
      <skipped/>
    </testcase>
    <testcase classname="Browser Runtime Integration Extension Loading Chain" name="should load tabs data and replace &quot;Loading tabs...&quot; text" time="0">
      <skipped/>
    </testcase>
    <testcase classname="Browser Runtime Integration Real Extension Entry Points" name="should identify how extension actually starts" time="0">
      <skipped/>
    </testcase>
    <testcase classname="Browser Runtime Integration Component Rendering Chain" name="should verify components actually render to DOM" time="0">
      <skipped/>
    </testcase>
  </testsuite>
  <testsuite name="Notification Service Fix" errors="0" failures="0" skipped="3" timestamp="2025-09-02T07:37:41" time="0.044" tests="3">
    <testcase classname="Notification Service Fix" name="should verify NotificationService has showNotification method" time="0">
      <skipped/>
    </testcase>
    <testcase classname="Notification Service Fix" name="should initialize capture-panel without NotificationService errors" time="0">
      <skipped/>
    </testcase>
    <testcase classname="Notification Service Fix" name="should handle NotificationService method calls correctly" time="0">
      <skipped/>
    </testcase>
  </testsuite>
  <testsuite name="Simple Chrome API Test" errors="0" failures="0" skipped="3" timestamp="2025-09-02T07:37:41" time="0.05" tests="3">
    <testcase classname="Simple Chrome API Test" name="should initialize MessageService without errors" time="0">
      <skipped/>
    </testcase>
    <testcase classname="Simple Chrome API Test" name="should initialize container system successfully" time="0">
      <skipped/>
    </testcase>
    <testcase classname="Simple Chrome API Test" name="should load tabs data successfully" time="0">
      <skipped/>
    </testcase>
  </testsuite>
  <testsuite name="Tabs Loading Fix" errors="0" failures="0" skipped="4" timestamp="2025-09-02T07:37:41" time="0.051" tests="4">
    <testcase classname="Tabs Loading Fix" name="should initialize container system successfully" time="0">
      <skipped/>
    </testcase>
    <testcase classname="Tabs Loading Fix" name="should access capture-panel component correctly" time="0">
      <skipped/>
    </testcase>
    <testcase classname="Tabs Loading Fix" name="should initialize capture-panel and load tabs data" time="0">
      <skipped/>
    </testcase>
    <testcase classname="Tabs Loading Fix" name="should verify tabs-capture component loads tabs correctly" time="0">
      <skipped/>
    </testcase>
  </testsuite>
  <testsuite name="Chrome API Access" errors="0" failures="0" skipped="6" timestamp="2025-09-02T07:37:42" time="0.049" tests="6">
    <testcase classname="Chrome API Access MessageService Chrome API Requirements" name="should have chrome.runtime.onMessage.addListener available" time="0">
      <skipped/>
    </testcase>
    <testcase classname="Chrome API Access MessageService Chrome API Requirements" name="should successfully initialize MessageService with proper Chrome API" time="0">
      <skipped/>
    </testcase>
    <testcase classname="Chrome API Access MessageService Chrome API Requirements" name="should handle Chrome API unavailability gracefully" time="0">
      <skipped/>
    </testcase>
    <testcase classname="Chrome API Access Container Initialization with Chrome API" name="should initialize container system without Chrome API errors" time="0">
      <skipped/>
    </testcase>
    <testcase classname="Chrome API Access Container Initialization with Chrome API" name="should identify which services fail due to Chrome API issues" time="0">
      <skipped/>
    </testcase>
    <testcase classname="Chrome API Access Real Extension Environment Simulation" name="should simulate the exact Chrome API environment of a real extension" time="0">
      <skipped/>
    </testcase>
  </testsuite>
  <testsuite name="MessageService" errors="0" failures="0" skipped="28" timestamp="2025-09-02T07:37:42" time="0.079" tests="28">
    <testcase classname="MessageService Initialization" name="should initialize successfully" time="0">
      <skipped/>
    </testcase>
    <testcase classname="MessageService Initialization" name="should handle initialization error" time="0">
      <skipped/>
    </testcase>
    <testcase classname="MessageService Context Detection" name="should detect background script context" time="0">
      <skipped/>
    </testcase>
    <testcase classname="MessageService Context Detection" name="should detect extension page context" time="0">
      <skipped/>
    </testcase>
    <testcase classname="MessageService Context Detection" name="should detect service worker context" time="0">
      <skipped/>
    </testcase>
    <testcase classname="MessageService Context Detection" name="should handle missing Chrome APIs gracefully" time="0">
      <skipped/>
    </testcase>
    <testcase classname="MessageService Service Routing" name="should add and remove service handlers" time="0">
      <skipped/>
    </testcase>
    <testcase classname="MessageService Service Routing" name="should route messages to service handlers" time="0">
      <skipped/>
    </testcase>
    <testcase classname="MessageService Service Routing" name="should handle service handler errors" time="0">
      <skipped/>
    </testcase>
    <testcase classname="MessageService Service Routing" name="should send messages to specific services" time="0">
      <skipped/>
    </testcase>
    <testcase classname="MessageService Bidirectional Messaging" name="should send to background from extension page" time="0">
      <skipped/>
    </testcase>
    <testcase classname="MessageService Bidirectional Messaging" name="should handle local messages in background context" time="0">
      <skipped/>
    </testcase>
    <testcase classname="MessageService Bidirectional Messaging" name="should send to extension pages from background" time="0">
      <skipped/>
    </testcase>
    <testcase classname="MessageService Bidirectional Messaging" name="should throw error when sendToExtensionPages called from extension page" time="0">
      <skipped/>
    </testcase>
    <testcase classname="MessageService Error Handling" name="should classify network errors" time="0">
      <skipped/>
    </testcase>
    <testcase classname="MessageService Error Handling" name="should classify timeout errors" time="0">
      <skipped/>
    </testcase>
    <testcase classname="MessageService Error Handling" name="should classify context errors" time="0">
      <skipped/>
    </testcase>
    <testcase classname="MessageService Error Handling" name="should classify system errors" time="0">
      <skipped/>
    </testcase>
    <testcase classname="MessageService Error Handling" name="should handle cleanup on errors" time="0">
      <skipped/>
    </testcase>
    <testcase classname="MessageService Service Worker Adaptation" name="should store critical state" time="0">
      <skipped/>
    </testcase>
    <testcase classname="MessageService Service Worker Adaptation" name="should restore pending requests" time="0">
      <skipped/>
    </testcase>
    <testcase classname="MessageService Service Worker Adaptation" name="should handle storage errors gracefully" time="0">
      <skipped/>
    </testcase>
    <testcase classname="MessageService Lifecycle Methods" name="should handle memory pressure" time="0">
      <skipped/>
    </testcase>
    <testcase classname="MessageService Lifecycle Methods" name="should cleanup resources properly" time="0">
      <skipped/>
    </testcase>
    <testcase classname="MessageService Statistics and Monitoring" name="should provide enhanced statistics" time="0">
      <skipped/>
    </testcase>
    <testcase classname="MessageService Statistics and Monitoring" name="should track message statistics" time="0">
      <skipped/>
    </testcase>
    <testcase classname="MessageService Integration Tests" name="should handle complete message flow" time="0">
      <skipped/>
    </testcase>
    <testcase classname="MessageService Integration Tests" name="should handle service worker lifecycle" time="0">
      <skipped/>
    </testcase>
  </testsuite>
  <testsuite name="AnalysisService" errors="0" failures="0" skipped="38" timestamp="2025-09-02T07:37:42" time="0.062" tests="38">
    <testcase classname="AnalysisService BaseService Inheritance Test" name="should properly inherit from BaseService" time="0">
      <skipped/>
    </testcase>
    <testcase classname="AnalysisService Basic Class Test" name="should be able to import and instantiate AnalysisService" time="0">
      <skipped/>
    </testcase>
    <testcase classname="AnalysisService AnalysisService" name="should have proper class structure" time="0">
      <skipped/>
    </testcase>
    <testcase classname="AnalysisService AnalysisService Initialization" name="should initialize successfully with valid dependencies" time="0">
      <skipped/>
    </testcase>
    <testcase classname="AnalysisService AnalysisService Initialization" name="should fail initialization without API service" time="0">
      <skipped/>
    </testcase>
    <testcase classname="AnalysisService AnalysisService Initialization" name="should set up event listeners during initialization" time="0">
      <skipped/>
    </testcase>
    <testcase classname="AnalysisService AnalysisService Initialization" name="should handle initialization errors gracefully" time="0">
      <skipped/>
    </testcase>
    <testcase classname="AnalysisService AnalysisService Cleanup" name="should cleanup resources on shutdown" time="0">
      <skipped/>
    </testcase>
    <testcase classname="AnalysisService AnalysisService Cleanup" name="should handle cleanup errors gracefully" time="0">
      <skipped/>
    </testcase>
    <testcase classname="AnalysisService AnalysisService Memory Pressure Handling" name="should handle memory pressure" time="0">
      <skipped/>
    </testcase>
    <testcase classname="AnalysisService AnalysisService Task Monitoring" name="should start monitoring a new analysis task" time="0">
      <skipped/>
    </testcase>
    <testcase classname="AnalysisService AnalysisService Task Monitoring" name="should not monitor task with empty task ID" time="0">
      <skipped/>
    </testcase>
    <testcase classname="AnalysisService AnalysisService Task Monitoring" name="should not monitor task with null task ID" time="0">
      <skipped/>
    </testcase>
    <testcase classname="AnalysisService AnalysisService Task Monitoring" name="should not duplicate monitoring for same task" time="0">
      <skipped/>
    </testcase>
    <testcase classname="AnalysisService AnalysisService Task Status Checking" name="should check task status successfully" time="0">
      <skipped/>
    </testcase>
    <testcase classname="AnalysisService AnalysisService Task Status Checking" name="should handle completed task status" time="0">
      <skipped/>
    </testcase>
    <testcase classname="AnalysisService AnalysisService Task Status Checking" name="should handle error task status" time="0">
      <skipped/>
    </testcase>
    <testcase classname="AnalysisService AnalysisService Task Status Checking" name="should handle API service unavailability" time="0">
      <skipped/>
    </testcase>
    <testcase classname="AnalysisService AnalysisService Task Status Checking" name="should handle circuit breaker open" time="0">
      <skipped/>
    </testcase>
    <testcase classname="AnalysisService AnalysisService Task Status Checking" name="should handle API errors gracefully" time="0">
      <skipped/>
    </testcase>
    <testcase classname="AnalysisService AnalysisService Event Handling" name="should handle task creation events" time="0">
      <skipped/>
    </testcase>
    <testcase classname="AnalysisService AnalysisService Event Handling" name="should handle task update events" time="0">
      <skipped/>
    </testcase>
    <testcase classname="AnalysisService AnalysisService Event Handling" name="should handle events without task ID" time="0">
      <skipped/>
    </testcase>
    <testcase classname="AnalysisService AnalysisService Event Handling" name="should handle beforeunload event" time="0">
      <skipped/>
    </testcase>
    <testcase classname="AnalysisService AnalysisService Task Completion Handling" name="should handle analysis completion successfully" time="0">
      <skipped/>
    </testcase>
    <testcase classname="AnalysisService AnalysisService Task Completion Handling" name="should handle analysis completion without notification service" time="0">
      <skipped/>
    </testcase>
    <testcase classname="AnalysisService AnalysisService Task Completion Handling" name="should handle analysis completion without document" time="0">
      <skipped/>
    </testcase>
    <testcase classname="AnalysisService AnalysisService Task Error Handling" name="should handle analysis errors successfully" time="0">
      <skipped/>
    </testcase>
    <testcase classname="AnalysisService AnalysisService Task Error Handling" name="should handle analysis errors without notification service" time="0">
      <skipped/>
    </testcase>
    <testcase classname="AnalysisService AnalysisService Task Error Handling" name="should handle analysis errors with unknown error" time="0">
      <skipped/>
    </testcase>
    <testcase classname="AnalysisService AnalysisService Task Listener Notification" name="should notify task listeners of status changes" time="0">
      <skipped/>
    </testcase>
    <testcase classname="AnalysisService AnalysisService Task Listener Notification" name="should handle listener errors gracefully" time="0">
      <skipped/>
    </testcase>
    <testcase classname="AnalysisService AnalysisService Service Status" name="should return service status information" time="0">
      <skipped/>
    </testcase>
    <testcase classname="AnalysisService AnalysisService Service Status" name="should return status without dependencies" time="0">
      <skipped/>
    </testcase>
    <testcase classname="AnalysisService AnalysisService Error Handling" name="should handle initialization errors gracefully" time="0">
      <skipped/>
    </testcase>
    <testcase classname="AnalysisService AnalysisService Error Handling" name="should handle cleanup errors gracefully" time="0">
      <skipped/>
    </testcase>
    <testcase classname="AnalysisService AnalysisService Service Worker Context" name="should work in service worker context" time="0">
      <skipped/>
    </testcase>
    <testcase classname="AnalysisService AnalysisService Service Worker Context" name="should handle DOM operations in service worker context" time="0">
      <skipped/>
    </testcase>
  </testsuite>
  <testsuite name="BaseService Inheritance Test" errors="0" failures="0" skipped="35" timestamp="2025-09-02T07:37:42" time="0.064" tests="35">
    <testcase classname="BaseService Inheritance Test" name="should properly inherit from BaseService" time="0">
      <skipped/>
    </testcase>
    <testcase classname="Basic Class Test" name="should be able to import and instantiate VisualizationService" time="0">
      <skipped/>
    </testcase>
    <testcase classname="VisualizationService Initialization" name="should initialize successfully with default configuration" time="0">
      <skipped/>
    </testcase>
    <testcase classname="VisualizationService Initialization" name="should start D3 check interval on initialization" time="0">
      <skipped/>
    </testcase>
    <testcase classname="VisualizationService Initialization" name="should start cleanup interval on initialization" time="0">
      <skipped/>
    </testcase>
    <testcase classname="VisualizationService Initialization" name="should handle initialization errors gracefully" time="0">
      <skipped/>
    </testcase>
    <testcase classname="VisualizationService D3 Availability" name="should check D3 availability" time="0">
      <skipped/>
    </testcase>
    <testcase classname="VisualizationService D3 Availability" name="should handle D3 availability check errors" time="0">
      <skipped/>
    </testcase>
    <testcase classname="VisualizationService D3 Availability" name="should detect D3 from window object" time="0">
      <skipped/>
    </testcase>
    <testcase classname="VisualizationService Bar Chart Creation" name="should create bar chart successfully with valid data" time="0">
      <skipped/>
    </testcase>
    <testcase classname="VisualizationService Bar Chart Creation" name="should handle missing container ID" time="0">
      <skipped/>
    </testcase>
    <testcase classname="VisualizationService Bar Chart Creation" name="should handle missing container element" time="0">
      <skipped/>
    </testcase>
    <testcase classname="VisualizationService Bar Chart Creation" name="should handle invalid data" time="0">
      <skipped/>
    </testcase>
    <testcase classname="VisualizationService Bar Chart Creation" name="should handle empty data array" time="0">
      <skipped/>
    </testcase>
    <testcase classname="VisualizationService Bar Chart Creation" name="should create chart with custom options" time="0">
      <skipped/>
    </testcase>
    <testcase classname="VisualizationService Bar Chart Creation" name="should track DOM elements for cleanup" time="0">
      <skipped/>
    </testcase>
    <testcase classname="VisualizationService Knowledge Graph Creation" name="should create knowledge graph successfully with valid data" time="0">
      <skipped/>
    </testcase>
    <testcase classname="VisualizationService Knowledge Graph Creation" name="should handle missing container ID" time="0">
      <skipped/>
    </testcase>
    <testcase classname="VisualizationService Knowledge Graph Creation" name="should handle missing container element" time="0">
      <skipped/>
    </testcase>
    <testcase classname="VisualizationService Knowledge Graph Creation" name="should handle empty nodes array" time="0">
      <skipped/>
    </testcase>
    <testcase classname="VisualizationService Knowledge Graph Creation" name="should add event listeners to graph nodes" time="0">
      <skipped/>
    </testcase>
    <testcase classname="VisualizationService Knowledge Graph Creation" name="should add reset button to graph" time="0">
      <skipped/>
    </testcase>
    <testcase classname="VisualizationService Node Click Handling" name="should handle node click events" time="0">
      <skipped/>
    </testcase>
    <testcase classname="VisualizationService Node Click Handling" name="should handle node click with missing data" time="0">
      <skipped/>
    </testcase>
    <testcase classname="VisualizationService Reset View Handling" name="should reset node highlighting" time="0">
      <skipped/>
    </testcase>
    <testcase classname="VisualizationService Resource Management" name="should cleanup resources on shutdown" time="0">
      <skipped/>
    </testcase>
    <testcase classname="VisualizationService Resource Management" name="should handle memory pressure" time="0">
      <skipped/>
    </testcase>
    <testcase classname="VisualizationService Resource Management" name="should cleanup old visualizations" time="0">
      <skipped/>
    </testcase>
    <testcase classname="VisualizationService Resource Management" name="should cleanup all visualizations" time="0">
      <skipped/>
    </testcase>
    <testcase classname="VisualizationService Error Handling" name="should handle chart creation errors gracefully" time="0">
      <skipped/>
    </testcase>
    <testcase classname="VisualizationService Error Handling" name="should handle graph creation errors gracefully" time="0">
      <skipped/>
    </testcase>
    <testcase classname="VisualizationService Error Handling" name="should handle cleanup errors gracefully" time="0">
      <skipped/>
    </testcase>
    <testcase classname="VisualizationService Service Worker Context" name="should work in service worker context" time="0">
      <skipped/>
    </testcase>
    <testcase classname="VisualizationService Service Worker Context" name="should handle DOM operations in service worker context" time="0">
      <skipped/>
    </testcase>
    <testcase classname="VisualizationService" name="should have proper class structure" time="0">
      <skipped/>
    </testcase>
  </testsuite>
  <testsuite name="NotificationService" errors="0" failures="0" skipped="31" timestamp="2025-09-02T07:37:42" time="0.063" tests="31">
    <testcase classname="NotificationService Initialization" name="should initialize successfully in browser context" time="0">
      <skipped/>
    </testcase>
    <testcase classname="NotificationService Notification Creation" name="should create standard notification successfully" time="0">
      <skipped/>
    </testcase>
    <testcase classname="NotificationService Notification Creation" name="should create progress notification successfully" time="0">
      <skipped/>
    </testcase>
    <testcase classname="NotificationService Notification Creation" name="should handle invalid notification types" time="0">
      <skipped/>
    </testcase>
    <testcase classname="NotificationService Notification Creation" name="should handle empty messages" time="0">
      <skipped/>
    </testcase>
    <testcase classname="NotificationService Notification Creation" name="should validate progress values" time="0">
      <skipped/>
    </testcase>
    <testcase classname="NotificationService Notification Creation" name="should return null in service worker context" time="0">
      <skipped/>
    </testcase>
    <testcase classname="NotificationService Progress Notification Updates" name="should update existing progress notification" time="0">
      <skipped/>
    </testcase>
    <testcase classname="NotificationService Progress Notification Updates" name="should create new notification if none exists" time="0">
      <skipped/>
    </testcase>
    <testcase classname="NotificationService Progress Notification Updates" name="should validate progress values in updates" time="0">
      <skipped/>
    </testcase>
    <testcase classname="NotificationService Notification Dismissal" name="should dismiss all notifications" time="0">
      <skipped/>
    </testcase>
    <testcase classname="NotificationService Notification Dismissal" name="should handle dismissal of non-existent notification" time="0">
      <skipped/>
    </testcase>
    <testcase classname="NotificationService Notification Dismissal" name="should handle dismissal with empty ID" time="0">
      <skipped/>
    </testcase>
    <testcase classname="NotificationService Notification Limits and Management" name="should manage notification lifecycle properly" time="0">
      <skipped/>
    </testcase>
    <testcase classname="NotificationService Configuration Management" name="should update notification configuration" time="0">
      <skipped/>
    </testcase>
    <testcase classname="NotificationService Configuration Management" name="should update container position when configuration changes" time="0">
      <skipped/>
    </testcase>
    <testcase classname="NotificationService Statistics and Status" name="should track notification statistics" time="0">
      <skipped/>
    </testcase>
    <testcase classname="NotificationService Statistics and Status" name="should provide service status" time="0">
      <skipped/>
    </testcase>
    <testcase classname="NotificationService Service Worker Context" name="should initialize successfully in service worker context" time="0">
      <skipped/>
    </testcase>
    <testcase classname="NotificationService Service Worker Context" name="should log notifications in service worker context" time="0">
      <skipped/>
    </testcase>
    <testcase classname="NotificationService Service Worker Context" name="should return null for UI operations in service worker context" time="0">
      <skipped/>
    </testcase>
    <testcase classname="NotificationService Error Handling" name="should handle DOM creation errors gracefully" time="0">
      <skipped/>
    </testcase>
    <testcase classname="NotificationService Error Handling" name="should handle container not found errors" time="0">
      <skipped/>
    </testcase>
    <testcase classname="NotificationService Error Handling" name="should handle notification removal errors gracefully" time="0">
      <skipped/>
    </testcase>
    <testcase classname="NotificationService Resource Management" name="should track DOM elements properly" time="0">
      <skipped/>
    </testcase>
    <testcase classname="NotificationService Resource Management" name="should track event listeners properly" time="0">
      <skipped/>
    </testcase>
    <testcase classname="NotificationService Resource Management" name="should handle memory pressure" time="0">
      <skipped/>
    </testcase>
    <testcase classname="NotificationService Resource Management" name="should cleanup resources on service shutdown" time="0">
      <skipped/>
    </testcase>
    <testcase classname="NotificationService Circuit Breaker" name="should open circuit breaker after repeated failures" time="0">
      <skipped/>
    </testcase>
    <testcase classname="NotificationService Circuit Breaker" name="should suppress notifications when circuit breaker is open" time="0">
      <skipped/>
    </testcase>
    <testcase classname="NotificationService Integration with BaseService" name="should inherit BaseService functionality" time="0">
      <skipped/>
    </testcase>
  </testsuite>
  <testsuite name="Dashboard Component" errors="0" failures="0" skipped="43" timestamp="2025-09-02T07:37:42" time="0.066" tests="43">
    <testcase classname="Dashboard Component Basic Structure" name="Dashboard exists and has required methods" time="0">
      <skipped/>
    </testcase>
    <testcase classname="Dashboard Component Basic Structure" name="Dashboard starts with correct initial state" time="0">
      <skipped/>
    </testcase>
    <testcase classname="Dashboard Component DOM Structure Validation" name="finds all required navigation elements" time="0">
      <skipped/>
    </testcase>
    <testcase classname="Dashboard Component DOM Structure Validation" name="finds debug panel elements" time="0">
      <skipped/>
    </testcase>
    <testcase classname="Dashboard Component DOM Structure Validation" name="dashboard.html includes dashboard.css link" time="0">
      <skipped/>
    </testcase>
    <testcase classname="Dashboard Component Initialization" name="initDashboard starts initialization process" time="0">
      <skipped/>
    </testcase>
    <testcase classname="Dashboard Component Initialization" name="sets up logger during initialization" time="0">
      <skipped/>
    </testcase>
    <testcase classname="Dashboard Component Event Handler Setup" name="setupEventHandlers finds debug panel elements" time="0">
      <skipped/>
    </testcase>
    <testcase classname="Dashboard Component Event Handler Setup" name="setupEventHandlers finds test components button" time="0">
      <skipped/>
    </testcase>
    <testcase classname="Dashboard Component Fallback Navigation" name="setupFallbackNavigation finds navigation items" time="0">
      <skipped/>
    </testcase>
    <testcase classname="Dashboard Component Fallback Navigation" name="navigation items have required data attributes" time="0">
      <skipped/>
    </testcase>
    <testcase classname="Dashboard Component Debug Interface" name="createDebugInterface creates global debug object" time="0">
      <skipped/>
    </testcase>
    <testcase classname="Dashboard Component Cleanup" name="cleanup method exists and is callable" time="0">
      <skipped/>
    </testcase>
    <testcase classname="Dashboard Component Cleanup" name="cleanup resets initialization state" time="0">
      <skipped/>
    </testcase>
    <testcase classname="Dashboard Component Error Handling" name="showInitializationError creates error display" time="0">
      <skipped/>
    </testcase>
    <testcase classname="Dashboard Component Component System Integration" name="component system is intentionally disabled for now" time="0">
      <skipped/>
    </testcase>
    <testcase classname="Dashboard Component Component System Integration" name="navigation component is initialized" time="0">
      <skipped/>
    </testcase>
    <testcase classname="Dashboard Component Panel Management" name="overview panel is active by default" time="0">
      <skipped/>
    </testcase>
    <testcase classname="Dashboard Component Panel Management" name="navigation items have correct active state" time="0">
      <skipped/>
    </testcase>
    <testcase classname="Dashboard Component Event Handler Functionality" name="debug panel toggle works" time="0">
      <skipped/>
    </testcase>
    <testcase classname="Dashboard Component Event Handler Functionality" name="test components button triggers debug output update" time="0">
      <skipped/>
    </testcase>
    <testcase classname="Dashboard Component Resource Management" name="tracks event listeners during initialization" time="0">
      <skipped/>
    </testcase>
    <testcase classname="Dashboard Component Resource Management" name="cleanup removes all tracked resources" time="0">
      <skipped/>
    </testcase>
    <testcase classname="Dashboard Component Fallback Navigation Functionality" name="fallback navigation switches panels" time="0">
      <skipped/>
    </testcase>
    <testcase classname="Dashboard Component Overview Panel" name="Reload Overview button is present and clickable" time="0">
      <skipped/>
    </testcase>
    <testcase classname="Dashboard Component Overview Panel" name="Refresh button is present and clickable" time="0">
      <skipped/>
    </testcase>
    <testcase classname="Dashboard Component Overview Panel" name="View All button is present and clickable" time="0">
      <skipped/>
    </testcase>
    <testcase classname="Dashboard Component Overview Panel" name="Explore button is present and clickable" time="0">
      <skipped/>
    </testcase>
    <testcase classname="Dashboard Component Capture Panel" name="Reload Capture Data button is present and clickable" time="0">
      <skipped/>
    </testcase>
    <testcase classname="Dashboard Component Capture Panel" name="Capture Selected button is present and clickable" time="0">
      <skipped/>
    </testcase>
    <testcase classname="Dashboard Component Capture Panel" name="Select All button is present and clickable" time="0">
      <skipped/>
    </testcase>
    <testcase classname="Dashboard Component Capture Panel" name="Deselect All button is present and clickable" time="0">
      <skipped/>
    </testcase>
    <testcase classname="Dashboard Component Knowledge Panel" name="Reload Knowledge Data button is present and clickable" time="0">
      <skipped/>
    </testcase>
    <testcase classname="Dashboard Component Knowledge Panel" name="Explore button is present and clickable" time="0">
      <skipped/>
    </testcase>
    <testcase classname="Dashboard Component Assistant Panel" name="Reload Assistant button is present and clickable" time="0">
      <skipped/>
    </testcase>
    <testcase classname="Dashboard Component Tasks Panel" name="Reload Analysis Data button is present and clickable" time="0">
      <skipped/>
    </testcase>
    <testcase classname="Dashboard Component Settings Panel" name="Reload Settings button is present and clickable" time="0">
      <skipped/>
    </testcase>
    <testcase classname="Dashboard Component Sidebar Navigation" name="Nav item for &quot;overview&quot; is present and switches panel on click" time="0">
      <skipped/>
    </testcase>
    <testcase classname="Dashboard Component Sidebar Navigation" name="Nav item for &quot;capture&quot; is present and switches panel on click" time="0">
      <skipped/>
    </testcase>
    <testcase classname="Dashboard Component Sidebar Navigation" name="Nav item for &quot;knowledge&quot; is present and switches panel on click" time="0">
      <skipped/>
    </testcase>
    <testcase classname="Dashboard Component Sidebar Navigation" name="Nav item for &quot;assistant&quot; is present and switches panel on click" time="0">
      <skipped/>
    </testcase>
    <testcase classname="Dashboard Component Sidebar Navigation" name="Nav item for &quot;tasks&quot; is present and switches panel on click" time="0">
      <skipped/>
    </testcase>
    <testcase classname="Dashboard Component Sidebar Navigation" name="Nav item for &quot;settings&quot; is present and switches panel on click" time="0">
      <skipped/>
    </testcase>
  </testsuite>
  <testsuite name="undefined" errors="0" failures="0" skipped="11" timestamp="2025-09-02T07:37:42" time="0.176" tests="11">
    <testcase classname="" name="Capture panel initializes successfully" time="0">
      <skipped/>
    </testcase>
    <testcase classname="" name="Tabs capture component loads tabs correctly" time="0">
      <skipped/>
    </testcase>
    <testcase classname="" name="Bookmarks capture component loads bookmarks correctly" time="0">
      <skipped/>
    </testcase>
    <testcase classname="" name="History capture component loads history correctly" time="0">
      <skipped/>
    </testcase>
    <testcase classname="" name="Select All and Deselect All buttons work for bookmarks" time="0">
      <skipped/>
    </testcase>
    <testcase classname="" name="Select All and Deselect All buttons work for history" time="0">
      <skipped/>
    </testcase>
    <testcase classname="" name="Capture Selected triggers capture for checked items" time="0">
      <skipped/>
    </testcase>
    <testcase classname="" name="Component cleanup works correctly" time="0">
      <skipped/>
    </testcase>
    <testcase classname="" name="Error handling works for missing DOM elements" time="0">
      <skipped/>
    </testcase>
    <testcase classname="" name="Input validation works correctly" time="0">
      <skipped/>
    </testcase>
    <testcase classname="" name="Debug component methods directly" time="0">
      <skipped/>
    </testcase>
  </testsuite>
  <testsuite name="Navigation Component" errors="0" failures="0" skipped="13" timestamp="2025-09-02T07:37:42" time="0.046" tests="13">
    <testcase classname="Navigation Component" name="should initialize with correct state" time="0">
      <skipped/>
    </testcase>
    <testcase classname="Navigation Component" name="should handle panel navigation" time="0">
      <skipped/>
    </testcase>
    <testcase classname="Navigation Component Cleanup" name="should cleanup resources" time="0">
      <skipped/>
    </testcase>
    <testcase classname="Navigation Component Service Integration" name="should use service registry for storage operations" time="0">
      <skipped/>
    </testcase>
    <testcase classname="Navigation Component Service Integration" name="should handle storage service errors" time="0">
      <skipped/>
    </testcase>
    <testcase classname="Navigation Component Service Integration" name="should handle missing services gracefully" time="0">
      <skipped/>
    </testcase>
    <testcase classname="Navigation Component Resource Tracking" name="should track event listeners" time="0">
      <skipped/>
    </testcase>
    <testcase classname="Navigation Component Resource Tracking" name="should track DOM elements" time="0">
      <skipped/>
    </testcase>
    <testcase classname="Navigation Component Memory Management" name="should handle memory pressure" time="0">
      <skipped/>
    </testcase>
    <testcase classname="Navigation Component Lifecycle Methods" name="should not initialize twice" time="0">
      <skipped/>
    </testcase>
    <testcase classname="Navigation Component Lifecycle Methods" name="should not cleanup if not initialized" time="0">
      <skipped/>
    </testcase>
    <testcase classname="Navigation Component" name="should handle initialization error" time="0">
      <skipped/>
    </testcase>
    <testcase classname="Navigation Component" name="should handle cleanup error" time="0">
      <skipped/>
    </testcase>
  </testsuite>
  <testsuite name="StorageService" errors="0" failures="0" skipped="33" timestamp="2025-09-02T07:37:42" time="0.048" tests="33">
    <testcase classname="StorageService Initialization" name="should initialize successfully with default settings" time="0">
      <skipped/>
    </testcase>
    <testcase classname="StorageService Initialization" name="should merge existing settings with defaults" time="0">
      <skipped/>
    </testcase>
    <testcase classname="StorageService Initialization" name="should handle initialization errors gracefully" time="0">
      <skipped/>
    </testcase>
    <testcase classname="StorageService Settings Management" name="should get settings with defaults" time="0">
      <skipped/>
    </testcase>
    <testcase classname="StorageService Settings Management" name="should update settings and notify background" time="0">
      <skipped/>
    </testcase>
    <testcase classname="StorageService Settings Management" name="should reset settings to defaults" time="0">
      <skipped/>
    </testcase>
    <testcase classname="StorageService Settings Management" name="should handle storage errors during settings update" time="0">
      <skipped/>
    </testcase>
    <testcase classname="StorageService Capture History Management" name="should get empty capture history initially" time="0">
      <skipped/>
    </testcase>
    <testcase classname="StorageService Capture History Management" name="should get existing capture history" time="0">
      <skipped/>
    </testcase>
    <testcase classname="StorageService Capture History Management" name="should update capture history with new entries" time="0">
      <skipped/>
    </testcase>
    <testcase classname="StorageService Capture History Management" name="should deduplicate capture history by URL" time="0">
      <skipped/>
    </testcase>
    <testcase classname="StorageService Capture History Management" name="should limit capture history to specified max entries" time="0">
      <skipped/>
    </testcase>
    <testcase classname="StorageService Statistics Management" name="should get default stats" time="0">
      <skipped/>
    </testcase>
    <testcase classname="StorageService Statistics Management" name="should update stats" time="0">
      <skipped/>
    </testcase>
    <testcase classname="StorageService Statistics Management" name="should increment stats counter" time="0">
      <skipped/>
    </testcase>
    <testcase classname="StorageService Statistics Management" name="should handle invalid counter increment" time="0">
      <skipped/>
    </testcase>
    <testcase classname="StorageService Data Export/Import" name="should export data with redacted sensitive information" time="0">
      <skipped/>
    </testcase>
    <testcase classname="StorageService Data Export/Import" name="should import data with merge option" time="0">
      <skipped/>
    </testcase>
    <testcase classname="StorageService Data Export/Import" name="should handle invalid import data" time="0">
      <skipped/>
    </testcase>
    <testcase classname="StorageService Active State Management" name="should save active state" time="0">
      <skipped/>
    </testcase>
    <testcase classname="StorageService Active State Management" name="should get active state" time="0">
      <skipped/>
    </testcase>
    <testcase classname="StorageService Active State Management" name="should return null for no active state" time="0">
      <skipped/>
    </testcase>
    <testcase classname="StorageService Data Cleanup" name="should clear local data while keeping settings" time="0">
      <skipped/>
    </testcase>
    <testcase classname="StorageService Data Cleanup" name="should clear all data including settings" time="0">
      <skipped/>
    </testcase>
    <testcase classname="StorageService Data Cleanup" name="should handle cleanup errors" time="0">
      <skipped/>
    </testcase>
    <testcase classname="StorageService Cache Management" name="should use cache for repeated settings requests" time="0">
      <skipped/>
    </testcase>
    <testcase classname="StorageService Cache Management" name="should invalidate cache on storage changes" time="0">
      <skipped/>
    </testcase>
    <testcase classname="StorageService Cache Management" name="should clear cache on memory pressure" time="0">
      <skipped/>
    </testcase>
    <testcase classname="StorageService Error Handling" name="should handle Chrome API unavailability" time="0">
      <skipped/>
    </testcase>
    <testcase classname="StorageService Error Handling" name="should handle storage operation failures" time="0">
      <skipped/>
    </testcase>
    <testcase classname="StorageService Error Handling" name="should handle notification service unavailability" time="0">
      <skipped/>
    </testcase>
    <testcase classname="StorageService Resource Management" name="should clean up resources on service cleanup" time="0">
      <skipped/>
    </testcase>
    <testcase classname="StorageService Resource Management" name="should handle cleanup when not initialized" time="0">
      <skipped/>
    </testcase>
  </testsuite>
  <testsuite name="Panel Initialization Investigation" errors="0" failures="0" skipped="22" timestamp="2025-09-02T07:37:42" time="0.073" tests="22">
    <testcase classname="Panel Initialization Investigation Component Registration" name="all panel components are registered in container" time="0">
      <skipped/>
    </testcase>
    <testcase classname="Panel Initialization Investigation Component Registration" name="panel components have required initialization methods" time="0">
      <skipped/>
    </testcase>
    <testcase classname="Panel Initialization Investigation Panel DOM Structure" name="all panel elements exist in DOM" time="0">
      <skipped/>
    </testcase>
    <testcase classname="Panel Initialization Investigation Panel DOM Structure" name="panel force-init buttons exist" time="0">
      <skipped/>
    </testcase>
    <testcase classname="Panel Initialization Investigation Individual Panel Investigation Overview Panel" name="overview panel component structure" time="0">
      <skipped/>
    </testcase>
    <testcase classname="Panel Initialization Investigation Individual Panel Investigation Overview Panel" name="overview panel DOM elements" time="0">
      <skipped/>
    </testcase>
    <testcase classname="Panel Initialization Investigation Individual Panel Investigation Overview Panel" name="overview panel initialization attempt" time="0">
      <skipped/>
    </testcase>
    <testcase classname="Panel Initialization Investigation Individual Panel Investigation Capture Panel" name="capture panel component structure" time="0">
      <skipped/>
    </testcase>
    <testcase classname="Panel Initialization Investigation Individual Panel Investigation Capture Panel" name="capture panel DOM elements" time="0">
      <skipped/>
    </testcase>
    <testcase classname="Panel Initialization Investigation Individual Panel Investigation Capture Panel" name="capture panel initialization attempt" time="0">
      <skipped/>
    </testcase>
    <testcase classname="Panel Initialization Investigation Individual Panel Investigation Knowledge Panel" name="knowledge panel component structure" time="0">
      <skipped/>
    </testcase>
    <testcase classname="Panel Initialization Investigation Individual Panel Investigation Knowledge Panel" name="knowledge panel initialization attempt" time="0">
      <skipped/>
    </testcase>
    <testcase classname="Panel Initialization Investigation Individual Panel Investigation Assistant Panel" name="assistant panel component structure" time="0">
      <skipped/>
    </testcase>
    <testcase classname="Panel Initialization Investigation Individual Panel Investigation Assistant Panel" name="assistant panel initialization attempt" time="0">
      <skipped/>
    </testcase>
    <testcase classname="Panel Initialization Investigation Individual Panel Investigation Tasks Panel" name="tasks panel component structure" time="0">
      <skipped/>
    </testcase>
    <testcase classname="Panel Initialization Investigation Individual Panel Investigation Tasks Panel" name="tasks panel initialization attempt" time="0">
      <skipped/>
    </testcase>
    <testcase classname="Panel Initialization Investigation Individual Panel Investigation Settings Panel" name="settings panel component structure" time="0">
      <skipped/>
    </testcase>
    <testcase classname="Panel Initialization Investigation Individual Panel Investigation Settings Panel" name="settings panel initialization attempt" time="0">
      <skipped/>
    </testcase>
    <testcase classname="Panel Initialization Investigation Panel Activation and Initialization" name="panel activation triggers initialization" time="0">
      <skipped/>
    </testcase>
    <testcase classname="Panel Initialization Investigation Panel Activation and Initialization" name="force-init buttons trigger panel initialization" time="0">
      <skipped/>
    </testcase>
    <testcase classname="Panel Initialization Investigation Panel Loading States" name="panels show loading indicators" time="0">
      <skipped/>
    </testcase>
    <testcase classname="Panel Initialization Investigation Panel Loading States" name="overview and capture panels have content structure" time="0">
      <skipped/>
    </testcase>
  </testsuite>
  <testsuite name="GraphService" errors="0" failures="0" skipped="27" timestamp="2025-09-02T07:37:43" time="0.05" tests="27">
    <testcase classname="GraphService Initialization" name="should initialize successfully with valid configuration" time="0">
      <skipped/>
    </testcase>
    <testcase classname="GraphService Initialization" name="should require ApiService in constructor" time="0">
      <skipped/>
    </testcase>
    <testcase classname="GraphService Initialization" name="should validate cache configuration" time="0">
      <skipped/>
    </testcase>
    <testcase classname="GraphService Initialization" name="should load configuration from Chrome storage" time="0">
      <skipped/>
    </testcase>
    <testcase classname="GraphService Initialization" name="should handle configuration loading errors gracefully" time="0">
      <skipped/>
    </testcase>
    <testcase classname="GraphService Graph Operations" name="should get related pages successfully" time="0">
      <skipped/>
    </testcase>
    <testcase classname="GraphService Graph Operations" name="should search graph successfully" time="0">
      <skipped/>
    </testcase>
    <testcase classname="GraphService Graph Operations" name="should get node by ID successfully" time="0">
      <skipped/>
    </testcase>
    <testcase classname="GraphService Graph Operations" name="should handle API errors gracefully" time="0">
      <skipped/>
    </testcase>
    <testcase classname="GraphService Graph Operations" name="should handle network errors gracefully" time="0">
      <skipped/>
    </testcase>
    <testcase classname="GraphService Graph Operations" name="should validate required parameters" time="0">
      <skipped/>
    </testcase>
    <testcase classname="GraphService Caching" name="should cache successful results" time="0">
      <skipped/>
    </testcase>
    <testcase classname="GraphService Caching" name="should return cached results when available" time="0">
      <skipped/>
    </testcase>
    <testcase classname="GraphService Caching" name="should bypass cache when requested" time="0">
      <skipped/>
    </testcase>
    <testcase classname="GraphService Caching" name="should handle cache operation timeouts" time="0">
      <skipped/>
    </testcase>
    <testcase classname="GraphService Caching" name="should prune cache when size exceeds limit" time="0">
      <skipped/>
    </testcase>
    <testcase classname="GraphService Configuration Management" name="should update configuration successfully" time="0">
      <skipped/>
    </testcase>
    <testcase classname="GraphService Configuration Management" name="should clear cache when disabled" time="0">
      <skipped/>
    </testcase>
    <testcase classname="GraphService Configuration Management" name="should handle configuration save errors" time="0">
      <skipped/>
    </testcase>
    <testcase classname="GraphService Statistics and Status" name="should provide cache statistics" time="0">
      <skipped/>
    </testcase>
    <testcase classname="GraphService Statistics and Status" name="should provide service status" time="0">
      <skipped/>
    </testcase>
    <testcase classname="GraphService Error Handling" name="should handle initialization failures gracefully" time="0">
      <skipped/>
    </testcase>
    <testcase classname="GraphService Error Handling" name="should handle cache errors gracefully" time="0">
      <skipped/>
    </testcase>
    <testcase classname="GraphService Resource Management" name="should cleanup resources on shutdown" time="0">
      <skipped/>
    </testcase>
    <testcase classname="GraphService Resource Management" name="should handle memory pressure" time="0">
      <skipped/>
    </testcase>
    <testcase classname="GraphService Service Worker Context" name="should work in service worker context" time="0">
      <skipped/>
    </testcase>
    <testcase classname="GraphService Service Worker Context" name="should handle cache operations in service worker context" time="0">
      <skipped/>
    </testcase>
  </testsuite>
  <testsuite name="TaskService" errors="0" failures="0" skipped="11" timestamp="2025-09-02T07:37:43" time="0.051" tests="11">
    <testcase classname="TaskService Task Lifecycle" name="should create a new task and add to active tasks" time="0">
      <skipped/>
    </testcase>
    <testcase classname="TaskService Task Lifecycle" name="should fallback to API when background page unavailable" time="0">
      <skipped/>
    </testcase>
    <testcase classname="TaskService Task Lifecycle" name="should cancel a task and remove from active tasks" time="0">
      <skipped/>
    </testcase>
    <testcase classname="TaskService Task Lifecycle" name="should retry a failed task and update state" time="0">
      <skipped/>
    </testcase>
    <testcase classname="TaskService Task Lifecycle" name="should retrieve task by ID from active tasks" time="0">
      <skipped/>
    </testcase>
    <testcase classname="TaskService Task Lifecycle" name="should retrieve task by ID from completed tasks" time="0">
      <skipped/>
    </testcase>
    <testcase classname="TaskService Task Lifecycle" name="should return all active tasks" time="0">
      <skipped/>
    </testcase>
    <testcase classname="TaskService Task Lifecycle" name="should return all completed tasks" time="0">
      <skipped/>
    </testcase>
    <testcase classname="TaskService Task Lifecycle" name="should handle invalid task ID" time="0">
      <skipped/>
    </testcase>
    <testcase classname="TaskService Task Lifecycle" name="should handle missing task data" time="0">
      <skipped/>
    </testcase>
    <testcase classname="TaskService Task Lifecycle" name="should handle task creation failure" time="0">
      <skipped/>
    </testcase>
  </testsuite>
  <testsuite name="ApiService" errors="0" failures="0" skipped="18" timestamp="2025-09-02T07:37:43" time="0.048" tests="18">
    <testcase classname="ApiService Initialization" name="should create API service instance" time="0">
      <skipped/>
    </testcase>
    <testcase classname="ApiService Initialization" name="should start uninitialized" time="0">
      <skipped/>
    </testcase>
    <testcase classname="ApiService Initialization" name="should have API service specific properties" time="0">
      <skipped/>
    </testcase>
    <testcase classname="ApiService Service Properties" name="should have required API service properties" time="0">
      <skipped/>
    </testcase>
    <testcase classname="ApiService API Requests" name="should handle successful API requests" time="0">
      <skipped/>
    </testcase>
    <testcase classname="ApiService API Requests" name="should handle API errors (4xx/5xx)" time="0">
      <skipped/>
    </testcase>
    <testcase classname="ApiService API Requests" name="should handle network errors" time="0">
      <skipped/>
    </testcase>
    <testcase classname="ApiService API Requests" name="should handle timeout errors" time="0">
      <skipped/>
    </testcase>
    <testcase classname="ApiService API Requests" name="should generate unique request IDs" time="0">
      <skipped/>
    </testcase>
    <testcase classname="ApiService API Requests" name="should track request statistics" time="0">
      <skipped/>
    </testcase>
    <testcase classname="ApiService Configuration Management" name="should load configuration from storage" time="0">
      <skipped/>
    </testcase>
    <testcase classname="ApiService Configuration Management" name="should use default configuration when storage is empty" time="0">
      <skipped/>
    </testcase>
    <testcase classname="ApiService Error Handling" name="should implement circuit breaker pattern" time="0">
      <skipped/>
    </testcase>
    <testcase classname="ApiService Error Handling" name="should reset circuit breaker after timeout" time="0">
      <skipped/>
    </testcase>
    <testcase classname="ApiService Cleanup" name="should cleanup active requests" time="0">
      <skipped/>
    </testcase>
    <testcase classname="ApiService ApiService Background Script Integration" name="should initialize in background script context" time="0">
      <skipped/>
    </testcase>
    <testcase classname="ApiService ApiService Background Script Integration" name="should handle API requests via message passing" time="0">
      <skipped/>
    </testcase>
    <testcase classname="ApiService ApiService Background Script Integration" name="should get service status via message passing" time="0">
      <skipped/>
    </testcase>
  </testsuite>
  <testsuite name="Background Service Worker" errors="0" failures="0" skipped="13" timestamp="2025-09-02T07:37:43" time="0.058" tests="13">
    <testcase classname="Background Service Worker Service Worker Initialization" name="should initialize background service worker properly" time="0">
      <skipped/>
    </testcase>
    <testcase classname="Background Service Worker Service Worker Initialization" name="should register Chrome message listeners on initialization" time="0">
      <skipped/>
    </testcase>
    <testcase classname="Background Service Worker Service Worker Initialization" name="should call setupMessageRouting during initialization" time="0">
      <skipped/>
    </testcase>
    <testcase classname="Background Service Worker Service Worker Initialization" name="should handle service worker lifecycle events" time="0">
      <skipped/>
    </testcase>
    <testcase classname="Background Service Worker Message Handling" name="should handle incoming messages from dashboard" time="0">
      <skipped/>
    </testcase>
    <testcase classname="Background Service Worker Message Handling" name="should respond to dashboard initialization messages" time="0">
      <skipped/>
    </testcase>
    <testcase classname="Background Service Worker Message Handling" name="should handle unknown message actions gracefully" time="0">
      <skipped/>
    </testcase>
    <testcase classname="Background Service Worker Message Handling" name="should route messages through Chrome extension message system" time="0">
      <skipped/>
    </testcase>
    <testcase classname="Background Service Worker Dashboard Communication" name="should allow dashboard to send messages successfully" time="0">
      <skipped/>
    </testcase>
    <testcase classname="Background Service Worker Dashboard Communication" name="should handle connection errors gracefully" time="0">
      <skipped/>
    </testcase>
    <testcase classname="Background Service Worker Error Handling" name="should handle runtime errors without crashing" time="0">
      <skipped/>
    </testcase>
    <testcase classname="Background Service Worker Error Handling" name="should handle missing Chrome APIs gracefully" time="0">
      <skipped/>
    </testcase>
    <testcase classname="Background Service Worker Integration with Background Script" name="should work with background script initialization" time="0">
      <skipped/>
    </testcase>
  </testsuite>
  <testsuite name="BaseComponent" errors="0" failures="0" skipped="16" timestamp="2025-09-02T07:37:43" time="0.046" tests="16">
    <testcase classname="BaseComponent Initialization" name="should initialize with default state" time="0">
      <skipped/>
    </testcase>
    <testcase classname="BaseComponent Initialization" name="should create logger with correct context" time="0">
      <skipped/>
    </testcase>
    <testcase classname="BaseComponent Initialization" name="should initialize memory monitor with correct options" time="0">
      <skipped/>
    </testcase>
    <testcase classname="BaseComponent Resource Tracking" name="should track event listeners" time="0">
      <skipped/>
    </testcase>
    <testcase classname="BaseComponent Resource Tracking" name="should track timeouts" time="0">
      <skipped/>
    </testcase>
    <testcase classname="BaseComponent Resource Tracking" name="should track intervals" time="0">
      <skipped/>
    </testcase>
    <testcase classname="BaseComponent Resource Tracking" name="should track DOM elements" time="0">
      <skipped/>
    </testcase>
    <testcase classname="BaseComponent Service Management" name="should get service from container" time="0">
      <skipped/>
    </testcase>
    <testcase classname="BaseComponent Service Management" name="should return fallback when service not available" time="0">
      <skipped/>
    </testcase>
    <testcase classname="BaseComponent Memory Management" name="should handle memory pressure - high" time="0">
      <skipped/>
    </testcase>
    <testcase classname="BaseComponent Memory Management" name="should handle memory pressure - medium" time="0">
      <skipped/>
    </testcase>
    <testcase classname="BaseComponent Memory Management" name="should update memory metrics" time="0">
      <skipped/>
    </testcase>
    <testcase classname="BaseComponent Error Handling" name="should handle initialization error" time="0">
      <skipped/>
    </testcase>
    <testcase classname="BaseComponent Error Handling" name="should handle cleanup error" time="0">
      <skipped/>
    </testcase>
    <testcase classname="BaseComponent Abstract Methods" name="should throw error for unimplemented _performInitialization" time="0">
      <skipped/>
    </testcase>
    <testcase classname="BaseComponent Abstract Methods" name="should throw error for unimplemented _performCleanup" time="0">
      <skipped/>
    </testcase>
  </testsuite>
  <testsuite name="Background Script - Connection Handling" errors="0" failures="0" skipped="10" timestamp="2025-09-02T07:37:43" time="0.046" tests="10">
    <testcase classname="Background Script - Connection Handling Message Handling" name="should handle ping messages" time="0">
      <skipped/>
    </testcase>
    <testcase classname="Background Script - Connection Handling Message Handling" name="should handle marvin_log_entry messages" time="0">
      <skipped/>
    </testcase>
    <testcase classname="Background Script - Connection Handling Message Handling" name="should handle contentScriptPing messages" time="0">
      <skipped/>
    </testcase>
    <testcase classname="Background Script - Connection Handling Message Handling" name="should handle pageVisible messages" time="0">
      <skipped/>
    </testcase>
    <testcase classname="Background Script - Connection Handling Message Handling" name="should handle pageHidden messages" time="0">
      <skipped/>
    </testcase>
    <testcase classname="Background Script - Connection Handling Message Handling" name="should handle unknown actions gracefully" time="0">
      <skipped/>
    </testcase>
    <testcase classname="Background Script - Connection Handling Message Handling" name="should handle malformed messages gracefully" time="0">
      <skipped/>
    </testcase>
    <testcase classname="Background Script - Connection Handling Service Worker Lifecycle" name="should set up install event listener" time="0">
      <skipped/>
    </testcase>
    <testcase classname="Background Script - Connection Handling Service Worker Lifecycle" name="should set up activate event listener" time="0">
      <skipped/>
    </testcase>
    <testcase classname="Background Script - Connection Handling Service Worker Lifecycle" name="should set up Chrome extension event listeners" time="0">
      <skipped/>
    </testcase>
  </testsuite>
  <testsuite name="Deprecation Detection" errors="0" failures="0" skipped="4" timestamp="2025-09-02T07:37:43" time="0.041" tests="4">
    <testcase classname="Deprecation Detection" name="should detect deprecated React patterns" time="0">
      <skipped/>
    </testcase>
    <testcase classname="Deprecation Detection" name="should detect deprecated TypeScript patterns" time="0">
      <skipped/>
    </testcase>
    <testcase classname="Deprecation Detection" name="should detect deprecated testing patterns" time="0">
      <skipped/>
    </testcase>
    <testcase classname="Deprecation Detection" name="should detect obsolete module imports" time="0">
      <skipped/>
    </testcase>
  </testsuite>
  <testsuite name="Background Service Integration" errors="0" failures="0" skipped="7" timestamp="2025-09-02T07:37:43" time="0.043" tests="7">
    <testcase classname="Background Service Integration Dashboard to Background Communication" name="should handle dashboard initialization message" time="0">
      <skipped/>
    </testcase>
    <testcase classname="Background Service Integration Dashboard to Background Communication" name="should handle multiple concurrent messages" time="0">
      <skipped/>
    </testcase>
    <testcase classname="Background Service Integration Dashboard to Background Communication" name="should handle connection errors gracefully" time="0">
      <skipped/>
    </testcase>
    <testcase classname="Background Service Integration Service Worker Lifecycle" name="should handle service worker activation" time="0">
      <skipped/>
    </testcase>
    <testcase classname="Background Service Integration Service Worker Lifecycle" name="should maintain state across service worker restarts" time="0">
      <skipped/>
    </testcase>
    <testcase classname="Background Service Integration Error Recovery" name="should recover from initialization failures" time="0">
      <skipped/>
    </testcase>
    <testcase classname="Background Service Integration Error Recovery" name="should handle missing Chrome APIs gracefully" time="0">
      <skipped/>
    </testcase>
  </testsuite>
  <testsuite name="Background Service Log Handling" errors="0" failures="0" skipped="7" timestamp="2025-09-02T07:37:43" time="0.067" tests="7">
    <testcase classname="Background Service Log Handling Log Entry Handling" name="should handle marvin_log_entry messages" time="0">
      <skipped/>
    </testcase>
    <testcase classname="Background Service Log Handling Log Entry Handling" name="should handle log entry errors gracefully" time="0">
      <skipped/>
    </testcase>
    <testcase classname="Background Service Log Handling Content Script Message Handling" name="should handle pageVisible messages" time="0">
      <skipped/>
    </testcase>
    <testcase classname="Background Service Log Handling Content Script Message Handling" name="should handle pageHidden messages" time="0">
      <skipped/>
    </testcase>
    <testcase classname="Background Service Log Handling Content Script Message Handling" name="should handle contentScriptPing messages" time="0">
      <skipped/>
    </testcase>
    <testcase classname="Background Service Log Handling Content Script Message Handling" name="should handle reinitialize messages" time="0">
      <skipped/>
    </testcase>
    <testcase classname="Background Service Log Handling Error Handling" name="should handle unknown actions gracefully" time="0">
      <skipped/>
    </testcase>
  </testsuite>
  <testsuite name="StatusService" errors="0" failures="0" skipped="6" timestamp="2025-09-02T07:37:43" time="0.045" tests="6">
    <testcase classname="StatusService Status Monitoring Network Status Detection" name="should detect initial network status correctly" time="0">
      <skipped/>
    </testcase>
    <testcase classname="StatusService Status Monitoring Network Status Detection" name="should handle network status changes" time="0">
      <skipped/>
    </testcase>
    <testcase classname="StatusService Status Monitoring Network Status Detection" name="should track network status changes in history" time="0">
      <skipped/>
    </testcase>
    <testcase classname="StatusService Status Monitoring API Health Checks" name="should perform successful API health check" time="0">
      <skipped/>
    </testcase>
    <testcase classname="StatusService Status Monitoring API Health Checks" name="should handle API timeout scenarios" time="0">
      <skipped/>
    </testcase>
    <testcase classname="StatusService Status Monitoring API Health Checks" name="should implement circuit breaker for repeated failures" time="0">
      <skipped/>
    </testcase>
  </testsuite>
  <testsuite name="Background Service - Core Functionality" errors="0" failures="0" skipped="6" timestamp="2025-09-02T07:37:43" time="0.058" tests="6">
    <testcase classname="Background Service - Core Functionality Initialization" name="should initialize successfully" time="0">
      <skipped/>
    </testcase>
    <testcase classname="Background Service - Core Functionality Initialization" name="should set up message routing" time="0">
      <skipped/>
    </testcase>
    <testcase classname="Background Service - Core Functionality Message Routing" name="should handle ping messages" time="0">
      <skipped/>
    </testcase>
    <testcase classname="Background Service - Core Functionality Message Routing" name="should handle unknown actions gracefully" time="0">
      <skipped/>
    </testcase>
    <testcase classname="Background Service - Core Functionality Message Routing" name="should handle captureUrl messages" time="0">
      <skipped/>
    </testcase>
    <testcase classname="Background Service - Core Functionality Error Handling" name="should handle service unavailability gracefully" time="0">
      <skipped/>
    </testcase>
  </testsuite>
  <testsuite name="Log Manager" errors="0" failures="0" skipped="7" timestamp="2025-09-02T07:37:43" time="0.049" tests="7">
    <testcase classname="Log Manager Early Message Handling" name="should handle background script not available gracefully" time="0">
      <skipped/>
    </testcase>
    <testcase classname="Log Manager Early Message Handling" name="should not send messages when not in extension context" time="0">
      <skipped/>
    </testcase>
    <testcase classname="Log Manager Early Message Handling" name="should handle missing chrome.runtime gracefully" time="0">
      <skipped/>
    </testcase>
    <testcase classname="Log Manager Early Message Handling" name="should handle successful background communication" time="0">
      <skipped/>
    </testcase>
    <testcase classname="Log Manager Early Message Handling" name="should limit message size for background communication" time="0">
      <skipped/>
    </testcase>
    <testcase classname="Log Manager Error Handling" name="should handle runtime errors without crashing" time="0">
      <skipped/>
    </testcase>
    <testcase classname="Log Manager Error Handling" name="should handle different error types gracefully" time="0">
      <skipped/>
    </testcase>
  </testsuite>
  <testsuite name="API Client" errors="0" failures="0" skipped="9" timestamp="2025-09-02T07:37:43" time="0.049" tests="9">
    <testcase classname="API Client Server Connection" name="should connect to FastAPI server at correct URL" time="0">
      <skipped/>
    </testcase>
    <testcase classname="API Client Server Connection" name="should handle server unavailability gracefully" time="0">
      <skipped/>
    </testcase>
    <testcase classname="API Client Server Connection" name="should serve cached data when server is unavailable" time="0">
      <skipped/>
    </testcase>
    <testcase classname="API Client Authentication" name="should include basic auth headers when credentials are set" time="0">
      <skipped/>
    </testcase>
    <testcase classname="API Client API Methods" name="should call correct endpoints for getActiveTasks" time="0">
      <skipped/>
    </testcase>
    <testcase classname="API Client API Methods" name="should call correct endpoints for captureUrl" time="0">
      <skipped/>
    </testcase>
    <testcase classname="API Client API Methods" name="should call correct endpoints for getKnowledgeData" time="0">
      <skipped/>
    </testcase>
    <testcase classname="API Client Error Handling" name="should handle HTTP errors properly" time="0">
      <skipped/>
    </testcase>
    <testcase classname="API Client Error Handling" name="should handle JSON parsing errors" time="0">
      <skipped/>
    </testcase>
  </testsuite>
  <testsuite name="Server Connection" errors="0" failures="0" skipped="3" timestamp="2025-09-02T07:37:43" time="0.051" tests="3">
    <testcase classname="Server Connection Health Check" name="should be able to reach the real FastAPI server health endpoint" time="0">
      <skipped/>
    </testcase>
    <testcase classname="Server Connection Health Check" name="should handle server not running gracefully" time="0">
      <skipped/>
    </testcase>
    <testcase classname="Server Connection Real Server Test" name="should actually connect to running server" time="0">
      <skipped/>
    </testcase>
  </testsuite>
  <testsuite name="Dashboard Component Loading" errors="0" failures="0" skipped="3" timestamp="2025-09-02T07:37:43" time="0.064" tests="3">
    <testcase classname="Dashboard Component Loading" name="container initializes with required components" time="0">
      <skipped/>
    </testcase>
    <testcase classname="Dashboard Component Loading" name="components can be retrieved and have required methods" time="0">
      <skipped/>
    </testcase>
    <testcase classname="Dashboard Component Loading" name="dashboard container status shows components loaded" time="0">
      <skipped/>
    </testcase>
  </testsuite>
  <testsuite name="Background Service - Syntax and Instantiation" errors="0" failures="0" skipped="3" timestamp="2025-09-02T07:37:44" time="0.052" tests="3">
    <testcase classname="Background Service - Syntax and Instantiation" name="should be able to instantiate BackgroundService" time="0">
      <skipped/>
    </testcase>
    <testcase classname="Background Service - Syntax and Instantiation" name="should have required methods" time="0">
      <skipped/>
    </testcase>
    <testcase classname="Background Service - Syntax and Instantiation" name="should be able to register message handlers" time="0">
      <skipped/>
    </testcase>
  </testsuite>
  <testsuite name="undefined" errors="0" failures="0" skipped="4" timestamp="2025-09-02T07:37:44" time="0.079" tests="4">
    <testcase classname="" name="logUIElements finds all expected elements" time="0">
      <skipped/>
    </testcase>
    <testcase classname="" name="initPopup completes and sets initialized to true" time="0">
      <skipped/>
    </testcase>
    <testcase classname="" name="options button click calls openSettings" time="0">
      <skipped/>
    </testcase>
    <testcase classname="" name="diagnostic: run full popup init and log progress" time="0">
      <skipped/>
    </testcase>
  </testsuite>
  <testsuite name="BaseService" errors="0" failures="0" skipped="11" timestamp="2025-09-02T07:37:44" time="0.052" tests="11">
    <testcase classname="BaseService Basic Functionality" name="should create service instance" time="0">
      <skipped/>
    </testcase>
    <testcase classname="BaseService Basic Functionality" name="should start uninitialized" time="0">
      <skipped/>
    </testcase>
    <testcase classname="BaseService Basic Functionality" name="should have resource tracker" time="0">
      <skipped/>
    </testcase>
    <testcase classname="BaseService Basic Functionality" name="should have memory monitor" time="0">
      <skipped/>
    </testcase>
    <testcase classname="BaseService Basic Functionality" name="should provide metrics" time="0">
      <skipped/>
    </testcase>
    <testcase classname="BaseService Task Management" name="should handle task tracking without iteration errors" time="0">
      <skipped/>
    </testcase>
    <testcase classname="BaseService Task Management" name="should handle cleanup without iteration errors" time="0">
      <skipped/>
    </testcase>
    <testcase classname="BaseService Task Management" name="should handle maximum task limit" time="0">
      <skipped/>
    </testcase>
    <testcase classname="BaseService Circuit Breaker" name="should start with closed circuit breaker" time="0">
      <skipped/>
    </testcase>
    <testcase classname="BaseService Circuit Breaker" name="should record failures" time="0">
      <skipped/>
    </testcase>
    <testcase classname="BaseService Service Properties" name="should have required properties" time="0">
      <skipped/>
    </testcase>
  </testsuite>
  <testsuite name="Simple Fetch Test" errors="0" failures="0" skipped="2" timestamp="2025-09-02T07:37:44" time="0.042" tests="2">
    <testcase classname="Simple Fetch Test" name="should be able to reach the FastAPI server from Node.js" time="0">
      <skipped/>
    </testcase>
    <testcase classname="Simple Fetch Test" name="should test basic localhost connectivity" time="0">
      <skipped/>
    </testcase>
  </testsuite>
  <testsuite name="Simple Service Test" errors="0" failures="0" skipped="6" timestamp="2025-09-02T07:37:44" time="0.043" tests="6">
    <testcase classname="Simple Service Test" name="should run basic test" time="0">
      <skipped/>
    </testcase>
    <testcase classname="Simple Service Test" name="should handle basic math" time="0">
      <skipped/>
    </testcase>
    <testcase classname="Simple Service Test" name="should handle async operations" time="0">
      <skipped/>
    </testcase>
    <testcase classname="Simple Service Test" name="should import BaseService without errors" time="0">
      <skipped/>
    </testcase>
    <testcase classname="Simple Service Test" name="should create BaseService instance without errors" time="0">
      <skipped/>
    </testcase>
    <testcase classname="Simple Service Test" name="should handle service property access" time="0">
      <skipped/>
    </testcase>
  </testsuite>
  <testsuite name="undefined" errors="0" failures="0" skipped="1" timestamp="2025-09-02T07:37:44" time="0.053" tests="1">
    <testcase classname="" name="can require msw/node" time="0">
      <skipped/>
    </testcase>
  </testsuite>
  <testsuite name="Container Initialization" errors="0" failures="0" skipped="10" timestamp="2025-09-02T07:37:44" time="0.065" tests="10">
    <testcase classname="Container Initialization Essential Utilities" name="initializes LogManager first" time="0">
      <skipped/>
    </testcase>
    <testcase classname="Container Initialization Service Registration" name="registers core services" time="0">
      <skipped/>
    </testcase>
    <testcase classname="Container Initialization Service Registration" name="registers optional services" time="0">
      <skipped/>
    </testcase>
    <testcase classname="Container Initialization Component Registration" name="registers core components" time="0">
      <skipped/>
    </testcase>
    <testcase classname="Container Initialization Component Registration" name="registers optional components" time="0">
      <skipped/>
    </testcase>
    <testcase classname="Container Initialization Component Registration" name="instantiates components after registration" time="0">
      <skipped/>
    </testcase>
    <testcase classname="Container Initialization Component Registration" name="instantiates core services after registration" time="0">
      <skipped/>
    </testcase>
    <testcase classname="Container Initialization Memory Management" name="does not leak memory between initializations" time="0">
      <skipped/>
    </testcase>
    <testcase classname="Container Initialization Cleanup Management" name="cleans up services in correct order" time="0">
      <skipped/>
    </testcase>
    <testcase classname="Container Initialization Cleanup Management" name="handles cleanup errors gracefully" time="0">
      <skipped/>
    </testcase>
  </testsuite>
  <testsuite name="Component Loading Diagnostic" errors="0" failures="0" skipped="16" timestamp="2025-09-02T07:37:44" time="0.065" tests="16">
    <testcase classname="Component Loading Diagnostic Container State Analysis" name="Container should be accessible" time="0">
      <skipped/>
    </testcase>
    <testcase classname="Component Loading Diagnostic Container State Analysis" name="ComponentRegistry should register components" time="0">
      <skipped/>
    </testcase>
    <testcase classname="Component Loading Diagnostic Container State Analysis" name="Components should be retrievable from container" time="0">
      <skipped/>
    </testcase>
    <testcase classname="Component Loading Diagnostic DOM Element Analysis" name="All panel elements should exist in DOM" time="0">
      <skipped/>
    </testcase>
    <testcase classname="Component Loading Diagnostic DOM Element Analysis" name="All force-init buttons should exist" time="0">
      <skipped/>
    </testcase>
    <testcase classname="Component Loading Diagnostic DOM Element Analysis" name="Navigation items should exist and have correct attributes" time="0">
      <skipped/>
    </testcase>
    <testcase classname="Component Loading Diagnostic Component Initialization Analysis" name="Overview panel should have initialization method" time="0">
      <skipped/>
    </testcase>
    <testcase classname="Component Loading Diagnostic Component Initialization Analysis" name="Capture panel should have initialization method" time="0">
      <skipped/>
    </testcase>
    <testcase classname="Component Loading Diagnostic Component Initialization Analysis" name="Navigation component should have initialization method" time="0">
      <skipped/>
    </testcase>
    <testcase classname="Component Loading Diagnostic Dashboard Initialization Analysis" name="Dashboard should initialize without throwing" time="0">
      <skipped/>
    </testcase>
    <testcase classname="Component Loading Diagnostic Dashboard Initialization Analysis" name="Dashboard should set up logger" time="0">
      <skipped/>
    </testcase>
    <testcase classname="Component Loading Diagnostic Event Handler Analysis" name="Force-init buttons should be clickable" time="0">
      <skipped/>
    </testcase>
    <testcase classname="Component Loading Diagnostic Event Handler Analysis" name="Navigation items should be clickable" time="0">
      <skipped/>
    </testcase>
    <testcase classname="Component Loading Diagnostic Service Dependency Analysis" name="Container should have service registration capability" time="0">
      <skipped/>
    </testcase>
    <testcase classname="Component Loading Diagnostic Service Dependency Analysis" name="Components should be able to get services" time="0">
      <skipped/>
    </testcase>
    <testcase classname="Component Loading Diagnostic Error State Analysis" name="Components should handle missing dependencies gracefully" time="0">
      <skipped/>
    </testcase>
  </testsuite>
  <testsuite name="Phase 2: Component-Service Integration" errors="0" failures="0" skipped="8" timestamp="2025-09-02T07:37:44" time="0.077" tests="8">
    <testcase classname="Phase 2: Component-Service Integration 2.1 Service Dependency Resolution" name="Components can access required services after container initialization" time="0">
      <skipped/>
    </testcase>
    <testcase classname="Phase 2: Component-Service Integration 2.1 Service Dependency Resolution" name="Services are properly instantiated and accessible" time="0">
      <skipped/>
    </testcase>
    <testcase classname="Phase 2: Component-Service Integration 2.2 Component Initialization with Services" name="Components can initialize successfully with available services" time="0">
      <skipped/>
    </testcase>
    <testcase classname="Phase 2: Component-Service Integration 2.2 Component Initialization with Services" name="Components handle service dependencies gracefully" time="0">
      <skipped/>
    </testcase>
    <testcase classname="Phase 2: Component-Service Integration 2.3 Event Handler Attachment" name="Panel components can attach event listeners" time="0">
      <skipped/>
    </testcase>
    <testcase classname="Phase 2: Component-Service Integration 2.3 Event Handler Attachment" name="Force-init buttons are functional" time="0">
      <skipped/>
    </testcase>
    <testcase classname="Phase 2: Component-Service Integration 2.4 End-to-End Component Functionality" name="Dashboard can initialize component system with services" time="0">
      <skipped/>
    </testcase>
    <testcase classname="Phase 2: Component-Service Integration 2.4 End-to-End Component Functionality" name="Component-service communication works" time="0">
      <skipped/>
    </testcase>
  </testsuite>
  <testsuite name="Phase 3: Extension Integration" errors="0" failures="0" skipped="6" timestamp="2025-09-02T07:37:44" time="0.051" tests="6">
    <testcase classname="Phase 3: Extension Integration 3.1 Container Integration Verification" name="popup.js imports containerInitializer" time="0">
      <skipped/>
    </testcase>
    <testcase classname="Phase 3: Extension Integration 3.1 Container Integration Verification" name="dashboard.js imports containerInitializer" time="0">
      <skipped/>
    </testcase>
    <testcase classname="Phase 3: Extension Integration 3.1 Container Integration Verification" name="background.js imports containerInitializer" time="0">
      <skipped/>
    </testcase>
    <testcase classname="Phase 3: Extension Integration 3.2 Integration Points Verification" name="popup initialization includes container setup" time="0">
      <skipped/>
    </testcase>
    <testcase classname="Phase 3: Extension Integration 3.2 Integration Points Verification" name="dashboard initialization includes container setup" time="0">
      <skipped/>
    </testcase>
    <testcase classname="Phase 3: Extension Integration 3.2 Integration Points Verification" name="background script includes container initialization" time="0">
      <skipped/>
    </testcase>
  </testsuite>
</testsuites>