<?xml version="1.0" encoding="UTF-8"?>
<testsuites name="jest tests" tests="9" failures="7" errors="0" time="19.278">
  <testsuite name="Container Initialization" errors="0" failures="7" skipped="0" timestamp="2025-06-23T23:06:15" time="19.211" tests="9">
    <testcase classname="Container Initialization Essential Utilities" name="initializes LogManager first" time="1.121">
    </testcase>
    <testcase classname="Container Initialization Service Registration" name="registers core services" time="1.069">
      <failure>Error: Missing core services: apiService, storageService, messageService
    at Object.&lt;anonymous&gt; (/Users/nathanparker/Documents/workspace/personal/marvin/extension/tests/core/container-init.test.js:285:15)
    at Promise.then.completed (/Users/nathanparker/Documents/workspace/personal/marvin/extension/node_modules/jest-circus/build/utils.js:298:28)
    at new Promise (&lt;anonymous&gt;)
    at callAsyncCircusFn (/Users/nathanparker/Documents/workspace/personal/marvin/extension/node_modules/jest-circus/build/utils.js:231:10)
    at _callCircusTest (/Users/nathanparker/Documents/workspace/personal/marvin/extension/node_modules/jest-circus/build/run.js:316:40)
    at _runTest (/Users/nathanparker/Documents/workspace/personal/marvin/extension/node_modules/jest-circus/build/run.js:252:3)
    at _runTestsForDescribeBlock (/Users/nathanparker/Documents/workspace/personal/marvin/extension/node_modules/jest-circus/build/run.js:126:9)
    at _runTestsForDescribeBlock (/Users/nathanparker/Documents/workspace/personal/marvin/extension/node_modules/jest-circus/build/run.js:121:9)
    at _runTestsForDescribeBlock (/Users/nathanparker/Documents/workspace/personal/marvin/extension/node_modules/jest-circus/build/run.js:121:9)
    at run (/Users/nathanparker/Documents/workspace/personal/marvin/extension/node_modules/jest-circus/build/run.js:71:3)
    at runAndTransformResultsToJestFormat (/Users/nathanparker/Documents/workspace/personal/marvin/extension/node_modules/jest-circus/build/legacy-code-todo-rewrite/jestAdapterInit.js:122:21)
    at jestAdapter (/Users/nathanparker/Documents/workspace/personal/marvin/extension/node_modules/jest-circus/build/legacy-code-todo-rewrite/jestAdapter.js:79:19)
    at runTestInternal (/Users/nathanparker/Documents/workspace/personal/marvin/extension/node_modules/jest-runner/build/runTest.js:367:16)
    at runTest (/Users/nathanparker/Documents/workspace/personal/marvin/extension/node_modules/jest-runner/build/runTest.js:444:34)</failure>
    </testcase>
    <testcase classname="Container Initialization Service Registration" name="registers optional services" time="1.04">
      <failure>Error: Missing optional services: visualizationService, analysisService
    at Object.&lt;anonymous&gt; (/Users/nathanparker/Documents/workspace/personal/marvin/extension/tests/core/container-init.test.js:298:15)
    at Promise.then.completed (/Users/nathanparker/Documents/workspace/personal/marvin/extension/node_modules/jest-circus/build/utils.js:298:28)
    at new Promise (&lt;anonymous&gt;)
    at callAsyncCircusFn (/Users/nathanparker/Documents/workspace/personal/marvin/extension/node_modules/jest-circus/build/utils.js:231:10)
    at _callCircusTest (/Users/nathanparker/Documents/workspace/personal/marvin/extension/node_modules/jest-circus/build/run.js:316:40)
    at _runTest (/Users/nathanparker/Documents/workspace/personal/marvin/extension/node_modules/jest-circus/build/run.js:252:3)
    at _runTestsForDescribeBlock (/Users/nathanparker/Documents/workspace/personal/marvin/extension/node_modules/jest-circus/build/run.js:126:9)
    at _runTestsForDescribeBlock (/Users/nathanparker/Documents/workspace/personal/marvin/extension/node_modules/jest-circus/build/run.js:121:9)
    at _runTestsForDescribeBlock (/Users/nathanparker/Documents/workspace/personal/marvin/extension/node_modules/jest-circus/build/run.js:121:9)
    at run (/Users/nathanparker/Documents/workspace/personal/marvin/extension/node_modules/jest-circus/build/run.js:71:3)
    at runAndTransformResultsToJestFormat (/Users/nathanparker/Documents/workspace/personal/marvin/extension/node_modules/jest-circus/build/legacy-code-todo-rewrite/jestAdapterInit.js:122:21)
    at jestAdapter (/Users/nathanparker/Documents/workspace/personal/marvin/extension/node_modules/jest-circus/build/legacy-code-todo-rewrite/jestAdapter.js:79:19)
    at runTestInternal (/Users/nathanparker/Documents/workspace/personal/marvin/extension/node_modules/jest-runner/build/runTest.js:367:16)
    at runTest (/Users/nathanparker/Documents/workspace/personal/marvin/extension/node_modules/jest-runner/build/runTest.js:444:34)</failure>
    </testcase>
    <testcase classname="Container Initialization Component Registration" name="registers core components" time="1.046">
      <failure>Error: Missing core components: navigation, overview-panel
    at Object.&lt;anonymous&gt; (/Users/nathanparker/Documents/workspace/personal/marvin/extension/tests/core/container-init.test.js:313:15)
    at Promise.then.completed (/Users/nathanparker/Documents/workspace/personal/marvin/extension/node_modules/jest-circus/build/utils.js:298:28)
    at new Promise (&lt;anonymous&gt;)
    at callAsyncCircusFn (/Users/nathanparker/Documents/workspace/personal/marvin/extension/node_modules/jest-circus/build/utils.js:231:10)
    at _callCircusTest (/Users/nathanparker/Documents/workspace/personal/marvin/extension/node_modules/jest-circus/build/run.js:316:40)
    at _runTest (/Users/nathanparker/Documents/workspace/personal/marvin/extension/node_modules/jest-circus/build/run.js:252:3)
    at _runTestsForDescribeBlock (/Users/nathanparker/Documents/workspace/personal/marvin/extension/node_modules/jest-circus/build/run.js:126:9)
    at _runTestsForDescribeBlock (/Users/nathanparker/Documents/workspace/personal/marvin/extension/node_modules/jest-circus/build/run.js:121:9)
    at _runTestsForDescribeBlock (/Users/nathanparker/Documents/workspace/personal/marvin/extension/node_modules/jest-circus/build/run.js:121:9)
    at run (/Users/nathanparker/Documents/workspace/personal/marvin/extension/node_modules/jest-circus/build/run.js:71:3)
    at runAndTransformResultsToJestFormat (/Users/nathanparker/Documents/workspace/personal/marvin/extension/node_modules/jest-circus/build/legacy-code-todo-rewrite/jestAdapterInit.js:122:21)
    at jestAdapter (/Users/nathanparker/Documents/workspace/personal/marvin/extension/node_modules/jest-circus/build/legacy-code-todo-rewrite/jestAdapter.js:79:19)
    at runTestInternal (/Users/nathanparker/Documents/workspace/personal/marvin/extension/node_modules/jest-runner/build/runTest.js:367:16)
    at runTest (/Users/nathanparker/Documents/workspace/personal/marvin/extension/node_modules/jest-runner/build/runTest.js:444:34)</failure>
    </testcase>
    <testcase classname="Container Initialization Component Registration" name="registers optional components" time="1.031">
      <failure>Error: Missing optional components: assistant-panel, tasks-panel
    at Object.&lt;anonymous&gt; (/Users/nathanparker/Documents/workspace/personal/marvin/extension/tests/core/container-init.test.js:326:15)
    at Promise.then.completed (/Users/nathanparker/Documents/workspace/personal/marvin/extension/node_modules/jest-circus/build/utils.js:298:28)
    at new Promise (&lt;anonymous&gt;)
    at callAsyncCircusFn (/Users/nathanparker/Documents/workspace/personal/marvin/extension/node_modules/jest-circus/build/utils.js:231:10)
    at _callCircusTest (/Users/nathanparker/Documents/workspace/personal/marvin/extension/node_modules/jest-circus/build/run.js:316:40)
    at _runTest (/Users/nathanparker/Documents/workspace/personal/marvin/extension/node_modules/jest-circus/build/run.js:252:3)
    at _runTestsForDescribeBlock (/Users/nathanparker/Documents/workspace/personal/marvin/extension/node_modules/jest-circus/build/run.js:126:9)
    at _runTestsForDescribeBlock (/Users/nathanparker/Documents/workspace/personal/marvin/extension/node_modules/jest-circus/build/run.js:121:9)
    at _runTestsForDescribeBlock (/Users/nathanparker/Documents/workspace/personal/marvin/extension/node_modules/jest-circus/build/run.js:121:9)
    at run (/Users/nathanparker/Documents/workspace/personal/marvin/extension/node_modules/jest-circus/build/run.js:71:3)
    at runAndTransformResultsToJestFormat (/Users/nathanparker/Documents/workspace/personal/marvin/extension/node_modules/jest-circus/build/legacy-code-todo-rewrite/jestAdapterInit.js:122:21)
    at jestAdapter (/Users/nathanparker/Documents/workspace/personal/marvin/extension/node_modules/jest-circus/build/legacy-code-todo-rewrite/jestAdapter.js:79:19)
    at runTestInternal (/Users/nathanparker/Documents/workspace/personal/marvin/extension/node_modules/jest-runner/build/runTest.js:367:16)
    at runTest (/Users/nathanparker/Documents/workspace/personal/marvin/extension/node_modules/jest-runner/build/runTest.js:444:34)</failure>
    </testcase>
    <testcase classname="Container Initialization Error Handling" name="handles initialization errors gracefully" time="3.091">
      <failure>Error: expect(received).toBe(expected) // Object.is equality

Expected: &quot;Simulated initialization failure&quot;
Received: &quot;Expected initialization to fail&quot;
    at Object.toBe (/Users/nathanparker/Documents/workspace/personal/marvin/extension/tests/core/container-init.test.js:355:31)</failure>
    </testcase>
    <testcase classname="Container Initialization Memory Management" name="does not leak memory between initializations" time="5.099">
    </testcase>
    <testcase classname="Container Initialization Cleanup Management" name="cleans up services in correct order" time="2.061">
      <failure>Error: expect(received).toEqual(expected) // deep equality

- Expected  - 4
+ Received  + 1

- Array [
-   &quot;serviceB&quot;,
-   &quot;serviceA&quot;,
- ]
+ Array []
    at Object.toEqual (/Users/nathanparker/Documents/workspace/personal/marvin/extension/tests/core/container-init.test.js:417:28)
    at runNextTicks (node:internal/process/task_queues:65:5)
    at listOnTimeout (node:internal/timers:569:9)
    at processTimers (node:internal/timers:543:7)</failure>
    </testcase>
    <testcase classname="Container Initialization Cleanup Management" name="handles cleanup errors gracefully" time="1.047">
      <failure>Error: expect(received).resolves.not.toThrow()

Matcher error: received value must be a promise

Received has value: undefined
    at Object.toThrow (/Users/nathanparker/Documents/workspace/personal/marvin/extension/node_modules/expect/build/index.js:162:13)
    at Object.toThrow (/Users/nathanparker/Documents/workspace/personal/marvin/extension/tests/core/container-init.test.js:429:63)
    at runNextTicks (node:internal/process/task_queues:65:5)
    at listOnTimeout (node:internal/timers:569:9)
    at processTimers (node:internal/timers:543:7)</failure>
    </testcase>
  </testsuite>
</testsuites>