<?xml version="1.0" encoding="UTF-8"?>
<testsuites name="jest tests" tests="21" failures="0" errors="0" time="1.11">
  <testsuite name="Simple Service Test" errors="0" failures="0" skipped="0" timestamp="2025-07-12T05:57:15" time="0.561" tests="6">
    <testcase classname="Simple Service Test" name="should run basic test" time="0.002">
    </testcase>
    <testcase classname="Simple Service Test" name="should handle basic math" time="0.001">
    </testcase>
    <testcase classname="Simple Service Test" name="should handle async operations" time="0.001">
    </testcase>
    <testcase classname="Simple Service Test" name="should import BaseService without errors" time="0.151">
    </testcase>
    <testcase classname="Simple Service Test" name="should create BaseService instance without errors" time="0.001">
    </testcase>
    <testcase classname="Simple Service Test" name="should handle service property access" time="0.001">
    </testcase>
  </testsuite>
  <testsuite name="BaseService" errors="0" failures="0" skipped="0" timestamp="2025-07-12T05:57:15" time="0.091" tests="11">
    <testcase classname="BaseService Basic Functionality" name="should create service instance" time="0.002">
    </testcase>
    <testcase classname="BaseService Basic Functionality" name="should start uninitialized" time="0">
    </testcase>
    <testcase classname="BaseService Basic Functionality" name="should have resource tracker" time="0">
    </testcase>
    <testcase classname="BaseService Basic Functionality" name="should have memory monitor" time="0.001">
    </testcase>
    <testcase classname="BaseService Basic Functionality" name="should provide metrics" time="0.001">
    </testcase>
    <testcase classname="BaseService Task Management" name="should handle task tracking without iteration errors" time="0.001">
    </testcase>
    <testcase classname="BaseService Task Management" name="should handle cleanup without iteration errors" time="0.001">
    </testcase>
    <testcase classname="BaseService Task Management" name="should handle maximum task limit" time="0.013">
    </testcase>
    <testcase classname="BaseService Circuit Breaker" name="should start with closed circuit breaker" time="0.001">
    </testcase>
    <testcase classname="BaseService Circuit Breaker" name="should record failures" time="0.001">
    </testcase>
    <testcase classname="BaseService Service Properties" name="should have required properties" time="0.001">
    </testcase>
  </testsuite>
  <testsuite name="ApiService" errors="0" failures="0" skipped="0" timestamp="2025-07-12T05:57:16" time="0.063" tests="4">
    <testcase classname="ApiService Initialization" name="should create API service instance" time="0.008">
    </testcase>
    <testcase classname="ApiService Initialization" name="should start uninitialized" time="0.01">
    </testcase>
    <testcase classname="ApiService Initialization" name="should have API service specific properties" time="0.001">
    </testcase>
    <testcase classname="ApiService Service Properties" name="should have required API service properties" time="0.001">
    </testcase>
    <testcase classname="ApiService API Requests - Marked as Expected Failures" name="should handle successful API requests" time="0">
    </testcase>
    <testcase classname="ApiService API Requests - Marked as Expected Failures" name="should handle API errors" time="0">
    </testcase>
    <testcase classname="ApiService API Requests - Marked as Expected Failures" name="should handle network errors" time="0">
    </testcase>
    <testcase classname="ApiService Cleanup - Marked as Expected Failure" name="should cleanup resources properly" time="0">
    </testcase>
  </testsuite>
</testsuites>