TN:
SF:src/components/core/navigation.js
FN:22,(anonymous_0)
FN:71,(anonymous_1)
FN:86,(anonymous_2)
FN:89,(anonymous_3)
FN:100,(anonymous_4)
FN:106,(anonymous_5)
FN:110,(anonymous_6)
FN:150,(anonymous_7)
FN:165,(anonymous_8)
FN:208,(anonymous_9)
FN:214,(anonymous_10)
FN:236,(anonymous_11)
FN:268,(anonymous_12)
FN:284,(anonymous_13)
FN:294,(anonymous_14)
FN:304,(anonymous_15)
FN:316,(anonymous_16)
FNF:17
FNH:0
FNDA:0,(anonymous_0)
FNDA:0,(anonymous_1)
FNDA:0,(anonymous_2)
FNDA:0,(anonymous_3)
FNDA:0,(anonymous_4)
FNDA:0,(anonymous_5)
FNDA:0,(anonymous_6)
FNDA:0,(anonymous_7)
FNDA:0,(anonymous_8)
FNDA:0,(anonymous_9)
FNDA:0,(anonymous_10)
FNDA:0,(anonymous_11)
FNDA:0,(anonymous_12)
FNDA:0,(anonymous_13)
FNDA:0,(anonymous_14)
FNDA:0,(anonymous_15)
FNDA:0,(anonymous_16)
DA:9,1
DA:24,0
DA:30,0
DA:32,0
DA:33,0
DA:34,0
DA:35,0
DA:39,0
DA:40,0
DA:42,0
DA:44,0
DA:45,0
DA:49,0
DA:52,0
DA:55,0
DA:56,0
DA:57,0
DA:59,0
DA:60,0
DA:72,0
DA:73,0
DA:75,0
DA:76,0
DA:87,0
DA:89,0
DA:91,0
DA:92,0
DA:93,0
DA:94,0
DA:97,0
DA:100,0
DA:101,0
DA:102,0
DA:104,0
DA:106,0
DA:107,0
DA:110,0
DA:111,0
DA:112,0
DA:113,0
DA:115,0
DA:120,0
DA:123,0
DA:125,0
DA:127,0
DA:128,0
DA:133,0
DA:136,0
DA:151,0
DA:152,0
DA:153,0
DA:155,0
DA:156,0
DA:166,0
DA:168,0
DA:169,0
DA:171,0
DA:172,0
DA:175,0
DA:176,0
DA:178,0
DA:179,0
DA:180,0
DA:182,0
DA:187,0
DA:188,0
DA:189,0
DA:190,0
DA:191,0
DA:192,0
DA:195,0
DA:197,0
DA:198,0
DA:209,0
DA:210,0
DA:213,0
DA:215,0
DA:216,0
DA:217,0
DA:218,0
DA:223,0
DA:224,0
DA:226,0
DA:227,0
DA:238,0
DA:243,0
DA:244,0
DA:247,0
DA:249,0
DA:251,0
DA:252,0
DA:253,0
DA:255,0
DA:256,0
DA:259,0
DA:260,0
DA:270,0
DA:276,0
DA:277,0
DA:278,0
DA:281,0
DA:284,0
DA:285,0
DA:286,0
DA:288,0
DA:291,0
DA:294,0
DA:295,0
DA:296,0
DA:298,0
DA:301,0
DA:304,0
DA:305,0
DA:306,0
DA:307,0
DA:310,0
DA:313,0
DA:316,0
DA:317,0
DA:318,0
DA:319,0
DA:322,0
DA:325,0
DA:327,0
DA:328,0
DA:330,0
LF:126
LH:1
BRDA:33,0,0,0
BRDA:33,0,1,0
BRDA:44,1,0,0
BRDA:44,1,1,0
BRDA:44,2,0,0
BRDA:44,2,1,0
BRDA:92,3,0,0
BRDA:92,3,1,0
BRDA:111,4,0,0
BRDA:111,4,1,0
BRDA:171,5,0,0
BRDA:171,5,1,0
BRDA:176,6,0,0
BRDA:176,6,1,0
BRDA:189,7,0,0
BRDA:189,7,1,0
BRDA:217,8,0,0
BRDA:217,8,1,0
BRDA:217,9,0,0
BRDA:217,9,1,0
BRDA:249,10,0,0
BRDA:249,10,1,0
BRDA:276,11,0,0
BRDA:276,11,1,0
BRDA:306,12,0,0
BRDA:306,12,1,0
BRDA:306,13,0,0
BRDA:306,13,1,0
BRDA:318,14,0,0
BRDA:318,14,1,0
BRDA:318,15,0,0
BRDA:318,15,1,0
BRF:32
BRH:0
end_of_record
TN:
SF:src/components/panels/assistant/assistant-panel.js
FN:21,(anonymous_0)
FN:96,(anonymous_1)
FN:152,(anonymous_2)
FN:158,(anonymous_3)
FN:173,(anonymous_4)
FN:197,(anonymous_5)
FN:215,(anonymous_6)
FN:246,(anonymous_7)
FN:263,(anonymous_8)
FN:283,(anonymous_9)
FN:324,(anonymous_10)
FN:360,(anonymous_11)
FN:374,(anonymous_12)
FN:380,(anonymous_13)
FN:408,(anonymous_14)
FN:440,(anonymous_15)
FN:446,(anonymous_16)
FN:450,(anonymous_17)
FN:487,(anonymous_18)
FN:495,(anonymous_19)
FN:541,(anonymous_20)
FN:570,(anonymous_21)
FN:576,(anonymous_22)
FN:580,(anonymous_23)
FN:599,(anonymous_24)
FN:614,(anonymous_25)
FN:643,(anonymous_26)
FN:659,(anonymous_27)
FN:669,(anonymous_28)
FN:679,(anonymous_29)
FNF:30
FNH:0
FNDA:0,(anonymous_0)
FNDA:0,(anonymous_1)
FNDA:0,(anonymous_2)
FNDA:0,(anonymous_3)
FNDA:0,(anonymous_4)
FNDA:0,(anonymous_5)
FNDA:0,(anonymous_6)
FNDA:0,(anonymous_7)
FNDA:0,(anonymous_8)
FNDA:0,(anonymous_9)
FNDA:0,(anonymous_10)
FNDA:0,(anonymous_11)
FNDA:0,(anonymous_12)
FNDA:0,(anonymous_13)
FNDA:0,(anonymous_14)
FNDA:0,(anonymous_15)
FNDA:0,(anonymous_16)
FNDA:0,(anonymous_17)
FNDA:0,(anonymous_18)
FNDA:0,(anonymous_19)
FNDA:0,(anonymous_20)
FNDA:0,(anonymous_21)
FNDA:0,(anonymous_22)
FNDA:0,(anonymous_23)
FNDA:0,(anonymous_24)
FNDA:0,(anonymous_25)
FNDA:0,(anonymous_26)
FNDA:0,(anonymous_27)
FNDA:0,(anonymous_28)
FNDA:0,(anonymous_29)
DA:9,1
DA:23,0
DA:29,0
DA:31,0
DA:33,0
DA:34,0
DA:35,0
DA:39,0
DA:40,0
DA:41,0
DA:42,0
DA:43,0
DA:46,0
DA:47,0
DA:48,0
DA:51,0
DA:52,0
DA:53,0
DA:54,0
DA:58,0
DA:59,0
DA:60,0
DA:64,0
DA:67,0
DA:70,0
DA:72,0
DA:73,0
DA:74,0
DA:76,0
DA:80,0
DA:81,0
DA:82,0
DA:84,0
DA:85,0
DA:88,0
DA:97,0
DA:99,0
DA:100,0
DA:101,0
DA:102,0
DA:103,0
DA:107,0
DA:108,0
DA:109,0
DA:113,0
DA:114,0
DA:115,0
DA:132,0
DA:135,0
DA:137,0
DA:139,0
DA:140,0
DA:153,0
DA:155,0
DA:157,0
DA:158,0
DA:159,0
DA:160,0
DA:163,0
DA:166,0
DA:173,0
DA:174,0
DA:177,0
DA:181,0
DA:184,0
DA:190,0
DA:192,0
DA:196,0
DA:197,0
DA:198,0
DA:201,0
DA:204,0
DA:210,0
DA:214,0
DA:215,0
DA:216,0
DA:217,0
DA:218,0
DA:222,0
DA:225,0
DA:231,0
DA:234,0
DA:236,0
DA:237,0
DA:247,0
DA:249,0
DA:250,0
DA:251,0
DA:253,0
DA:254,0
DA:255,0
DA:256,0
DA:260,0
DA:263,0
DA:264,0
DA:268,0
DA:270,0
DA:272,0
DA:284,0
DA:286,0
DA:287,0
DA:288,0
DA:289,0
DA:290,0
DA:293,0
DA:294,0
DA:296,0
DA:302,0
DA:305,0
DA:308,0
DA:311,0
DA:313,0
DA:325,0
DA:327,0
DA:329,0
DA:330,0
DA:333,0
DA:340,0
DA:341,0
DA:345,0
DA:346,0
DA:348,0
DA:361,0
DA:362,0
DA:364,0
DA:365,0
DA:375,0
DA:377,0
DA:379,0
DA:380,0
DA:384,0
DA:386,0
DA:387,0
DA:388,0
DA:389,0
DA:390,0
DA:393,0
DA:396,0
DA:397,0
DA:398,0
DA:402,0
DA:405,0
DA:408,0
DA:409,0
DA:410,0
DA:412,0
DA:414,0
DA:419,0
DA:422,0
DA:425,0
DA:427,0
DA:430,0
DA:441,0
DA:443,0
DA:445,0
DA:446,0
DA:449,0
DA:450,0
DA:453,0
DA:454,0
DA:455,0
DA:456,0
DA:459,0
DA:460,0
DA:463,0
DA:466,0
DA:469,0
DA:470,0
DA:471,0
DA:472,0
DA:475,0
DA:476,0
DA:477,0
DA:478,0
DA:481,0
DA:483,0
DA:486,0
DA:487,0
DA:490,0
DA:491,0
DA:492,0
DA:493,0
DA:494,0
DA:495,0
DA:496,0
DA:499,0
DA:504,0
DA:514,0
DA:515,0
DA:518,0
DA:519,0
DA:520,0
DA:524,0
DA:526,0
DA:527,0
DA:528,0
DA:531,0
DA:532,0
DA:533,0
DA:534,0
DA:537,0
DA:540,0
DA:541,0
DA:545,0
DA:546,0
DA:547,0
DA:548,0
DA:551,0
DA:552,0
DA:553,0
DA:558,0
DA:559,0
DA:571,0
DA:573,0
DA:575,0
DA:576,0
DA:579,0
DA:580,0
DA:583,0
DA:585,0
DA:586,0
DA:587,0
DA:589,0
DA:591,0
DA:594,0
DA:597,0
DA:598,0
DA:599,0
DA:600,0
DA:602,0
DA:605,0
DA:606,0
DA:608,0
DA:609,0
DA:610,0
DA:611,0
DA:612,0
DA:614,0
DA:615,0
DA:618,0
DA:619,0
DA:623,0
DA:626,0
DA:627,0
DA:631,0
DA:634,0
DA:635,0
DA:645,0
DA:651,0
DA:652,0
DA:653,0
DA:656,0
DA:659,0
DA:660,0
DA:661,0
DA:663,0
DA:666,0
DA:669,0
DA:670,0
DA:671,0
DA:673,0
DA:676,0
DA:679,0
DA:680,0
DA:681,0
DA:682,0
DA:685,0
DA:688,0
DA:694,0
DA:695,0
LF:270
LH:1
BRDA:33,0,0,0
BRDA:33,0,1,0
BRDA:46,1,0,0
BRDA:46,1,1,0
BRDA:58,2,0,0
BRDA:58,2,1,0
BRDA:58,3,0,0
BRDA:58,3,1,0
BRDA:101,4,0,0
BRDA:101,4,1,0
BRDA:108,5,0,0
BRDA:108,5,1,0
BRDA:157,6,0,0
BRDA:157,6,1,0
BRDA:157,7,0,0
BRDA:157,7,1,0
BRDA:174,8,0,0
BRDA:174,8,1,0
BRDA:174,9,0,0
BRDA:174,9,1,0
BRDA:174,9,2,0
BRDA:174,9,3,0
BRDA:196,10,0,0
BRDA:196,10,1,0
BRDA:214,11,0,0
BRDA:214,11,1,0
BRDA:216,12,0,0
BRDA:216,12,1,0
BRDA:216,13,0,0
BRDA:216,13,1,0
BRDA:251,14,0,0
BRDA:251,14,1,0
BRDA:254,15,0,0
BRDA:254,15,1,0
BRDA:288,16,0,0
BRDA:288,16,1,0
BRDA:330,17,0,0
BRDA:330,17,1,0
BRDA:340,18,0,0
BRDA:340,18,1,0
BRDA:386,19,0,0
BRDA:386,19,1,0
BRDA:386,20,0,0
BRDA:386,20,1,0
BRDA:386,20,2,0
BRDA:388,21,0,0
BRDA:388,21,1,0
BRDA:416,22,0,0
BRDA:416,22,1,0
BRDA:454,23,0,0
BRDA:454,23,1,0
BRDA:460,24,0,0
BRDA:460,24,1,0
BRDA:470,25,0,0
BRDA:470,25,1,0
BRDA:491,26,0,0
BRDA:491,26,1,0
BRDA:494,27,0,0
BRDA:494,27,1,0
BRDA:494,28,0,0
BRDA:494,28,1,0
BRDA:494,28,2,0
BRDA:514,29,0,0
BRDA:514,29,1,0
BRDA:519,30,0,0
BRDA:519,30,1,0
BRDA:524,31,0,0
BRDA:524,31,1,0
BRDA:524,32,0,0
BRDA:524,32,1,0
BRDA:524,32,2,0
BRDA:531,33,0,0
BRDA:531,33,1,0
BRDA:547,34,0,0
BRDA:547,34,1,0
BRDA:547,35,0,0
BRDA:547,35,1,0
BRDA:552,36,0,0
BRDA:552,36,1,0
BRDA:558,37,0,0
BRDA:558,37,1,0
BRDA:585,38,0,0
BRDA:585,38,1,0
BRDA:585,39,0,0
BRDA:585,39,1,0
BRDA:589,40,0,0
BRDA:589,40,1,0
BRDA:594,41,0,0
BRDA:594,41,1,0
BRDA:597,42,0,0
BRDA:597,42,1,0
BRDA:597,43,0,0
BRDA:597,43,1,0
BRDA:600,44,0,0
BRDA:600,44,1,0
BRDA:606,45,0,0
BRDA:606,45,1,0
BRDA:608,46,0,0
BRDA:608,46,1,0
BRDA:612,47,0,0
BRDA:612,47,1,0
BRDA:612,48,0,0
BRDA:612,48,1,0
BRDA:619,49,0,0
BRDA:619,49,1,0
BRDA:631,50,0,0
BRDA:631,50,1,0
BRDA:635,51,0,0
BRDA:635,51,1,0
BRDA:651,52,0,0
BRDA:651,52,1,0
BRDA:681,53,0,0
BRDA:681,53,1,0
BRDA:681,54,0,0
BRDA:681,54,1,0
BRF:115
BRH:0
end_of_record
TN:
SF:src/components/panels/capture/bookmarks-capture.js
FN:24,(anonymous_0)
FN:48,(anonymous_1)
FN:63,(anonymous_2)
FN:77,(anonymous_3)
FN:116,(anonymous_4)
FN:130,(anonymous_5)
FN:149,(anonymous_6)
FN:192,(anonymous_7)
FN:205,(anonymous_8)
FN:205,(anonymous_9)
FN:208,(anonymous_10)
FN:219,(anonymous_11)
FN:235,(anonymous_12)
FN:257,(anonymous_13)
FN:269,(anonymous_14)
FN:288,(anonymous_15)
FN:326,(anonymous_16)
FN:344,(anonymous_17)
FN:356,(anonymous_18)
FN:384,(anonymous_19)
FN:395,(anonymous_20)
FN:397,(anonymous_21)
FN:403,(anonymous_22)
FN:405,(anonymous_23)
FN:433,(anonymous_24)
FN:444,(anonymous_25)
FN:471,(anonymous_26)
FN:487,(anonymous_27)
FN:497,(anonymous_28)
FN:507,(anonymous_29)
FN:519,(anonymous_30)
FNF:31
FNH:0
FNDA:0,(anonymous_0)
FNDA:0,(anonymous_1)
FNDA:0,(anonymous_2)
FNDA:0,(anonymous_3)
FNDA:0,(anonymous_4)
FNDA:0,(anonymous_5)
FNDA:0,(anonymous_6)
FNDA:0,(anonymous_7)
FNDA:0,(anonymous_8)
FNDA:0,(anonymous_9)
FNDA:0,(anonymous_10)
FNDA:0,(anonymous_11)
FNDA:0,(anonymous_12)
FNDA:0,(anonymous_13)
FNDA:0,(anonymous_14)
FNDA:0,(anonymous_15)
FNDA:0,(anonymous_16)
FNDA:0,(anonymous_17)
FNDA:0,(anonymous_18)
FNDA:0,(anonymous_19)
FNDA:0,(anonymous_20)
FNDA:0,(anonymous_21)
FNDA:0,(anonymous_22)
FNDA:0,(anonymous_23)
FNDA:0,(anonymous_24)
FNDA:0,(anonymous_25)
FNDA:0,(anonymous_26)
FNDA:0,(anonymous_27)
FNDA:0,(anonymous_28)
FNDA:0,(anonymous_29)
FNDA:0,(anonymous_30)
DA:9,1
DA:26,0
DA:32,0
DA:34,0
DA:35,0
DA:36,0
DA:39,0
DA:40,0
DA:41,0
DA:42,0
DA:43,0
DA:45,0
DA:47,0
DA:48,0
DA:51,0
DA:52,0
DA:64,0
DA:65,0
DA:67,0
DA:68,0
DA:78,0
DA:80,0
DA:82,0
DA:83,0
DA:84,0
DA:87,0
DA:89,0
DA:91,0
DA:94,0
DA:96,0
DA:97,0
DA:98,0
DA:102,0
DA:105,0
DA:108,0
DA:110,0
DA:112,0
DA:113,0
DA:115,0
DA:116,0
DA:119,0
DA:131,0
DA:133,0
DA:135,0
DA:136,0
DA:137,0
DA:139,0
DA:142,0
DA:144,0
DA:146,0
DA:147,0
DA:148,0
DA:150,0
DA:151,0
DA:157,0
DA:159,0
DA:161,0
DA:162,0
DA:167,0
DA:168,0
DA:172,0
DA:179,0
DA:181,0
DA:185,0
DA:193,0
DA:195,0
DA:197,0
DA:198,0
DA:199,0
DA:202,0
DA:205,0
DA:208,0
DA:209,0
DA:210,0
DA:211,0
DA:212,0
DA:216,0
DA:218,0
DA:219,0
DA:220,0
DA:221,0
DA:222,0
DA:225,0
DA:228,0
DA:235,0
DA:236,0
DA:237,0
DA:238,0
DA:241,0
DA:244,0
DA:250,0
DA:258,0
DA:260,0
DA:262,0
DA:263,0
DA:264,0
DA:267,0
DA:269,0
DA:270,0
DA:271,0
DA:272,0
DA:273,0
DA:276,0
DA:277,0
DA:278,0
DA:279,0
DA:281,0
DA:285,0
DA:286,0
DA:287,0
DA:289,0
DA:293,0
DA:295,0
DA:296,0
DA:299,0
DA:316,0
DA:327,0
DA:329,0
DA:330,0
DA:331,0
DA:333,0
DA:334,0
DA:345,0
DA:347,0
DA:349,0
DA:350,0
DA:351,0
DA:354,0
DA:356,0
DA:358,0
DA:359,0
DA:363,0
DA:365,0
DA:368,0
DA:371,0
DA:372,0
DA:373,0
DA:376,0
DA:377,0
DA:385,0
DA:387,0
DA:388,0
DA:390,0
DA:391,0
DA:392,0
DA:395,0
DA:396,0
DA:397,0
DA:398,0
DA:400,0
DA:403,0
DA:404,0
DA:405,0
DA:406,0
DA:408,0
DA:411,0
DA:412,0
DA:415,0
DA:434,0
DA:439,0
DA:441,0
DA:442,0
DA:444,0
DA:445,0
DA:446,0
DA:448,0
DA:449,0
DA:450,0
DA:451,0
DA:453,0
DA:454,0
DA:463,0
DA:464,0
DA:473,0
DA:479,0
DA:480,0
DA:481,0
DA:484,0
DA:487,0
DA:488,0
DA:489,0
DA:491,0
DA:494,0
DA:497,0
DA:498,0
DA:499,0
DA:501,0
DA:504,0
DA:507,0
DA:508,0
DA:509,0
DA:510,0
DA:513,0
DA:516,0
DA:519,0
DA:520,0
DA:521,0
DA:522,0
DA:525,0
DA:528,0
DA:531,0
DA:532,0
DA:534,0
LF:203
LH:1
BRDA:34,0,0,0
BRDA:34,0,1,0
BRDA:82,1,0,0
BRDA:82,1,1,0
BRDA:96,2,0,0
BRDA:96,2,1,0
BRDA:130,3,0,0
BRDA:135,4,0,0
BRDA:135,4,1,0
BRDA:135,5,0,0
BRDA:135,5,1,0
BRDA:135,5,2,0
BRDA:136,6,0,0
BRDA:136,6,1,0
BRDA:142,7,0,0
BRDA:142,7,1,0
BRDA:144,8,0,0
BRDA:144,8,1,0
BRDA:151,9,0,0
BRDA:151,9,1,0
BRDA:151,9,2,0
BRDA:162,10,0,0
BRDA:162,10,1,0
BRDA:162,10,2,0
BRDA:167,11,0,0
BRDA:167,11,1,0
BRDA:179,12,0,0
BRDA:179,12,1,0
BRDA:197,13,0,0
BRDA:197,13,1,0
BRDA:218,14,0,0
BRDA:218,14,1,0
BRDA:237,15,0,0
BRDA:237,15,1,0
BRDA:262,16,0,0
BRDA:262,16,1,0
BRDA:289,17,0,0
BRDA:289,17,1,0
BRDA:296,18,0,0
BRDA:296,18,1,0
BRDA:307,19,0,0
BRDA:307,19,1,0
BRDA:311,20,0,0
BRDA:311,20,1,0
BRDA:327,21,0,0
BRDA:327,21,1,0
BRDA:349,22,0,0
BRDA:349,22,1,0
BRDA:358,23,0,0
BRDA:358,23,1,0
BRDA:358,24,0,0
BRDA:358,24,1,0
BRDA:363,25,0,0
BRDA:363,25,1,0
BRDA:363,26,0,0
BRDA:363,26,1,0
BRDA:363,26,2,0
BRDA:371,27,0,0
BRDA:371,27,1,0
BRDA:390,28,0,0
BRDA:390,28,1,0
BRDA:390,29,0,0
BRDA:390,29,1,0
BRDA:446,30,0,0
BRDA:446,30,1,0
BRDA:451,31,0,0
BRDA:451,31,1,0
BRDA:453,32,0,0
BRDA:453,32,1,0
BRDA:479,33,0,0
BRDA:479,33,1,0
BRDA:509,34,0,0
BRDA:509,34,1,0
BRDA:509,35,0,0
BRDA:509,35,1,0
BRDA:521,36,0,0
BRDA:521,36,1,0
BRDA:521,37,0,0
BRDA:521,37,1,0
BRF:79
BRH:0
end_of_record
TN:
SF:src/components/panels/capture/capture-panel.js
FN:29,(anonymous_0)
FN:44,(anonymous_1)
FN:45,(anonymous_2)
FN:86,(anonymous_3)
FN:95,(anonymous_4)
FN:113,(anonymous_5)
FN:131,(anonymous_6)
FN:159,(anonymous_7)
FN:174,(anonymous_8)
FN:203,(anonymous_9)
FN:245,(anonymous_10)
FN:259,(anonymous_11)
FN:261,(anonymous_12)
FN:262,(anonymous_13)
FN:320,(anonymous_14)
FN:322,(anonymous_15)
FN:323,(anonymous_16)
FN:412,(anonymous_17)
FN:417,(anonymous_18)
FN:434,(anonymous_19)
FN:439,(anonymous_20)
FN:464,(anonymous_21)
FN:487,(anonymous_22)
FN:515,(anonymous_23)
FN:516,(anonymous_24)
FN:522,(anonymous_25)
FN:534,(anonymous_26)
FN:558,(anonymous_27)
FN:577,(anonymous_28)
FN:586,(anonymous_29)
FN:619,(anonymous_30)
FN:663,(anonymous_31)
FN:673,(anonymous_32)
FN:683,(anonymous_33)
FN:695,(anonymous_34)
FNF:35
FNH:0
FNDA:0,(anonymous_0)
FNDA:0,(anonymous_1)
FNDA:0,(anonymous_2)
FNDA:0,(anonymous_3)
FNDA:0,(anonymous_4)
FNDA:0,(anonymous_5)
FNDA:0,(anonymous_6)
FNDA:0,(anonymous_7)
FNDA:0,(anonymous_8)
FNDA:0,(anonymous_9)
FNDA:0,(anonymous_10)
FNDA:0,(anonymous_11)
FNDA:0,(anonymous_12)
FNDA:0,(anonymous_13)
FNDA:0,(anonymous_14)
FNDA:0,(anonymous_15)
FNDA:0,(anonymous_16)
FNDA:0,(anonymous_17)
FNDA:0,(anonymous_18)
FNDA:0,(anonymous_19)
FNDA:0,(anonymous_20)
FNDA:0,(anonymous_21)
FNDA:0,(anonymous_22)
FNDA:0,(anonymous_23)
FNDA:0,(anonymous_24)
FNDA:0,(anonymous_25)
FNDA:0,(anonymous_26)
FNDA:0,(anonymous_27)
FNDA:0,(anonymous_28)
FNDA:0,(anonymous_29)
FNDA:0,(anonymous_30)
FNDA:0,(anonymous_31)
FNDA:0,(anonymous_32)
FNDA:0,(anonymous_33)
FNDA:0,(anonymous_34)
DA:12,1
DA:31,0
DA:39,0
DA:40,0
DA:42,0
DA:43,0
DA:44,0
DA:49,0
DA:51,0
DA:53,0
DA:54,0
DA:55,0
DA:59,0
DA:60,0
DA:61,0
DA:64,0
DA:67,0
DA:70,0
DA:72,0
DA:73,0
DA:74,0
DA:76,0
DA:77,0
DA:78,0
DA:87,0
DA:89,0
DA:90,0
DA:91,0
DA:92,0
DA:94,0
DA:95,0
DA:96,0
DA:97,0
DA:100,0
DA:103,0
DA:109,0
DA:112,0
DA:113,0
DA:114,0
DA:115,0
DA:118,0
DA:121,0
DA:127,0
DA:130,0
DA:131,0
DA:132,0
DA:133,0
DA:136,0
DA:139,0
DA:145,0
DA:148,0
DA:150,0
DA:151,0
DA:160,0
DA:162,0
DA:163,0
DA:165,0
DA:167,0
DA:168,0
DA:171,0
DA:174,0
DA:175,0
DA:176,0
DA:179,0
DA:182,0
DA:188,0
DA:190,0
DA:191,0
DA:194,0
DA:195,0
DA:204,0
DA:206,0
DA:207,0
DA:209,0
DA:210,0
DA:211,0
DA:213,0
DA:214,0
DA:215,0
DA:216,0
DA:217,0
DA:218,0
DA:222,0
DA:223,0
DA:224,0
DA:225,0
DA:227,0
DA:231,0
DA:233,0
DA:234,0
DA:246,0
DA:247,0
DA:249,0
DA:250,0
DA:260,0
DA:261,0
DA:265,0
DA:267,0
DA:269,0
DA:270,0
DA:271,0
DA:272,0
DA:273,0
DA:276,0
DA:277,0
DA:280,0
DA:282,0
DA:284,0
DA:285,0
DA:287,0
DA:288,0
DA:290,0
DA:291,0
DA:293,0
DA:294,0
DA:295,0
DA:298,0
DA:299,0
DA:300,0
DA:301,0
DA:305,0
DA:308,0
DA:309,0
DA:321,0
DA:322,0
DA:326,0
DA:329,0
DA:330,0
DA:332,0
DA:333,0
DA:334,0
DA:338,0
DA:340,0
DA:342,0
DA:343,0
DA:346,0
DA:347,0
DA:349,0
DA:350,0
DA:351,0
DA:354,0
DA:361,0
DA:363,0
DA:364,0
DA:366,0
DA:368,0
DA:369,0
DA:370,0
DA:371,0
DA:372,0
DA:374,0
DA:376,0
DA:377,0
DA:378,0
DA:379,0
DA:383,0
DA:388,0
DA:389,0
DA:390,0
DA:396,0
DA:403,0
DA:404,0
DA:412,0
DA:416,0
DA:417,0
DA:421,0
DA:422,0
DA:423,0
DA:424,0
DA:425,0
DA:426,0
DA:427,0
DA:429,0
DA:430,0
DA:434,0
DA:435,0
DA:436,0
DA:439,0
DA:440,0
DA:444,0
DA:445,0
DA:449,0
DA:450,0
DA:454,0
DA:457,0
DA:459,0
DA:460,0
DA:461,0
DA:464,0
DA:465,0
DA:468,0
DA:469,0
DA:473,0
DA:476,0
DA:488,0
DA:490,0
DA:492,0
DA:493,0
DA:494,0
DA:496,0
DA:498,0
DA:501,0
DA:504,0
DA:516,0
DA:518,0
DA:519,0
DA:522,0
DA:523,0
DA:526,0
DA:527,0
DA:531,0
DA:534,0
DA:536,0
DA:537,0
DA:538,0
DA:541,0
DA:542,0
DA:543,0
DA:544,0
DA:548,0
DA:559,0
DA:561,0
DA:563,0
DA:565,0
DA:567,0
DA:578,0
DA:580,0
DA:582,0
DA:583,0
DA:586,0
DA:594,0
DA:597,0
DA:598,0
DA:602,0
DA:605,0
DA:606,0
DA:607,0
DA:609,0
DA:611,0
DA:621,0
DA:627,0
DA:628,0
DA:629,0
DA:632,0
DA:635,0
DA:636,0
DA:637,0
DA:638,0
DA:640,0
DA:644,0
DA:645,0
DA:646,0
DA:647,0
DA:649,0
DA:653,0
DA:654,0
DA:655,0
DA:656,0
DA:658,0
DA:663,0
DA:664,0
DA:665,0
DA:667,0
DA:670,0
DA:673,0
DA:674,0
DA:675,0
DA:677,0
DA:680,0
DA:683,0
DA:684,0
DA:685,0
DA:686,0
DA:689,0
DA:692,0
DA:695,0
DA:696,0
DA:697,0
DA:698,0
DA:701,0
DA:704,0
DA:707,0
DA:708,0
DA:709,0
DA:711,0
DA:712,0
LF:286
LH:1
BRDA:53,0,0,0
BRDA:53,0,1,0
BRDA:94,1,0,0
BRDA:94,1,1,0
BRDA:112,2,0,0
BRDA:112,2,1,0
BRDA:130,3,0,0
BRDA:130,3,1,0
BRDA:165,4,0,0
BRDA:165,4,1,0
BRDA:209,5,0,0
BRDA:209,5,1,0
BRDA:213,6,0,0
BRDA:213,6,1,0
BRDA:215,7,0,0
BRDA:215,7,1,0
BRDA:217,8,0,0
BRDA:217,8,1,0
BRDA:223,9,0,0
BRDA:223,9,1,0
BRDA:270,10,0,0
BRDA:270,10,1,0
BRDA:282,11,0,0
BRDA:282,11,1,0
BRDA:282,11,2,0
BRDA:282,11,3,0
BRDA:298,12,0,0
BRDA:298,12,1,0
BRDA:330,13,0,0
BRDA:330,13,1,0
BRDA:332,14,0,0
BRDA:332,14,1,0
BRDA:361,15,0,0
BRDA:361,15,1,0
BRDA:368,16,0,0
BRDA:368,16,1,0
BRDA:369,17,0,0
BRDA:369,17,1,0
BRDA:370,18,0,0
BRDA:370,18,1,0
BRDA:372,19,0,0
BRDA:372,19,1,0
BRDA:376,20,0,0
BRDA:376,20,1,0
BRDA:378,21,0,0
BRDA:378,21,1,0
BRDA:388,22,0,0
BRDA:388,22,1,0
BRDA:388,23,0,0
BRDA:388,23,1,0
BRDA:399,24,0,0
BRDA:399,24,1,0
BRDA:416,25,0,0
BRDA:416,25,1,0
BRDA:421,26,0,0
BRDA:421,26,1,0
BRDA:422,27,0,0
BRDA:422,27,1,0
BRDA:425,28,0,0
BRDA:425,28,1,0
BRDA:444,29,0,0
BRDA:444,29,1,0
BRDA:450,30,0,0
BRDA:450,30,1,0
BRDA:459,31,0,0
BRDA:459,31,1,0
BRDA:469,32,0,0
BRDA:469,32,1,0
BRDA:492,33,0,0
BRDA:492,33,1,0
BRDA:492,34,0,0
BRDA:492,34,1,0
BRDA:492,34,2,0
BRDA:515,35,0,0
BRDA:527,36,0,0
BRDA:527,36,1,0
BRDA:538,37,0,0
BRDA:538,37,1,0
BRDA:541,38,0,0
BRDA:541,38,1,0
BRDA:543,39,0,0
BRDA:543,39,1,0
BRDA:559,40,0,0
BRDA:559,40,1,0
BRDA:559,40,2,0
BRDA:559,40,3,0
BRDA:583,41,0,0
BRDA:583,41,1,0
BRDA:588,42,0,0
BRDA:588,42,1,0
BRDA:597,43,0,0
BRDA:597,43,1,0
BRDA:605,44,0,0
BRDA:605,44,1,0
BRDA:627,45,0,0
BRDA:627,45,1,0
BRDA:635,46,0,0
BRDA:635,46,1,0
BRDA:644,47,0,0
BRDA:644,47,1,0
BRDA:653,48,0,0
BRDA:653,48,1,0
BRDA:685,49,0,0
BRDA:685,49,1,0
BRDA:685,50,0,0
BRDA:685,50,1,0
BRDA:697,51,0,0
BRDA:697,51,1,0
BRDA:697,52,0,0
BRDA:697,52,1,0
BRF:110
BRH:0
end_of_record
TN:
SF:src/components/panels/capture/history-capture.js
FN:24,(anonymous_0)
FN:48,(anonymous_1)
FN:63,(anonymous_2)
FN:77,(anonymous_3)
FN:107,(anonymous_4)
FN:115,(anonymous_5)
FN:119,(anonymous_6)
FN:141,(anonymous_7)
FN:158,(anonymous_8)
FN:181,(anonymous_9)
FN:193,(anonymous_10)
FN:222,(anonymous_11)
FN:235,(anonymous_12)
FN:237,(anonymous_13)
FN:260,(anonymous_14)
FN:298,(anonymous_15)
FN:330,(anonymous_16)
FN:347,(anonymous_17)
FN:365,(anonymous_18)
FN:376,(anonymous_19)
FN:378,(anonymous_20)
FN:384,(anonymous_21)
FN:386,(anonymous_22)
FN:414,(anonymous_23)
FN:425,(anonymous_24)
FN:452,(anonymous_25)
FN:468,(anonymous_26)
FN:478,(anonymous_27)
FN:488,(anonymous_28)
FN:500,(anonymous_29)
FNF:30
FNH:0
FNDA:0,(anonymous_0)
FNDA:0,(anonymous_1)
FNDA:0,(anonymous_2)
FNDA:0,(anonymous_3)
FNDA:0,(anonymous_4)
FNDA:0,(anonymous_5)
FNDA:0,(anonymous_6)
FNDA:0,(anonymous_7)
FNDA:0,(anonymous_8)
FNDA:0,(anonymous_9)
FNDA:0,(anonymous_10)
FNDA:0,(anonymous_11)
FNDA:0,(anonymous_12)
FNDA:0,(anonymous_13)
FNDA:0,(anonymous_14)
FNDA:0,(anonymous_15)
FNDA:0,(anonymous_16)
FNDA:0,(anonymous_17)
FNDA:0,(anonymous_18)
FNDA:0,(anonymous_19)
FNDA:0,(anonymous_20)
FNDA:0,(anonymous_21)
FNDA:0,(anonymous_22)
FNDA:0,(anonymous_23)
FNDA:0,(anonymous_24)
FNDA:0,(anonymous_25)
FNDA:0,(anonymous_26)
FNDA:0,(anonymous_27)
FNDA:0,(anonymous_28)
FNDA:0,(anonymous_29)
DA:9,1
DA:26,0
DA:32,0
DA:34,0
DA:35,0
DA:36,0
DA:39,0
DA:40,0
DA:41,0
DA:42,0
DA:43,0
DA:45,0
DA:47,0
DA:48,0
DA:51,0
DA:52,0
DA:64,0
DA:65,0
DA:67,0
DA:68,0
DA:78,0
DA:80,0
DA:82,0
DA:83,0
DA:84,0
DA:87,0
DA:89,0
DA:91,0
DA:92,0
DA:94,0
DA:97,0
DA:104,0
DA:105,0
DA:106,0
DA:108,0
DA:109,0
DA:115,0
DA:117,0
DA:119,0
DA:120,0
DA:121,0
DA:127,0
DA:128,0
DA:129,0
DA:133,0
DA:136,0
DA:139,0
DA:140,0
DA:141,0
DA:142,0
DA:145,0
DA:148,0
DA:156,0
DA:157,0
DA:158,0
DA:159,0
DA:162,0
DA:165,0
DA:173,0
DA:175,0
DA:177,0
DA:178,0
DA:180,0
DA:181,0
DA:184,0
DA:194,0
DA:196,0
DA:199,0
DA:202,0
DA:205,0
DA:208,0
DA:211,0
DA:214,0
DA:223,0
DA:225,0
DA:227,0
DA:228,0
DA:229,0
DA:232,0
DA:235,0
DA:237,0
DA:238,0
DA:239,0
DA:240,0
DA:241,0
DA:244,0
DA:245,0
DA:246,0
DA:247,0
DA:249,0
DA:253,0
DA:254,0
DA:257,0
DA:258,0
DA:259,0
DA:261,0
DA:265,0
DA:267,0
DA:268,0
DA:271,0
DA:288,0
DA:299,0
DA:301,0
DA:302,0
DA:303,0
DA:304,0
DA:305,0
DA:308,0
DA:309,0
DA:313,0
DA:314,0
DA:318,0
DA:320,0
DA:321,0
DA:331,0
DA:333,0
DA:335,0
DA:336,0
DA:337,0
DA:340,0
DA:342,0
DA:343,0
DA:347,0
DA:348,0
DA:352,0
DA:353,0
DA:354,0
DA:357,0
DA:358,0
DA:366,0
DA:368,0
DA:369,0
DA:371,0
DA:372,0
DA:373,0
DA:376,0
DA:377,0
DA:378,0
DA:379,0
DA:381,0
DA:384,0
DA:385,0
DA:386,0
DA:387,0
DA:389,0
DA:392,0
DA:393,0
DA:396,0
DA:415,0
DA:420,0
DA:422,0
DA:423,0
DA:425,0
DA:426,0
DA:427,0
DA:429,0
DA:430,0
DA:431,0
DA:432,0
DA:434,0
DA:435,0
DA:444,0
DA:445,0
DA:454,0
DA:460,0
DA:461,0
DA:462,0
DA:465,0
DA:468,0
DA:469,0
DA:470,0
DA:472,0
DA:475,0
DA:478,0
DA:479,0
DA:480,0
DA:482,0
DA:485,0
DA:488,0
DA:489,0
DA:490,0
DA:491,0
DA:494,0
DA:497,0
DA:500,0
DA:501,0
DA:502,0
DA:503,0
DA:506,0
DA:509,0
DA:512,0
DA:513,0
DA:515,0
LF:193
LH:1
BRDA:34,0,0,0
BRDA:34,0,1,0
BRDA:82,1,0,0
BRDA:82,1,1,0
BRDA:91,2,0,0
BRDA:91,2,1,0
BRDA:109,3,0,0
BRDA:109,3,1,0
BRDA:109,3,2,0
BRDA:121,4,0,0
BRDA:121,4,1,0
BRDA:121,4,2,0
BRDA:127,5,0,0
BRDA:127,5,1,0
BRDA:140,6,0,0
BRDA:140,6,1,0
BRDA:157,7,0,0
BRDA:157,7,1,0
BRDA:196,8,0,0
BRDA:196,8,1,0
BRDA:196,8,2,0
BRDA:196,8,3,0
BRDA:196,8,4,0
BRDA:196,8,5,0
BRDA:227,9,0,0
BRDA:227,9,1,0
BRDA:261,10,0,0
BRDA:261,10,1,0
BRDA:268,11,0,0
BRDA:268,11,1,0
BRDA:279,12,0,0
BRDA:279,12,1,0
BRDA:299,13,0,0
BRDA:299,13,1,0
BRDA:308,14,0,0
BRDA:308,14,1,0
BRDA:313,15,0,0
BRDA:313,15,1,0
BRDA:335,16,0,0
BRDA:335,16,1,0
BRDA:340,17,0,0
BRDA:340,17,1,0
BRDA:348,18,0,0
BRDA:348,18,1,0
BRDA:352,19,0,0
BRDA:352,19,1,0
BRDA:371,20,0,0
BRDA:371,20,1,0
BRDA:371,21,0,0
BRDA:371,21,1,0
BRDA:427,22,0,0
BRDA:427,22,1,0
BRDA:432,23,0,0
BRDA:432,23,1,0
BRDA:434,24,0,0
BRDA:434,24,1,0
BRDA:460,25,0,0
BRDA:460,25,1,0
BRDA:490,26,0,0
BRDA:490,26,1,0
BRDA:490,27,0,0
BRDA:490,27,1,0
BRDA:502,28,0,0
BRDA:502,28,1,0
BRDA:502,29,0,0
BRDA:502,29,1,0
BRF:66
BRH:0
end_of_record
TN:
SF:src/components/panels/capture/tabs-capture.js
FN:25,(anonymous_0)
FN:45,(anonymous_1)
FN:46,(anonymous_2)
FN:49,(anonymous_3)
FN:61,(anonymous_4)
FN:76,(anonymous_5)
FN:90,(anonymous_6)
FN:104,(anonymous_7)
FN:123,(anonymous_8)
FN:124,(anonymous_9)
FN:160,(anonymous_10)
FN:169,(anonymous_11)
FN:171,(anonymous_12)
FN:186,(anonymous_13)
FN:210,(anonymous_14)
FN:223,(anonymous_15)
FN:226,(anonymous_16)
FN:251,(anonymous_17)
FN:296,(anonymous_18)
FN:309,(anonymous_19)
FN:322,(anonymous_20)
FN:334,(anonymous_21)
FN:347,(anonymous_22)
FN:368,(anonymous_23)
FN:383,(anonymous_24)
FN:432,(anonymous_25)
FN:436,(anonymous_26)
FN:463,(anonymous_27)
FN:478,(anonymous_28)
FN:491,(anonymous_29)
FN:534,(anonymous_30)
FN:536,(anonymous_31)
FN:563,(anonymous_32)
FN:586,(anonymous_33)
FN:598,(anonymous_34)
FN:602,(anonymous_35)
FN:628,(anonymous_36)
FN:639,(anonymous_37)
FN:669,(anonymous_38)
FN:681,(anonymous_39)
FN:718,(anonymous_40)
FN:734,(anonymous_41)
FN:744,(anonymous_42)
FN:754,(anonymous_43)
FN:766,(anonymous_44)
FNF:45
FNH:0
FNDA:0,(anonymous_0)
FNDA:0,(anonymous_1)
FNDA:0,(anonymous_2)
FNDA:0,(anonymous_3)
FNDA:0,(anonymous_4)
FNDA:0,(anonymous_5)
FNDA:0,(anonymous_6)
FNDA:0,(anonymous_7)
FNDA:0,(anonymous_8)
FNDA:0,(anonymous_9)
FNDA:0,(anonymous_10)
FNDA:0,(anonymous_11)
FNDA:0,(anonymous_12)
FNDA:0,(anonymous_13)
FNDA:0,(anonymous_14)
FNDA:0,(anonymous_15)
FNDA:0,(anonymous_16)
FNDA:0,(anonymous_17)
FNDA:0,(anonymous_18)
FNDA:0,(anonymous_19)
FNDA:0,(anonymous_20)
FNDA:0,(anonymous_21)
FNDA:0,(anonymous_22)
FNDA:0,(anonymous_23)
FNDA:0,(anonymous_24)
FNDA:0,(anonymous_25)
FNDA:0,(anonymous_26)
FNDA:0,(anonymous_27)
FNDA:0,(anonymous_28)
FNDA:0,(anonymous_29)
FNDA:0,(anonymous_30)
FNDA:0,(anonymous_31)
FNDA:0,(anonymous_32)
FNDA:0,(anonymous_33)
FNDA:0,(anonymous_34)
FNDA:0,(anonymous_35)
FNDA:0,(anonymous_36)
FNDA:0,(anonymous_37)
FNDA:0,(anonymous_38)
FNDA:0,(anonymous_39)
FNDA:0,(anonymous_40)
FNDA:0,(anonymous_41)
FNDA:0,(anonymous_42)
FNDA:0,(anonymous_43)
FNDA:0,(anonymous_44)
DA:9,1
DA:27,0
DA:33,0
DA:35,0
DA:36,0
DA:37,0
DA:40,0
DA:42,0
DA:45,0
DA:46,0
DA:47,0
DA:48,0
DA:49,0
DA:50,0
DA:54,0
DA:55,0
DA:56,0
DA:58,0
DA:60,0
DA:61,0
DA:64,0
DA:65,0
DA:77,0
DA:78,0
DA:80,0
DA:81,0
DA:91,0
DA:92,0
DA:94,0
DA:95,0
DA:96,0
DA:99,0
DA:101,0
DA:103,0
DA:104,0
DA:105,0
DA:108,0
DA:110,0
DA:111,0
DA:112,0
DA:116,0
DA:117,0
DA:120,0
DA:123,0
DA:124,0
DA:125,0
DA:127,0
DA:128,0
DA:129,0
DA:132,0
DA:133,0
DA:135,0
DA:136,0
DA:137,0
DA:138,0
DA:140,0
DA:141,0
DA:142,0
DA:144,0
DA:145,0
DA:148,0
DA:149,0
DA:150,0
DA:151,0
DA:153,0
DA:156,0
DA:157,0
DA:160,0
DA:161,0
DA:162,0
DA:165,0
DA:166,0
DA:169,0
DA:170,0
DA:171,0
DA:172,0
DA:176,0
DA:179,0
DA:186,0
DA:187,0
DA:188,0
DA:191,0
DA:194,0
DA:202,0
DA:204,0
DA:206,0
DA:207,0
DA:209,0
DA:210,0
DA:213,0
DA:224,0
DA:225,0
DA:227,0
DA:228,0
DA:234,0
DA:236,0
DA:238,0
DA:252,0
DA:253,0
DA:254,0
DA:255,0
DA:256,0
DA:258,0
DA:260,0
DA:261,0
DA:262,0
DA:263,0
DA:265,0
DA:266,0
DA:267,0
DA:268,0
DA:270,0
DA:271,0
DA:273,0
DA:274,0
DA:275,0
DA:277,0
DA:278,0
DA:279,0
DA:281,0
DA:282,0
DA:284,0
DA:285,0
DA:286,0
DA:288,0
DA:297,0
DA:298,0
DA:300,0
DA:301,0
DA:302,0
DA:306,0
DA:309,0
DA:310,0
DA:311,0
DA:312,0
DA:313,0
DA:323,0
DA:325,0
DA:326,0
DA:328,0
DA:329,0
DA:330,0
DA:334,0
DA:335,0
DA:338,0
DA:341,0
DA:347,0
DA:348,0
DA:351,0
DA:354,0
DA:361,0
DA:369,0
DA:372,0
DA:374,0
DA:375,0
DA:376,0
DA:379,0
DA:380,0
DA:381,0
DA:383,0
DA:384,0
DA:387,0
DA:390,0
DA:396,0
DA:399,0
DA:400,0
DA:401,0
DA:403,0
DA:425,0
DA:428,0
DA:429,0
DA:431,0
DA:432,0
DA:433,0
DA:436,0
DA:437,0
DA:440,0
DA:441,0
DA:444,0
DA:464,0
DA:466,0
DA:467,0
DA:468,0
DA:471,0
DA:479,0
DA:481,0
DA:482,0
DA:483,0
DA:484,0
DA:485,0
DA:488,0
DA:489,0
DA:491,0
DA:492,0
DA:493,0
DA:494,0
DA:496,0
DA:499,0
DA:500,0
DA:504,0
DA:505,0
DA:509,0
DA:510,0
DA:514,0
DA:515,0
DA:519,0
DA:520,0
DA:521,0
DA:522,0
DA:523,0
DA:524,0
DA:528,0
DA:529,0
DA:533,0
DA:534,0
DA:535,0
DA:536,0
DA:538,0
DA:542,0
DA:543,0
DA:545,0
DA:546,0
DA:547,0
DA:548,0
DA:549,0
DA:550,0
DA:552,0
DA:553,0
DA:556,0
DA:564,0
DA:566,0
DA:567,0
DA:568,0
DA:569,0
DA:570,0
DA:572,0
DA:573,0
DA:574,0
DA:575,0
DA:576,0
DA:578,0
DA:579,0
DA:587,0
DA:589,0
DA:590,0
DA:592,0
DA:593,0
DA:594,0
DA:598,0
DA:599,0
DA:602,0
DA:603,0
DA:606,0
DA:607,0
DA:610,0
DA:629,0
DA:634,0
DA:636,0
DA:637,0
DA:639,0
DA:640,0
DA:641,0
DA:643,0
DA:644,0
DA:645,0
DA:646,0
DA:647,0
DA:649,0
DA:650,0
DA:660,0
DA:661,0
DA:670,0
DA:675,0
DA:677,0
DA:679,0
DA:682,0
DA:697,0
DA:698,0
DA:701,0
DA:702,0
DA:704,0
DA:706,0
DA:720,0
DA:726,0
DA:727,0
DA:728,0
DA:731,0
DA:734,0
DA:735,0
DA:736,0
DA:738,0
DA:741,0
DA:744,0
DA:745,0
DA:746,0
DA:748,0
DA:751,0
DA:754,0
DA:755,0
DA:756,0
DA:757,0
DA:760,0
DA:763,0
DA:766,0
DA:767,0
DA:768,0
DA:769,0
DA:772,0
DA:775,0
DA:778,0
DA:779,0
DA:780,0
DA:782,0
LF:313
LH:1
BRDA:35,0,0,0
BRDA:35,0,1,0
BRDA:94,1,0,0
BRDA:94,1,1,0
BRDA:110,2,0,0
BRDA:110,2,1,0
BRDA:125,3,0,0
BRDA:125,3,1,0
BRDA:187,4,0,0
BRDA:187,4,1,0
BRDA:188,5,0,0
BRDA:188,5,1,0
BRDA:228,6,0,0
BRDA:228,6,1,0
BRDA:228,6,2,0
BRDA:238,7,0,0
BRDA:238,7,1,0
BRDA:238,7,2,0
BRDA:258,8,0,0
BRDA:258,8,1,0
BRDA:275,9,0,0
BRDA:275,9,1,0
BRDA:300,10,0,0
BRDA:300,10,1,0
BRDA:328,11,0,0
BRDA:328,11,1,0
BRDA:328,12,0,0
BRDA:328,12,1,0
BRDA:374,13,0,0
BRDA:374,13,1,0
BRDA:431,14,0,0
BRDA:431,14,1,0
BRDA:431,15,0,0
BRDA:431,15,1,0
BRDA:466,16,0,0
BRDA:466,16,1,0
BRDA:471,17,0,0
BRDA:471,17,1,0
BRDA:481,18,0,0
BRDA:481,18,1,0
BRDA:482,19,0,0
BRDA:482,19,1,0
BRDA:483,20,0,0
BRDA:483,20,1,0
BRDA:484,21,0,0
BRDA:484,21,1,0
BRDA:485,22,0,0
BRDA:485,22,1,0
BRDA:493,23,0,0
BRDA:493,23,1,0
BRDA:499,24,0,0
BRDA:499,24,1,0
BRDA:499,25,0,0
BRDA:499,25,1,0
BRDA:504,26,0,0
BRDA:504,26,1,0
BRDA:504,27,0,0
BRDA:504,27,1,0
BRDA:504,27,2,0
BRDA:509,28,0,0
BRDA:509,28,1,0
BRDA:509,29,0,0
BRDA:509,29,1,0
BRDA:514,30,0,0
BRDA:514,30,1,0
BRDA:514,31,0,0
BRDA:514,31,1,0
BRDA:514,31,2,0
BRDA:519,32,0,0
BRDA:519,32,1,0
BRDA:519,33,0,0
BRDA:519,33,1,0
BRDA:521,34,0,0
BRDA:521,34,1,0
BRDA:521,35,0,0
BRDA:521,35,1,0
BRDA:523,36,0,0
BRDA:523,36,1,0
BRDA:523,37,0,0
BRDA:523,37,1,0
BRDA:528,38,0,0
BRDA:528,38,1,0
BRDA:529,39,0,0
BRDA:529,39,1,0
BRDA:538,40,0,0
BRDA:538,40,1,0
BRDA:545,41,0,0
BRDA:545,41,1,0
BRDA:545,42,0,0
BRDA:545,42,1,0
BRDA:546,43,0,0
BRDA:546,43,1,0
BRDA:552,44,0,0
BRDA:552,44,1,0
BRDA:572,45,0,0
BRDA:572,45,1,0
BRDA:573,46,0,0
BRDA:573,46,1,0
BRDA:574,47,0,0
BRDA:574,47,1,0
BRDA:575,48,0,0
BRDA:575,48,1,0
BRDA:576,49,0,0
BRDA:576,49,1,0
BRDA:592,50,0,0
BRDA:592,50,1,0
BRDA:592,51,0,0
BRDA:592,51,1,0
BRDA:641,52,0,0
BRDA:641,52,1,0
BRDA:647,53,0,0
BRDA:647,53,1,0
BRDA:649,54,0,0
BRDA:649,54,1,0
BRDA:686,55,0,0
BRDA:686,55,1,0
BRDA:687,56,0,0
BRDA:687,56,1,0
BRDA:688,57,0,0
BRDA:688,57,1,0
BRDA:689,58,0,0
BRDA:689,58,1,0
BRDA:690,59,0,0
BRDA:690,59,1,0
BRDA:691,60,0,0
BRDA:691,60,1,0
BRDA:697,61,0,0
BRDA:697,61,1,0
BRDA:697,62,0,0
BRDA:697,62,1,0
BRDA:697,62,2,0
BRDA:698,63,0,0
BRDA:698,63,1,0
BRDA:726,64,0,0
BRDA:726,64,1,0
BRDA:756,65,0,0
BRDA:756,65,1,0
BRDA:756,66,0,0
BRDA:756,66,1,0
BRDA:768,67,0,0
BRDA:768,67,1,0
BRDA:768,68,0,0
BRDA:768,68,1,0
BRF:143
BRH:0
end_of_record
TN:
SF:src/components/panels/knowledge/knowledge-panel.js
FN:28,(anonymous_0)
FN:57,(anonymous_1)
FN:61,(anonymous_2)
FN:62,(anonymous_3)
FN:88,(anonymous_4)
FN:110,(anonymous_5)
FN:123,(anonymous_6)
FN:232,(anonymous_7)
FN:237,(anonymous_8)
FN:244,(anonymous_9)
FN:266,(anonymous_10)
FN:291,(anonymous_11)
FN:325,(anonymous_12)
FN:328,(anonymous_13)
FN:342,(anonymous_14)
FN:365,(anonymous_15)
FN:382,(anonymous_16)
FN:398,(anonymous_17)
FN:399,(anonymous_18)
FN:429,(anonymous_19)
FN:432,(anonymous_20)
FN:437,(anonymous_21)
FN:445,(anonymous_22)
FN:459,(anonymous_23)
FN:461,(anonymous_24)
FN:467,(anonymous_25)
FN:504,(anonymous_26)
FN:507,(anonymous_27)
FN:512,(anonymous_28)
FN:525,(anonymous_29)
FN:528,(anonymous_30)
FN:565,(anonymous_31)
FN:568,(anonymous_32)
FN:572,(anonymous_33)
FN:608,(anonymous_34)
FN:628,(anonymous_35)
FN:649,(anonymous_36)
FN:652,(anonymous_37)
FN:656,(anonymous_38)
FN:694,(anonymous_39)
FN:714,(anonymous_40)
FN:734,(anonymous_41)
FN:736,(anonymous_42)
FN:737,(anonymous_43)
FN:757,(anonymous_44)
FN:773,(anonymous_45)
FN:783,(anonymous_46)
FN:793,(anonymous_47)
FN:807,(anonymous_48)
FNF:49
FNH:0
FNDA:0,(anonymous_0)
FNDA:0,(anonymous_1)
FNDA:0,(anonymous_2)
FNDA:0,(anonymous_3)
FNDA:0,(anonymous_4)
FNDA:0,(anonymous_5)
FNDA:0,(anonymous_6)
FNDA:0,(anonymous_7)
FNDA:0,(anonymous_8)
FNDA:0,(anonymous_9)
FNDA:0,(anonymous_10)
FNDA:0,(anonymous_11)
FNDA:0,(anonymous_12)
FNDA:0,(anonymous_13)
FNDA:0,(anonymous_14)
FNDA:0,(anonymous_15)
FNDA:0,(anonymous_16)
FNDA:0,(anonymous_17)
FNDA:0,(anonymous_18)
FNDA:0,(anonymous_19)
FNDA:0,(anonymous_20)
FNDA:0,(anonymous_21)
FNDA:0,(anonymous_22)
FNDA:0,(anonymous_23)
FNDA:0,(anonymous_24)
FNDA:0,(anonymous_25)
FNDA:0,(anonymous_26)
FNDA:0,(anonymous_27)
FNDA:0,(anonymous_28)
FNDA:0,(anonymous_29)
FNDA:0,(anonymous_30)
FNDA:0,(anonymous_31)
FNDA:0,(anonymous_32)
FNDA:0,(anonymous_33)
FNDA:0,(anonymous_34)
FNDA:0,(anonymous_35)
FNDA:0,(anonymous_36)
FNDA:0,(anonymous_37)
FNDA:0,(anonymous_38)
FNDA:0,(anonymous_39)
FNDA:0,(anonymous_40)
FNDA:0,(anonymous_41)
FNDA:0,(anonymous_42)
FNDA:0,(anonymous_43)
FNDA:0,(anonymous_44)
FNDA:0,(anonymous_45)
FNDA:0,(anonymous_46)
FNDA:0,(anonymous_47)
FNDA:0,(anonymous_48)
DA:9,1
DA:30,0
DA:36,0
DA:38,0
DA:40,0
DA:41,0
DA:42,0
DA:46,0
DA:49,0
DA:50,0
DA:56,0
DA:57,0
DA:60,0
DA:61,0
DA:62,0
DA:66,0
DA:69,0
DA:72,0
DA:75,0
DA:78,0
DA:80,0
DA:81,0
DA:82,0
DA:84,0
DA:87,0
DA:88,0
DA:91,0
DA:93,0
DA:94,0
DA:95,0
DA:99,0
DA:111,0
DA:112,0
DA:114,0
DA:115,0
DA:124,0
DA:126,0
DA:127,0
DA:128,0
DA:129,0
DA:130,0
DA:134,0
DA:135,0
DA:136,0
DA:139,0
DA:140,0
DA:141,0
DA:215,0
DA:216,0
DA:218,0
DA:220,0
DA:223,0
DA:224,0
DA:233,0
DA:235,0
DA:237,0
DA:238,0
DA:242,0
DA:243,0
DA:244,0
DA:245,0
DA:246,0
DA:250,0
DA:253,0
DA:259,0
DA:261,0
DA:264,0
DA:265,0
DA:266,0
DA:267,0
DA:268,0
DA:271,0
DA:274,0
DA:280,0
DA:282,0
DA:286,0
DA:289,0
DA:290,0
DA:291,0
DA:292,0
DA:293,0
DA:294,0
DA:298,0
DA:301,0
DA:307,0
DA:309,0
DA:312,0
DA:314,0
DA:315,0
DA:327,0
DA:328,0
DA:331,0
DA:332,0
DA:333,0
DA:336,0
DA:338,0
DA:340,0
DA:341,0
DA:342,0
DA:343,0
DA:344,0
DA:345,0
DA:348,0
DA:349,0
DA:352,0
DA:355,0
DA:363,0
DA:364,0
DA:365,0
DA:366,0
DA:369,0
DA:372,0
DA:380,0
DA:381,0
DA:382,0
DA:383,0
DA:386,0
DA:389,0
DA:397,0
DA:398,0
DA:399,0
DA:400,0
DA:401,0
DA:402,0
DA:403,0
DA:405,0
DA:409,0
DA:412,0
DA:419,0
DA:421,0
DA:431,0
DA:432,0
DA:436,0
DA:437,0
DA:440,0
DA:442,0
DA:444,0
DA:445,0
DA:446,0
DA:449,0
DA:450,0
DA:452,0
DA:455,0
DA:458,0
DA:459,0
DA:460,0
DA:461,0
DA:466,0
DA:467,0
DA:468,0
DA:469,0
DA:470,0
DA:472,0
DA:473,0
DA:474,0
DA:479,0
DA:480,0
DA:481,0
DA:482,0
DA:483,0
DA:487,0
DA:488,0
DA:491,0
DA:493,0
DA:494,0
DA:506,0
DA:507,0
DA:511,0
DA:512,0
DA:515,0
DA:516,0
DA:517,0
DA:518,0
DA:521,0
DA:523,0
DA:525,0
DA:526,0
DA:529,0
DA:533,0
DA:536,0
DA:537,0
DA:538,0
DA:539,0
DA:540,0
DA:544,0
DA:545,0
DA:549,0
DA:550,0
DA:553,0
DA:554,0
DA:567,0
DA:568,0
DA:571,0
DA:572,0
DA:575,0
DA:576,0
DA:577,0
DA:578,0
DA:581,0
DA:583,0
DA:584,0
DA:586,0
DA:588,0
DA:595,0
DA:597,0
DA:602,0
DA:603,0
DA:604,0
DA:605,0
DA:608,0
DA:609,0
DA:610,0
DA:611,0
DA:614,0
DA:615,0
DA:619,0
DA:621,0
DA:624,0
DA:625,0
DA:626,0
DA:628,0
DA:629,0
DA:630,0
DA:633,0
DA:634,0
DA:638,0
DA:651,0
DA:652,0
DA:655,0
DA:656,0
DA:659,0
DA:660,0
DA:661,0
DA:662,0
DA:665,0
DA:667,0
DA:668,0
DA:670,0
DA:672,0
DA:674,0
DA:682,0
DA:683,0
DA:684,0
DA:685,0
DA:688,0
DA:689,0
DA:690,0
DA:691,0
DA:693,0
DA:694,0
DA:695,0
DA:696,0
DA:699,0
DA:700,0
DA:704,0
DA:707,0
DA:710,0
DA:711,0
DA:712,0
DA:714,0
DA:715,0
DA:716,0
DA:719,0
DA:720,0
DA:724,0
DA:736,0
DA:737,0
DA:738,0
DA:739,0
DA:740,0
DA:743,0
DA:744,0
DA:747,0
DA:748,0
DA:759,0
DA:765,0
DA:766,0
DA:767,0
DA:770,0
DA:773,0
DA:774,0
DA:775,0
DA:777,0
DA:780,0
DA:783,0
DA:784,0
DA:785,0
DA:787,0
DA:790,0
DA:793,0
DA:794,0
DA:795,0
DA:796,0
DA:799,0
DA:802,0
DA:807,0
DA:808,0
DA:809,0
DA:810,0
DA:813,0
DA:816,0
DA:818,0
DA:819,0
LF:303
LH:1
BRDA:40,0,0,0
BRDA:40,0,1,0
BRDA:62,1,0,0
BRDA:62,1,1,0
BRDA:94,2,0,0
BRDA:94,2,1,0
BRDA:128,3,0,0
BRDA:128,3,1,0
BRDA:134,4,0,0
BRDA:134,4,1,0
BRDA:243,5,0,0
BRDA:243,5,1,0
BRDA:245,6,0,0
BRDA:245,6,1,0
BRDA:265,7,0,0
BRDA:265,7,1,0
BRDA:267,8,0,0
BRDA:267,8,1,0
BRDA:290,9,0,0
BRDA:290,9,1,0
BRDA:293,10,0,0
BRDA:293,10,1,0
BRDA:331,11,0,0
BRDA:331,11,1,0
BRDA:331,12,0,0
BRDA:331,12,1,0
BRDA:341,13,0,0
BRDA:341,13,1,0
BRDA:343,14,0,0
BRDA:343,14,1,0
BRDA:364,15,0,0
BRDA:364,15,1,0
BRDA:381,16,0,0
BRDA:381,16,1,0
BRDA:402,17,0,0
BRDA:402,17,1,0
BRDA:437,18,0,0
BRDA:437,18,1,0
BRDA:452,19,0,0
BRDA:452,19,1,0
BRDA:452,20,0,0
BRDA:452,20,1,0
BRDA:458,21,0,0
BRDA:458,21,1,0
BRDA:460,22,0,0
BRDA:460,22,1,0
BRDA:466,23,0,0
BRDA:466,23,1,0
BRDA:466,24,0,0
BRDA:466,24,1,0
BRDA:469,25,0,0
BRDA:469,25,1,0
BRDA:470,26,0,0
BRDA:470,26,1,0
BRDA:472,27,0,0
BRDA:472,27,1,0
BRDA:472,28,0,0
BRDA:472,28,1,0
BRDA:473,29,0,0
BRDA:473,29,1,0
BRDA:473,30,0,0
BRDA:473,30,1,0
BRDA:479,31,0,0
BRDA:479,31,1,0
BRDA:481,32,0,0
BRDA:481,32,1,0
BRDA:512,33,0,0
BRDA:512,33,1,0
BRDA:515,34,0,0
BRDA:515,34,1,0
BRDA:515,35,0,0
BRDA:515,35,1,0
BRDA:526,36,0,0
BRDA:526,36,1,0
BRDA:526,36,2,0
BRDA:528,37,0,0
BRDA:528,37,1,0
BRDA:536,38,0,0
BRDA:536,38,1,0
BRDA:538,39,0,0
BRDA:538,39,1,0
BRDA:549,40,0,0
BRDA:549,40,1,0
BRDA:575,41,0,0
BRDA:575,41,1,0
BRDA:575,42,0,0
BRDA:575,42,1,0
BRDA:591,43,0,0
BRDA:591,43,1,0
BRDA:592,44,0,0
BRDA:592,44,1,0
BRDA:602,45,0,0
BRDA:602,45,1,0
BRDA:615,46,0,0
BRDA:615,46,1,0
BRDA:621,47,0,0
BRDA:621,47,1,0
BRDA:634,48,0,0
BRDA:634,48,1,0
BRDA:659,49,0,0
BRDA:659,49,1,0
BRDA:659,50,0,0
BRDA:659,50,1,0
BRDA:682,51,0,0
BRDA:682,51,1,0
BRDA:689,52,0,0
BRDA:689,52,1,0
BRDA:700,53,0,0
BRDA:700,53,1,0
BRDA:707,54,0,0
BRDA:707,54,1,0
BRDA:720,55,0,0
BRDA:720,55,1,0
BRDA:747,56,0,0
BRDA:747,56,1,0
BRDA:747,57,0,0
BRDA:747,57,1,0
BRDA:765,58,0,0
BRDA:765,58,1,0
BRDA:795,59,0,0
BRDA:795,59,1,0
BRDA:795,60,0,0
BRDA:795,60,1,0
BRDA:809,61,0,0
BRDA:809,61,1,0
BRDA:809,62,0,0
BRDA:809,62,1,0
BRDA:809,62,2,0
BRF:128
BRH:0
end_of_record
TN:
SF:src/components/panels/overview/overview-panel.js
FN:29,(anonymous_0)
FN:48,(anonymous_1)
FN:52,(anonymous_2)
FN:53,(anonymous_3)
FN:94,(anonymous_4)
FN:109,(anonymous_5)
FN:123,(anonymous_6)
FN:177,(anonymous_7)
FN:201,(anonymous_8)
FN:222,(anonymous_9)
FN:235,(anonymous_10)
FN:266,(anonymous_11)
FN:307,(anonymous_12)
FN:314,(anonymous_13)
FN:335,(anonymous_14)
FN:338,(anonymous_15)
FN:373,(anonymous_16)
FN:376,(anonymous_17)
FN:420,(anonymous_18)
FN:453,(anonymous_19)
FN:492,(anonymous_20)
FN:507,(anonymous_21)
FN:523,(anonymous_22)
FN:533,(anonymous_23)
FN:543,(anonymous_24)
FN:555,(anonymous_25)
FNF:26
FNH:0
FNDA:0,(anonymous_0)
FNDA:0,(anonymous_1)
FNDA:0,(anonymous_2)
FNDA:0,(anonymous_3)
FNDA:0,(anonymous_4)
FNDA:0,(anonymous_5)
FNDA:0,(anonymous_6)
FNDA:0,(anonymous_7)
FNDA:0,(anonymous_8)
FNDA:0,(anonymous_9)
FNDA:0,(anonymous_10)
FNDA:0,(anonymous_11)
FNDA:0,(anonymous_12)
FNDA:0,(anonymous_13)
FNDA:0,(anonymous_14)
FNDA:0,(anonymous_15)
FNDA:0,(anonymous_16)
FNDA:0,(anonymous_17)
FNDA:0,(anonymous_18)
FNDA:0,(anonymous_19)
FNDA:0,(anonymous_20)
FNDA:0,(anonymous_21)
FNDA:0,(anonymous_22)
FNDA:0,(anonymous_23)
FNDA:0,(anonymous_24)
FNDA:0,(anonymous_25)
DA:9,1
DA:31,0
DA:37,0
DA:39,0
DA:41,0
DA:42,0
DA:43,0
DA:47,0
DA:48,0
DA:51,0
DA:52,0
DA:53,0
DA:57,0
DA:62,0
DA:65,0
DA:66,0
DA:67,0
DA:71,0
DA:74,0
DA:77,0
DA:78,0
DA:81,0
DA:84,0
DA:86,0
DA:87,0
DA:88,0
DA:90,0
DA:93,0
DA:94,0
DA:97,0
DA:98,0
DA:110,0
DA:111,0
DA:113,0
DA:114,0
DA:124,0
DA:126,0
DA:128,0
DA:131,0
DA:138,0
DA:140,0
DA:145,0
DA:148,0
DA:154,0
DA:169,0
DA:178,0
DA:180,0
DA:182,0
DA:183,0
DA:184,0
DA:187,0
DA:188,0
DA:189,0
DA:191,0
DA:193,0
DA:202,0
DA:204,0
DA:206,0
DA:207,0
DA:208,0
DA:209,0
DA:213,0
DA:216,0
DA:217,0
DA:218,0
DA:222,0
DA:223,0
DA:224,0
DA:226,0
DA:235,0
DA:236,0
DA:237,0
DA:239,0
DA:243,0
DA:246,0
DA:252,0
DA:255,0
DA:257,0
DA:267,0
DA:269,0
DA:271,0
DA:272,0
DA:273,0
DA:274,0
DA:278,0
DA:286,0
DA:295,0
DA:296,0
DA:298,0
DA:308,0
DA:310,0
DA:312,0
DA:313,0
DA:314,0
DA:315,0
DA:318,0
DA:321,0
DA:327,0
DA:329,0
DA:333,0
DA:334,0
DA:335,0
DA:337,0
DA:340,0
DA:341,0
DA:342,0
DA:343,0
DA:345,0
DA:350,0
DA:351,0
DA:352,0
DA:356,0
DA:359,0
DA:365,0
DA:367,0
DA:371,0
DA:372,0
DA:373,0
DA:375,0
DA:378,0
DA:379,0
DA:380,0
DA:381,0
DA:383,0
DA:388,0
DA:389,0
DA:390,0
DA:394,0
DA:397,0
DA:403,0
DA:405,0
DA:408,0
DA:410,0
DA:421,0
DA:423,0
DA:425,0
DA:426,0
DA:427,0
DA:429,0
DA:430,0
DA:431,0
DA:434,0
DA:437,0
DA:438,0
DA:440,0
DA:441,0
DA:443,0
DA:444,0
DA:454,0
DA:456,0
DA:457,0
DA:460,0
DA:461,0
DA:465,0
DA:466,0
DA:467,0
DA:471,0
DA:472,0
DA:473,0
DA:477,0
DA:478,0
DA:479,0
DA:483,0
DA:484,0
DA:493,0
DA:495,0
DA:496,0
DA:497,0
DA:499,0
DA:509,0
DA:515,0
DA:516,0
DA:517,0
DA:520,0
DA:523,0
DA:524,0
DA:525,0
DA:527,0
DA:530,0
DA:533,0
DA:534,0
DA:535,0
DA:537,0
DA:540,0
DA:543,0
DA:544,0
DA:545,0
DA:546,0
DA:549,0
DA:552,0
DA:555,0
DA:556,0
DA:557,0
DA:558,0
DA:561,0
DA:564,0
DA:566,0
DA:567,0
LF:198
LH:1
BRDA:41,0,0,0
BRDA:41,0,1,0
BRDA:53,1,0,0
BRDA:53,1,1,0
BRDA:66,2,0,0
BRDA:66,2,1,0
BRDA:132,3,0,0
BRDA:132,3,1,0
BRDA:133,4,0,0
BRDA:133,4,1,0
BRDA:134,5,0,0
BRDA:134,5,1,0
BRDA:138,6,0,0
BRDA:138,6,1,0
BRDA:187,7,0,0
BRDA:187,7,1,0
BRDA:188,8,0,0
BRDA:188,8,1,0
BRDA:189,9,0,0
BRDA:189,9,1,0
BRDA:207,10,0,0
BRDA:207,10,1,0
BRDA:216,11,0,0
BRDA:216,11,1,0
BRDA:227,12,0,0
BRDA:227,12,1,0
BRDA:230,13,0,0
BRDA:230,13,1,0
BRDA:272,14,0,0
BRDA:272,14,1,0
BRDA:313,15,0,0
BRDA:313,15,1,0
BRDA:334,16,0,0
BRDA:334,16,1,0
BRDA:341,17,0,0
BRDA:341,17,1,0
BRDA:350,18,0,0
BRDA:350,18,1,0
BRDA:350,19,0,0
BRDA:350,19,1,0
BRDA:372,20,0,0
BRDA:372,20,1,0
BRDA:379,21,0,0
BRDA:379,21,1,0
BRDA:388,22,0,0
BRDA:388,22,1,0
BRDA:388,23,0,0
BRDA:388,23,1,0
BRDA:429,24,0,0
BRDA:429,24,1,0
BRDA:430,25,0,0
BRDA:430,25,1,0
BRDA:431,26,0,0
BRDA:431,26,1,0
BRDA:454,27,0,0
BRDA:454,27,1,0
BRDA:460,28,0,0
BRDA:460,28,1,0
BRDA:465,29,0,0
BRDA:465,29,1,0
BRDA:467,30,0,0
BRDA:467,30,1,0
BRDA:471,31,0,0
BRDA:471,31,1,0
BRDA:473,32,0,0
BRDA:473,32,1,0
BRDA:477,33,0,0
BRDA:477,33,1,0
BRDA:479,34,0,0
BRDA:479,34,1,0
BRDA:493,35,0,0
BRDA:493,35,1,0
BRDA:515,36,0,0
BRDA:515,36,1,0
BRDA:545,37,0,0
BRDA:545,37,1,0
BRDA:545,38,0,0
BRDA:545,38,1,0
BRDA:557,39,0,0
BRDA:557,39,1,0
BRDA:557,40,0,0
BRDA:557,40,1,0
BRDA:557,40,2,0
BRF:83
BRH:0
end_of_record
TN:
SF:src/components/panels/settings/settings-panel.js
FN:21,(anonymous_0)
FN:40,(anonymous_1)
FN:44,(anonymous_2)
FN:49,(anonymous_3)
FN:76,(anonymous_4)
FN:98,(anonymous_5)
FN:124,(anonymous_6)
FN:138,(anonymous_7)
FN:180,(anonymous_8)
FN:208,(anonymous_9)
FN:257,(anonymous_10)
FN:272,(anonymous_11)
FN:296,(anonymous_12)
FN:321,(anonymous_13)
FN:330,(anonymous_14)
FN:396,(anonymous_15)
FN:405,(anonymous_16)
FN:476,(anonymous_17)
FN:481,(anonymous_18)
FN:482,(anonymous_19)
FN:491,(anonymous_20)
FN:500,(anonymous_21)
FN:550,(anonymous_22)
FN:557,(anonymous_23)
FN:575,(anonymous_24)
FN:593,(anonymous_25)
FN:609,(anonymous_26)
FN:634,(anonymous_27)
FN:695,(anonymous_28)
FN:713,(anonymous_29)
FN:762,(anonymous_30)
FN:808,(anonymous_31)
FN:834,(anonymous_32)
FN:847,(anonymous_33)
FN:861,(anonymous_34)
FN:899,(anonymous_35)
FN:920,(anonymous_36)
FN:953,(anonymous_37)
FN:966,(anonymous_38)
FN:1015,(anonymous_39)
FN:1022,(anonymous_40)
FN:1065,(anonymous_41)
FN:1081,(anonymous_42)
FN:1097,(anonymous_43)
FN:1107,(anonymous_44)
FN:1117,(anonymous_45)
FN:1129,(anonymous_46)
FNF:47
FNH:0
FNDA:0,(anonymous_0)
FNDA:0,(anonymous_1)
FNDA:0,(anonymous_2)
FNDA:0,(anonymous_3)
FNDA:0,(anonymous_4)
FNDA:0,(anonymous_5)
FNDA:0,(anonymous_6)
FNDA:0,(anonymous_7)
FNDA:0,(anonymous_8)
FNDA:0,(anonymous_9)
FNDA:0,(anonymous_10)
FNDA:0,(anonymous_11)
FNDA:0,(anonymous_12)
FNDA:0,(anonymous_13)
FNDA:0,(anonymous_14)
FNDA:0,(anonymous_15)
FNDA:0,(anonymous_16)
FNDA:0,(anonymous_17)
FNDA:0,(anonymous_18)
FNDA:0,(anonymous_19)
FNDA:0,(anonymous_20)
FNDA:0,(anonymous_21)
FNDA:0,(anonymous_22)
FNDA:0,(anonymous_23)
FNDA:0,(anonymous_24)
FNDA:0,(anonymous_25)
FNDA:0,(anonymous_26)
FNDA:0,(anonymous_27)
FNDA:0,(anonymous_28)
FNDA:0,(anonymous_29)
FNDA:0,(anonymous_30)
FNDA:0,(anonymous_31)
FNDA:0,(anonymous_32)
FNDA:0,(anonymous_33)
FNDA:0,(anonymous_34)
FNDA:0,(anonymous_35)
FNDA:0,(anonymous_36)
FNDA:0,(anonymous_37)
FNDA:0,(anonymous_38)
FNDA:0,(anonymous_39)
FNDA:0,(anonymous_40)
FNDA:0,(anonymous_41)
FNDA:0,(anonymous_42)
FNDA:0,(anonymous_43)
FNDA:0,(anonymous_44)
FNDA:0,(anonymous_45)
FNDA:0,(anonymous_46)
DA:9,1
DA:23,0
DA:29,0
DA:31,0
DA:33,0
DA:34,0
DA:35,0
DA:39,0
DA:40,0
DA:43,0
DA:45,0
DA:46,0
DA:47,0
DA:48,0
DA:49,0
DA:50,0
DA:57,0
DA:60,0
DA:63,0
DA:66,0
DA:68,0
DA:69,0
DA:70,0
DA:72,0
DA:75,0
DA:76,0
DA:79,0
DA:82,0
DA:83,0
DA:84,0
DA:85,0
DA:86,0
DA:92,0
DA:93,0
DA:96,0
DA:97,0
DA:98,0
DA:99,0
DA:102,0
DA:105,0
DA:113,0
DA:125,0
DA:126,0
DA:128,0
DA:129,0
DA:139,0
DA:141,0
DA:143,0
DA:149,0
DA:150,0
DA:151,0
DA:153,0
DA:160,0
DA:163,0
DA:166,0
DA:168,0
DA:170,0
DA:171,0
DA:181,0
DA:183,0
DA:184,0
DA:185,0
DA:186,0
DA:187,0
DA:188,0
DA:189,0
DA:193,0
DA:194,0
DA:195,0
DA:196,0
DA:199,0
DA:209,0
DA:211,0
DA:213,0
DA:214,0
DA:215,0
DA:216,0
DA:218,0
DA:222,0
DA:223,0
DA:224,0
DA:225,0
DA:226,0
DA:227,0
DA:231,0
DA:232,0
DA:233,0
DA:234,0
DA:235,0
DA:236,0
DA:240,0
DA:241,0
DA:242,0
DA:243,0
DA:244,0
DA:245,0
DA:248,0
DA:258,0
DA:260,0
DA:261,0
DA:264,0
DA:273,0
DA:275,0
DA:277,0
DA:278,0
DA:280,0
DA:281,0
DA:283,0
DA:286,0
DA:297,0
DA:299,0
DA:301,0
DA:304,0
DA:307,0
DA:309,0
DA:311,0
DA:322,0
DA:324,0
DA:325,0
DA:326,0
DA:327,0
DA:330,0
DA:331,0
DA:333,0
DA:335,0
DA:336,0
DA:337,0
DA:340,0
DA:341,0
DA:345,0
DA:346,0
DA:348,0
DA:352,0
DA:355,0
DA:356,0
DA:359,0
DA:362,0
DA:365,0
DA:370,0
DA:371,0
DA:373,0
DA:375,0
DA:376,0
DA:380,0
DA:383,0
DA:397,0
DA:399,0
DA:400,0
DA:401,0
DA:402,0
DA:405,0
DA:406,0
DA:408,0
DA:410,0
DA:412,0
DA:415,0
DA:416,0
DA:417,0
DA:418,0
DA:419,0
DA:420,0
DA:425,0
DA:426,0
DA:429,0
DA:430,0
DA:433,0
DA:440,0
DA:443,0
DA:446,0
DA:451,0
DA:452,0
DA:454,0
DA:456,0
DA:457,0
DA:461,0
DA:464,0
DA:477,0
DA:479,0
DA:481,0
DA:482,0
DA:492,0
DA:494,0
DA:495,0
DA:496,0
DA:497,0
DA:500,0
DA:501,0
DA:503,0
DA:505,0
DA:507,0
DA:510,0
DA:514,0
DA:517,0
DA:520,0
DA:525,0
DA:526,0
DA:528,0
DA:530,0
DA:531,0
DA:535,0
DA:538,0
DA:551,0
DA:553,0
DA:555,0
DA:556,0
DA:557,0
DA:558,0
DA:561,0
DA:567,0
DA:569,0
DA:573,0
DA:574,0
DA:575,0
DA:576,0
DA:579,0
DA:585,0
DA:587,0
DA:591,0
DA:592,0
DA:593,0
DA:594,0
DA:597,0
DA:603,0
DA:607,0
DA:608,0
DA:609,0
DA:610,0
DA:613,0
DA:619,0
DA:622,0
DA:624,0
DA:635,0
DA:637,0
DA:638,0
DA:640,0
DA:641,0
DA:642,0
DA:646,0
DA:647,0
DA:648,0
DA:649,0
DA:651,0
DA:653,0
DA:654,0
DA:655,0
DA:658,0
DA:661,0
DA:670,0
DA:671,0
DA:672,0
DA:674,0
DA:675,0
DA:676,0
DA:678,0
DA:679,0
DA:681,0
DA:684,0
DA:686,0
DA:687,0
DA:688,0
DA:691,0
DA:692,0
DA:695,0
DA:696,0
DA:697,0
DA:698,0
DA:703,0
DA:714,0
DA:717,0
DA:718,0
DA:719,0
DA:722,0
DA:723,0
DA:724,0
DA:727,0
DA:737,0
DA:739,0
DA:740,0
DA:743,0
DA:746,0
DA:748,0
DA:749,0
DA:752,0
DA:763,0
DA:765,0
DA:766,0
DA:769,0
DA:778,0
DA:779,0
DA:783,0
DA:790,0
DA:793,0
DA:794,0
DA:795,0
DA:798,0
DA:799,0
DA:800,0
DA:801,0
DA:802,0
DA:805,0
DA:808,0
DA:809,0
DA:810,0
DA:811,0
DA:813,0
DA:818,0
DA:820,0
DA:821,0
DA:823,0
DA:824,0
DA:835,0
DA:837,0
DA:839,0
DA:840,0
DA:841,0
DA:844,0
DA:847,0
DA:848,0
DA:849,0
DA:850,0
DA:851,0
DA:852,0
DA:855,0
DA:856,0
DA:859,0
DA:861,0
DA:862,0
DA:863,0
DA:866,0
DA:867,0
DA:871,0
DA:872,0
DA:873,0
DA:876,0
DA:877,0
DA:880,0
DA:883,0
DA:890,0
DA:895,0
DA:896,0
DA:899,0
DA:900,0
DA:904,0
DA:906,0
DA:907,0
DA:911,0
DA:914,0
DA:920,0
DA:921,0
DA:922,0
DA:925,0
DA:927,0
DA:928,0
DA:932,0
DA:935,0
DA:942,0
DA:944,0
DA:945,0
DA:954,0
DA:956,0
DA:958,0
DA:959,0
DA:961,0
DA:962,0
DA:963,0
DA:966,0
DA:967,0
DA:968,0
DA:969,0
DA:971,0
DA:972,0
DA:976,0
DA:981,0
DA:985,0
DA:988,0
DA:989,0
DA:992,0
DA:1005,0
DA:1007,0
DA:1016,0
DA:1021,0
DA:1022,0
DA:1025,0
DA:1028,0
DA:1029,0
DA:1030,0
DA:1033,0
DA:1034,0
DA:1037,0
DA:1053,0
DA:1056,0
DA:1061,0
DA:1062,0
DA:1065,0
DA:1066,0
DA:1070,0
DA:1072,0
DA:1073,0
DA:1083,0
DA:1089,0
DA:1090,0
DA:1091,0
DA:1094,0
DA:1097,0
DA:1098,0
DA:1099,0
DA:1101,0
DA:1104,0
DA:1107,0
DA:1108,0
DA:1109,0
DA:1111,0
DA:1114,0
DA:1117,0
DA:1118,0
DA:1119,0
DA:1120,0
DA:1123,0
DA:1126,0
DA:1129,0
DA:1130,0
DA:1131,0
DA:1132,0
DA:1135,0
DA:1138,0
DA:1140,0
DA:1141,0
LF:427
LH:1
BRDA:33,0,0,0
BRDA:33,0,1,0
BRDA:47,1,0,0
BRDA:47,1,1,0
BRDA:83,2,0,0
BRDA:83,2,1,0
BRDA:97,3,0,0
BRDA:97,3,1,0
BRDA:149,4,0,0
BRDA:149,4,1,0
BRDA:150,5,0,0
BRDA:150,5,1,0
BRDA:151,6,0,0
BRDA:151,6,1,0
BRDA:185,7,0,0
BRDA:185,7,1,0
BRDA:185,8,0,0
BRDA:185,8,1,0
BRDA:188,9,0,0
BRDA:188,9,1,0
BRDA:194,10,0,0
BRDA:194,10,1,0
BRDA:194,11,0,0
BRDA:194,11,1,0
BRDA:214,12,0,0
BRDA:214,12,1,0
BRDA:223,13,0,0
BRDA:223,13,1,0
BRDA:223,14,0,0
BRDA:223,14,1,0
BRDA:226,15,0,0
BRDA:226,15,1,0
BRDA:232,16,0,0
BRDA:232,16,1,0
BRDA:232,17,0,0
BRDA:232,17,1,0
BRDA:235,18,0,0
BRDA:235,18,1,0
BRDA:241,19,0,0
BRDA:241,19,1,0
BRDA:241,20,0,0
BRDA:241,20,1,0
BRDA:244,21,0,0
BRDA:244,21,1,0
BRDA:258,22,0,0
BRDA:258,22,1,0
BRDA:260,23,0,0
BRDA:260,23,1,0
BRDA:278,24,0,0
BRDA:278,24,1,0
BRDA:325,25,0,0
BRDA:325,25,1,0
BRDA:336,26,0,0
BRDA:336,26,1,0
BRDA:340,27,0,0
BRDA:340,27,1,0
BRDA:355,28,0,0
BRDA:355,28,1,0
BRDA:400,29,0,0
BRDA:400,29,1,0
BRDA:412,30,0,0
BRDA:412,30,1,0
BRDA:417,31,0,0
BRDA:417,31,1,0
BRDA:419,32,0,0
BRDA:419,32,1,0
BRDA:419,33,0,0
BRDA:419,33,1,0
BRDA:425,34,0,0
BRDA:425,34,1,0
BRDA:426,35,0,0
BRDA:426,35,1,0
BRDA:477,36,0,0
BRDA:477,36,1,0
BRDA:495,37,0,0
BRDA:495,37,1,0
BRDA:507,38,0,0
BRDA:507,38,1,0
BRDA:556,39,0,0
BRDA:556,39,1,0
BRDA:574,40,0,0
BRDA:574,40,1,0
BRDA:592,41,0,0
BRDA:592,41,1,0
BRDA:608,42,0,0
BRDA:608,42,1,0
BRDA:640,43,0,0
BRDA:640,43,1,0
BRDA:640,44,0,0
BRDA:640,44,1,0
BRDA:654,45,0,0
BRDA:654,45,1,0
BRDA:670,46,0,0
BRDA:670,46,1,0
BRDA:696,47,0,0
BRDA:696,47,1,0
BRDA:717,48,0,0
BRDA:717,48,1,0
BRDA:778,49,0,0
BRDA:778,49,1,0
BRDA:778,50,0,0
BRDA:778,50,1,0
BRDA:850,51,0,0
BRDA:850,51,1,0
BRDA:866,52,0,0
BRDA:866,52,1,0
BRDA:866,53,0,0
BRDA:866,53,1,0
BRDA:871,54,0,0
BRDA:871,54,1,0
BRDA:961,55,0,0
BRDA:961,55,1,0
BRDA:961,56,0,0
BRDA:961,56,1,0
BRDA:967,57,0,0
BRDA:967,57,1,0
BRDA:981,58,0,0
BRDA:981,58,1,0
BRDA:1028,59,0,0
BRDA:1028,59,1,0
BRDA:1089,60,0,0
BRDA:1089,60,1,0
BRDA:1119,61,0,0
BRDA:1119,61,1,0
BRDA:1119,62,0,0
BRDA:1119,62,1,0
BRDA:1131,63,0,0
BRDA:1131,63,1,0
BRDA:1131,64,0,0
BRDA:1131,64,1,0
BRDA:1131,64,2,0
BRF:131
BRH:0
end_of_record
TN:
SF:src/components/panels/tasks/tasks-panel.js
FN:25,(anonymous_0)
FN:44,(anonymous_1)
FN:65,(anonymous_2)
FN:80,(anonymous_3)
FN:93,(anonymous_4)
FN:100,(anonymous_5)
FN:118,(anonymous_6)
FN:136,(anonymous_7)
FN:163,(anonymous_8)
FN:165,(anonymous_9)
FN:195,(anonymous_10)
FN:201,(anonymous_11)
FN:237,(anonymous_12)
FN:263,(anonymous_13)
FN:265,(anonymous_14)
FN:285,(anonymous_15)
FN:302,(anonymous_16)
FN:321,(anonymous_17)
FN:359,(anonymous_18)
FN:384,(anonymous_19)
FN:402,(anonymous_20)
FN:408,(anonymous_21)
FN:427,(anonymous_22)
FN:471,(anonymous_23)
FN:488,(anonymous_24)
FN:514,(anonymous_25)
FN:533,(anonymous_26)
FN:566,(anonymous_27)
FN:577,(anonymous_28)
FN:579,(anonymous_29)
FN:601,(anonymous_30)
FN:627,(anonymous_31)
FN:629,(anonymous_32)
FN:651,(anonymous_33)
FN:680,(anonymous_34)
FN:691,(anonymous_35)
FN:708,(anonymous_36)
FN:720,(anonymous_37)
FN:722,(anonymous_38)
FN:799,(anonymous_39)
FN:801,(anonymous_40)
FN:842,(anonymous_41)
FN:849,(anonymous_42)
FN:861,(anonymous_43)
FN:901,(anonymous_44)
FN:934,(anonymous_45)
FN:937,(anonymous_46)
FN:945,(anonymous_47)
FN:948,(anonymous_48)
FN:955,(anonymous_49)
FN:963,(anonymous_50)
FN:971,(anonymous_51)
FN:987,(anonymous_52)
FN:997,(anonymous_53)
FN:1007,(anonymous_54)
FN:1019,(anonymous_55)
FNF:56
FNH:0
FNDA:0,(anonymous_0)
FNDA:0,(anonymous_1)
FNDA:0,(anonymous_2)
FNDA:0,(anonymous_3)
FNDA:0,(anonymous_4)
FNDA:0,(anonymous_5)
FNDA:0,(anonymous_6)
FNDA:0,(anonymous_7)
FNDA:0,(anonymous_8)
FNDA:0,(anonymous_9)
FNDA:0,(anonymous_10)
FNDA:0,(anonymous_11)
FNDA:0,(anonymous_12)
FNDA:0,(anonymous_13)
FNDA:0,(anonymous_14)
FNDA:0,(anonymous_15)
FNDA:0,(anonymous_16)
FNDA:0,(anonymous_17)
FNDA:0,(anonymous_18)
FNDA:0,(anonymous_19)
FNDA:0,(anonymous_20)
FNDA:0,(anonymous_21)
FNDA:0,(anonymous_22)
FNDA:0,(anonymous_23)
FNDA:0,(anonymous_24)
FNDA:0,(anonymous_25)
FNDA:0,(anonymous_26)
FNDA:0,(anonymous_27)
FNDA:0,(anonymous_28)
FNDA:0,(anonymous_29)
FNDA:0,(anonymous_30)
FNDA:0,(anonymous_31)
FNDA:0,(anonymous_32)
FNDA:0,(anonymous_33)
FNDA:0,(anonymous_34)
FNDA:0,(anonymous_35)
FNDA:0,(anonymous_36)
FNDA:0,(anonymous_37)
FNDA:0,(anonymous_38)
FNDA:0,(anonymous_39)
FNDA:0,(anonymous_40)
FNDA:0,(anonymous_41)
FNDA:0,(anonymous_42)
FNDA:0,(anonymous_43)
FNDA:0,(anonymous_44)
FNDA:0,(anonymous_45)
FNDA:0,(anonymous_46)
FNDA:0,(anonymous_47)
FNDA:0,(anonymous_48)
FNDA:0,(anonymous_49)
FNDA:0,(anonymous_50)
FNDA:0,(anonymous_51)
FNDA:0,(anonymous_52)
FNDA:0,(anonymous_53)
FNDA:0,(anonymous_54)
FNDA:0,(anonymous_55)
DA:9,1
DA:27,0
DA:33,0
DA:35,0
DA:37,0
DA:38,0
DA:39,0
DA:43,0
DA:44,0
DA:48,0
DA:49,0
DA:52,0
DA:55,0
DA:57,0
DA:58,0
DA:59,0
DA:61,0
DA:64,0
DA:65,0
DA:68,0
DA:69,0
DA:81,0
DA:82,0
DA:84,0
DA:85,0
DA:94,0
DA:96,0
DA:98,0
DA:99,0
DA:100,0
DA:101,0
DA:104,0
DA:110,0
DA:112,0
DA:116,0
DA:117,0
DA:118,0
DA:119,0
DA:122,0
DA:128,0
DA:130,0
DA:134,0
DA:135,0
DA:136,0
DA:137,0
DA:140,0
DA:146,0
DA:148,0
DA:151,0
DA:153,0
DA:154,0
DA:164,0
DA:165,0
DA:168,0
DA:171,0
DA:172,0
DA:175,0
DA:176,0
DA:179,0
DA:180,0
DA:183,0
DA:185,0
DA:187,0
DA:188,0
DA:191,0
DA:192,0
DA:195,0
DA:196,0
DA:201,0
DA:202,0
DA:206,0
DA:209,0
DA:210,0
DA:213,0
DA:215,0
DA:217,0
DA:220,0
DA:221,0
DA:224,0
DA:225,0
DA:228,0
DA:229,0
DA:238,0
DA:240,0
DA:241,0
DA:242,0
DA:244,0
DA:245,0
DA:248,0
DA:249,0
DA:252,0
DA:254,0
DA:264,0
DA:265,0
DA:268,0
DA:270,0
DA:272,0
DA:273,0
DA:274,0
DA:276,0
DA:277,0
DA:286,0
DA:288,0
DA:289,0
DA:290,0
DA:291,0
DA:292,0
DA:295,0
DA:296,0
DA:297,0
DA:300,0
DA:302,0
DA:303,0
DA:304,0
DA:305,0
DA:307,0
DA:311,0
DA:322,0
DA:324,0
DA:325,0
DA:326,0
DA:327,0
DA:330,0
DA:331,0
DA:334,0
DA:335,0
DA:338,0
DA:357,0
DA:358,0
DA:359,0
DA:360,0
DA:363,0
DA:366,0
DA:373,0
DA:375,0
DA:376,0
DA:385,0
DA:387,0
DA:388,0
DA:389,0
DA:390,0
DA:391,0
DA:394,0
DA:395,0
DA:396,0
DA:399,0
DA:402,0
DA:403,0
DA:404,0
DA:405,0
DA:408,0
DA:409,0
DA:410,0
DA:411,0
DA:413,0
DA:417,0
DA:428,0
DA:430,0
DA:431,0
DA:432,0
DA:433,0
DA:436,0
DA:437,0
DA:439,0
DA:443,0
DA:444,0
DA:446,0
DA:468,0
DA:469,0
DA:470,0
DA:471,0
DA:472,0
DA:475,0
DA:478,0
DA:486,0
DA:487,0
DA:488,0
DA:489,0
DA:492,0
DA:495,0
DA:502,0
DA:504,0
DA:505,0
DA:515,0
DA:517,0
DA:525,0
DA:534,0
DA:535,0
DA:538,0
DA:539,0
DA:540,0
DA:542,0
DA:543,0
DA:546,0
DA:547,0
DA:548,0
DA:551,0
DA:552,0
DA:553,0
DA:556,0
DA:557,0
DA:567,0
DA:568,0
DA:578,0
DA:579,0
DA:582,0
DA:583,0
DA:584,0
DA:587,0
DA:588,0
DA:590,0
DA:591,0
DA:593,0
DA:594,0
DA:597,0
DA:599,0
DA:601,0
DA:602,0
DA:605,0
DA:608,0
DA:609,0
DA:610,0
DA:612,0
DA:615,0
DA:616,0
DA:617,0
DA:628,0
DA:629,0
DA:632,0
DA:633,0
DA:634,0
DA:637,0
DA:638,0
DA:640,0
DA:641,0
DA:643,0
DA:644,0
DA:647,0
DA:649,0
DA:651,0
DA:652,0
DA:655,0
DA:658,0
DA:661,0
DA:662,0
DA:663,0
DA:665,0
DA:668,0
DA:669,0
DA:670,0
DA:681,0
DA:682,0
DA:683,0
DA:686,0
DA:688,0
DA:690,0
DA:691,0
DA:693,0
DA:694,0
DA:698,0
DA:701,0
DA:703,0
DA:704,0
DA:706,0
DA:707,0
DA:708,0
DA:710,0
DA:711,0
DA:721,0
DA:722,0
DA:725,0
DA:726,0
DA:727,0
DA:728,0
DA:731,0
DA:734,0
DA:735,0
DA:736,0
DA:739,0
DA:740,0
DA:742,0
DA:743,0
DA:745,0
DA:746,0
DA:750,0
DA:751,0
DA:752,0
DA:754,0
DA:759,0
DA:760,0
DA:761,0
DA:762,0
DA:763,0
DA:765,0
DA:768,0
DA:773,0
DA:776,0
DA:777,0
DA:779,0
DA:785,0
DA:786,0
DA:788,0
DA:789,0
DA:790,0
DA:800,0
DA:801,0
DA:804,0
DA:805,0
DA:806,0
DA:807,0
DA:810,0
DA:813,0
DA:814,0
DA:815,0
DA:818,0
DA:820,0
DA:821,0
DA:824,0
DA:827,0
DA:828,0
DA:829,0
DA:831,0
DA:832,0
DA:833,0
DA:843,0
DA:848,0
DA:849,0
DA:852,0
DA:853,0
DA:854,0
DA:857,0
DA:859,0
DA:861,0
DA:863,0
DA:864,0
DA:865,0
DA:866,0
DA:870,0
DA:871,0
DA:872,0
DA:873,0
DA:877,0
DA:878,0
DA:881,0
DA:893,0
DA:896,0
DA:897,0
DA:898,0
DA:899,0
DA:901,0
DA:902,0
DA:905,0
DA:908,0
DA:914,0
DA:917,0
DA:920,0
DA:921,0
DA:923,0
DA:924,0
DA:925,0
DA:935,0
DA:937,0
DA:946,0
DA:948,0
DA:956,0
DA:964,0
DA:973,0
DA:979,0
DA:980,0
DA:981,0
DA:984,0
DA:987,0
DA:988,0
DA:989,0
DA:991,0
DA:994,0
DA:997,0
DA:998,0
DA:999,0
DA:1001,0
DA:1004,0
DA:1007,0
DA:1008,0
DA:1009,0
DA:1010,0
DA:1013,0
DA:1016,0
DA:1019,0
DA:1020,0
DA:1021,0
DA:1022,0
DA:1025,0
DA:1028,0
DA:1030,0
DA:1031,0
LF:395
LH:1
BRDA:37,0,0,0
BRDA:37,0,1,0
BRDA:99,1,0,0
BRDA:99,1,1,0
BRDA:117,2,0,0
BRDA:117,2,1,0
BRDA:135,3,0,0
BRDA:135,3,1,0
BRDA:175,4,0,0
BRDA:175,4,1,0
BRDA:179,5,0,0
BRDA:179,5,1,0
BRDA:187,6,0,0
BRDA:187,6,1,0
BRDA:187,7,0,0
BRDA:187,7,1,0
BRDA:196,8,0,0
BRDA:196,8,1,0
BRDA:196,8,2,0
BRDA:202,9,0,0
BRDA:202,9,1,0
BRDA:220,10,0,0
BRDA:220,10,1,0
BRDA:224,11,0,0
BRDA:224,11,1,0
BRDA:244,12,0,0
BRDA:244,12,1,0
BRDA:248,13,0,0
BRDA:248,13,1,0
BRDA:290,14,0,0
BRDA:290,14,1,0
BRDA:295,15,0,0
BRDA:295,15,1,0
BRDA:330,16,0,0
BRDA:330,16,1,0
BRDA:334,17,0,0
BRDA:334,17,1,0
BRDA:340,18,0,0
BRDA:340,18,1,0
BRDA:358,19,0,0
BRDA:358,19,1,0
BRDA:389,20,0,0
BRDA:389,20,1,0
BRDA:394,21,0,0
BRDA:394,21,1,0
BRDA:403,22,0,0
BRDA:403,22,1,0
BRDA:404,23,0,0
BRDA:404,23,1,0
BRDA:436,24,0,0
BRDA:436,24,1,0
BRDA:443,25,0,0
BRDA:443,25,1,0
BRDA:448,26,0,0
BRDA:448,26,1,0
BRDA:450,27,0,0
BRDA:450,27,1,0
BRDA:463,28,0,0
BRDA:463,28,1,0
BRDA:464,29,0,0
BRDA:464,29,1,0
BRDA:468,30,0,0
BRDA:468,30,1,0
BRDA:470,31,0,0
BRDA:470,31,1,0
BRDA:487,32,0,0
BRDA:487,32,1,0
BRDA:515,33,0,0
BRDA:515,33,1,0
BRDA:525,34,0,0
BRDA:525,34,1,0
BRDA:534,35,0,0
BRDA:534,35,1,0
BRDA:534,36,0,0
BRDA:534,36,1,0
BRDA:542,37,0,0
BRDA:542,37,1,0
BRDA:547,38,0,0
BRDA:547,38,1,0
BRDA:548,39,0,0
BRDA:548,39,1,0
BRDA:552,40,0,0
BRDA:552,40,1,0
BRDA:553,41,0,0
BRDA:553,41,1,0
BRDA:557,42,0,0
BRDA:557,42,1,0
BRDA:567,43,0,0
BRDA:567,43,1,0
BRDA:568,44,0,0
BRDA:568,44,1,0
BRDA:582,45,0,0
BRDA:582,45,1,0
BRDA:593,46,0,0
BRDA:593,46,1,0
BRDA:593,47,0,0
BRDA:593,47,1,0
BRDA:599,48,0,0
BRDA:599,48,1,0
BRDA:632,49,0,0
BRDA:632,49,1,0
BRDA:643,50,0,0
BRDA:643,50,1,0
BRDA:643,51,0,0
BRDA:643,51,1,0
BRDA:649,52,0,0
BRDA:649,52,1,0
BRDA:681,53,0,0
BRDA:681,53,1,0
BRDA:693,54,0,0
BRDA:693,54,1,0
BRDA:725,55,0,0
BRDA:725,55,1,0
BRDA:734,56,0,0
BRDA:734,56,1,0
BRDA:745,57,0,0
BRDA:745,57,1,0
BRDA:745,58,0,0
BRDA:745,58,1,0
BRDA:761,59,0,0
BRDA:761,59,1,0
BRDA:776,60,0,0
BRDA:776,60,1,0
BRDA:781,61,0,0
BRDA:781,61,1,0
BRDA:804,62,0,0
BRDA:804,62,1,0
BRDA:813,63,0,0
BRDA:813,63,1,0
BRDA:852,64,0,0
BRDA:852,64,1,0
BRDA:863,65,0,0
BRDA:863,65,1,0
BRDA:871,66,0,0
BRDA:871,66,1,0
BRDA:877,67,0,0
BRDA:877,67,1,0
BRDA:877,67,2,0
BRDA:882,68,0,0
BRDA:882,68,1,0
BRDA:885,69,0,0
BRDA:885,69,1,0
BRDA:886,70,0,0
BRDA:886,70,1,0
BRDA:886,71,0,0
BRDA:886,71,1,0
BRDA:889,72,0,0
BRDA:889,72,1,0
BRDA:896,73,0,0
BRDA:896,73,1,0
BRDA:935,74,0,0
BRDA:935,74,1,0
BRDA:946,75,0,0
BRDA:946,75,1,0
BRDA:948,76,0,0
BRDA:948,76,1,0
BRDA:979,77,0,0
BRDA:979,77,1,0
BRDA:1009,78,0,0
BRDA:1009,78,1,0
BRDA:1009,79,0,0
BRDA:1009,79,1,0
BRDA:1021,80,0,0
BRDA:1021,80,1,0
BRDA:1021,81,0,0
BRDA:1021,81,1,0
BRDA:1021,81,2,0
BRF:167
BRH:0
end_of_record
TN:
SF:src/core/component-registry.js
FN:22,(anonymous_0)
FN:33,(anonymous_1)
FN:46,(anonymous_2)
FN:55,(anonymous_3)
FN:63,(anonymous_4)
FN:72,(anonymous_5)
FN:101,(anonymous_6)
FN:105,(anonymous_7)
FN:131,(anonymous_8)
FN:132,(anonymous_9)
FN:138,(anonymous_10)
FNF:11
FNH:0
FNDA:0,(anonymous_0)
FNDA:0,(anonymous_1)
FNDA:0,(anonymous_2)
FNDA:0,(anonymous_3)
FNDA:0,(anonymous_4)
FNDA:0,(anonymous_5)
FNDA:0,(anonymous_6)
FNDA:0,(anonymous_7)
FNDA:0,(anonymous_8)
FNDA:0,(anonymous_9)
FNDA:0,(anonymous_10)
DA:17,1
DA:23,0
DA:33,0
DA:34,0
DA:37,0
DA:38,0
DA:47,0
DA:56,0
DA:64,0
DA:73,0
DA:74,0
DA:76,0
DA:77,0
DA:81,0
DA:83,0
DA:84,0
DA:85,0
DA:86,0
DA:88,0
DA:89,0
DA:92,0
DA:93,0
DA:102,0
DA:103,0
DA:105,0
DA:106,0
DA:107,0
DA:109,0
DA:115,0
DA:116,0
DA:117,0
DA:121,0
DA:132,0
DA:139,0
LF:34
LH:1
BRDA:76,0,0,0
BRDA:76,0,1,0
BRDA:83,1,0,0
BRDA:83,1,1,0
BRDA:115,2,0,0
BRDA:115,2,1,0
BRF:6
BRH:0
end_of_record
TN:
SF:src/core/container-init.js
FN:10,(anonymous_0)
FN:21,(anonymous_1)
FN:31,(anonymous_2)
FN:52,(anonymous_3)
FN:82,(anonymous_4)
FN:132,(anonymous_5)
FN:141,(anonymous_6)
FN:152,(anonymous_7)
FN:164,(anonymous_8)
FN:176,(anonymous_9)
FN:190,(anonymous_10)
FN:204,(anonymous_11)
FN:220,(anonymous_12)
FN:237,(anonymous_13)
FN:260,(anonymous_14)
FN:268,(anonymous_15)
FN:276,(anonymous_16)
FN:291,(anonymous_17)
FN:310,initializeContainer
FN:314,ensureContainerInitialized
FN:318,getContainerStatus
FN:322,resetContainer
FNF:22
FNH:12
FNDA:1,(anonymous_0)
FNDA:10,(anonymous_1)
FNDA:10,(anonymous_2)
FNDA:20,(anonymous_3)
FNDA:10,(anonymous_4)
FNDA:10,(anonymous_5)
FNDA:0,(anonymous_6)
FNDA:0,(anonymous_7)
FNDA:0,(anonymous_8)
FNDA:0,(anonymous_9)
FNDA:0,(anonymous_10)
FNDA:10,(anonymous_11)
FNDA:10,(anonymous_12)
FNDA:10,(anonymous_13)
FNDA:10,(anonymous_14)
FNDA:30,(anonymous_15)
FNDA:20,(anonymous_16)
FNDA:0,(anonymous_17)
FNDA:0,initializeContainer
FNDA:0,ensureContainerInitialized
FNDA:0,getContainerStatus
FNDA:0,resetContainer
DA:11,1
DA:12,1
DA:13,1
DA:14,1
DA:22,10
DA:23,0
DA:26,10
DA:27,0
DA:31,10
DA:32,10
DA:33,10
DA:34,10
DA:35,0
DA:36,0
DA:39,10
DA:41,10
DA:44,10
DA:45,10
DA:49,10
DA:54,20
DA:55,20
DA:56,20
DA:63,20
DA:64,10
DA:65,10
DA:67,0
DA:69,10
DA:74,20
DA:77,20
DA:78,20
DA:83,10
DA:85,10
DA:87,10
DA:88,10
DA:89,10
DA:90,0
DA:93,0
DA:94,0
DA:95,0
DA:96,0
DA:99,0
DA:100,0
DA:101,0
DA:102,0
DA:105,0
DA:106,0
DA:107,0
DA:108,0
DA:111,0
DA:112,0
DA:115,0
DA:116,0
DA:119,0
DA:120,0
DA:122,0
DA:123,0
DA:125,10
DA:127,10
DA:128,10
DA:133,10
DA:138,10
DA:142,0
DA:144,0
DA:145,0
DA:147,0
DA:148,0
DA:153,0
DA:154,0
DA:157,0
DA:158,0
DA:161,0
DA:165,0
DA:166,0
DA:169,0
DA:170,0
DA:173,0
DA:177,0
DA:180,0
DA:184,0
DA:191,0
DA:193,0
DA:194,0
DA:195,0
DA:196,0
DA:198,0
DA:199,0
DA:205,10
DA:206,10
DA:208,10
DA:209,10
DA:210,10
DA:213,0
DA:214,0
DA:217,0
DA:222,10
DA:229,10
DA:230,10
DA:231,10
DA:234,10
DA:238,10
DA:260,10
DA:261,10
DA:262,0
DA:263,0
DA:268,10
DA:269,30
DA:270,30
DA:271,30
DA:276,10
DA:277,20
DA:278,20
DA:279,20
DA:284,10
DA:285,10
DA:288,10
DA:292,0
DA:293,0
DA:300,0
DA:301,0
DA:302,0
DA:308,1
DA:311,0
DA:315,0
DA:319,0
DA:323,0
LF:125
LH:60
BRDA:21,0,0,0
BRDA:22,1,0,0
BRDA:22,1,1,10
BRDA:26,2,0,0
BRDA:26,2,1,10
BRDA:63,3,0,10
BRDA:63,3,1,10
BRDA:77,4,0,20
BRDA:77,4,1,0
BRDA:83,5,0,0
BRDA:83,6,0,0
BRDA:144,7,0,0
BRDA:144,7,1,0
BRDA:147,8,0,0
BRDA:147,8,1,0
BRDA:208,9,0,10
BRDA:208,9,1,0
BRDA:208,10,0,10
BRDA:208,10,1,10
BRDA:213,11,0,0
BRDA:213,11,1,0
BRDA:213,12,0,0
BRDA:213,12,1,0
BRDA:224,13,0,10
BRDA:224,13,1,0
BRDA:225,14,0,10
BRDA:225,14,1,0
BRDA:229,15,0,10
BRDA:229,15,1,0
BRDA:261,16,0,0
BRDA:261,16,1,10
BRDA:269,17,0,30
BRDA:269,17,1,0
BRDA:277,18,0,20
BRDA:277,18,1,0
BRDA:284,19,0,10
BRDA:284,19,1,0
BRDA:292,20,0,0
BRDA:292,20,1,0
BRDA:310,21,0,0
BRDA:314,22,0,0
BRF:41
BRH:15
end_of_record
TN:
SF:src/core/dependency-container.js
FN:5,(anonymous_0)
FN:15,(anonymous_1)
FN:38,(anonymous_2)
FN:123,(anonymous_3)
FN:134,(anonymous_4)
FN:156,(anonymous_5)
FN:173,(anonymous_6)
FN:186,(anonymous_7)
FN:188,(anonymous_8)
FN:189,(anonymous_9)
FN:193,(anonymous_10)
FN:198,(anonymous_11)
FN:212,(anonymous_12)
FN:217,(anonymous_13)
FN:224,(anonymous_14)
FN:229,(anonymous_15)
FNF:16
FNH:3
FNDA:1,(anonymous_0)
FNDA:44,(anonymous_1)
FNDA:0,(anonymous_2)
FNDA:0,(anonymous_3)
FNDA:0,(anonymous_4)
FNDA:0,(anonymous_5)
FNDA:0,(anonymous_6)
FNDA:0,(anonymous_7)
FNDA:0,(anonymous_8)
FNDA:0,(anonymous_9)
FNDA:0,(anonymous_10)
FNDA:0,(anonymous_11)
FNDA:10,(anonymous_12)
FNDA:0,(anonymous_13)
FNDA:0,(anonymous_14)
FNDA:0,(anonymous_15)
DA:6,1
DA:7,1
DA:8,1
DA:9,1
DA:10,1
DA:11,1
DA:16,44
DA:18,44
DA:19,44
DA:22,44
DA:23,44
DA:25,44
DA:26,0
DA:27,0
DA:28,0
DA:30,0
DA:35,44
DA:36,44
DA:38,44
DA:39,0
DA:41,0
DA:43,0
DA:44,0
DA:46,0
DA:48,0
DA:49,0
DA:50,0
DA:53,0
DA:54,0
DA:55,0
DA:58,44
DA:59,0
DA:63,44
DA:64,0
DA:66,0
DA:67,0
DA:68,0
DA:69,0
DA:71,0
DA:74,0
DA:78,44
DA:79,0
DA:80,0
DA:81,0
DA:83,0
DA:89,44
DA:90,44
DA:91,44
DA:92,44
DA:93,44
DA:94,44
DA:97,44
DA:98,44
DA:99,44
DA:100,44
DA:103,44
DA:104,44
DA:107,44
DA:109,0
DA:111,0
DA:112,0
DA:113,0
DA:114,0
DA:115,0
DA:116,0
DA:117,0
DA:124,0
DA:125,0
DA:130,0
DA:135,0
DA:136,0
DA:139,0
DA:142,0
DA:143,0
DA:144,0
DA:147,0
DA:148,0
DA:149,0
DA:151,0
DA:155,0
DA:156,0
DA:157,0
DA:158,0
DA:161,0
DA:162,0
DA:166,0
DA:169,0
DA:174,0
DA:175,0
DA:177,0
DA:178,0
DA:179,0
DA:182,0
DA:187,0
DA:188,0
DA:189,0
DA:194,0
DA:195,0
DA:199,0
DA:200,0
DA:203,0
DA:204,0
DA:205,0
DA:206,0
DA:209,0
DA:213,10
DA:214,10
DA:218,0
DA:219,0
DA:221,0
DA:225,0
DA:226,0
DA:230,0
DA:231,0
DA:236,1
LF:115
LH:34
BRDA:27,0,0,0
BRDA:27,0,1,0
BRDA:27,1,0,0
BRDA:27,1,1,0
BRDA:39,2,0,0
BRDA:39,2,1,0
BRDA:43,3,0,0
BRDA:43,3,1,0
BRDA:48,4,0,0
BRDA:48,4,1,0
BRDA:64,5,0,0
BRDA:64,5,1,0
BRDA:67,6,0,0
BRDA:67,6,1,0
BRDA:67,7,0,0
BRDA:67,7,1,0
BRDA:79,8,0,0
BRDA:79,8,1,0
BRDA:79,9,0,0
BRDA:79,9,1,0
BRDA:103,10,0,44
BRDA:103,10,1,0
BRDA:123,11,0,0
BRDA:126,12,0,0
BRDA:126,12,1,0
BRDA:127,13,0,0
BRDA:127,13,1,0
BRDA:135,14,0,0
BRDA:135,14,1,0
BRDA:142,15,0,0
BRDA:142,15,1,0
BRDA:147,16,0,0
BRDA:147,16,1,0
BRDA:148,17,0,0
BRDA:148,17,1,0
BRDA:157,18,0,0
BRDA:157,18,1,0
BRDA:177,19,0,0
BRDA:177,19,1,0
BRDA:177,20,0,0
BRDA:177,20,1,0
BRDA:199,21,0,0
BRDA:199,21,1,0
BRDA:203,22,0,0
BRDA:203,22,1,0
BRDA:205,23,0,0
BRDA:205,23,1,0
BRDA:218,24,0,0
BRDA:218,24,1,0
BRF:49
BRH:1
end_of_record
TN:
SF:src/core/service-registry.js
FN:22,(anonymous_0)
FN:42,(anonymous_1)
FN:50,(anonymous_2)
FNF:3
FNH:0
FNDA:0,(anonymous_0)
FNDA:0,(anonymous_1)
FNDA:0,(anonymous_2)
DA:17,1
DA:24,0
DA:25,0
DA:26,0
DA:27,0
DA:28,0
DA:29,0
DA:30,0
DA:31,0
DA:32,0
DA:34,0
DA:43,0
DA:52,0
DA:53,0
DA:54,0
DA:55,0
DA:56,0
DA:57,0
DA:58,0
DA:59,0
DA:60,0
DA:63,0
DA:64,0
DA:67,0
DA:68,0
DA:71,0
DA:72,0
DA:75,0
DA:76,0
DA:79,0
DA:80,0
DA:83,0
DA:84,0
DA:87,0
DA:88,0
DA:91,0
DA:92,0
DA:95,0
DA:96,0
DA:99,0
DA:100,0
LF:41
LH:1
BRDA:63,0,0,0
BRDA:63,0,1,0
BRDA:63,1,0,0
BRDA:63,1,1,0
BRDA:67,2,0,0
BRDA:67,2,1,0
BRDA:67,3,0,0
BRDA:67,3,1,0
BRDA:71,4,0,0
BRDA:71,4,1,0
BRDA:71,5,0,0
BRDA:71,5,1,0
BRDA:75,6,0,0
BRDA:75,6,1,0
BRDA:75,7,0,0
BRDA:75,7,1,0
BRDA:79,8,0,0
BRDA:79,8,1,0
BRDA:79,9,0,0
BRDA:79,9,1,0
BRDA:83,10,0,0
BRDA:83,10,1,0
BRDA:83,11,0,0
BRDA:83,11,1,0
BRDA:87,12,0,0
BRDA:87,12,1,0
BRDA:87,13,0,0
BRDA:87,13,1,0
BRDA:91,14,0,0
BRDA:91,14,1,0
BRDA:91,15,0,0
BRDA:91,15,1,0
BRDA:95,16,0,0
BRDA:95,16,1,0
BRDA:95,17,0,0
BRDA:95,17,1,0
BRF:36
BRH:0
end_of_record
TN:
SF:src/core/utils-registry.js
FNF:0
FNH:0
DA:8,1
LF:1
LH:1
BRF:0
BRH:0
end_of_record
TN:
SF:src/services/analysis-service.js
FN:12,(anonymous_0)
FN:32,(anonymous_1)
FN:70,(anonymous_2)
FN:97,(anonymous_3)
FN:114,(anonymous_4)
FN:128,(anonymous_5)
FN:137,(anonymous_6)
FN:153,(anonymous_7)
FN:164,(anonymous_8)
FN:197,(anonymous_9)
FN:257,(anonymous_10)
FN:275,(anonymous_11)
FN:289,(anonymous_12)
FN:346,(anonymous_13)
FN:364,(anonymous_14)
FN:393,(anonymous_15)
FN:410,(anonymous_16)
FN:420,(anonymous_17)
FN:428,(anonymous_18)
FN:434,(anonymous_19)
FN:440,(anonymous_20)
FN:447,(anonymous_21)
FN:459,(anonymous_22)
FN:474,(anonymous_23)
FN:490,(anonymous_24)
FN:521,(anonymous_25)
FN:551,(anonymous_26)
FN:614,(anonymous_27)
FNF:28
FNH:0
FNDA:0,(anonymous_0)
FNDA:0,(anonymous_1)
FNDA:0,(anonymous_2)
FNDA:0,(anonymous_3)
FNDA:0,(anonymous_4)
FNDA:0,(anonymous_5)
FNDA:0,(anonymous_6)
FNDA:0,(anonymous_7)
FNDA:0,(anonymous_8)
FNDA:0,(anonymous_9)
FNDA:0,(anonymous_10)
FNDA:0,(anonymous_11)
FNDA:0,(anonymous_12)
FNDA:0,(anonymous_13)
FNDA:0,(anonymous_14)
FNDA:0,(anonymous_15)
FNDA:0,(anonymous_16)
FNDA:0,(anonymous_17)
FNDA:0,(anonymous_18)
FNDA:0,(anonymous_19)
FNDA:0,(anonymous_20)
FNDA:0,(anonymous_21)
FNDA:0,(anonymous_22)
FNDA:0,(anonymous_23)
FNDA:0,(anonymous_24)
FNDA:0,(anonymous_25)
FNDA:0,(anonymous_26)
FNDA:0,(anonymous_27)
DA:14,0
DA:15,0
DA:16,0
DA:17,0
DA:18,0
DA:19,0
DA:20,0
DA:23,0
DA:24,0
DA:25,0
DA:33,0
DA:34,0
DA:37,0
DA:39,0
DA:45,0
DA:48,0
DA:51,0
DA:53,0
DA:54,0
DA:55,0
DA:57,0
DA:58,0
DA:60,0
DA:62,0
DA:71,0
DA:73,0
DA:74,0
DA:75,0
DA:79,0
DA:80,0
DA:82,0
DA:83,0
DA:86,0
DA:88,0
DA:89,0
DA:98,0
DA:100,0
DA:103,0
DA:104,0
DA:107,0
DA:115,0
DA:116,0
DA:117,0
DA:118,0
DA:121,0
DA:129,0
DA:138,0
DA:139,0
DA:141,0
DA:143,0
DA:144,0
DA:154,0
DA:155,0
DA:158,0
DA:161,0
DA:164,0
DA:165,0
DA:167,0
DA:168,0
DA:171,0
DA:172,0
DA:173,0
DA:174,0
DA:177,0
DA:178,0
DA:181,0
DA:182,0
DA:183,0
DA:186,0
DA:188,0
DA:198,0
DA:199,0
DA:200,0
DA:202,0
DA:209,0
DA:210,0
DA:211,0
DA:214,0
DA:216,0
DA:217,0
DA:218,0
DA:222,0
DA:234,0
DA:235,0
DA:236,0
DA:242,0
DA:245,0
DA:246,0
DA:258,0
DA:259,0
DA:260,0
DA:264,0
DA:265,0
DA:275,0
DA:276,0
DA:278,0
DA:280,0
DA:291,0
DA:293,0
DA:294,0
DA:297,0
DA:298,0
DA:299,0
DA:301,0
DA:302,0
DA:303,0
DA:307,0
DA:309,0
DA:311,0
DA:312,0
DA:313,0
DA:314,0
DA:316,0
DA:319,0
DA:320,0
DA:324,0
DA:325,0
DA:326,0
DA:329,0
DA:330,0
DA:331,0
DA:332,0
DA:333,0
DA:336,0
DA:337,0
DA:341,0
DA:342,0
DA:344,0
DA:345,0
DA:346,0
DA:347,0
DA:349,0
DA:350,0
DA:354,0
DA:357,0
DA:360,0
DA:362,0
DA:363,0
DA:364,0
DA:365,0
DA:367,0
DA:370,0
DA:371,0
DA:374,0
DA:377,0
DA:383,0
DA:394,0
DA:395,0
DA:396,0
DA:398,0
DA:399,0
DA:403,0
DA:411,0
DA:412,0
DA:413,0
DA:415,0
DA:416,0
DA:420,0
DA:429,0
DA:430,0
DA:431,0
DA:433,0
DA:434,0
DA:438,0
DA:439,0
DA:440,0
DA:443,0
DA:444,0
DA:447,0
DA:448,0
DA:449,0
DA:460,0
DA:461,0
DA:464,0
DA:471,0
DA:474,0
DA:475,0
DA:476,0
DA:478,0
DA:491,0
DA:493,0
DA:494,0
DA:502,0
DA:503,0
DA:506,0
DA:509,0
DA:511,0
DA:522,0
DA:524,0
DA:525,0
DA:533,0
DA:534,0
DA:537,0
DA:540,0
DA:542,0
DA:552,0
DA:553,0
DA:554,0
DA:556,0
DA:557,0
DA:561,0
DA:562,0
DA:563,0
DA:566,0
DA:568,0
DA:569,0
DA:570,0
DA:574,0
DA:575,0
DA:576,0
DA:580,0
DA:584,0
DA:586,0
DA:587,0
DA:588,0
DA:589,0
DA:590,0
DA:593,0
DA:594,0
DA:596,0
DA:599,0
DA:602,0
DA:603,0
DA:606,0
DA:615,0
LF:225
LH:0
BRDA:33,0,0,0
BRDA:33,0,1,0
BRDA:57,1,0,0
BRDA:57,1,1,0
BRDA:74,2,0,0
BRDA:74,2,1,0
BRDA:98,3,0,0
BRDA:98,3,1,0
BRDA:115,4,0,0
BRDA:115,4,1,0
BRDA:138,5,0,0
BRDA:138,5,1,0
BRDA:138,6,0,0
BRDA:138,6,1,0
BRDA:138,6,2,0
BRDA:143,7,0,0
BRDA:143,7,1,0
BRDA:154,8,0,0
BRDA:154,8,1,0
BRDA:197,9,0,0
BRDA:198,10,0,0
BRDA:198,10,1,0
BRDA:209,11,0,0
BRDA:209,11,1,0
BRDA:217,12,0,0
BRDA:217,12,1,0
BRDA:226,13,0,0
BRDA:226,13,1,0
BRDA:234,14,0,0
BRDA:234,14,1,0
BRDA:234,15,0,0
BRDA:234,15,1,0
BRDA:239,16,0,0
BRDA:239,16,1,0
BRDA:242,17,0,0
BRDA:242,17,1,0
BRDA:248,18,0,0
BRDA:248,18,1,0
BRDA:258,19,0,0
BRDA:258,19,1,0
BRDA:264,20,0,0
BRDA:264,20,1,0
BRDA:293,21,0,0
BRDA:293,21,1,0
BRDA:302,22,0,0
BRDA:302,22,1,0
BRDA:309,23,0,0
BRDA:309,23,1,0
BRDA:313,24,0,0
BRDA:313,24,1,0
BRDA:314,25,0,0
BRDA:314,25,1,0
BRDA:319,26,0,0
BRDA:319,26,1,0
BRDA:324,27,0,0
BRDA:324,27,1,0
BRDA:331,28,0,0
BRDA:331,28,1,0
BRDA:341,29,0,0
BRDA:341,29,1,0
BRDA:341,30,0,0
BRDA:341,30,1,0
BRDA:344,31,0,0
BRDA:344,31,1,0
BRDA:354,32,0,0
BRDA:354,32,1,0
BRDA:362,33,0,0
BRDA:362,33,1,0
BRDA:371,34,0,0
BRDA:371,34,1,0
BRDA:394,35,0,0
BRDA:394,35,1,0
BRDA:403,36,0,0
BRDA:403,36,1,0
BRDA:411,37,0,0
BRDA:411,37,1,0
BRDA:429,38,0,0
BRDA:429,38,1,0
BRDA:438,39,0,0
BRDA:438,39,1,0
BRDA:460,40,0,0
BRDA:460,40,1,0
BRDA:493,41,0,0
BRDA:493,41,1,0
BRDA:502,42,0,0
BRDA:502,42,1,0
BRDA:524,43,0,0
BRDA:524,43,1,0
BRDA:527,44,0,0
BRDA:527,44,1,0
BRDA:533,45,0,0
BRDA:533,45,1,0
BRDA:552,46,0,0
BRDA:552,46,1,0
BRDA:561,47,0,0
BRDA:561,47,1,0
BRDA:569,48,0,0
BRDA:569,48,1,0
BRDA:574,49,0,0
BRDA:574,49,1,0
BRDA:584,50,0,0
BRDA:584,50,1,0
BRDA:586,51,0,0
BRDA:586,51,1,0
BRDA:596,52,0,0
BRDA:596,52,1,0
BRDA:602,53,0,0
BRDA:602,53,1,0
BRF:108
BRH:0
end_of_record
TN:
SF:src/services/api-service.js
FN:11,(anonymous_0)
FN:42,(anonymous_1)
FN:77,(anonymous_2)
FN:110,(anonymous_3)
FN:128,(anonymous_4)
FN:148,(anonymous_5)
FN:166,(anonymous_6)
FN:186,(anonymous_7)
FN:204,(anonymous_8)
FN:234,(anonymous_9)
FN:302,(anonymous_10)
FN:326,(anonymous_11)
FN:419,(anonymous_12)
FN:453,(anonymous_13)
FN:469,(anonymous_14)
FN:483,(anonymous_15)
FN:499,(anonymous_16)
FN:507,(anonymous_17)
FN:510,(anonymous_18)
FN:528,(anonymous_19)
FN:537,(anonymous_20)
FN:538,(anonymous_21)
FN:555,(anonymous_22)
FN:583,(anonymous_23)
FN:596,(anonymous_24)
FN:613,(anonymous_25)
FN:632,(anonymous_26)
FNF:27
FNH:0
FNDA:0,(anonymous_0)
FNDA:0,(anonymous_1)
FNDA:0,(anonymous_2)
FNDA:0,(anonymous_3)
FNDA:0,(anonymous_4)
FNDA:0,(anonymous_5)
FNDA:0,(anonymous_6)
FNDA:0,(anonymous_7)
FNDA:0,(anonymous_8)
FNDA:0,(anonymous_9)
FNDA:0,(anonymous_10)
FNDA:0,(anonymous_11)
FNDA:0,(anonymous_12)
FNDA:0,(anonymous_13)
FNDA:0,(anonymous_14)
FNDA:0,(anonymous_15)
FNDA:0,(anonymous_16)
FNDA:0,(anonymous_17)
FNDA:0,(anonymous_18)
FNDA:0,(anonymous_19)
FNDA:0,(anonymous_20)
FNDA:0,(anonymous_21)
FNDA:0,(anonymous_22)
FNDA:0,(anonymous_23)
FNDA:0,(anonymous_24)
FNDA:0,(anonymous_25)
FNDA:0,(anonymous_26)
DA:13,0
DA:14,0
DA:15,0
DA:16,0
DA:17,0
DA:18,0
DA:21,0
DA:31,0
DA:43,0
DA:44,0
DA:47,0
DA:49,0
DA:55,0
DA:58,0
DA:60,0
DA:61,0
DA:62,0
DA:64,0
DA:65,0
DA:67,0
DA:69,0
DA:78,0
DA:79,0
DA:82,0
DA:83,0
DA:84,0
DA:88,0
DA:89,0
DA:90,0
DA:94,0
DA:95,0
DA:99,0
DA:102,0
DA:111,0
DA:112,0
DA:115,0
DA:116,0
DA:118,0
DA:119,0
DA:129,0
DA:130,0
DA:131,0
DA:133,0
DA:137,0
DA:138,0
DA:139,0
DA:142,0
DA:143,0
DA:146,0
DA:148,0
DA:153,0
DA:154,0
DA:156,0
DA:157,0
DA:167,0
DA:168,0
DA:169,0
DA:171,0
DA:175,0
DA:176,0
DA:177,0
DA:180,0
DA:181,0
DA:184,0
DA:186,0
DA:191,0
DA:192,0
DA:194,0
DA:195,0
DA:205,0
DA:206,0
DA:207,0
DA:209,0
DA:213,0
DA:214,0
DA:219,0
DA:220,0
DA:221,0
DA:223,0
DA:224,0
DA:235,0
DA:236,0
DA:237,0
DA:239,0
DA:247,0
DA:250,0
DA:251,0
DA:253,0
DA:255,0
DA:257,0
DA:260,0
DA:261,0
DA:263,0
DA:264,0
DA:266,0
DA:269,0
DA:272,0
DA:273,0
DA:275,0
DA:277,0
DA:282,0
DA:288,0
DA:289,0
DA:303,0
DA:305,0
DA:308,0
DA:315,0
DA:316,0
DA:320,0
DA:321,0
DA:325,0
DA:326,0
DA:327,0
DA:331,0
DA:334,0
DA:341,0
DA:348,0
DA:355,0
DA:358,0
DA:360,0
DA:363,0
DA:364,0
DA:367,0
DA:368,0
DA:375,0
DA:380,0
DA:388,0
DA:390,0
DA:392,0
DA:393,0
DA:395,0
DA:396,0
DA:400,0
DA:403,0
DA:405,0
DA:412,0
DA:414,0
DA:416,0
DA:419,0
DA:422,0
DA:426,0
DA:435,0
DA:436,0
DA:437,0
DA:445,0
DA:448,0
DA:450,0
DA:453,0
DA:456,0
DA:459,0
DA:471,0
DA:485,0
DA:487,0
DA:488,0
DA:491,0
DA:500,0
DA:501,0
DA:508,0
DA:510,0
DA:511,0
DA:512,0
DA:513,0
DA:515,0
DA:519,0
DA:520,0
DA:529,0
DA:530,0
DA:531,0
DA:533,0
DA:537,0
DA:538,0
DA:539,0
DA:540,0
DA:541,0
DA:543,0
DA:545,0
DA:556,0
DA:557,0
DA:558,0
DA:560,0
DA:561,0
DA:565,0
DA:567,0
DA:572,0
DA:574,0
DA:575,0
DA:584,0
DA:597,0
DA:606,0
DA:614,0
DA:633,0
DA:634,0
DA:637,0
DA:640,0
DA:643,0
DA:644,0
DA:645,0
DA:646,0
DA:649,0
DA:650,0
DA:653,0
DA:654,0
DA:655,0
DA:658,0
DA:660,0
LF:205
LH:0
BRDA:43,0,0,0
BRDA:43,0,1,0
BRDA:64,1,0,0
BRDA:64,1,1,0
BRDA:82,2,0,0
BRDA:82,2,1,0
BRDA:88,3,0,0
BRDA:88,3,1,0
BRDA:94,4,0,0
BRDA:94,4,1,0
BRDA:129,5,0,0
BRDA:129,5,1,0
BRDA:137,6,0,0
BRDA:137,6,1,0
BRDA:148,7,0,0
BRDA:148,7,1,0
BRDA:167,8,0,0
BRDA:167,8,1,0
BRDA:175,9,0,0
BRDA:175,9,1,0
BRDA:186,10,0,0
BRDA:186,10,1,0
BRDA:205,11,0,0
BRDA:205,11,1,0
BRDA:234,12,0,0
BRDA:235,13,0,0
BRDA:235,13,1,0
BRDA:263,14,0,0
BRDA:263,14,1,0
BRDA:284,15,0,0
BRDA:284,15,1,0
BRDA:302,16,0,0
BRDA:302,17,0,0
BRDA:305,18,0,0
BRDA:305,18,1,0
BRDA:315,19,0,0
BRDA:315,19,1,0
BRDA:315,20,0,0
BRDA:315,20,1,0
BRDA:320,21,0,0
BRDA:320,21,1,0
BRDA:328,22,0,0
BRDA:328,22,1,0
BRDA:335,23,0,0
BRDA:335,23,1,0
BRDA:358,24,0,0
BRDA:358,24,1,0
BRDA:363,25,0,0
BRDA:363,25,1,0
BRDA:363,26,0,0
BRDA:363,26,1,0
BRDA:392,27,0,0
BRDA:392,27,1,0
BRDA:392,28,0,0
BRDA:392,28,1,0
BRDA:403,29,0,0
BRDA:403,29,1,0
BRDA:412,30,0,0
BRDA:412,30,1,0
BRDA:412,31,0,0
BRDA:412,31,1,0
BRDA:435,32,0,0
BRDA:435,32,1,0
BRDA:445,33,0,0
BRDA:445,33,1,0
BRDA:445,34,0,0
BRDA:445,34,1,0
BRDA:445,34,2,0
BRDA:472,35,0,0
BRDA:472,35,1,0
BRDA:472,35,2,0
BRDA:487,36,0,0
BRDA:487,36,1,0
BRDA:529,37,0,0
BRDA:529,37,1,0
BRDA:539,38,0,0
BRDA:539,38,1,0
BRDA:540,39,0,0
BRDA:540,39,1,0
BRDA:556,40,0,0
BRDA:556,40,1,0
BRDA:572,41,0,0
BRDA:572,41,1,0
BRDA:572,41,2,0
BRDA:587,42,0,0
BRDA:587,42,1,0
BRDA:621,43,0,0
BRDA:621,43,1,0
BRDA:633,44,0,0
BRDA:633,44,1,0
BRF:90
BRH:0
end_of_record
TN:
SF:src/services/graph-service.js
FN:12,(anonymous_0)
FN:30,(anonymous_1)
FN:68,(anonymous_2)
FN:88,(anonymous_3)
FN:117,(anonymous_4)
FN:139,(anonymous_5)
FN:191,(anonymous_6)
FN:278,(anonymous_7)
FN:362,(anonymous_8)
FN:445,(anonymous_9)
FN:455,(anonymous_10)
FN:483,(anonymous_11)
FN:497,(anonymous_12)
FN:502,(anonymous_13)
FN:513,(anonymous_14)
FN:533,(anonymous_15)
FN:548,(anonymous_16)
FN:565,(anonymous_17)
FN:579,(anonymous_18)
FNF:19
FNH:0
FNDA:0,(anonymous_0)
FNDA:0,(anonymous_1)
FNDA:0,(anonymous_2)
FNDA:0,(anonymous_3)
FNDA:0,(anonymous_4)
FNDA:0,(anonymous_5)
FNDA:0,(anonymous_6)
FNDA:0,(anonymous_7)
FNDA:0,(anonymous_8)
FNDA:0,(anonymous_9)
FNDA:0,(anonymous_10)
FNDA:0,(anonymous_11)
FNDA:0,(anonymous_12)
FNDA:0,(anonymous_13)
FNDA:0,(anonymous_14)
FNDA:0,(anonymous_15)
FNDA:0,(anonymous_16)
FNDA:0,(anonymous_17)
FNDA:0,(anonymous_18)
DA:14,0
DA:15,0
DA:16,0
DA:19,0
DA:20,0
DA:21,0
DA:22,0
DA:23,0
DA:31,0
DA:32,0
DA:35,0
DA:37,0
DA:43,0
DA:46,0
DA:49,0
DA:51,0
DA:52,0
DA:53,0
DA:55,0
DA:56,0
DA:58,0
DA:60,0
DA:69,0
DA:71,0
DA:73,0
DA:74,0
DA:77,0
DA:79,0
DA:80,0
DA:89,0
DA:90,0
DA:92,0
DA:94,0
DA:95,0
DA:98,0
DA:99,0
DA:102,0
DA:108,0
DA:118,0
DA:119,0
DA:126,0
DA:127,0
DA:129,0
DA:130,0
DA:140,0
DA:141,0
DA:142,0
DA:144,0
DA:151,0
DA:153,0
DA:154,0
DA:157,0
DA:158,0
DA:162,0
DA:163,0
DA:167,0
DA:169,0
DA:174,0
DA:175,0
DA:192,0
DA:193,0
DA:194,0
DA:196,0
DA:203,0
DA:204,0
DA:205,0
DA:211,0
DA:212,0
DA:215,0
DA:218,0
DA:219,0
DA:220,0
DA:221,0
DA:226,0
DA:228,0
DA:229,0
DA:232,0
DA:233,0
DA:236,0
DA:237,0
DA:239,0
DA:241,0
DA:242,0
DA:250,0
DA:251,0
DA:254,0
DA:256,0
DA:262,0
DA:263,0
DA:279,0
DA:280,0
DA:281,0
DA:283,0
DA:290,0
DA:291,0
DA:292,0
DA:298,0
DA:299,0
DA:302,0
DA:305,0
DA:306,0
DA:307,0
DA:308,0
DA:313,0
DA:317,0
DA:318,0
DA:321,0
DA:323,0
DA:325,0
DA:326,0
DA:334,0
DA:335,0
DA:338,0
DA:340,0
DA:346,0
DA:347,0
DA:363,0
DA:364,0
DA:365,0
DA:367,0
DA:374,0
DA:375,0
DA:376,0
DA:382,0
DA:383,0
DA:386,0
DA:389,0
DA:390,0
DA:391,0
DA:392,0
DA:397,0
DA:399,0
DA:400,0
DA:403,0
DA:404,0
DA:406,0
DA:408,0
DA:409,0
DA:417,0
DA:418,0
DA:421,0
DA:423,0
DA:429,0
DA:430,0
DA:446,0
DA:456,0
DA:457,0
DA:458,0
DA:461,0
DA:462,0
DA:465,0
DA:466,0
DA:467,0
DA:468,0
DA:471,0
DA:472,0
DA:474,0
DA:484,0
DA:485,0
DA:488,0
DA:489,0
DA:498,0
DA:499,0
DA:502,0
DA:503,0
DA:504,0
DA:505,0
DA:510,0
DA:512,0
DA:513,0
DA:516,0
DA:517,0
DA:518,0
DA:519,0
DA:520,0
DA:525,0
DA:526,0
DA:534,0
DA:535,0
DA:536,0
DA:538,0
DA:549,0
DA:566,0
DA:580,0
DA:581,0
DA:584,0
DA:587,0
DA:588,0
DA:591,0
DA:594,0
DA:597,0
DA:598,0
DA:599,0
DA:600,0
DA:601,0
LF:195
LH:0
BRDA:31,0,0,0
BRDA:31,0,1,0
BRDA:55,1,0,0
BRDA:55,1,1,0
BRDA:73,2,0,0
BRDA:73,2,1,0
BRDA:92,3,0,0
BRDA:92,3,1,0
BRDA:94,4,0,0
BRDA:94,4,1,0
BRDA:98,5,0,0
BRDA:98,5,1,0
BRDA:140,6,0,0
BRDA:140,6,1,0
BRDA:153,7,0,0
BRDA:153,7,1,0
BRDA:157,8,0,0
BRDA:157,8,1,0
BRDA:162,9,0,0
BRDA:162,9,1,0
BRDA:191,10,0,0
BRDA:192,11,0,0
BRDA:192,11,1,0
BRDA:203,12,0,0
BRDA:203,12,1,0
BRDA:218,13,0,0
BRDA:218,13,1,0
BRDA:218,14,0,0
BRDA:218,14,1,0
BRDA:220,15,0,0
BRDA:220,15,1,0
BRDA:228,16,0,0
BRDA:228,16,1,0
BRDA:232,17,0,0
BRDA:232,17,1,0
BRDA:232,18,0,0
BRDA:232,18,1,0
BRDA:237,19,0,0
BRDA:237,19,1,0
BRDA:241,20,0,0
BRDA:241,20,1,0
BRDA:241,21,0,0
BRDA:241,21,1,0
BRDA:244,22,0,0
BRDA:244,22,1,0
BRDA:245,23,0,0
BRDA:245,23,1,0
BRDA:250,24,0,0
BRDA:250,24,1,0
BRDA:258,25,0,0
BRDA:258,25,1,0
BRDA:265,26,0,0
BRDA:265,26,1,0
BRDA:278,27,0,0
BRDA:279,28,0,0
BRDA:279,28,1,0
BRDA:290,29,0,0
BRDA:290,29,1,0
BRDA:305,30,0,0
BRDA:305,30,1,0
BRDA:305,31,0,0
BRDA:305,31,1,0
BRDA:307,32,0,0
BRDA:307,32,1,0
BRDA:317,33,0,0
BRDA:317,33,1,0
BRDA:325,34,0,0
BRDA:325,34,1,0
BRDA:325,35,0,0
BRDA:325,35,1,0
BRDA:328,36,0,0
BRDA:328,36,1,0
BRDA:329,37,0,0
BRDA:329,37,1,0
BRDA:334,38,0,0
BRDA:334,38,1,0
BRDA:342,39,0,0
BRDA:342,39,1,0
BRDA:349,40,0,0
BRDA:349,40,1,0
BRDA:362,41,0,0
BRDA:363,42,0,0
BRDA:363,42,1,0
BRDA:374,43,0,0
BRDA:374,43,1,0
BRDA:389,44,0,0
BRDA:389,44,1,0
BRDA:389,45,0,0
BRDA:389,45,1,0
BRDA:391,46,0,0
BRDA:391,46,1,0
BRDA:399,47,0,0
BRDA:399,47,1,0
BRDA:404,48,0,0
BRDA:404,48,1,0
BRDA:408,49,0,0
BRDA:408,49,1,0
BRDA:408,50,0,0
BRDA:408,50,1,0
BRDA:411,51,0,0
BRDA:411,51,1,0
BRDA:412,52,0,0
BRDA:412,52,1,0
BRDA:417,53,0,0
BRDA:417,53,1,0
BRDA:425,54,0,0
BRDA:425,54,1,0
BRDA:432,55,0,0
BRDA:432,55,1,0
BRDA:456,56,0,0
BRDA:456,56,1,0
BRDA:465,57,0,0
BRDA:465,57,1,0
BRDA:488,58,0,0
BRDA:488,58,1,0
BRDA:503,59,0,0
BRDA:503,59,1,0
BRDA:510,60,0,0
BRDA:510,60,1,0
BRDA:518,61,0,0
BRDA:518,61,1,0
BRDA:525,62,0,0
BRDA:525,62,1,0
BRDA:555,63,0,0
BRDA:555,63,1,0
BRDA:580,64,0,0
BRDA:580,64,1,0
BRF:127
BRH:0
end_of_record
TN:
SF:src/services/message-service.js
FN:13,(anonymous_0)
FN:44,(anonymous_1)
FN:75,(anonymous_2)
FN:89,(anonymous_3)
FN:102,(anonymous_4)
FN:130,(anonymous_5)
FN:145,(anonymous_6)
FN:147,(anonymous_7)
FN:153,(anonymous_8)
FN:154,(anonymous_9)
FN:160,(anonymous_10)
FN:179,(anonymous_11)
FN:185,(anonymous_12)
FN:191,(anonymous_13)
FN:207,(anonymous_14)
FN:218,(anonymous_15)
FN:241,(anonymous_16)
FN:258,(anonymous_17)
FN:331,(anonymous_18)
FN:332,(anonymous_19)
FN:334,(anonymous_20)
FN:356,(anonymous_21)
FN:379,(anonymous_22)
FN:415,(anonymous_23)
FN:435,(anonymous_24)
FN:454,(anonymous_25)
FN:469,(anonymous_26)
FN:483,(anonymous_27)
FN:486,(anonymous_28)
FN:503,(anonymous_29)
FN:519,(anonymous_30)
FN:522,(anonymous_31)
FN:534,(anonymous_32)
[...]
BRDA:643,53,1,0
BRDA:646,54,0,0
BRDA:646,54,1,0
BRDA:710,55,0,0
BRDA:710,55,1,0
BRDA:716,56,0,0
BRDA:716,56,1,0
BRDA:729,57,0,0
BRDA:730,58,0,0
BRDA:730,58,1,0
BRDA:733,59,0,0
BRDA:733,59,1,0
BRDA:753,60,0,0
BRDA:753,60,1,0
BRDA:758,61,0,0
BRDA:758,61,1,0
BRDA:758,62,0,0
BRDA:758,62,1,0
BRDA:765,63,0,0
BRDA:765,63,1,0
BRDA:770,64,0,0
BRDA:770,64,1,0
BRDA:789,65,0,0
BRDA:790,66,0,0
BRDA:790,66,1,0
BRDA:793,67,0,0
BRDA:793,67,1,0
BRDA:802,68,0,0
BRDA:802,68,1,0
BRDA:802,69,0,0
BRDA:802,69,1,0
BRDA:816,70,0,0
BRDA:816,70,1,0
BRDA:822,71,0,0
BRDA:822,71,1,0
BRDA:823,72,0,0
BRDA:823,72,1,0
BRDA:837,73,0,0
BRDA:837,73,1,0
BRDA:838,74,0,0
BRDA:838,74,1,0
BRDA:847,75,0,0
BRDA:847,75,1,0
BRDA:847,76,0,0
BRDA:847,76,1,0
BRDA:871,77,0,0
BRDA:871,77,1,0
BRDA:879,78,0,0
BRDA:879,78,1,0
BRDA:894,79,0,0
BRDA:894,79,1,0
BRDA:897,80,0,0
BRDA:897,80,1,0
BRDA:906,81,0,0
BRDA:906,81,1,0
BRDA:911,82,0,0
BRDA:911,82,1,0
BRDA:916,83,0,0
BRDA:916,83,1,0
BRDA:920,84,0,0
BRDA:920,84,1,0
BRDA:936,85,0,0
BRDA:936,85,1,0
BRDA:939,86,0,0
BRDA:939,86,1,0
BRDA:955,87,0,0
BRDA:955,87,1,0
BRDA:965,88,0,0
BRDA:965,88,1,0
BRDA:979,89,0,0
BRDA:979,89,1,0
BRF:176
BRH:0
end_of_record
TN:
SF:src/services/task-service.js
FN:12,(anonymous_0)
FN:37,(anonymous_1)
FN:79,(anonymous_2)
FN:110,(anonymous_3)
FN:134,(anonymous_4)
FN:150,(anonymous_5)
FN:169,(anonymous_6)
FN:213,(anonymous_7)
FN:240,(anonymous_8)
FN:247,(anonymous_9)
FN:253,(anonymous_10)
FN:267,(anonymous_11)
FN:293,(anonymous_12)
FN:300,(anonymous_13)
FN:301,(anonymous_14)
FN:306,(anonymous_15)
FN:314,(anonymous_16)
FN:315,(anonymous_17)
FN:333,(anonymous_18)
FN:418,(anonymous_19)
FN:485,(anonymous_20)
FN:552,(anonymous_21)
FN:570,(anonymous_22)
FN:577,(anonymous_23)
FN:598,(anonymous_24)
FN:620,(anonymous_25)
FN:626,(anonymous_26)
FN:630,(anonymous_27)
FN:636,(anonymous_28)
FN:644,(anonymous_29)
FN:645,(anonymous_30)
FN:655,(anonymous_31)
FN:663,(anonymous_32)
FN:679,(anonymous_33)
FN:713,(anonymous_34)
FN:736,(anonymous_35)
FN:768,(anonymous_36)
FN:772,(anonymous_37)
FN:783,(anonymous_38)
FN:821,(anonymous_39)
FN:832,(anonymous_40)
FNF:41
FNH:0
FNDA:0,(anonymous_0)
FNDA:0,(anonymous_1)
FNDA:0,(anonymous_2)
FNDA:0,(anonymous_3)
FNDA:0,(anonymous_4)
FNDA:0,(anonymous_5)
FNDA:0,(anonymous_6)
FNDA:0,(anonymous_7)
FNDA:0,(anonymous_8)
FNDA:0,(anonymous_9)
FNDA:0,(anonymous_10)
FNDA:0,(anonymous_11)
FNDA:0,(anonymous_12)
FNDA:0,(anonymous_13)
FNDA:0,(anonymous_14)
FNDA:0,(anonymous_15)
FNDA:0,(anonymous_16)
FNDA:0,(anonymous_17)
FNDA:0,(anonymous_18)
FNDA:0,(anonymous_19)
FNDA:0,(anonymous_20)
FNDA:0,(anonymous_21)
FNDA:0,(anonymous_22)
FNDA:0,(anonymous_23)
FNDA:0,(anonymous_24)
FNDA:0,(anonymous_25)
FNDA:0,(anonymous_26)
FNDA:0,(anonymous_27)
FNDA:0,(anonymous_28)
FNDA:0,(anonymous_29)
FNDA:0,(anonymous_30)
FNDA:0,(anonymous_31)
FNDA:0,(anonymous_32)
FNDA:0,(anonymous_33)
FNDA:0,(anonymous_34)
FNDA:0,(anonymous_35)
FNDA:0,(anonymous_36)
FNDA:0,(anonymous_37)
FNDA:0,(anonymous_38)
FNDA:0,(anonymous_39)
FNDA:0,(anonymous_40)
DA:14,0
DA:17,0
DA:18,0
DA:19,0
DA:22,0
DA:23,0
DA:24,0
DA:25,0
DA:26,0
DA:27,0
DA:30,0
DA:38,0
DA:39,0
DA:42,0
DA:44,0
DA:51,0
DA:54,0
DA:57,0
DA:60,0
DA:62,0
DA:63,0
DA:64,0
DA:66,0
DA:67,0
DA:69,0
DA:71,0
DA:80,0
DA:82,0
DA:83,0
DA:84,0
DA:86,0
DA:87,0
DA:91,0
DA:92,0
DA:93,0
DA:95,0
DA:96,0
DA:99,0
DA:101,0
DA:102,0
DA:111,0
DA:112,0
DA:113,0
DA:116,0
DA:119,0
DA:120,0
DA:121,0
DA:124,0
DA:127,0
DA:135,0
DA:137,0
DA:138,0
DA:139,0
DA:142,0
DA:151,0
DA:152,0
DA:155,0
DA:157,0
DA:158,0
DA:159,0
DA:162,0
DA:170,0
DA:171,0
DA:172,0
DA:173,0
DA:174,0
DA:177,0
DA:178,0
DA:182,0
DA:184,0
DA:186,0
DA:188,0
DA:190,0
DA:191,0
DA:194,0
DA:197,0
DA:200,0
DA:201,0
DA:203,0
DA:214,0
DA:216,0
DA:217,0
DA:218,0
DA:221,0
DA:223,0
DA:224,0
DA:225,0
DA:227,0
DA:230,0
DA:231,0
DA:241,0
DA:242,0
DA:243,0
DA:247,0
DA:248,0
DA:253,0
DA:254,0
DA:259,0
DA:262,0
DA:263,0
DA:266,0
DA:267,0
DA:268,0
DA:269,0
DA:270,0
DA:271,0
DA:277,0
DA:278,0
DA:294,0
DA:300,0
DA:301,0
DA:303,0
DA:304,0
DA:306,0
DA:307,0
DA:308,0
DA:314,0
DA:315,0
DA:316,0
DA:321,0
DA:325,0
DA:334,0
DA:335,0
DA:336,0
DA:337,0
DA:338,0
DA:341,0
DA:342,0
DA:346,0
DA:348,0
DA:350,0
DA:352,0
DA:353,0
DA:355,0
DA:357,0
DA:360,0
DA:370,0
DA:371,0
DA:373,0
DA:377,0
DA:378,0
DA:381,0
DA:386,0
DA:388,0
DA:391,0
DA:401,0
DA:402,0
DA:404,0
DA:408,0
DA:409,0
DA:419,0
DA:420,0
DA:421,0
DA:422,0
DA:423,0
DA:426,0
DA:427,0
DA:431,0
DA:432,0
DA:433,0
DA:436,0
DA:438,0
DA:440,0
DA:442,0
DA:443,0
DA:445,0
DA:447,0
DA:449,0
DA:450,0
DA:452,0
DA:456,0
DA:457,0
DA:460,0
DA:464,0
DA:466,0
DA:468,0
DA:469,0
DA:471,0
DA:475,0
DA:476,0
DA:486,0
DA:487,0
DA:488,0
DA:489,0
DA:490,0
DA:493,0
DA:494,0
DA:498,0
DA:499,0
DA:500,0
DA:503,0
DA:505,0
DA:507,0
DA:509,0
DA:510,0
DA:512,0
DA:514,0
DA:516,0
DA:517,0
DA:519,0
DA:523,0
DA:524,0
DA:527,0
DA:531,0
DA:533,0
DA:535,0
DA:536,0
DA:538,0
DA:542,0
DA:543,0
DA:553,0
DA:554,0
DA:555,0
DA:556,0
DA:557,0
DA:558,0
DA:561,0
DA:562,0
DA:566,0
DA:567,0
DA:570,0
DA:578,0
DA:579,0
DA:580,0
DA:581,0
DA:582,0
DA:583,0
DA:586,0
DA:587,0
DA:591,0
DA:599,0
DA:600,0
DA:601,0
DA:602,0
DA:603,0
DA:604,0
DA:607,0
DA:608,0
DA:612,0
DA:621,0
DA:622,0
DA:623,0
DA:624,0
DA:625,0
DA:626,0
DA:629,0
DA:630,0
DA:634,0
DA:635,0
DA:636,0
DA:639,0
DA:641,0
DA:644,0
DA:645,0
DA:646,0
DA:656,0
DA:657,0
DA:660,0
DA:663,0
DA:664,0
DA:665,0
DA:667,0
DA:680,0
DA:681,0
DA:682,0
DA:683,0
DA:684,0
DA:687,0
DA:688,0
DA:692,0
DA:694,0
DA:696,0
DA:701,0
DA:702,0
DA:708,0
DA:709,0
DA:713,0
DA:715,0
DA:716,0
DA:720,0
DA:721,0
DA:725,0
DA:726,0
DA:737,0
DA:738,0
DA:739,0
DA:740,0
DA:741,0
DA:744,0
DA:745,0
DA:749,0
DA:750,0
DA:753,0
DA:756,0
DA:758,0
DA:759,0
DA:763,0
DA:764,0
DA:768,0
DA:772,0
DA:773,0
DA:774,0
DA:775,0
DA:777,0
DA:778,0
DA:779,0
DA:783,0
DA:784,0
DA:786,0
DA:789,0
DA:791,0
DA:792,0
DA:793,0
DA:794,0
DA:798,0
DA:799,0
DA:803,0
DA:804,0
DA:806,0
DA:807,0
DA:809,0
DA:813,0
DA:818,0
DA:821,0
DA:822,0
DA:823,0
DA:833,0
DA:834,0
DA:837,0
DA:840,0
DA:843,0
DA:844,0
DA:847,0
DA:848,0
DA:849,0
DA:850,0
DA:853,0
DA:854,0
DA:857,0
DA:860,0
DA:862,0
LF:341
LH:0
BRDA:38,0,0,0
BRDA:38,0,1,0
BRDA:66,1,0,0
BRDA:66,1,1,0
BRDA:101,2,0,0
BRDA:101,2,1,0
BRDA:102,3,0,0
BRDA:102,3,1,0
BRDA:111,4,0,0
BRDA:111,4,1,0
BRDA:119,5,0,0
BRDA:119,5,1,0
BRDA:137,6,0,0
BRDA:137,6,1,0
BRDA:151,7,0,0
BRDA:151,7,1,0
BRDA:157,8,0,0
BRDA:157,8,1,0
BRDA:170,9,0,0
BRDA:170,9,1,0
BRDA:173,10,0,0
BRDA:173,10,1,0
BRDA:188,11,0,0
BRDA:188,11,1,0
BRDA:188,12,0,0
BRDA:188,12,1,0
BRDA:188,12,2,0
BRDA:217,13,0,0
BRDA:217,13,1,0
BRDA:223,14,0,0
BRDA:223,14,1,0
BRDA:223,15,0,0
BRDA:223,15,1,0
BRDA:224,16,0,0
BRDA:224,16,1,0
BRDA:225,17,0,0
BRDA:225,17,1,0
BRDA:227,18,0,0
BRDA:227,18,1,0
BRDA:241,19,0,0
BRDA:241,19,1,0
BRDA:248,20,0,0
BRDA:248,20,1,0
BRDA:248,20,2,0
BRDA:254,21,0,0
BRDA:254,21,1,0
BRDA:266,22,0,0
BRDA:266,22,1,0
BRDA:268,23,0,0
BRDA:268,23,1,0
BRDA:269,24,0,0
BRDA:269,24,1,0
BRDA:270,25,0,0
BRDA:270,25,1,0
BRDA:271,26,0,0
BRDA:271,26,1,0
BRDA:277,27,0,0
BRDA:277,27,1,0
BRDA:277,28,0,0
BRDA:277,28,1,0
BRDA:304,29,0,0
BRDA:304,29,1,0
BRDA:307,30,0,0
BRDA:307,30,1,0
BRDA:316,31,0,0
BRDA:316,31,1,0
BRDA:316,32,0,0
BRDA:316,32,1,0
BRDA:316,32,2,0
BRDA:316,32,3,0
BRDA:334,33,0,0
BRDA:334,33,1,0
BRDA:337,34,0,0
BRDA:337,34,1,0
BRDA:352,35,0,0
BRDA:352,35,1,0
BRDA:352,36,0,0
BRDA:352,36,1,0
BRDA:352,36,2,0
BRDA:355,37,0,0
BRDA:355,37,1,0
BRDA:355,38,0,0
BRDA:355,38,1,0
BRDA:377,39,0,0
BRDA:377,39,1,0
BRDA:386,40,0,0
BRDA:386,40,1,0
BRDA:386,41,0,0
BRDA:386,41,1,0
BRDA:386,41,2,0
BRDA:404,42,0,0
BRDA:404,42,1,0
BRDA:419,43,0,0
BRDA:419,43,1,0
BRDA:422,44,0,0
BRDA:422,44,1,0
BRDA:431,45,0,0
BRDA:431,45,1,0
BRDA:442,46,0,0
BRDA:442,46,1,0
BRDA:442,47,0,0
BRDA:442,47,1,0
BRDA:442,47,2,0
BRDA:445,48,0,0
BRDA:445,48,1,0
BRDA:456,49,0,0
BRDA:456,49,1,0
BRDA:464,50,0,0
BRDA:464,50,1,0
BRDA:464,51,0,0
BRDA:464,51,1,0
BRDA:471,52,0,0
BRDA:471,52,1,0
BRDA:486,53,0,0
BRDA:486,53,1,0
BRDA:489,54,0,0
BRDA:489,54,1,0
BRDA:498,55,0,0
BRDA:498,55,1,0
BRDA:509,56,0,0
BRDA:509,56,1,0
BRDA:509,57,0,0
BRDA:509,57,1,0
BRDA:509,57,2,0
BRDA:512,58,0,0
BRDA:512,58,1,0
BRDA:523,59,0,0
BRDA:523,59,1,0
BRDA:531,60,0,0
BRDA:531,60,1,0
BRDA:531,61,0,0
BRDA:531,61,1,0
BRDA:538,62,0,0
BRDA:538,62,1,0
BRDA:553,63,0,0
BRDA:553,63,1,0
BRDA:556,64,0,0
BRDA:556,64,1,0
BRDA:566,65,0,0
BRDA:566,65,1,0
BRDA:570,66,0,0
BRDA:570,66,1,0
BRDA:578,67,0,0
BRDA:578,67,1,0
BRDA:581,68,0,0
BRDA:581,68,1,0
BRDA:599,69,0,0
BRDA:599,69,1,0
BRDA:602,70,0,0
BRDA:602,70,1,0
BRDA:621,71,0,0
BRDA:621,71,1,0
BRDA:624,72,0,0
BRDA:624,72,1,0
BRDA:634,73,0,0
BRDA:634,73,1,0
BRDA:656,74,0,0
BRDA:656,74,1,0
BRDA:656,75,0,0
BRDA:656,75,1,0
BRDA:680,76,0,0
BRDA:680,76,1,0
BRDA:683,77,0,0
BRDA:683,77,1,0
BRDA:701,78,0,0
BRDA:701,78,1,0
BRDA:701,79,0,0
BRDA:701,79,1,0
BRDA:708,80,0,0
BRDA:708,80,1,0
BRDA:715,81,0,0
BRDA:715,81,1,0
BRDA:715,82,0,0
BRDA:715,82,1,0
BRDA:720,83,0,0
BRDA:720,83,1,0
BRDA:737,84,0,0
BRDA:737,84,1,0
BRDA:740,85,0,0
BRDA:740,85,1,0
BRDA:749,86,0,0
BRDA:749,86,1,0
BRDA:758,87,0,0
BRDA:758,87,1,0
BRDA:763,88,0,0
BRDA:763,88,1,0
BRDA:764,89,0,0
BRDA:764,89,1,0
BRDA:773,90,0,0
BRDA:773,90,1,0
BRDA:777,91,0,0
BRDA:777,91,1,0
BRDA:791,92,0,0
BRDA:791,92,1,0
BRDA:798,93,0,0
BRDA:798,93,1,0
BRDA:799,94,0,0
BRDA:799,94,1,0
BRDA:803,95,0,0
BRDA:803,95,1,0
BRDA:803,96,0,0
BRDA:803,96,1,0
BRDA:806,97,0,0
BRDA:806,97,1,0
BRDA:807,98,0,0
BRDA:807,98,1,0
BRDA:809,99,0,0
BRDA:809,99,1,0
BRDA:833,100,0,0
BRDA:833,100,1,0
BRF:210
BRH:0
end_of_record
TN:
SF:src/services/visualization-service.js
FN:11,(anonymous_0)
FN:26,(anonymous_1)
FN:86,(anonymous_2)
FN:147,(anonymous_3)
FN:203,(anonymous_4)
FN:246,(anonymous_5)
FN:249,(anonymous_6)
FN:318,(anonymous_7)
FN:325,(anonymous_8)
FN:329,(anonymous_9)
FN:335,(anonymous_10)
FN:340,(anonymous_11)
FN:357,(anonymous_12)
FN:359,(anonymous_13)
FN:377,(anonymous_14)
FN:440,(anonymous_15)
FN:454,(anonymous_16)
FN:489,(anonymous_17)
FN:504,(anonymous_18)
FN:510,(anonymous_19)
FN:533,(anonymous_20)
FN:542,(anonymous_21)
FNF:22
FNH:0
FNDA:0,(anonymous_0)
FNDA:0,(anonymous_1)
FNDA:0,(anonymous_2)
FNDA:0,(anonymous_3)
FNDA:0,(anonymous_4)
FNDA:0,(anonymous_5)
FNDA:0,(anonymous_6)
FNDA:0,(anonymous_7)
FNDA:0,(anonymous_8)
FNDA:0,(anonymous_9)
FNDA:0,(anonymous_10)
FNDA:0,(anonymous_11)
FNDA:0,(anonymous_12)
FNDA:0,(anonymous_13)
FNDA:0,(anonymous_14)
FNDA:0,(anonymous_15)
FNDA:0,(anonymous_16)
FNDA:0,(anonymous_17)
FNDA:0,(anonymous_18)
FNDA:0,(anonymous_19)
FNDA:0,(anonymous_20)
FNDA:0,(anonymous_21)
DA:13,0
DA:14,0
DA:15,0
DA:18,0
DA:19,0
DA:27,0
DA:28,0
DA:31,0
DA:33,0
DA:40,0
DA:43,0
DA:44,0
DA:45,0
DA:47,0
DA:48,0
DA:52,0
DA:53,0
DA:55,0
DA:56,0
DA:57,0
DA:59,0
DA:62,0
DA:66,0
DA:67,0
DA:68,0
DA:70,0
DA:71,0
DA:73,0
DA:75,0
DA:87,0
DA:88,0
DA:89,0
DA:90,0
DA:91,0
DA:94,0
DA:95,0
DA:99,0
DA:100,0
DA:101,0
DA:104,0
DA:105,0
DA:106,0
DA:109,0
DA:111,0
DA:112,0
DA:113,0
DA:114,0
DA:115,0
DA:119,0
DA:120,0
DA:124,0
DA:127,0
DA:128,0
DA:130,0
DA:131,0
DA:134,0
DA:135,0
DA:148,0
DA:149,0
DA:150,0
DA:151,0
DA:152,0
DA:155,0
DA:156,0
DA:160,0
DA:161,0
DA:162,0
DA:165,0
DA:167,0
DA:168,0
DA:169,0
DA:170,0
DA:171,0
DA:175,0
DA:176,0
DA:180,0
DA:183,0
DA:184,0
DA:186,0
DA:187,0
DA:190,0
DA:191,0
DA:204,0
DA:205,0
DA:206,0
DA:209,0
DA:211,0
DA:213,0
DA:216,0
DA:219,0
DA:220,0
DA:221,0
DA:222,0
DA:223,0
DA:224,0
DA:225,0
DA:226,0
DA:229,0
DA:230,0
DA:231,0
DA:232,0
DA:233,0
DA:234,0
DA:235,0
DA:236,0
DA:237,0
DA:238,0
DA:240,0
DA:241,0
DA:242,0
DA:246,0
DA:249,0
DA:250,0
DA:251,0
DA:252,0
DA:253,0
DA:254,0
DA:255,0
DA:256,0
DA:258,0
DA:259,0
DA:260,0
DA:261,0
DA:262,0
DA:263,0
DA:264,0
DA:265,0
DA:266,0
DA:268,0
DA:269,0
DA:270,0
DA:271,0
DA:272,0
DA:273,0
DA:274,0
DA:276,0
DA:277,0
DA:278,0
DA:279,0
DA:280,0
DA:281,0
DA:282,0
DA:283,0
DA:285,0
DA:286,0
DA:287,0
DA:288,0
DA:289,0
DA:290,0
DA:292,0
DA:293,0
DA:294,0
DA:295,0
DA:296,0
DA:299,0
DA:302,0
DA:304,0
DA:306,0
DA:307,0
DA:319,0
DA:320,0
DA:322,0
DA:325,0
DA:326,0
DA:328,0
DA:329,0
DA:330,0
DA:331,0
DA:335,0
DA:336,0
DA:340,0
DA:341,0
DA:342,0
DA:346,0
DA:347,0
DA:349,0
DA:358,0
DA:359,0
DA:360,0
DA:361,0
DA:364,0
DA:378,0
DA:379,0
DA:380,0
DA:383,0
DA:386,0
DA:387,0
DA:389,0
DA:391,0
DA:394,0
DA:395,0
DA:396,0
DA:397,0
DA:398,0
DA:399,0
DA:400,0
DA:401,0
DA:402,0
DA:403,0
DA:404,0
DA:405,0
DA:406,0
DA:408,0
DA:409,0
DA:410,0
DA:411,0
DA:412,0
DA:414,0
DA:415,0
DA:416,0
DA:417,0
DA:419,0
DA:420,0
DA:421,0
DA:424,0
DA:425,0
DA:427,0
DA:431,0
DA:432,0
DA:433,0
DA:434,0
DA:435,0
DA:436,0
DA:437,0
DA:440,0
DA:441,0
DA:442,0
DA:443,0
DA:444,0
DA:445,0
DA:446,0
DA:447,0
DA:448,0
DA:449,0
DA:450,0
DA:451,0
DA:454,0
DA:455,0
DA:456,0
DA:458,0
DA:461,0
DA:464,0
DA:465,0
DA:466,0
DA:467,0
DA:468,0
DA:469,0
DA:470,0
DA:471,0
DA:472,0
DA:473,0
DA:475,0
DA:476,0
DA:478,0
DA:481,0
DA:482,0
DA:484,0
DA:486,0
DA:489,0
DA:490,0
DA:491,0
DA:495,0
DA:505,0
DA:507,0
DA:509,0
DA:510,0
DA:511,0
DA:512,0
DA:515,0
DA:519,0
DA:520,0
DA:523,0
DA:525,0
DA:534,0
DA:535,0
DA:538,0
DA:540,0
DA:542,0
DA:543,0
DA:546,0
DA:550,0
DA:551,0
DA:554,0
DA:557,0
DA:559,0
LF:285
LH:0
BRDA:27,0,0,0
BRDA:27,0,1,0
BRDA:52,1,0,0
BRDA:52,1,1,0
BRDA:55,2,0,0
BRDA:55,2,1,0
BRDA:55,3,0,0
BRDA:55,3,1,0
BRDA:70,4,0,0
BRDA:70,4,1,0
BRDA:86,5,0,0
BRDA:87,6,0,0
BRDA:87,6,1,0
BRDA:90,7,0,0
BRDA:90,7,1,0
BRDA:99,8,0,0
BRDA:99,8,1,0
BRDA:104,9,0,0
BRDA:104,9,1,0
BRDA:104,10,0,0
BRDA:104,10,1,0
BRDA:113,11,0,0
BRDA:113,11,1,0
BRDA:119,12,0,0
BRDA:119,12,1,0
BRDA:147,13,0,0
BRDA:147,14,0,0
BRDA:147,15,0,0
BRDA:148,16,0,0
BRDA:148,16,1,0
BRDA:151,17,0,0
BRDA:151,17,1,0
BRDA:160,18,0,0
BRDA:160,18,1,0
BRDA:169,19,0,0
BRDA:169,19,1,0
BRDA:175,20,0,0
BRDA:175,20,1,0
BRDA:203,21,0,0
BRDA:204,22,0,0
BRDA:204,22,1,0
BRDA:223,23,0,0
BRDA:223,23,1,0
BRDA:224,24,0,0
BRDA:224,24,1,0
BRDA:229,25,0,0
BRDA:229,25,1,0
BRDA:229,26,0,0
BRDA:229,26,1,0
BRDA:246,27,0,0
BRDA:246,27,1,0
BRDA:260,28,0,0
BRDA:260,28,1,0
BRDA:280,29,0,0
BRDA:280,29,1,0
BRDA:287,30,0,0
BRDA:287,30,1,0
BRDA:320,31,0,0
BRDA:320,31,1,0
BRDA:320,32,0,0
BRDA:320,32,1,0
BRDA:326,33,0,0
BRDA:326,33,1,0
BRDA:342,34,0,0
BRDA:342,34,1,0
BRDA:377,35,0,0
BRDA:377,36,0,0
BRDA:377,37,0,0
BRDA:378,38,0,0
BRDA:378,38,1,0
BRDA:394,39,0,0
BRDA:394,39,1,0
BRDA:394,40,0,0
BRDA:394,40,1,0
BRDA:444,41,0,0
BRDA:444,41,1,0
BRDA:446,42,0,0
BRDA:446,42,1,0
BRDA:490,43,0,0
BRDA:490,43,1,0
BRDA:490,44,0,0
BRDA:490,44,1,0
BRDA:505,45,0,0
BRDA:505,45,1,0
BRDA:509,46,0,0
BRDA:509,46,1,0
BRDA:511,47,0,0
BRDA:511,47,1,0
BRDA:511,48,0,0
BRDA:511,48,1,0
BRDA:534,49,0,0
BRDA:534,49,1,0
BRF:92
BRH:0
end_of_record
TN:
SF:src/utils/formatting.js
FN:8,formatDate
FN:20,formatTime
FN:31,truncateText
FN:46,formatContext
FN:56,(anonymous_4)
FN:62,formatTaskStatus
FN:85,isSameDay
FNF:7
FNH:0
FNDA:0,formatDate
FNDA:0,formatTime
FNDA:0,truncateText
FNDA:0,formatContext
FNDA:0,(anonymous_4)
FNDA:0,formatTaskStatus
FNDA:0,isSameDay
DA:9,0
DA:11,0
DA:12,0
DA:21,0
DA:22,0
DA:32,0
DA:34,0
DA:35,0
DA:38,0
DA:47,0
DA:49,0
DA:56,0
DA:63,0
DA:65,0
DA:67,0
DA:69,0
DA:71,0
DA:73,0
DA:75,0
DA:86,0
LF:20
LH:0
BRDA:9,0,0,0
BRDA:9,0,1,0
BRDA:32,1,0,0
BRDA:32,1,1,0
BRDA:34,2,0,0
BRDA:34,2,1,0
BRDA:47,3,0,0
BRDA:47,3,1,0
BRDA:47,4,0,0
BRDA:47,4,1,0
BRDA:56,5,0,0
BRDA:56,5,1,0
BRDA:63,6,0,0
BRDA:63,6,1,0
BRDA:63,6,2,0
BRDA:63,6,3,0
BRDA:63,6,4,0
BRDA:63,6,5,0
BRDA:86,7,0,0
BRDA:86,7,1,0
BRDA:86,7,2,0
BRF:21
BRH:0
end_of_record
TN:
SF:src/utils/log-manager.js
FN:2,(anonymous_0)
FN:35,(anonymous_1)
FN:47,(anonymous_2)
FN:50,(anonymous_3)
FN:67,(anonymous_4)
FN:71,(anonymous_5)
FN:123,(anonymous_6)
FN:126,(anonymous_7)
FN:131,(anonymous_8)
FN:147,(anonymous_9)
FN:151,(anonymous_10)
FN:155,(anonymous_11)
FN:159,(anonymous_12)
FN:163,(anonymous_13)
FN:176,(anonymous_14)
FN:191,(anonymous_15)
FN:202,(anonymous_16)
FN:218,(anonymous_17)
FN:224,(anonymous_18)
FN:236,(anonymous_19)
FNF:20
FNH:10
FNDA:11,(anonymous_0)
FNDA:0,(anonymous_1)
FNDA:11,(anonymous_2)
FNDA:0,(anonymous_3)
FNDA:50,(anonymous_4)
FNDA:70,(anonymous_5)
FNDA:10,(anonymous_6)
FNDA:50,(anonymous_7)
FNDA:0,(anonymous_8)
FNDA:20,(anonymous_9)
FNDA:10,(anonymous_10)
FNDA:0,(anonymous_11)
FNDA:20,(anonymous_12)
FNDA:50,(anonymous_13)
FNDA:0,(anonymous_14)
FNDA:0,(anonymous_15)
FNDA:0,(anonymous_16)
FNDA:0,(anonymous_17)
FNDA:0,(anonymous_18)
FNDA:0,(anonymous_19)
DA:4,11
DA:5,11
DA:6,11
DA:7,11
DA:8,11
DA:11,11
DA:16,11
DA:17,11
DA:21,11
DA:30,11
DA:32,11
DA:37,0
DA:38,0
DA:41,0
DA:42,0
DA:44,0
DA:48,11
DA:49,11
DA:50,11
DA:51,0
DA:53,0
DA:54,0
DA:57,0
DA:68,50
DA:69,50
DA:70,50
DA:71,50
DA:72,70
DA:73,70
DA:74,70
DA:75,20
DA:77,20
DA:78,0
DA:81,20
DA:82,20
DA:84,0
DA:87,50
DA:91,50
DA:92,50
DA:94,0
DA:97,50
DA:105,50
DA:108,50
DA:110,0
DA:113,50
DA:114,0
DA:117,50
DA:119,0
DA:124,10
DA:126,50
DA:128,10
DA:130,10
DA:131,0
DA:132,0
DA:135,0
DA:140,0
DA:142,10
DA:148,20
DA:152,10
DA:156,0
DA:160,20
DA:164,50
DA:165,0
DA:168,50
DA:169,50
DA:172,0
DA:177,0
DA:179,0
DA:186,0
DA:193,0
DA:203,0
DA:206,0
DA:207,0
DA:209,0
DA:210,0
DA:211,0
DA:213,0
DA:218,0
DA:219,0
DA:223,0
DA:224,0
DA:225,0
DA:228,0
DA:231,0
DA:237,0
DA:238,0
DA:240,0
DA:241,0
DA:244,0
DA:246,0
LF:90
LH:44
BRDA:2,0,0,0
BRDA:4,1,0,11
BRDA:4,1,1,0
BRDA:5,2,0,11
BRDA:5,2,1,11
BRDA:6,3,0,11
BRDA:6,3,1,10
BRDA:7,4,0,11
BRDA:7,4,1,1
BRDA:11,5,0,11
BRDA:11,5,1,0
BRDA:11,5,2,0
BRDA:16,6,0,11
BRDA:16,6,1,0
BRDA:37,7,0,0
BRDA:37,7,1,0
BRDA:41,8,0,0
BRDA:41,8,1,0
BRDA:41,9,0,0
BRDA:41,9,1,0
BRDA:48,10,0,11
BRDA:48,10,1,0
BRDA:51,11,0,0
BRDA:51,11,1,0
BRDA:51,12,0,0
BRDA:51,12,1,0
BRDA:51,12,2,0
BRDA:53,13,0,0
BRDA:53,13,1,0
BRDA:72,14,0,0
BRDA:72,14,1,70
BRDA:73,15,0,0
BRDA:73,15,1,70
BRDA:74,16,0,20
BRDA:74,16,1,50
BRDA:77,17,0,0
BRDA:77,17,1,20
BRDA:81,18,0,20
BRDA:81,18,1,0
BRDA:91,19,0,0
BRDA:91,19,1,50
BRDA:108,20,0,0
BRDA:108,20,1,50
BRDA:108,21,0,50
BRDA:108,21,1,50
BRDA:113,22,0,0
BRDA:113,22,1,50
BRDA:113,23,0,50
BRDA:113,23,1,0
BRDA:128,24,0,10
BRDA:128,24,1,0
BRDA:128,25,0,10
BRDA:128,25,1,0
BRDA:131,26,0,0
BRDA:131,26,1,0
BRDA:163,27,0,0
BRDA:164,28,0,0
BRDA:164,28,1,50
BRDA:168,29,0,50
BRDA:168,29,1,0
BRDA:202,30,0,0
BRDA:206,31,0,0
BRDA:206,31,1,0
BRDA:206,32,0,0
BRDA:206,32,1,0
BRDA:211,33,0,0
BRDA:211,33,1,0
BRDA:223,34,0,0
BRDA:223,34,1,0
BRDA:240,35,0,0
BRDA:240,35,1,0
BRDA:240,36,0,0
BRDA:240,36,1,0
BRF:73
BRH:26
end_of_record
TN:
SF:src/utils/timeout.js
FN:10,setupTimeout
FN:16,(anonymous_1)
FN:35,(anonymous_2)
FN:40,(anonymous_3)
FN:53,setupMemoryMonitoring
FN:61,(anonymous_5)
FN:70,(anonymous_6)
FN:80,clearTimeouts
FNF:8
FNH:0
FNDA:0,setupTimeout
FNDA:0,(anonymous_1)
FNDA:0,(anonymous_2)
FNDA:0,(anonymous_3)
FNDA:0,setupMemoryMonitoring
FNDA:0,(anonymous_5)
FNDA:0,(anonymous_6)
FNDA:0,clearTimeouts
DA:2,1
DA:11,0
DA:14,0
DA:16,0
DA:18,0
DA:19,0
DA:35,0
DA:36,0
DA:40,0
DA:41,0
DA:42,0
DA:54,0
DA:57,0
DA:61,0
DA:62,0
DA:63,0
DA:64,0
DA:70,0
DA:71,0
DA:72,0
DA:84,0
LF:21
LH:1
BRDA:2,0,0,0
BRDA:2,0,1,1
BRDA:3,1,0,0
BRDA:3,1,1,1
BRDA:10,2,0,0
BRDA:14,3,0,0
BRDA:14,3,1,0
BRDA:14,4,0,0
BRDA:14,4,1,0
BRDA:18,5,0,0
BRDA:18,5,1,0
BRDA:41,6,0,0
BRDA:41,6,1,0
BRDA:53,7,0,0
BRDA:53,8,0,0
BRDA:57,9,0,0
BRDA:57,9,1,0
BRDA:57,10,0,0
BRDA:57,10,1,0
BRDA:57,10,2,0
BRDA:63,11,0,0
BRDA:63,11,1,0
BRDA:71,12,0,0
BRDA:71,12,1,0
BRF:24
BRH:2
end_of_record
TN:
SF:src/utils/ui-utils.js
FN:13,setupTabSwitching
FN:16,(anonymous_1)
FN:17,(anonymous_2)
FN:19,(anonymous_3)
FN:26,(anonymous_4)
FN:37,showSaveConfirmation
FN:44,(anonymous_6)
FN:46,(anonymous_7)
FN:57,initSplitView
FN:64,(anonymous_9)
FN:75,onMouseMove
FN:83,onMouseUp
FNF:12
FNH:0
FNDA:0,setupTabSwitching
FNDA:0,(anonymous_1)
FNDA:0,(anonymous_2)
FNDA:0,(anonymous_3)
FNDA:0,(anonymous_4)
FNDA:0,showSaveConfirmation
FNDA:0,(anonymous_6)
FNDA:0,(anonymous_7)
FNDA:0,initSplitView
FNDA:0,(anonymous_9)
FNDA:0,onMouseMove
FNDA:0,onMouseUp
DA:3,1
DA:14,0
DA:16,0
DA:17,0
DA:19,0
DA:22,0
DA:25,0
DA:26,0
DA:27,0
DA:29,0
DA:38,0
DA:39,0
DA:40,0
DA:42,0
DA:44,0
DA:45,0
DA:46,0
DA:47,0
DA:58,0
DA:59,0
DA:61,0
DA:64,0
DA:65,0
DA:66,0
DA:67,0
DA:69,0
DA:70,0
DA:72,0
DA:76,0
DA:78,0
DA:79,0
DA:84,0
DA:85,0
DA:86,0
DA:89,0
DA:93,0
LF:36
LH:1
BRDA:61,0,0,0
BRDA:61,0,1,0
BRDA:61,1,0,0
BRDA:61,1,1,0
BRDA:78,2,0,0
BRDA:78,2,1,0
BRDA:78,3,0,0
BRDA:78,3,1,0
BRF:8
BRH:0
end_of_record
