TN:
SF:tests/utils/mock-system.js
FN:14,(anonymous_0)
FN:15,(anonymous_1)
FN:18,(anonymous_2)
FN:25,(anonymous_3)
FN:26,(anonymous_4)
FN:32,(anonymous_5)
FN:33,(anonymous_6)
FN:39,(anonymous_7)
FN:40,(anonymous_8)
FN:46,(anonymous_9)
FN:47,(anonymous_10)
FN:53,(anonymous_11)
FN:54,(anonymous_12)
FN:64,(anonymous_13)
FN:65,(anonymous_14)
FN:68,(anonymous_15)
FN:69,(anonymous_16)
FN:72,(anonymous_17)
FN:73,(anonymous_18)
FN:76,(anonymous_19)
FN:77,(anonymous_20)
FN:90,(anonymous_21)
FN:95,(anonymous_22)
FN:101,(anonymous_23)
FN:106,(anonymous_24)
FN:118,(anonymous_25)
FN:120,(anonymous_26)
FN:122,(anonymous_27)
FN:160,(anonymous_28)
FN:181,(anonymous_29)
FN:183,(anonymous_30)
FN:185,(anonymous_31)
FNF:32
FNH:13
FNDA:0,(anonymous_0)
FNDA:0,(anonymous_1)
FNDA:1,(anonymous_2)
FNDA:1,(anonymous_3)
FNDA:0,(anonymous_4)
FNDA:1,(anonymous_5)
FNDA:0,(anonymous_6)
FNDA:1,(anonymous_7)
FNDA:0,(anonymous_8)
FNDA:0,(anonymous_9)
FNDA:0,(anonymous_10)
FNDA:0,(anonymous_11)
FNDA:0,(anonymous_12)
FNDA:0,(anonymous_13)
FNDA:0,(anonymous_14)
FNDA:0,(anonymous_15)
FNDA:0,(anonymous_16)
FNDA:0,(anonymous_17)
FNDA:0,(anonymous_18)
FNDA:0,(anonymous_19)
FNDA:0,(anonymous_20)
FNDA:27,(anonymous_21)
FNDA:9,(anonymous_22)
FNDA:4,(anonymous_23)
FNDA:6,(anonymous_24)
FNDA:17,(anonymous_25)
FNDA:187,(anonymous_26)
FNDA:0,(anonymous_27)
FNDA:0,(anonymous_28)
FNDA:9,(anonymous_29)
FNDA:72,(anonymous_30)
FNDA:333,(anonymous_31)
DA:5,1
DA:14,1
DA:15,0
DA:18,1
DA:20,1
DA:23,1
DA:25,1
DA:27,0
DA:28,0
DA:32,1
DA:34,0
DA:35,0
DA:39,1
DA:41,0
DA:42,0
DA:46,0
DA:48,0
DA:49,0
DA:53,0
DA:55,0
DA:56,0
DA:62,1
DA:64,0
DA:65,0
DA:68,0
DA:69,0
DA:72,0
DA:73,0
DA:76,0
DA:77,0
DA:82,1
DA:91,27
DA:92,27
DA:96,9
DA:97,9
DA:98,9
DA:102,4
DA:103,4
DA:107,6
DA:108,0
DA:110,6
DA:111,6
DA:112,6
DA:113,6
DA:115,6
DA:120,17
DA:121,187
DA:122,102
DA:123,0
DA:124,0
DA:130,17
DA:133,17
DA:136,17
DA:137,17
DA:138,17
DA:139,17
DA:140,17
DA:141,17
DA:146,1
DA:161,0
DA:183,9
DA:184,72
DA:185,63
DA:186,333
DA:187,153
DA:193,9
DA:196,9
DA:199,1
LF:68
LH:43
BRDA:107,0,0,0
BRDA:107,0,1,6
BRDA:110,1,0,6
BRDA:110,1,1,0
BRDA:121,2,0,102
BRDA:121,2,1,85
BRDA:121,3,0,187
BRDA:121,3,1,102
BRDA:123,4,0,0
BRDA:123,4,1,0
BRDA:123,5,0,0
BRDA:123,5,1,0
BRDA:184,6,0,63
BRDA:184,6,1,9
BRDA:184,7,0,72
BRDA:184,7,1,63
BRDA:186,8,0,153
BRDA:186,8,1,180
BRDA:186,9,0,333
BRDA:186,9,1,279
BRF:20
BRH:14
end_of_record
